<?xml version="1.0" encoding="UTF-8"?>
<testsuite xmlns:xsi="http://www.w3.org/2001/XMLSchema-instance" xsi:noNamespaceSchemaLocation="https://maven.apache.org/surefire/maven-surefire-plugin/xsd/surefire-test-report.xsd" name="gov.gsa.sam.runners.FH2" time="3,660.159" tests="98" errors="23" skipped="0" failures="5">
  <properties>
    <property name="java.runtime.name" value="Java(TM) SE Runtime Environment"/>
    <property name="sun.boot.library.path" value="C:\Program Files\Java\jdk1.8.0_191\jre\bin"/>
    <property name="java.vm.version" value="25.191-b12"/>
    <property name="java.vm.vendor" value="Oracle Corporation"/>
    <property name="maven.multiModuleProjectDirectory" value="C:\Test Report"/>
    <property name="java.vendor.url" value="http://java.oracle.com/"/>
    <property name="path.separator" value=";"/>
    <property name="guice.disable.misplaced.annotation.check" value="true"/>
    <property name="java.vm.name" value="Java HotSpot(TM) 64-Bit Server VM"/>
    <property name="file.encoding.pkg" value="sun.io"/>
    <property name="user.script" value=""/>
    <property name="user.country" value="US"/>
    <property name="sun.java.launcher" value="SUN_STANDARD"/>
    <property name="sun.os.patch.level" value="Service Pack 1"/>
    <property name="test" value="FH2"/>
    <property name="java.vm.specification.name" value="Java Virtual Machine Specification"/>
    <property name="user.dir" value="C:\Test Report"/>
    <property name="java.runtime.version" value="1.8.0_191-b12"/>
    <property name="java.awt.graphicsenv" value="sun.awt.Win32GraphicsEnvironment"/>
    <property name="java.endorsed.dirs" value="C:\Program Files\Java\jdk1.8.0_191\jre\lib\endorsed"/>
    <property name="os.arch" value="amd64"/>
    <property name="java.io.tmpdir" value="C:\Users\SH359E~1\AppData\Local\Temp\1\"/>
    <property name="line.separator" value="&#10;"/>
    <property name="java.vm.specification.vendor" value="Oracle Corporation"/>
    <property name="user.variant" value=""/>
    <property name="os.name" value="Windows 7"/>
    <property name="classworlds.conf" value="C:\Users\ShanthiDutta\Documents\Test Report1\.metadata\.plugins\org.eclipse.m2e.launching\launches\m2conf4366039559738460343.tmp"/>
    <property name="sun.jnu.encoding" value="Cp1252"/>
    <property name="java.library.path" value="C:\Program Files\Java\jdk1.8.0_191\bin;C:\Windows\Sun\Java\bin;C:\Windows\system32;C:\Windows;C:/Program Files/Java/jre1.8.0_201/bin/server;C:/Program Files/Java/jre1.8.0_201/bin;C:/Program Files/Java/jre1.8.0_201/lib/amd64;C:\Program Files (x86)\Common Files\Oracle\Java\javapath;C:\Windows\system32;C:\Windows;C:\Windows\System32\Wbem;C:\Windows\System32\WindowsPowerShell\v1.0\;C:\Program Files (x86)\HID Global\ActivClient\;C:\Program Files\HID Global\ActivClient\;C:\Program Files\Common Files\ThinPrint\;C:\ProgramData\Oracle\Java\javapath;C:\Program Files\ActivIdentity\ActivClient;C:\Program Files (x86)\ActivIdentity\ActivClient;%M2_HOME%\bin;%ANT_HOME%\bin;C:\Program Files\TortoiseSVN\bin;C:\Program Files (x86)\Microsoft SQL Server\Client SDK\ODBC\130\Tools\Binn;C:\Program Files (x86)\Microsoft SQL Server\130\Tools\Binn;C:\Program Files (x86)\Microsoft SQL Server\130\DTS\Binn;C:\Program Files (x86)\Microsoft SQL Server\130\Tools\Binn\ManagementStudio;C:\Users\ShanthiDutta\AppData\Local\GitHubDesktop\bin;C:\Program Files (x86)\sts-bundle\sts-4.0.1.RELEASE;;."/>
    <property name="java.specification.name" value="Java Platform API Specification"/>
    <property name="java.class.version" value="52.0"/>
    <property name="sun.management.compiler" value="HotSpot 64-Bit Tiered Compilers"/>
    <property name="os.version" value="6.1"/>
    <property name="user.home" value="C:\Users\ShanthiDutta"/>
    <property name="user.timezone" value="America/New_York"/>
    <property name="java.awt.printerjob" value="sun.awt.windows.WPrinterJob"/>
    <property name="java.specification.version" value="1.8"/>
    <property name="file.encoding" value="Cp1252"/>
    <property name="user.name" value="ShanthiDutta"/>
    <property name="java.class.path" value="C:\Program Files (x86)\sts-bundle\sts-4.0.1.RELEASE\plugins\org.eclipse.m2e.maven.runtime_1.9.1.20180912-1600\jars\plexus-classworlds-2.5.2.jar"/>
    <property name="java.vm.specification.version" value="1.8"/>
    <property name="sun.arch.data.model" value="64"/>
    <property name="java.home" value="C:\Program Files\Java\jdk1.8.0_191\jre"/>
    <property name="sun.java.command" value="org.codehaus.plexus.classworlds.launcher.Launcher -B -Dtest=FH2 clean verify"/>
    <property name="java.specification.vendor" value="Oracle Corporation"/>
    <property name="user.language" value="en"/>
    <property name="awt.toolkit" value="sun.awt.windows.WToolkit"/>
    <property name="java.vm.info" value="mixed mode"/>
    <property name="java.version" value="1.8.0_191"/>
    <property name="java.ext.dirs" value="C:\Program Files\Java\jdk1.8.0_191\jre\lib\ext;C:\Windows\Sun\Java\lib\ext"/>
    <property name="sun.boot.class.path" value="C:\Program Files\Java\jdk1.8.0_191\jre\lib\resources.jar;C:\Program Files\Java\jdk1.8.0_191\jre\lib\rt.jar;C:\Program Files\Java\jdk1.8.0_191\jre\lib\sunrsasign.jar;C:\Program Files\Java\jdk1.8.0_191\jre\lib\jsse.jar;C:\Program Files\Java\jdk1.8.0_191\jre\lib\jce.jar;C:\Program Files\Java\jdk1.8.0_191\jre\lib\charsets.jar;C:\Program Files\Java\jdk1.8.0_191\jre\lib\jfr.jar;C:\Program Files\Java\jdk1.8.0_191\jre\classes"/>
    <property name="java.vendor" value="Oracle Corporation"/>
    <property name="maven.home" value="C:\Test Report\EMBEDDED"/>
    <property name="file.separator" value="\"/>
    <property name="java.vendor.url.bug" value="http://bugreport.sun.com/bugreport/"/>
    <property name="sun.cpu.endian" value="little"/>
    <property name="sun.io.unicode.encoding" value="UnicodeLittle"/>
    <property name="sun.desktop" value="windows"/>
    <property name="sun.cpu.isalist" value="amd64"/>
  </properties>
  <testcase name="Log into the GSA website as createDepartment" classname="Validate login with different users admin" time="127.885"/>
  <testcase name="Super Admin" classname="Validate login with different users admin" time="71.937"/>
  <testcase name="edit department" classname="Validate login with different users admin" time="23.392"/>
  <testcase name="Department created browser sign" classname="Validate login with different users admin" time="6.161"/>
  <testcase name="Department created browser sign" classname="Validate login with different users admin" time="6.172"/>
  <testcase name="Department created browser sign" classname="Validate login with different users admin" time="6.144"/>
  <testcase name="Department created browser sign" classname="Validate login with different users admin" time="6.169"/>
  <testcase name="Log into the GSA website as DepartAdmin" classname="Validate login with different users admin" time="81.748"/>
  <testcase name="Department Admin" classname="Validate login with different users admin" time="62.138">
    <error message="no such element: Unable to locate element: {&quot;method&quot;:&quot;xpath&quot;,&quot;selector&quot;:&quot;//*[@id=&quot;primary-content&quot;]/ng-component/div/div[1]/div[1]/title-and-section/div/h1/div&quot;}&#10;  (Session info: chrome=73.0.3683.86)&#10;  (Driver info: chromedriver=2.38.552522 (437e6fbedfa8762dec75e2c5b3ddb86763dc9dcb),platform=Windows NT 6.1.7601 SP1 x86_64) (WARNING: The server did not provide any stacktrace information)&#10;Command duration or timeout: 0 milliseconds&#10;For documentation on this error, please visit: http://seleniumhq.org/exceptions/no_such_element.html&#10;Build info: version: &apos;3.11.0&apos;, revision: &apos;e59cfb3&apos;, time: &apos;2018-03-11T20:26:55.152Z&apos;&#10;System info: host: &apos;I07R7C-AF1F18&apos;, ip: &apos;172.21.72.72&apos;, os.name: &apos;Windows 7&apos;, os.arch: &apos;amd64&apos;, os.version: &apos;6.1&apos;, java.version: &apos;1.8.0_191&apos;&#10;Driver info: org.openqa.selenium.remote.RemoteWebDriver&#10;Capabilities {acceptInsecureCerts: false, acceptSslCerts: false, applicationCacheEnabled: false, browserConnectionEnabled: false, browserName: chrome, chrome: {chromedriverVersion: 2.38.552522 (437e6fbedfa876..., userDataDir: C:\Users\SH359E~1\AppData\L...}, cssSelectorsEnabled: true, databaseEnabled: false, handlesAlerts: true, hasTouchScreen: false, javascriptEnabled: true, locationContextEnabled: true, mobileEmulationEnabled: false, nativeEvents: true, networkConnectionEnabled: false, pageLoadStrategy: normal, platform: XP, platformName: XP, rotatable: false, setWindowRect: true, takesHeapSnapshot: true, takesScreenshot: true, unexpectedAlertBehaviour: , unhandledPromptBehavior: , version: 73.0.3683.86, webStorageEnabled: true}&#10;Session ID: a0a94d759c7c5abf2e417ee33b71162e&#10;*** Element info: {Using=xpath, value=//*[@id=&quot;primary-content&quot;]/ng-component/div/div[1]/div[1]/title-and-section/div/h1/div}" type="org.openqa.selenium.NoSuchElementException">org.openqa.selenium.NoSuchElementException: 
no such element: Unable to locate element: {"method":"xpath","selector":"//*[@id="primary-content"]/ng-component/div/div[1]/div[1]/title-and-section/div/h1/div"}
  (Session info: chrome=73.0.3683.86)
  (Driver info: chromedriver=2.38.552522 (437e6fbedfa8762dec75e2c5b3ddb86763dc9dcb),platform=Windows NT 6.1.7601 SP1 x86_64) (WARNING: The server did not provide any stacktrace information)
Command duration or timeout: 0 milliseconds
For documentation on this error, please visit: http://seleniumhq.org/exceptions/no_such_element.html
Build info: version: '3.11.0', revision: 'e59cfb3', time: '2018-03-11T20:26:55.152Z'
System info: host: 'I07R7C-AF1F18', ip: '172.21.72.72', os.name: 'Windows 7', os.arch: 'amd64', os.version: '6.1', java.version: '1.8.0_191'
Driver info: org.openqa.selenium.remote.RemoteWebDriver
Capabilities {acceptInsecureCerts: false, acceptSslCerts: false, applicationCacheEnabled: false, browserConnectionEnabled: false, browserName: chrome, chrome: {chromedriverVersion: 2.38.552522 (437e6fbedfa876..., userDataDir: C:\Users\SH359E~1\AppData\L...}, cssSelectorsEnabled: true, databaseEnabled: false, handlesAlerts: true, hasTouchScreen: false, javascriptEnabled: true, locationContextEnabled: true, mobileEmulationEnabled: false, nativeEvents: true, networkConnectionEnabled: false, pageLoadStrategy: normal, platform: XP, platformName: XP, rotatable: false, setWindowRect: true, takesHeapSnapshot: true, takesScreenshot: true, unexpectedAlertBehaviour: , unhandledPromptBehavior: , version: 73.0.3683.86, webStorageEnabled: true}
Session ID: a0a94d759c7c5abf2e417ee33b71162e
*** Element info: {Using=xpath, value=//*[@id="primary-content"]/ng-component/div/div[1]/div[1]/title-and-section/div/h1/div}
</error>
    <system-out><![CDATA[
  @LoginDepartmentSubTierOfficeAdminRunner @DepartmentAdmin
  Scenario: Department Admin                                                          &amp#27;[90m# src/test/resources/features/LoginDepartmentSubTierOfficeAdmin.feature:68&amp#27;[0m
    &amp#27;[32mGiven &amp#27;[0m&amp#27;[32mUser Click on go to department link&amp#27;[0m                                         &amp#27;[90m# LoginDepartmentSubTierOfficeAdminStepDef.User_Click_on_go_to_department_link()&amp#27;[0m
    &amp#27;[32mAnd &amp#27;[0m&amp#27;[32mDepartment Admin select check box in Organizations that I administer&amp#27;[0m          &amp#27;[90m# LoginDepartmentSubTierOfficeAdminStepDef.Department_Admin_select_check_box_in_Organizations_that_I_administer()&amp#27;[0m
    &amp#27;[32mAnd &amp#27;[0m&amp#27;[32mValidate search results page&amp#27;[0m                                                  &amp#27;[90m# LoginDepartmentSubTierOfficeAdminStepDef.Validate_search_results_page()&amp#27;[0m
    &amp#27;[32mThen &amp#27;[0m&amp#27;[32mUser click on first subTier link&amp#27;[0m                                             &amp#27;[90m# LoginDepartmentSubTierOfficeAdminStepDef.User_click_on_first_subTier_link()&amp#27;[0m
    &amp#27;[32mAnd &amp#27;[0m&amp#27;[32mTAS-2 code is not visible&amp#27;[0m                                                     &amp#27;[90m# LoginDepartmentSubTierOfficeAdminStepDef.TAS2_code_is_not_visible()&amp#27;[0m
    &amp#27;[32mGiven &amp#27;[0m&amp#27;[32mUser Click on Hierarchy&amp#27;[0m                                                     &amp#27;[90m# LoginDepartmentSubTierOfficeAdminStepDef.User_Click_on_Hierarchy()&amp#27;[0m
    &amp#27;[31mThen &amp#27;[0m&amp#27;[31mUser click on first office&amp#27;[0m                                                   &amp#27;[90m# LoginDepartmentSubTierOfficeAdminStepDef.User_click_on_first_office()&amp#27;[0m
      &amp#27;[31morg.openqa.selenium.NoSuchElementException: no such element: Unable to locate element: {"method":"xpath","selector":"//*[@id="primary-content"]/ng-component/div/div[1]/div[1]/title-and-section/div/h1/div"}
  (Session info: chrome=73.0.3683.86)
  (Driver info: chromedriver=2.38.552522 (437e6fbedfa8762dec75e2c5b3ddb86763dc9dcb),platform=Windows NT 6.1.7601 SP1 x86_64) (WARNING: The server did not provide any stacktrace information)
Command duration or timeout: 0 milliseconds
For documentation on this error, please visit: http://seleniumhq.org/exceptions/no_such_element.html
Build info: version: '3.11.0', revision: 'e59cfb3', time: '2018-03-11T20:26:55.152Z'
System info: host: 'I07R7C-AF1F18', ip: '172.21.72.72', os.name: 'Windows 7', os.arch: 'amd64', os.version: '6.1', java.version: '1.8.0_191'
Driver info: org.openqa.selenium.remote.RemoteWebDriver
Capabilities {acceptInsecureCerts: false, acceptSslCerts: false, applicationCacheEnabled: false, browserConnectionEnabled: false, browserName: chrome, chrome: {chromedriverVersion: 2.38.552522 (437e6fbedfa876..., userDataDir: C:\Users\SH359E~1\AppData\L...}, cssSelectorsEnabled: true, databaseEnabled: false, handlesAlerts: true, hasTouchScreen: false, javascriptEnabled: true, locationContextEnabled: true, mobileEmulationEnabled: false, nativeEvents: true, networkConnectionEnabled: false, pageLoadStrategy: normal, platform: XP, platformName: XP, rotatable: false, setWindowRect: true, takesHeapSnapshot: true, takesScreenshot: true, unexpectedAlertBehaviour: , unhandledPromptBehavior: , version: 73.0.3683.86, webStorageEnabled: true}
Session ID: a0a94d759c7c5abf2e417ee33b71162e
*** Element info: {Using=xpath, value=//*[@id="primary-content"]/ng-component/div/div[1]/div[1]/title-and-section/div/h1/div}
	at sun.reflect.NativeConstructorAccessorImpl.newInstance0(Native Method)
	at sun.reflect.NativeConstructorAccessorImpl.newInstance(NativeConstructorAccessorImpl.java:62)
	at sun.reflect.DelegatingConstructorAccessorImpl.newInstance(DelegatingConstructorAccessorImpl.java:45)
	at java.lang.reflect.Constructor.newInstance(Constructor.java:423)
	at org.openqa.selenium.remote.ErrorHandler.createThrowable(ErrorHandler.java:214)
	at org.openqa.selenium.remote.ErrorHandler.throwIfResponseFailed(ErrorHandler.java:166)
	at org.openqa.selenium.remote.http.JsonHttpResponseCodec.reconstructValue(JsonHttpResponseCodec.java:40)
	at org.openqa.selenium.remote.http.AbstractHttpResponseCodec.decode(AbstractHttpResponseCodec.java:80)
	at org.openqa.selenium.remote.http.AbstractHttpResponseCodec.decode(AbstractHttpResponseCodec.java:44)
	at org.openqa.selenium.remote.HttpCommandExecutor.execute(HttpCommandExecutor.java:158)
	at org.openqa.selenium.remote.RemoteWebDriver.execute(RemoteWebDriver.java:545)
	at org.openqa.selenium.remote.RemoteWebDriver.findElement(RemoteWebDriver.java:319)
	at org.openqa.selenium.remote.RemoteWebDriver.findElementByXPath(RemoteWebDriver.java:421)
	at org.openqa.selenium.By$ByXPath.findElement(By.java:361)
	at org.openqa.selenium.remote.RemoteWebDriver.findElement(RemoteWebDriver.java:311)
	at net.thucydides.core.webdriver.WebDriverFacade.findElement(WebDriverFacade.java:231)
	at gov.gsa.sam.stepdefinition.LoginDepartmentSubTierOfficeAdminStepDef.User_click_on_first_office(LoginDepartmentSubTierOfficeAdminStepDef.java:567)
	at ?.User click on first office(src/test/resources/features/LoginDepartmentSubTierOfficeAdmin.feature:75)
&amp#27;[0m
    &amp#27;[36mAnd &amp#27;[0m&amp#27;[36mTAS-2 code is not visible&amp#27;[0m                                                     &amp#27;[90m# LoginDepartmentSubTierOfficeAdminStepDef.TAS2_code_is_not_visible()&amp#27;[0m
    &amp#27;[36mGiven &amp#27;[0m&amp#27;[36mUser Click on Hierarchy&amp#27;[0m                                                     &amp#27;[90m# LoginDepartmentSubTierOfficeAdminStepDef.User_Click_on_Hierarchy()&amp#27;[0m
    &amp#27;[36mThen &amp#27;[0m&amp#27;[36mUser click on first office&amp#27;[0m                                                   &amp#27;[90m# LoginDepartmentSubTierOfficeAdminStepDef.User_click_on_first_office()&amp#27;[0m
    &amp#27;[36mAnd &amp#27;[0m&amp#27;[36mTAS-2 code is not visible&amp#27;[0m                                                     &amp#27;[90m# LoginDepartmentSubTierOfficeAdminStepDef.TAS2_code_is_not_visible()&amp#27;[0m
    &amp#27;[36mAnd &amp#27;[0m&amp#27;[36mGo to profile page&amp#27;[0m                                                            &amp#27;[90m# LoginDepartmentSubTierOfficeAdminStepDef.Go_to_profile_page()&amp#27;[0m
    &amp#27;[36mAnd &amp#27;[0m&amp#27;[36mClick on My Role Tab&amp#27;[0m                                                          &amp#27;[90m# LoginDepartmentSubTierOfficeAdminStepDef.Click_on_My_Role_Tab()&amp#27;[0m
    &amp#27;[36mThen &amp#27;[0m&amp#27;[36mDepartment Admin Validate that the orgs that appear matches with user's role&amp#27;[0m &amp#27;[90m# LoginDepartmentSubTierOfficeAdminStepDef.Department_Admin_Validate_that_the_orgs_that_appear_matches_with_user_role()&amp#27;[0m
]]></system-out>
    <system-err><![CDATA[[main] INFO net.thucydides.core.steps.ConsoleLoggingListener - 
        __    _____ _____ ____ _____   ____   _    ____  ____  _____ ____  
  _     \ \  |_   _| ____/ ___|_   _| |  _ \ / \  / ___|/ ___|| ____|  _ \ 
 (_)_____| |   | | |  _| \___ \ | |   | |_) / _ \ \___ \\___ \|  _| | | | |
  _|_____| |   | | | |___ ___) || |   |  __/ ___ \ ___) |___) | |___| |_| |
 (_)     | |   |_| |_____|____/ |_|   |_| /_/   \_\____/|____/|_____|____/ 
        /_/                                                                

TEST PASSED: Log into the GSA website as DepartAdmin
----------------------------------------------------------------------------
[main] INFO net.thucydides.core.steps.ConsoleLoggingListener - 
 _____ _____ ____ _____   ____ _____  _    ____ _____ _____ ____  
|_   _| ____/ ___|_   _| / ___|_   _|/ \  |  _ \_   _| ____|  _ \ 
  | | |  _| \___ \ | |   \___ \ | | / _ \ | |_) || | |  _| | | | |
  | | | |___ ___) || |    ___) || |/ ___ \|  _ < | | | |___| |_| |
  |_| |_____|____/ |_|   |____/ |_/_/   \_\_| \_\|_| |_____|____/ 
                                                                  

TEST STARTED: Department Admin
-------------------------------------------------------------------(validate-login-with-different-users-admin;department-admin)
[main] INFO gov.gsa.sam.stepdefinition.LoginDepartmentSubTierOfficeAdminStepDef - Test:::WebDriverFacade for chrome
[main] INFO gov.gsa.sam.stepdefinition.LoginDepartmentSubTierOfficeAdminStepDef - GENERAL SERVICES ADMINISTRATIONGENERAL SERVICES ADMINISTRATION 
[main] INFO gov.gsa.sam.stepdefinition.LoginDepartmentSubTierOfficeAdminStepDef - CGAC: 047
[main] INFO gov.gsa.sam.stepdefinition.LoginDepartmentSubTierOfficeAdminStepDef - User click on the search button
[main] INFO gov.gsa.sam.stepdefinition.LoginDepartmentSubTierOfficeAdminStepDef - TAS-2::false
[main] INFO gov.gsa.sam.stepdefinition.LoginDepartmentSubTierOfficeAdminStepDef - OMB Bureau Codefalse
[main] INFO gov.gsa.sam.stepdefinition.LoginDepartmentSubTierOfficeAdminStepDef - User Click on Hierarchy
[main] ERROR net.thucydides.core.steps.ConsoleLoggingListener - 
           __  _____ _____ ____ _____   _____ _    ___ _     _____ ____  
  _       / / |_   _| ____/ ___|_   _| |  ___/ \  |_ _| |   | ____|  _ \ 
 (_)_____| |    | | |  _| \___ \ | |   | |_ / _ \  | || |   |  _| | | | |
  _|_____| |    | | | |___ ___) || |   |  _/ ___ \ | || |___| |___| |_| |
 (_)     | |    |_| |_____|____/ |_|   |_|/_/   \_\___|_____|_____|____/ 
          \_\                                                            

TEST FAILED WITH ERROR: Department Admin
---------------------------------------------------------------------
[main] ERROR net.thucydides.core.steps.ConsoleLoggingListener - TEST FAILED AT STEP Then User click on first office
[main] ERROR net.thucydides.core.steps.ConsoleLoggingListener - no such element: Unable to locate element: {"method":"xpath","selector":"//*[@id="primary-content"]g-component/div/div[1]/div[1]/title-and-section/div/h1/div"}  (Session info: chrome=73.0.3683.86)  (Driver info: chromedriver=2.38.552522 (437e6fbedfa8762dec75e2c5b3ddb86763dc9dcb),platform=Windows NT 6.1.7601 SP1 x86_64) (WARNING: The server did not provide any stacktrace information)Command duration or timeout: 0 millisecondsFor documentation on this error, please visit: http://seleniumhq.org/exceptionso_such_element.htmlBuild info: version: '3.11.0', revision: 'e59cfb3', time: '2018-03-11T20:26:55.152Z'System info: host: 'I07R7C-AF1F18', ip: '172.21.72.72', os.name: 'Windows 7', os.arch: 'amd64', os.version: '6.1', java.version: '1.8.0_191'Driver info: org.openqa.selenium.remote.RemoteWebDriverCapabilities {acceptInsecureCerts: false, acceptSslCerts: false, applicationCacheEnabled: false, browserConnectionEnabled: false, browserName: chrome, chrome: {chromedriverVersion: 2.38.552522 (437e6fbedfa876..., userDataDir: C:\Users\SH359E~1\AppData\L...}, cssSelectorsEnabled: true, databaseEnabled: false, handlesAlerts: true, hasTouchScreen: false, javascriptEnabled: true, locationContextEnabled: true, mobileEmulationEnabled: false, nativeEvents: true, networkConnectionEnabled: false, pageLoadStrategy: normal, platform: XP, platformName: XP, rotatable: false, setWindowRect: true, takesHeapSnapshot: true, takesScreenshot: true, unexpectedAlertBehaviour: , unhandledPromptBehavior: , version: 73.0.3683.86, webStorageEnabled: true}Session ID: a0a94d759c7c5abf2e417ee33b71162e*** Element info: {Using=xpath, value=//*[@id="primary-content"]g-component/div/div[1]/div[1]/title-and-section/div/h1/div}For documentation on this error, please visit: http://seleniumhq.org/exceptionso_such_element.htmlBuild info: version: '3.11.0', revision: 'e59cfb3', time: '2018-03-11T20:26:55.152Z'System info: host: 'I07R7C-AF1F18', ip: '172.21.72.72', os.name: 'Windows 7', os.arch: 'amd64', os.version: '6.1', java.version: '1.8.0_191'Driver info: driver.version: unknown
]]></system-err>
  </testcase>
  <testcase name="Log into the GSA website as SubTierAdmin" classname="Validate login with different users admin" time="84.445"/>
  <testcase name="SubTier Admin" classname="Validate login with different users admin" time="57.593">
    <error message="no such element: Unable to locate element: {&quot;method&quot;:&quot;xpath&quot;,&quot;selector&quot;:&quot;//*[@id=&quot;primary-content&quot;]/div/div[3]/div[1]/a&quot;}&#10;  (Session info: chrome=73.0.3683.86)&#10;  (Driver info: chromedriver=2.38.552522 (437e6fbedfa8762dec75e2c5b3ddb86763dc9dcb),platform=Windows NT 6.1.7601 SP1 x86_64) (WARNING: The server did not provide any stacktrace information)&#10;Command duration or timeout: 0 milliseconds&#10;For documentation on this error, please visit: http://seleniumhq.org/exceptions/no_such_element.html&#10;Build info: version: &apos;3.11.0&apos;, revision: &apos;e59cfb3&apos;, time: &apos;2018-03-11T20:26:55.152Z&apos;&#10;System info: host: &apos;I07R7C-AF1F18&apos;, ip: &apos;172.21.72.72&apos;, os.name: &apos;Windows 7&apos;, os.arch: &apos;amd64&apos;, os.version: &apos;6.1&apos;, java.version: &apos;1.8.0_191&apos;&#10;Driver info: org.openqa.selenium.remote.RemoteWebDriver&#10;Capabilities {acceptInsecureCerts: false, acceptSslCerts: false, applicationCacheEnabled: false, browserConnectionEnabled: false, browserName: chrome, chrome: {chromedriverVersion: 2.38.552522 (437e6fbedfa876..., userDataDir: C:\Users\SH359E~1\AppData\L...}, cssSelectorsEnabled: true, databaseEnabled: false, handlesAlerts: true, hasTouchScreen: false, javascriptEnabled: true, locationContextEnabled: true, mobileEmulationEnabled: false, nativeEvents: true, networkConnectionEnabled: false, pageLoadStrategy: normal, platform: XP, platformName: XP, rotatable: false, setWindowRect: true, takesHeapSnapshot: true, takesScreenshot: true, unexpectedAlertBehaviour: , unhandledPromptBehavior: , version: 73.0.3683.86, webStorageEnabled: true}&#10;Session ID: 0c89efe8cc3bdbcad44557e9f05e6841&#10;*** Element info: {Using=xpath, value=//*[@id=&quot;primary-content&quot;]/div/div[3]/div[1]/a}" type="org.openqa.selenium.NoSuchElementException">org.openqa.selenium.NoSuchElementException: 
no such element: Unable to locate element: {"method":"xpath","selector":"//*[@id="primary-content"]/div/div[3]/div[1]/a"}
  (Session info: chrome=73.0.3683.86)
  (Driver info: chromedriver=2.38.552522 (437e6fbedfa8762dec75e2c5b3ddb86763dc9dcb),platform=Windows NT 6.1.7601 SP1 x86_64) (WARNING: The server did not provide any stacktrace information)
Command duration or timeout: 0 milliseconds
For documentation on this error, please visit: http://seleniumhq.org/exceptions/no_such_element.html
Build info: version: '3.11.0', revision: 'e59cfb3', time: '2018-03-11T20:26:55.152Z'
System info: host: 'I07R7C-AF1F18', ip: '172.21.72.72', os.name: 'Windows 7', os.arch: 'amd64', os.version: '6.1', java.version: '1.8.0_191'
Driver info: org.openqa.selenium.remote.RemoteWebDriver
Capabilities {acceptInsecureCerts: false, acceptSslCerts: false, applicationCacheEnabled: false, browserConnectionEnabled: false, browserName: chrome, chrome: {chromedriverVersion: 2.38.552522 (437e6fbedfa876..., userDataDir: C:\Users\SH359E~1\AppData\L...}, cssSelectorsEnabled: true, databaseEnabled: false, handlesAlerts: true, hasTouchScreen: false, javascriptEnabled: true, locationContextEnabled: true, mobileEmulationEnabled: false, nativeEvents: true, networkConnectionEnabled: false, pageLoadStrategy: normal, platform: XP, platformName: XP, rotatable: false, setWindowRect: true, takesHeapSnapshot: true, takesScreenshot: true, unexpectedAlertBehaviour: , unhandledPromptBehavior: , version: 73.0.3683.86, webStorageEnabled: true}
Session ID: 0c89efe8cc3bdbcad44557e9f05e6841
*** Element info: {Using=xpath, value=//*[@id="primary-content"]/div/div[3]/div[1]/a}
</error>
    <system-out><![CDATA[
  @LoginDepartmentSubTierOfficeAdminRunner @SubTierAdminSubTier
  Scenario: SubTier Admin                                                    &amp#27;[90m# src/test/resources/features/LoginDepartmentSubTierOfficeAdmin.feature:101&amp#27;[0m
    &amp#27;[32mGiven &amp#27;[0m&amp#27;[32mUser Click on go to department link&amp#27;[0m                                &amp#27;[90m# LoginDepartmentSubTierOfficeAdminStepDef.User_Click_on_go_to_department_link()&amp#27;[0m
    &amp#27;[32mAnd &amp#27;[0m&amp#27;[32mUser select check box in Organizations that I administer&amp#27;[0m             &amp#27;[90m# LoginDepartmentSubTierOfficeAdminStepDef.User_select_check_box_in_Organizations_that_I_administer()&amp#27;[0m
    &amp#27;[32mAnd &amp#27;[0m&amp#27;[32mValidate search results page&amp#27;[0m                                         &amp#27;[90m# LoginDepartmentSubTierOfficeAdminStepDef.Validate_search_results_page()&amp#27;[0m
    &amp#27;[32mThen &amp#27;[0m&amp#27;[32mUser click on first subTier link&amp#27;[0m                                    &amp#27;[90m# LoginDepartmentSubTierOfficeAdminStepDef.User_click_on_first_subTier_link()&amp#27;[0m
    &amp#27;[32mGiven &amp#27;[0m&amp#27;[32mUser Click on Hierarchy&amp#27;[0m                                            &amp#27;[90m# LoginDepartmentSubTierOfficeAdminStepDef.User_Click_on_Hierarchy()&amp#27;[0m
    &amp#27;[31mThen &amp#27;[0m&amp#27;[31mUser click on first office&amp#27;[0m                                          &amp#27;[90m# LoginDepartmentSubTierOfficeAdminStepDef.User_click_on_first_office()&amp#27;[0m
      &amp#27;[31morg.openqa.selenium.NoSuchElementException: no such element: Unable to locate element: {"method":"xpath","selector":"//*[@id="primary-content"]/div/div[3]/div[1]/a"}
  (Session info: chrome=73.0.3683.86)
  (Driver info: chromedriver=2.38.552522 (437e6fbedfa8762dec75e2c5b3ddb86763dc9dcb),platform=Windows NT 6.1.7601 SP1 x86_64) (WARNING: The server did not provide any stacktrace information)
Command duration or timeout: 0 milliseconds
For documentation on this error, please visit: http://seleniumhq.org/exceptions/no_such_element.html
Build info: version: '3.11.0', revision: 'e59cfb3', time: '2018-03-11T20:26:55.152Z'
System info: host: 'I07R7C-AF1F18', ip: '172.21.72.72', os.name: 'Windows 7', os.arch: 'amd64', os.version: '6.1', java.version: '1.8.0_191'
Driver info: org.openqa.selenium.remote.RemoteWebDriver
Capabilities {acceptInsecureCerts: false, acceptSslCerts: false, applicationCacheEnabled: false, browserConnectionEnabled: false, browserName: chrome, chrome: {chromedriverVersion: 2.38.552522 (437e6fbedfa876..., userDataDir: C:\Users\SH359E~1\AppData\L...}, cssSelectorsEnabled: true, databaseEnabled: false, handlesAlerts: true, hasTouchScreen: false, javascriptEnabled: true, locationContextEnabled: true, mobileEmulationEnabled: false, nativeEvents: true, networkConnectionEnabled: false, pageLoadStrategy: normal, platform: XP, platformName: XP, rotatable: false, setWindowRect: true, takesHeapSnapshot: true, takesScreenshot: true, unexpectedAlertBehaviour: , unhandledPromptBehavior: , version: 73.0.3683.86, webStorageEnabled: true}
Session ID: 0c89efe8cc3bdbcad44557e9f05e6841
*** Element info: {Using=xpath, value=//*[@id="primary-content"]/div/div[3]/div[1]/a}
	at sun.reflect.NativeConstructorAccessorImpl.newInstance0(Native Method)
	at sun.reflect.NativeConstructorAccessorImpl.newInstance(NativeConstructorAccessorImpl.java:62)
	at sun.reflect.DelegatingConstructorAccessorImpl.newInstance(DelegatingConstructorAccessorImpl.java:45)
	at java.lang.reflect.Constructor.newInstance(Constructor.java:423)
	at org.openqa.selenium.remote.ErrorHandler.createThrowable(ErrorHandler.java:214)
	at org.openqa.selenium.remote.ErrorHandler.throwIfResponseFailed(ErrorHandler.java:166)
	at org.openqa.selenium.remote.http.JsonHttpResponseCodec.reconstructValue(JsonHttpResponseCodec.java:40)
	at org.openqa.selenium.remote.http.AbstractHttpResponseCodec.decode(AbstractHttpResponseCodec.java:80)
	at org.openqa.selenium.remote.http.AbstractHttpResponseCodec.decode(AbstractHttpResponseCodec.java:44)
	at org.openqa.selenium.remote.HttpCommandExecutor.execute(HttpCommandExecutor.java:158)
	at org.openqa.selenium.remote.RemoteWebDriver.execute(RemoteWebDriver.java:545)
	at org.openqa.selenium.remote.RemoteWebDriver.findElement(RemoteWebDriver.java:319)
	at org.openqa.selenium.remote.RemoteWebDriver.findElementByXPath(RemoteWebDriver.java:421)
	at org.openqa.selenium.By$ByXPath.findElement(By.java:361)
	at org.openqa.selenium.remote.RemoteWebDriver.findElement(RemoteWebDriver.java:311)
	at net.thucydides.core.webdriver.WebDriverFacade.findElement(WebDriverFacade.java:231)
	at gov.gsa.sam.stepdefinition.LoginDepartmentSubTierOfficeAdminStepDef.User_click_on_first_office(LoginDepartmentSubTierOfficeAdminStepDef.java:562)
	at ?.User click on first office(src/test/resources/features/LoginDepartmentSubTierOfficeAdmin.feature:108)
&amp#27;[0m
    &amp#27;[36mAnd &amp#27;[0m&amp#27;[36mTAS-2 code is not visible&amp#27;[0m                                            &amp#27;[90m# LoginDepartmentSubTierOfficeAdminStepDef.TAS2_code_is_not_visible()&amp#27;[0m
    &amp#27;[36mAnd &amp#27;[0m&amp#27;[36mGo to profile page&amp#27;[0m                                                   &amp#27;[90m# LoginDepartmentSubTierOfficeAdminStepDef.Go_to_profile_page()&amp#27;[0m
    &amp#27;[36mAnd &amp#27;[0m&amp#27;[36mClick on My Role Tab&amp#27;[0m                                                 &amp#27;[90m# LoginDepartmentSubTierOfficeAdminStepDef.Click_on_My_Role_Tab()&amp#27;[0m
    &amp#27;[36mThen &amp#27;[0m&amp#27;[36msubTier Validate that the orgs that appear matches with user's role&amp#27;[0m &amp#27;[90m# LoginDepartmentSubTierOfficeAdminStepDef.subTier_Validate_that_the_orgs_that_appear_matches_with_users_role()&amp#27;[0m
]]></system-out>
    <system-err><![CDATA[[main] INFO net.thucydides.core.steps.ConsoleLoggingListener - 
        __    _____ _____ ____ _____   ____   _    ____  ____  _____ ____  
  _     \ \  |_   _| ____/ ___|_   _| |  _ \ / \  / ___|/ ___|| ____|  _ \ 
 (_)_____| |   | | |  _| \___ \ | |   | |_) / _ \ \___ \\___ \|  _| | | | |
  _|_____| |   | | | |___ ___) || |   |  __/ ___ \ ___) |___) | |___| |_| |
 (_)     | |   |_| |_____|____/ |_|   |_| /_/   \_\____/|____/|_____|____/ 
        /_/                                                                

TEST PASSED: Log into the GSA website as SubTierAdmin
----------------------------------------------------------------------------
[main] INFO net.thucydides.core.steps.ConsoleLoggingListener - 
 _____ _____ ____ _____   ____ _____  _    ____ _____ _____ ____  
|_   _| ____/ ___|_   _| / ___|_   _|/ \  |  _ \_   _| ____|  _ \ 
  | | |  _| \___ \ | |   \___ \ | | / _ \ | |_) || | |  _| | | | |
  | | | |___ ___) || |    ___) || |/ ___ \|  _ < | | | |___| |_| |
  |_| |_____|____/ |_|   |____/ |_/_/   \_\_| \_\|_| |_____|____/ 
                                                                  

TEST STARTED: SubTier Admin
-------------------------------------------------------------------(validate-login-with-different-users-admin;subtier-admin)
[main] INFO gov.gsa.sam.stepdefinition.LoginDepartmentSubTierOfficeAdminStepDef - Test:::WebDriverFacade for chrome
[main] INFO gov.gsa.sam.stepdefinition.LoginDepartmentSubTierOfficeAdminStepDef - Agency Code4700
[main] INFO gov.gsa.sam.stepdefinition.LoginDepartmentSubTierOfficeAdminStepDef - User click on the search button
[main] INFO gov.gsa.sam.stepdefinition.LoginDepartmentSubTierOfficeAdminStepDef - User Click on Hierarchy
[main] ERROR net.thucydides.core.steps.ConsoleLoggingListener - 
           __  _____ _____ ____ _____   _____ _    ___ _     _____ ____  
  _       / / |_   _| ____/ ___|_   _| |  ___/ \  |_ _| |   | ____|  _ \ 
 (_)_____| |    | | |  _| \___ \ | |   | |_ / _ \  | || |   |  _| | | | |
  _|_____| |    | | | |___ ___) || |   |  _/ ___ \ | || |___| |___| |_| |
 (_)     | |    |_| |_____|____/ |_|   |_|/_/   \_\___|_____|_____|____/ 
          \_\                                                            

TEST FAILED WITH ERROR: SubTier Admin
---------------------------------------------------------------------
[main] ERROR net.thucydides.core.steps.ConsoleLoggingListener - TEST FAILED AT STEP Then User click on first office
[main] ERROR net.thucydides.core.steps.ConsoleLoggingListener - no such element: Unable to locate element: {"method":"xpath","selector":"//*[@id="primary-content"]/div/div[3]/div[1]/a"}  (Session info: chrome=73.0.3683.86)  (Driver info: chromedriver=2.38.552522 (437e6fbedfa8762dec75e2c5b3ddb86763dc9dcb),platform=Windows NT 6.1.7601 SP1 x86_64) (WARNING: The server did not provide any stacktrace information)Command duration or timeout: 0 millisecondsFor documentation on this error, please visit: http://seleniumhq.org/exceptionso_such_element.htmlBuild info: version: '3.11.0', revision: 'e59cfb3', time: '2018-03-11T20:26:55.152Z'System info: host: 'I07R7C-AF1F18', ip: '172.21.72.72', os.name: 'Windows 7', os.arch: 'amd64', os.version: '6.1', java.version: '1.8.0_191'Driver info: org.openqa.selenium.remote.RemoteWebDriverCapabilities {acceptInsecureCerts: false, acceptSslCerts: false, applicationCacheEnabled: false, browserConnectionEnabled: false, browserName: chrome, chrome: {chromedriverVersion: 2.38.552522 (437e6fbedfa876..., userDataDir: C:\Users\SH359E~1\AppData\L...}, cssSelectorsEnabled: true, databaseEnabled: false, handlesAlerts: true, hasTouchScreen: false, javascriptEnabled: true, locationContextEnabled: true, mobileEmulationEnabled: false, nativeEvents: true, networkConnectionEnabled: false, pageLoadStrategy: normal, platform: XP, platformName: XP, rotatable: false, setWindowRect: true, takesHeapSnapshot: true, takesScreenshot: true, unexpectedAlertBehaviour: , unhandledPromptBehavior: , version: 73.0.3683.86, webStorageEnabled: true}Session ID: 0c89efe8cc3bdbcad44557e9f05e6841*** Element info: {Using=xpath, value=//*[@id="primary-content"]/div/div[3]/div[1]/a}For documentation on this error, please visit: http://seleniumhq.org/exceptionso_such_element.htmlBuild info: version: '3.11.0', revision: 'e59cfb3', time: '2018-03-11T20:26:55.152Z'System info: host: 'I07R7C-AF1F18', ip: '172.21.72.72', os.name: 'Windows 7', os.arch: 'amd64', os.version: '6.1', java.version: '1.8.0_191'Driver info: driver.version: unknown
]]></system-err>
  </testcase>
  <testcase name="Log into the GSA website as officeAdmin" classname="Validate login with different users admin" time="73.785"/>
  <testcase name="Office Admin" classname="Validate login with different users admin" time="63.495">
    <error message="no such element: Unable to locate element: {&quot;method&quot;:&quot;xpath&quot;,&quot;selector&quot;:&quot;//*[@id=&quot;primary-content&quot;]/ng-component/div/div[1]/div[1]/title-and-section/div/h1/div&quot;}&#10;  (Session info: chrome=73.0.3683.86)&#10;  (Driver info: chromedriver=2.38.552522 (437e6fbedfa8762dec75e2c5b3ddb86763dc9dcb),platform=Windows NT 6.1.7601 SP1 x86_64) (WARNING: The server did not provide any stacktrace information)&#10;Command duration or timeout: 0 milliseconds&#10;For documentation on this error, please visit: http://seleniumhq.org/exceptions/no_such_element.html&#10;Build info: version: &apos;3.11.0&apos;, revision: &apos;e59cfb3&apos;, time: &apos;2018-03-11T20:26:55.152Z&apos;&#10;System info: host: &apos;I07R7C-AF1F18&apos;, ip: &apos;172.21.72.72&apos;, os.name: &apos;Windows 7&apos;, os.arch: &apos;amd64&apos;, os.version: &apos;6.1&apos;, java.version: &apos;1.8.0_191&apos;&#10;Driver info: org.openqa.selenium.remote.RemoteWebDriver&#10;Capabilities {acceptInsecureCerts: false, acceptSslCerts: false, applicationCacheEnabled: false, browserConnectionEnabled: false, browserName: chrome, chrome: {chromedriverVersion: 2.38.552522 (437e6fbedfa876..., userDataDir: C:\Users\SH359E~1\AppData\L...}, cssSelectorsEnabled: true, databaseEnabled: false, handlesAlerts: true, hasTouchScreen: false, javascriptEnabled: true, locationContextEnabled: true, mobileEmulationEnabled: false, nativeEvents: true, networkConnectionEnabled: false, pageLoadStrategy: normal, platform: XP, platformName: XP, rotatable: false, setWindowRect: true, takesHeapSnapshot: true, takesScreenshot: true, unexpectedAlertBehaviour: , unhandledPromptBehavior: , version: 73.0.3683.86, webStorageEnabled: true}&#10;Session ID: 1e91c16ca794975024839fe5ed8ac53f&#10;*** Element info: {Using=xpath, value=//*[@id=&quot;primary-content&quot;]/ng-component/div/div[1]/div[1]/title-and-section/div/h1/div}" type="org.openqa.selenium.NoSuchElementException">org.openqa.selenium.NoSuchElementException: 
no such element: Unable to locate element: {"method":"xpath","selector":"//*[@id="primary-content"]/ng-component/div/div[1]/div[1]/title-and-section/div/h1/div"}
  (Session info: chrome=73.0.3683.86)
  (Driver info: chromedriver=2.38.552522 (437e6fbedfa8762dec75e2c5b3ddb86763dc9dcb),platform=Windows NT 6.1.7601 SP1 x86_64) (WARNING: The server did not provide any stacktrace information)
Command duration or timeout: 0 milliseconds
For documentation on this error, please visit: http://seleniumhq.org/exceptions/no_such_element.html
Build info: version: '3.11.0', revision: 'e59cfb3', time: '2018-03-11T20:26:55.152Z'
System info: host: 'I07R7C-AF1F18', ip: '172.21.72.72', os.name: 'Windows 7', os.arch: 'amd64', os.version: '6.1', java.version: '1.8.0_191'
Driver info: org.openqa.selenium.remote.RemoteWebDriver
Capabilities {acceptInsecureCerts: false, acceptSslCerts: false, applicationCacheEnabled: false, browserConnectionEnabled: false, browserName: chrome, chrome: {chromedriverVersion: 2.38.552522 (437e6fbedfa876..., userDataDir: C:\Users\SH359E~1\AppData\L...}, cssSelectorsEnabled: true, databaseEnabled: false, handlesAlerts: true, hasTouchScreen: false, javascriptEnabled: true, locationContextEnabled: true, mobileEmulationEnabled: false, nativeEvents: true, networkConnectionEnabled: false, pageLoadStrategy: normal, platform: XP, platformName: XP, rotatable: false, setWindowRect: true, takesHeapSnapshot: true, takesScreenshot: true, unexpectedAlertBehaviour: , unhandledPromptBehavior: , version: 73.0.3683.86, webStorageEnabled: true}
Session ID: 1e91c16ca794975024839fe5ed8ac53f
*** Element info: {Using=xpath, value=//*[@id="primary-content"]/ng-component/div/div[1]/div[1]/title-and-section/div/h1/div}
</error>
    <system-out><![CDATA[
  @LoginDepartmentSubTierOfficeAdminRunner @officeAdmin
  Scenario: Office Admin                                                 &amp#27;[90m# src/test/resources/features/LoginDepartmentSubTierOfficeAdmin.feature:132&amp#27;[0m
    &amp#27;[32mGiven &amp#27;[0m&amp#27;[32mUser Click on go to department link&amp#27;[0m                            &amp#27;[90m# LoginDepartmentSubTierOfficeAdminStepDef.User_Click_on_go_to_department_link()&amp#27;[0m
    &amp#27;[32mAnd &amp#27;[0m&amp#27;[32mOffice admin select check box in Organizations that I administer&amp#27;[0m &amp#27;[90m# LoginDepartmentSubTierOfficeAdminStepDef.Office_admin_select_check_box_in_Organizations_that_I_administer()&amp#27;[0m
    &amp#27;[32mAnd &amp#27;[0m&amp#27;[32mValidate search results page&amp#27;[0m                                     &amp#27;[90m# LoginDepartmentSubTierOfficeAdminStepDef.Validate_search_results_page()&amp#27;[0m
    &amp#27;[32mThen &amp#27;[0m&amp#27;[32mUser click on first subTier link&amp#27;[0m                                &amp#27;[90m# LoginDepartmentSubTierOfficeAdminStepDef.User_click_on_first_subTier_link()&amp#27;[0m
    &amp#27;[32mAnd &amp#27;[0m&amp#27;[32mTAS-2 code is not visible&amp#27;[0m                                        &amp#27;[90m# LoginDepartmentSubTierOfficeAdminStepDef.TAS2_code_is_not_visible()&amp#27;[0m
    &amp#27;[32mGiven &amp#27;[0m&amp#27;[32mUser Click on Hierarchy&amp#27;[0m                                        &amp#27;[90m# LoginDepartmentSubTierOfficeAdminStepDef.User_Click_on_Hierarchy()&amp#27;[0m
    &amp#27;[31mThen &amp#27;[0m&amp#27;[31mUser click on first office&amp#27;[0m                                      &amp#27;[90m# LoginDepartmentSubTierOfficeAdminStepDef.User_click_on_first_office()&amp#27;[0m
      &amp#27;[31morg.openqa.selenium.NoSuchElementException: no such element: Unable to locate element: {"method":"xpath","selector":"//*[@id="primary-content"]/ng-component/div/div[1]/div[1]/title-and-section/div/h1/div"}
  (Session info: chrome=73.0.3683.86)
  (Driver info: chromedriver=2.38.552522 (437e6fbedfa8762dec75e2c5b3ddb86763dc9dcb),platform=Windows NT 6.1.7601 SP1 x86_64) (WARNING: The server did not provide any stacktrace information)
Command duration or timeout: 0 milliseconds
For documentation on this error, please visit: http://seleniumhq.org/exceptions/no_such_element.html
Build info: version: '3.11.0', revision: 'e59cfb3', time: '2018-03-11T20:26:55.152Z'
System info: host: 'I07R7C-AF1F18', ip: '172.21.72.72', os.name: 'Windows 7', os.arch: 'amd64', os.version: '6.1', java.version: '1.8.0_191'
Driver info: org.openqa.selenium.remote.RemoteWebDriver
Capabilities {acceptInsecureCerts: false, acceptSslCerts: false, applicationCacheEnabled: false, browserConnectionEnabled: false, browserName: chrome, chrome: {chromedriverVersion: 2.38.552522 (437e6fbedfa876..., userDataDir: C:\Users\SH359E~1\AppData\L...}, cssSelectorsEnabled: true, databaseEnabled: false, handlesAlerts: true, hasTouchScreen: false, javascriptEnabled: true, locationContextEnabled: true, mobileEmulationEnabled: false, nativeEvents: true, networkConnectionEnabled: false, pageLoadStrategy: normal, platform: XP, platformName: XP, rotatable: false, setWindowRect: true, takesHeapSnapshot: true, takesScreenshot: true, unexpectedAlertBehaviour: , unhandledPromptBehavior: , version: 73.0.3683.86, webStorageEnabled: true}
Session ID: 1e91c16ca794975024839fe5ed8ac53f
*** Element info: {Using=xpath, value=//*[@id="primary-content"]/ng-component/div/div[1]/div[1]/title-and-section/div/h1/div}
	at sun.reflect.NativeConstructorAccessorImpl.newInstance0(Native Method)
	at sun.reflect.NativeConstructorAccessorImpl.newInstance(NativeConstructorAccessorImpl.java:62)
	at sun.reflect.DelegatingConstructorAccessorImpl.newInstance(DelegatingConstructorAccessorImpl.java:45)
	at java.lang.reflect.Constructor.newInstance(Constructor.java:423)
	at org.openqa.selenium.remote.ErrorHandler.createThrowable(ErrorHandler.java:214)
	at org.openqa.selenium.remote.ErrorHandler.throwIfResponseFailed(ErrorHandler.java:166)
	at org.openqa.selenium.remote.http.JsonHttpResponseCodec.reconstructValue(JsonHttpResponseCodec.java:40)
	at org.openqa.selenium.remote.http.AbstractHttpResponseCodec.decode(AbstractHttpResponseCodec.java:80)
	at org.openqa.selenium.remote.http.AbstractHttpResponseCodec.decode(AbstractHttpResponseCodec.java:44)
	at org.openqa.selenium.remote.HttpCommandExecutor.execute(HttpCommandExecutor.java:158)
	at org.openqa.selenium.remote.RemoteWebDriver.execute(RemoteWebDriver.java:545)
	at org.openqa.selenium.remote.RemoteWebDriver.findElement(RemoteWebDriver.java:319)
	at org.openqa.selenium.remote.RemoteWebDriver.findElementByXPath(RemoteWebDriver.java:421)
	at org.openqa.selenium.By$ByXPath.findElement(By.java:361)
	at org.openqa.selenium.remote.RemoteWebDriver.findElement(RemoteWebDriver.java:311)
	at net.thucydides.core.webdriver.WebDriverFacade.findElement(WebDriverFacade.java:231)
	at gov.gsa.sam.stepdefinition.LoginDepartmentSubTierOfficeAdminStepDef.User_click_on_first_office(LoginDepartmentSubTierOfficeAdminStepDef.java:567)
	at ?.User click on first office(src/test/resources/features/LoginDepartmentSubTierOfficeAdmin.feature:141)
&amp#27;[0m
    &amp#27;[36mGiven &amp#27;[0m&amp#27;[36mUser Click on Hierarchy&amp#27;[0m                                        &amp#27;[90m# LoginDepartmentSubTierOfficeAdminStepDef.User_Click_on_Hierarchy()&amp#27;[0m
    &amp#27;[36mThen &amp#27;[0m&amp#27;[36mUser click on first office&amp#27;[0m                                      &amp#27;[90m# LoginDepartmentSubTierOfficeAdminStepDef.User_click_on_first_office()&amp#27;[0m
    &amp#27;[36mAnd &amp#27;[0m&amp#27;[36mGo to profile page&amp#27;[0m                                               &amp#27;[90m# LoginDepartmentSubTierOfficeAdminStepDef.Go_to_profile_page()&amp#27;[0m
    &amp#27;[36mAnd &amp#27;[0m&amp#27;[36mClick on My Role Tab&amp#27;[0m                                             &amp#27;[90m# LoginDepartmentSubTierOfficeAdminStepDef.Click_on_My_Role_Tab()&amp#27;[0m
    &amp#27;[36mThen &amp#27;[0m&amp#27;[36mValidate that the orgs that appear matches with user's role&amp#27;[0m     &amp#27;[90m# LoginDepartmentSubTierOfficeAdminStepDef.Validate_that_the_orgs_that_appear_matches_with_user_role()&amp#27;[0m
]]></system-out>
    <system-err><![CDATA[[main] INFO net.thucydides.core.steps.ConsoleLoggingListener - 
        __    _____ _____ ____ _____   ____   _    ____  ____  _____ ____  
  _     \ \  |_   _| ____/ ___|_   _| |  _ \ / \  / ___|/ ___|| ____|  _ \ 
 (_)_____| |   | | |  _| \___ \ | |   | |_) / _ \ \___ \\___ \|  _| | | | |
  _|_____| |   | | | |___ ___) || |   |  __/ ___ \ ___) |___) | |___| |_| |
 (_)     | |   |_| |_____|____/ |_|   |_| /_/   \_\____/|____/|_____|____/ 
        /_/                                                                

TEST PASSED: Log into the GSA website as officeAdmin
----------------------------------------------------------------------------
[main] INFO net.thucydides.core.steps.ConsoleLoggingListener - 
 _____ _____ ____ _____   ____ _____  _    ____ _____ _____ ____  
|_   _| ____/ ___|_   _| / ___|_   _|/ \  |  _ \_   _| ____|  _ \ 
  | | |  _| \___ \ | |   \___ \ | | / _ \ | |_) || | |  _| | | | |
  | | | |___ ___) || |    ___) || |/ ___ \|  _ < | | | |___| |_| |
  |_| |_____|____/ |_|   |____/ |_/_/   \_\_| \_\|_| |_____|____/ 
                                                                  

TEST STARTED: Office Admin
-------------------------------------------------------------------(validate-login-with-different-users-admin;office-admin)
[main] INFO gov.gsa.sam.stepdefinition.LoginDepartmentSubTierOfficeAdminStepDef - Test:::WebDriverFacade for chrome
[main] INFO gov.gsa.sam.stepdefinition.LoginDepartmentSubTierOfficeAdminStepDef - AAC Code: 470504
[main] INFO gov.gsa.sam.stepdefinition.LoginDepartmentSubTierOfficeAdminStepDef - User click on the search button
[main] INFO gov.gsa.sam.stepdefinition.LoginDepartmentSubTierOfficeAdminStepDef - TAS-2::false
[main] INFO gov.gsa.sam.stepdefinition.LoginDepartmentSubTierOfficeAdminStepDef - OMB Bureau Codefalse
[main] INFO gov.gsa.sam.stepdefinition.LoginDepartmentSubTierOfficeAdminStepDef - User Click on Hierarchy
[main] ERROR net.thucydides.core.steps.ConsoleLoggingListener - 
           __  _____ _____ ____ _____   _____ _    ___ _     _____ ____  
  _       / / |_   _| ____/ ___|_   _| |  ___/ \  |_ _| |   | ____|  _ \ 
 (_)_____| |    | | |  _| \___ \ | |   | |_ / _ \  | || |   |  _| | | | |
  _|_____| |    | | | |___ ___) || |   |  _/ ___ \ | || |___| |___| |_| |
 (_)     | |    |_| |_____|____/ |_|   |_|/_/   \_\___|_____|_____|____/ 
          \_\                                                            

TEST FAILED WITH ERROR: Office Admin
---------------------------------------------------------------------
[main] ERROR net.thucydides.core.steps.ConsoleLoggingListener - TEST FAILED AT STEP Then User click on first office
[main] ERROR net.thucydides.core.steps.ConsoleLoggingListener - no such element: Unable to locate element: {"method":"xpath","selector":"//*[@id="primary-content"]g-component/div/div[1]/div[1]/title-and-section/div/h1/div"}  (Session info: chrome=73.0.3683.86)  (Driver info: chromedriver=2.38.552522 (437e6fbedfa8762dec75e2c5b3ddb86763dc9dcb),platform=Windows NT 6.1.7601 SP1 x86_64) (WARNING: The server did not provide any stacktrace information)Command duration or timeout: 0 millisecondsFor documentation on this error, please visit: http://seleniumhq.org/exceptionso_such_element.htmlBuild info: version: '3.11.0', revision: 'e59cfb3', time: '2018-03-11T20:26:55.152Z'System info: host: 'I07R7C-AF1F18', ip: '172.21.72.72', os.name: 'Windows 7', os.arch: 'amd64', os.version: '6.1', java.version: '1.8.0_191'Driver info: org.openqa.selenium.remote.RemoteWebDriverCapabilities {acceptInsecureCerts: false, acceptSslCerts: false, applicationCacheEnabled: false, browserConnectionEnabled: false, browserName: chrome, chrome: {chromedriverVersion: 2.38.552522 (437e6fbedfa876..., userDataDir: C:\Users\SH359E~1\AppData\L...}, cssSelectorsEnabled: true, databaseEnabled: false, handlesAlerts: true, hasTouchScreen: false, javascriptEnabled: true, locationContextEnabled: true, mobileEmulationEnabled: false, nativeEvents: true, networkConnectionEnabled: false, pageLoadStrategy: normal, platform: XP, platformName: XP, rotatable: false, setWindowRect: true, takesHeapSnapshot: true, takesScreenshot: true, unexpectedAlertBehaviour: , unhandledPromptBehavior: , version: 73.0.3683.86, webStorageEnabled: true}Session ID: 1e91c16ca794975024839fe5ed8ac53f*** Element info: {Using=xpath, value=//*[@id="primary-content"]g-component/div/div[1]/div[1]/title-and-section/div/h1/div}For documentation on this error, please visit: http://seleniumhq.org/exceptionso_such_element.htmlBuild info: version: '3.11.0', revision: 'e59cfb3', time: '2018-03-11T20:26:55.152Z'System info: host: 'I07R7C-AF1F18', ip: '172.21.72.72', os.name: 'Windows 7', os.arch: 'amd64', os.version: '6.1', java.version: '1.8.0_191'Driver info: driver.version: unknown
]]></system-err>
  </testcase>
  <testcase name="Log into the GSA website" classname="Validate error meaasage in sub tier page" time="127.122"/>
  <testcase name="This field cannot be empty" classname="Validate error meaasage in sub tier page" time="14.72"/>
  <testcase name="EMPTY_NAME" classname="Validate error meaasage in sub tier page" time="9.356"/>
  <testcase name="EMPTY_NAME" classname="Validate error meaasage in sub tier page" time="9.371"/>
  <testcase name="EMPTY_NAME" classname="Validate error meaasage in sub tier page" time="9.441"/>
  <testcase name="EMPTY_NAME" classname="Validate error meaasage in sub tier page" time="9.352"/>
  <testcase name="EMPTY_NAME" classname="Validate error meaasage in sub tier page" time="9.383"/>
  <testcase name="EMPTY_NAME" classname="Validate error meaasage in sub tier page" time="9.393"/>
  <testcase name="EMPTY_NAME" classname="Validate error meaasage in sub tier page" time="9.376"/>
  <testcase name="Description field is Empty" classname="Validate error meaasage in sub tier page" time="31.606"/>
  <testcase name="This field is required" classname="Validate error meaasage in sub tier page" time="3.852"/>
  <testcase name="Required Field" classname="Validate error meaasage in sub tier page" time="9.364"/>
  <testcase name="Agency is Required" classname="Validate error meaasage in sub tier page" time="5.479"/>
  <testcase name="CGAC is Required" classname="Validate error meaasage in sub tier page" time="5.29"/>
  <testcase name=": Reading CGAC only numbers expection" classname="Validate error meaasage in sub tier page" time="6.46"/>
  <testcase name="CGAC only numbers" classname="Validate error meaasage in sub tier page" time="7.092"/>
  <testcase name="Date field" classname="Validate error meaasage in sub tier page" time="15.211"/>
  <testcase name="Click on federal Hierancy" classname="Validate error meaasage in sub tier page" time="16.879"/>
  <testcase name="Click on federal Hierancy" classname="Validate error meaasage in sub tier page" time="15.139"/>
  <testcase name="Date field expection" classname="Validate error meaasage in sub tier page" time="35.451">
    <error message="Expected condition failed: waiting for visibility of element located by By.xpath: //*[@id=&quot;primary-content&quot;]/ng-component/div/div[1]/div[3]/div[6]/form/sam-fieldset-wrapper/div/fieldset/sam-date/sam-fieldset-wrapper/div/fieldset/span (tried for 30 second(s) with 500 milliseconds interval)" type="org.openqa.selenium.TimeoutException">org.openqa.selenium.TimeoutException: Expected condition failed: waiting for visibility of element located by By.xpath: //*[@id="primary-content"]/ng-component/div/div[1]/div[3]/div[6]/form/sam-fieldset-wrapper/div/fieldset/sam-date/sam-fieldset-wrapper/div/fieldset/span (tried for 30 second(s) with 500 milliseconds interval)
Caused by: org.openqa.selenium.NoSuchElementException: 
Cannot locate an element using By.xpath: //*[@id="primary-content"]/ng-component/div/div[1]/div[3]/div[6]/form/sam-fieldset-wrapper/div/fieldset/sam-date/sam-fieldset-wrapper/div/fieldset/span
For documentation on this error, please visit: http://seleniumhq.org/exceptions/no_such_element.html
Build info: version: '3.11.0', revision: 'e59cfb3', time: '2018-03-11T20:26:55.152Z'
System info: host: 'I07R7C-AF1F18', ip: '172.21.72.72', os.name: 'Windows 7', os.arch: 'amd64', os.version: '6.1', java.version: '1.8.0_191'
Driver info: driver.version: unknown
</error>
    <system-out><![CDATA[
  @NegEditDepartmentSubTier @SubTierDateField
  Scenario: Date field expection       &amp#27;[90m# src/test/resources/features/NegEditDepartmentSubTier.feature:207&amp#27;[0m
    &amp#27;[32mGiven &amp#27;[0m&amp#27;[32mReading date field Expection&amp#27;[0m &amp#27;[90m# NegEditDepartmentSubTierStepDef.Reading_date_field_Expection()&amp#27;[0m
    &amp#27;[31mThen &amp#27;[0m&amp#27;[31mdate field Expection&amp#27;[0m          &amp#27;[90m# NegEditDepartmentSubTierStepDef.date_field_Expection()&amp#27;[0m
      &amp#27;[31morg.openqa.selenium.TimeoutException: Expected condition failed: waiting for visibility of element located by By.xpath: //*[@id="primary-content"]/ng-component/div/div[1]/div[3]/div[6]/form/sam-fieldset-wrapper/div/fieldset/sam-date/sam-fieldset-wrapper/div/fieldset/span (tried for 30 second(s) with 500 milliseconds interval)
	at org.openqa.selenium.support.ui.WebDriverWait.timeoutException(WebDriverWait.java:81)
	at org.openqa.selenium.support.ui.FluentWait.until(FluentWait.java:271)
	at gov.gsa.sam.stepdefinition.NegEditDepartmentSubTierStepDef.date_field_Expection(NegEditDepartmentSubTierStepDef.java:650)
	at ?.date field Expection(src/test/resources/features/NegEditDepartmentSubTier.feature:209)
Caused by: org.openqa.selenium.NoSuchElementException: Cannot locate an element using By.xpath: //*[@id="primary-content"]/ng-component/div/div[1]/div[3]/div[6]/form/sam-fieldset-wrapper/div/fieldset/sam-date/sam-fieldset-wrapper/div/fieldset/span
For documentation on this error, please visit: http://seleniumhq.org/exceptions/no_such_element.html
Build info: version: '3.11.0', revision: 'e59cfb3', time: '2018-03-11T20:26:55.152Z'
System info: host: 'I07R7C-AF1F18', ip: '172.21.72.72', os.name: 'Windows 7', os.arch: 'amd64', os.version: '6.1', java.version: '1.8.0_191'
Driver info: driver.version: unknown
	at org.openqa.selenium.support.ui.ExpectedConditions.lambda$findElement$0(ExpectedConditions.java:896)
	at java.util.Optional.orElseThrow(Optional.java:290)
	at org.openqa.selenium.support.ui.ExpectedConditions.findElement(ExpectedConditions.java:895)
	at org.openqa.selenium.support.ui.ExpectedConditions.access$000(ExpectedConditions.java:44)
	at org.openqa.selenium.support.ui.ExpectedConditions$7.apply(ExpectedConditions.java:206)
	at org.openqa.selenium.support.ui.ExpectedConditions$7.apply(ExpectedConditions.java:202)
	at org.openqa.selenium.support.ui.FluentWait.until(FluentWait.java:248)
	at gov.gsa.sam.stepdefinition.NegEditDepartmentSubTierStepDef.date_field_Expection(NegEditDepartmentSubTierStepDef.java:650)
	at sun.reflect.NativeMethodAccessorImpl.invoke0(Native Method)
	at sun.reflect.NativeMethodAccessorImpl.invoke(NativeMethodAccessorImpl.java:62)
	at sun.reflect.DelegatingMethodAccessorImpl.invoke(DelegatingMethodAccessorImpl.java:43)
	at java.lang.reflect.Method.invoke(Method.java:498)
	at cucumber.runtime.Utils$1.call(Utils.java:32)
	at cucumber.runtime.Timeout.timeout(Timeout.java:16)
	at cucumber.runtime.Utils.invoke(Utils.java:26)
	at cucumber.runtime.java.JavaStepDefinition.execute(JavaStepDefinition.java:37)
	at cucumber.runtime.StepDefinitionMatch.runStep(StepDefinitionMatch.java:40)
	at cucumber.api.TestStep.executeStep(TestStep.java:102)
	at cucumber.api.TestStep.run(TestStep.java:83)
	at cucumber.api.TestCase.run(TestCase.java:58)
	at cucumber.runner.Runner.runPickle(Runner.java:80)
	at cucumber.runtime.junit.PickleRunners$NoStepDescriptions.run(PickleRunners.java:140)
	at cucumber.runtime.junit.FeatureRunner.runChild(FeatureRunner.java:68)
	at cucumber.runtime.junit.FeatureRunner.runChild(FeatureRunner.java:23)
	at org.junit.runners.ParentRunner$3.run(ParentRunner.java:290)
	at org.junit.runners.ParentRunner$1.schedule(ParentRunner.java:71)
	at org.junit.runners.ParentRunner.runChildren(ParentRunner.java:288)
	at org.junit.runners.ParentRunner.access$000(ParentRunner.java:58)
	at org.junit.runners.ParentRunner$2.evaluate(ParentRunner.java:268)
	at org.junit.runners.ParentRunner.run(ParentRunner.java:363)
	at cucumber.runtime.junit.FeatureRunner.run(FeatureRunner.java:73)
	at cucumber.api.junit.Cucumber.runChild(Cucumber.java:117)
	at cucumber.api.junit.Cucumber.runChild(Cucumber.java:55)
	at org.junit.runners.ParentRunner$3.run(ParentRunner.java:290)
	at org.junit.runners.ParentRunner$1.schedule(ParentRunner.java:71)
	at org.junit.runners.ParentRunner.runChildren(ParentRunner.java:288)
	at org.junit.runners.ParentRunner.access$000(ParentRunner.java:58)
	at org.junit.runners.ParentRunner$2.evaluate(ParentRunner.java:268)
	at cucumber.api.junit.Cucumber$1.evaluate(Cucumber.java:126)
	at org.junit.runners.ParentRunner.run(ParentRunner.java:363)
	at org.apache.maven.surefire.junit4.JUnit4Provider.execute(JUnit4Provider.java:365)
	at org.apache.maven.surefire.junit4.JUnit4Provider.executeWithRerun(JUnit4Provider.java:272)
	at org.apache.maven.surefire.junit4.JUnit4Provider.executeTestSet(JUnit4Provider.java:236)
	at org.apache.maven.surefire.junit4.JUnit4Provider.invoke(JUnit4Provider.java:159)
	at org.apache.maven.surefire.booter.ForkedBooter.invokeProviderInSameClassLoader(ForkedBooter.java:386)
	at org.apache.maven.surefire.booter.ForkedBooter.runSuitesInProcess(ForkedBooter.java:323)
	at org.apache.maven.surefire.booter.ForkedBooter.main(ForkedBooter.java:143)
&amp#27;[0m
]]></system-out>
    <system-err><![CDATA[[main] INFO net.thucydides.core.steps.ConsoleLoggingListener - 
        __    _____ _____ ____ _____   ____   _    ____  ____  _____ ____  
  _     \ \  |_   _| ____/ ___|_   _| |  _ \ / \  / ___|/ ___|| ____|  _ \ 
 (_)_____| |   | | |  _| \___ \ | |   | |_) / _ \ \___ \\___ \|  _| | | | |
  _|_____| |   | | | |___ ___) || |   |  __/ ___ \ ___) |___) | |___| |_| |
 (_)     | |   |_| |_____|____/ |_|   |_| /_/   \_\____/|____/|_____|____/ 
        /_/                                                                

TEST PASSED: Click on federal Hierancy
----------------------------------------------------------------------------
[main] INFO net.thucydides.core.steps.ConsoleLoggingListener - 
 _____ _____ ____ _____   ____ _____  _    ____ _____ _____ ____  
|_   _| ____/ ___|_   _| / ___|_   _|/ \  |  _ \_   _| ____|  _ \ 
  | | |  _| \___ \ | |   \___ \ | | / _ \ | |_) || | |  _| | | | |
  | | | |___ ___) || |    ___) || |/ ___ \|  _ < | | | |___| |_| |
  |_| |_____|____/ |_|   |____/ |_/_/   \_\_| \_\|_| |_____|____/ 
                                                                  

TEST STARTED: Date field expection
-------------------------------------------------------------------(validate-error-meaasage-in-sub-tier-page;date-field-expection)
[main] INFO gov.gsa.sam.stepdefinition.NegEditDepartmentSubTierStepDef - user click on agency details button
[main] INFO gov.gsa.sam.stepdefinition.NegEditDepartmentSubTierStepDef - ^user click submit agency details$
[main] INFO gov.gsa.sam.stepdefinition.NegEditDepartmentSubTierStepDef - Month$$$$$$$$$$$$$$$$$$$$$$$$$$$$$$$$$$$$$$$$$$$$$$
[main] ERROR net.thucydides.core.steps.ConsoleLoggingListener - 
           __  _____ _____ ____ _____   _____ _    ___ _     _____ ____  
  _       / / |_   _| ____/ ___|_   _| |  ___/ \  |_ _| |   | ____|  _ \ 
 (_)_____| |    | | |  _| \___ \ | |   | |_ / _ \  | || |   |  _| | | | |
  _|_____| |    | | | |___ ___) || |   |  _/ ___ \ | || |___| |___| |_| |
 (_)     | |    |_| |_____|____/ |_|   |_|/_/   \_\___|_____|_____|____/ 
          \_\                                                            

TEST FAILED WITH ERROR: Date field expection
---------------------------------------------------------------------
[main] ERROR net.thucydides.core.steps.ConsoleLoggingListener - TEST FAILED AT STEP Then date field Expection
[main] ERROR net.thucydides.core.steps.ConsoleLoggingListener - Cannot locate an element using By.xpath: //*[@id="primary-content"]/ng-component/div/div[1]/div[3]/div[6]/form/sam-fieldset-wrapper/div/fieldset/sam-date/sam-fieldset-wrapper/div/fieldset/span
]]></system-err>
  </testcase>
  <testcase name="Super Admin Edit SubTier" classname="Validate error meaasage in sub tier page" time="16.244"/>
  <testcase name="Super Admin Edit SubTier" classname="Validate error meaasage in sub tier page" time="7.825"/>
  <testcase name="0ne" classname="Validate error meaasage in sub tier page" time="15.039"/>
  <testcase name="Agency Code Field Edit SubTier" classname="Validate error meaasage in sub tier page" time="7.475"/>
  <testcase name="two" classname="Validate error meaasage in sub tier page" time="15.047"/>
  <testcase name="browser sign out" classname="Validate error meaasage in sub tier page" time="8.414"/>
  <testcase name="Log into the GSA website as createDepartment" classname="Editing Request Office Page" time="85.894"/>
  <testcase name="Account name" classname="Editing Request Office Page" time="29.51"/>
  <testcase name="My Workspace" classname="Editing Request Office Page" time="75.761"/>
  <testcase name="Edit request office positive scenarios" classname="Editing Request Office Page" time="742.465"/>
  <testcase name="Log into the GSA website" classname="Create and Editing department and sub tier" time="12.119">
    <error message="no such element: Unable to locate element: {&quot;method&quot;:&quot;xpath&quot;,&quot;selector&quot;:&quot;//*[@id=&quot;signin-button&quot;]&quot;}&#10;  (Session info: chrome=73.0.3683.86)&#10;  (Driver info: chromedriver=2.38.552522 (437e6fbedfa8762dec75e2c5b3ddb86763dc9dcb),platform=Windows NT 6.1.7601 SP1 x86_64) (WARNING: The server did not provide any stacktrace information)&#10;Command duration or timeout: 0 milliseconds&#10;For documentation on this error, please visit: http://seleniumhq.org/exceptions/no_such_element.html&#10;Build info: version: &apos;3.11.0&apos;, revision: &apos;e59cfb3&apos;, time: &apos;2018-03-11T20:26:55.152Z&apos;&#10;System info: host: &apos;I07R7C-AF1F18&apos;, ip: &apos;172.21.72.72&apos;, os.name: &apos;Windows 7&apos;, os.arch: &apos;amd64&apos;, os.version: &apos;6.1&apos;, java.version: &apos;1.8.0_191&apos;&#10;Driver info: org.openqa.selenium.remote.RemoteWebDriver&#10;Capabilities {acceptInsecureCerts: false, acceptSslCerts: false, applicationCacheEnabled: false, browserConnectionEnabled: false, browserName: chrome, chrome: {chromedriverVersion: 2.38.552522 (437e6fbedfa876..., userDataDir: C:\Users\SH359E~1\AppData\L...}, cssSelectorsEnabled: true, databaseEnabled: false, handlesAlerts: true, hasTouchScreen: false, javascriptEnabled: true, locationContextEnabled: true, mobileEmulationEnabled: false, nativeEvents: true, networkConnectionEnabled: false, pageLoadStrategy: normal, platform: XP, platformName: XP, rotatable: false, setWindowRect: true, takesHeapSnapshot: true, takesScreenshot: true, unexpectedAlertBehaviour: , unhandledPromptBehavior: , version: 73.0.3683.86, webStorageEnabled: true}&#10;Session ID: 1d62cde8d7afcea7cfd0fb49b4835e97&#10;*** Element info: {Using=xpath, value=//*[@id=&quot;signin-button&quot;]}" type="org.openqa.selenium.NoSuchElementException">org.openqa.selenium.NoSuchElementException: 
no such element: Unable to locate element: {"method":"xpath","selector":"//*[@id="signin-button"]"}
  (Session info: chrome=73.0.3683.86)
  (Driver info: chromedriver=2.38.552522 (437e6fbedfa8762dec75e2c5b3ddb86763dc9dcb),platform=Windows NT 6.1.7601 SP1 x86_64) (WARNING: The server did not provide any stacktrace information)
Command duration or timeout: 0 milliseconds
For documentation on this error, please visit: http://seleniumhq.org/exceptions/no_such_element.html
Build info: version: '3.11.0', revision: 'e59cfb3', time: '2018-03-11T20:26:55.152Z'
System info: host: 'I07R7C-AF1F18', ip: '172.21.72.72', os.name: 'Windows 7', os.arch: 'amd64', os.version: '6.1', java.version: '1.8.0_191'
Driver info: org.openqa.selenium.remote.RemoteWebDriver
Capabilities {acceptInsecureCerts: false, acceptSslCerts: false, applicationCacheEnabled: false, browserConnectionEnabled: false, browserName: chrome, chrome: {chromedriverVersion: 2.38.552522 (437e6fbedfa876..., userDataDir: C:\Users\SH359E~1\AppData\L...}, cssSelectorsEnabled: true, databaseEnabled: false, handlesAlerts: true, hasTouchScreen: false, javascriptEnabled: true, locationContextEnabled: true, mobileEmulationEnabled: false, nativeEvents: true, networkConnectionEnabled: false, pageLoadStrategy: normal, platform: XP, platformName: XP, rotatable: false, setWindowRect: true, takesHeapSnapshot: true, takesScreenshot: true, unexpectedAlertBehaviour: , unhandledPromptBehavior: , version: 73.0.3683.86, webStorageEnabled: true}
Session ID: 1d62cde8d7afcea7cfd0fb49b4835e97
*** Element info: {Using=xpath, value=//*[@id="signin-button"]}
</error>
    <system-out><![CDATA[
@DepartmentCreated
Feature: Create and Editing department and sub tier
	     1) Create department
         2) Editing department
         3) Create sub tier
         4) Editing sub tier
         5) Create Office
         6) Profile Page

  @DepartmentCreated @otp
  Scenario: Log into the GSA website                                       &amp#27;[90m# src/test/resources/features/createDepartment.feature:11&amp#27;[0m
****COMP_HOME_PAGE. driver::WebDriverFacade for chrome
One::COMP_HOME_PAGE
HI::COMP_HOME_PAGE
    &amp#27;[32mAnd &amp#27;[0m&amp#27;[32mThe user enters environment department &amp#27;[0m&amp#27;[32m&amp#27;[1mCOMP_HOME_PAGE&amp#27;[0m              &amp#27;[90m# CreateDepartmentStepDef.the_user_enters_a_URL1(String)&amp#27;[0m
    &amp#27;[31mAnd &amp#27;[0m&amp#27;[31mThe user click on department sign in link&amp#27;[0m                          &amp#27;[90m# CreateDepartmentStepDef.the_user_click_on_sign_in_link1()&amp#27;[0m
      &amp#27;[31morg.openqa.selenium.NoSuchElementException: no such element: Unable to locate element: {"method":"xpath","selector":"//*[@id="signin-button"]"}
  (Session info: chrome=73.0.3683.86)
  (Driver info: chromedriver=2.38.552522 (437e6fbedfa8762dec75e2c5b3ddb86763dc9dcb),platform=Windows NT 6.1.7601 SP1 x86_64) (WARNING: The server did not provide any stacktrace information)
Command duration or timeout: 0 milliseconds
For documentation on this error, please visit: http://seleniumhq.org/exceptions/no_such_element.html
Build info: version: '3.11.0', revision: 'e59cfb3', time: '2018-03-11T20:26:55.152Z'
System info: host: 'I07R7C-AF1F18', ip: '172.21.72.72', os.name: 'Windows 7', os.arch: 'amd64', os.version: '6.1', java.version: '1.8.0_191'
Driver info: org.openqa.selenium.remote.RemoteWebDriver
Capabilities {acceptInsecureCerts: false, acceptSslCerts: false, applicationCacheEnabled: false, browserConnectionEnabled: false, browserName: chrome, chrome: {chromedriverVersion: 2.38.552522 (437e6fbedfa876..., userDataDir: C:\Users\SH359E~1\AppData\L...}, cssSelectorsEnabled: true, databaseEnabled: false, handlesAlerts: true, hasTouchScreen: false, javascriptEnabled: true, locationContextEnabled: true, mobileEmulationEnabled: false, nativeEvents: true, networkConnectionEnabled: false, pageLoadStrategy: normal, platform: XP, platformName: XP, rotatable: false, setWindowRect: true, takesHeapSnapshot: true, takesScreenshot: true, unexpectedAlertBehaviour: , unhandledPromptBehavior: , version: 73.0.3683.86, webStorageEnabled: true}
Session ID: 1d62cde8d7afcea7cfd0fb49b4835e97
*** Element info: {Using=xpath, value=//*[@id="signin-button"]}
	at sun.reflect.NativeConstructorAccessorImpl.newInstance0(Native Method)
	at sun.reflect.NativeConstructorAccessorImpl.newInstance(NativeConstructorAccessorImpl.java:62)
	at sun.reflect.DelegatingConstructorAccessorImpl.newInstance(DelegatingConstructorAccessorImpl.java:45)
	at java.lang.reflect.Constructor.newInstance(Constructor.java:423)
	at org.openqa.selenium.remote.ErrorHandler.createThrowable(ErrorHandler.java:214)
	at org.openqa.selenium.remote.ErrorHandler.throwIfResponseFailed(ErrorHandler.java:166)
	at org.openqa.selenium.remote.http.JsonHttpResponseCodec.reconstructValue(JsonHttpResponseCodec.java:40)
	at org.openqa.selenium.remote.http.AbstractHttpResponseCodec.decode(AbstractHttpResponseCodec.java:80)
	at org.openqa.selenium.remote.http.AbstractHttpResponseCodec.decode(AbstractHttpResponseCodec.java:44)
	at org.openqa.selenium.remote.HttpCommandExecutor.execute(HttpCommandExecutor.java:158)
	at org.openqa.selenium.remote.RemoteWebDriver.execute(RemoteWebDriver.java:545)
	at org.openqa.selenium.remote.RemoteWebDriver.findElement(RemoteWebDriver.java:319)
	at org.openqa.selenium.remote.RemoteWebDriver.findElementByXPath(RemoteWebDriver.java:421)
	at org.openqa.selenium.By$ByXPath.findElement(By.java:361)
	at org.openqa.selenium.remote.RemoteWebDriver.findElement(RemoteWebDriver.java:311)
	at net.thucydides.core.webdriver.WebDriverFacade.findElement(WebDriverFacade.java:231)
	at gov.gsa.sam.stepdefinition.CreateDepartmentStepDef.the_user_click_on_sign_in_link1(CreateDepartmentStepDef.java:244)
	at ?.The user click on department sign in link(src/test/resources/features/createDepartment.feature:14)
&amp#27;[0m
    &amp#27;[36mAnd &amp#27;[0m&amp#27;[36mThen click on department accept button&amp#27;[0m                             &amp#27;[90m# CreateDepartmentStepDef.then_click_accept_button1()&amp#27;[0m
    &amp#27;[36mAnd &amp#27;[0m&amp#27;[36mThe user enters the department email id &amp#27;[0m&amp#27;[36m&amp#27;[1mcreateDepartment&amp#27;[0m           &amp#27;[90m# CreateDepartmentStepDef.the_user_enters_the_email_id1(String)&amp#27;[0m
    &amp#27;[36mAnd &amp#27;[0m&amp#27;[36mThe user enters the department password &amp#27;[0m&amp#27;[36m&amp#27;[1malertadminPassword1&amp#27;[0m        &amp#27;[90m# CreateDepartmentStepDef.the_user_enters_the_password1(String)&amp#27;[0m
    &amp#27;[36mThen &amp#27;[0m&amp#27;[36mThe user click on department sign in button&amp#27;[0m                       &amp#27;[90m# CreateDepartmentStepDef.the_user_click_on_sign_in_button1()&amp#27;[0m
    &amp#27;[36mAnd &amp#27;[0m&amp#27;[36mThe user want to receive your one time department password &amp#27;[0m&amp#27;[36m&amp#27;[1mmyEmail&amp#27;[0m &amp#27;[90m# CreateDepartmentStepDef.the_user_want_to_receive_your_one_time_password1(String)&amp#27;[0m
    &amp#27;[36mAnd &amp#27;[0m&amp#27;[36mThe user enters department one time access code&amp#27;[0m                    &amp#27;[90m# CreateDepartmentStepDef.the_user_enters_one_time_access_code1()&amp#27;[0m
    &amp#27;[36mThen &amp#27;[0m&amp#27;[36mThe user click on department one time submit button&amp#27;[0m               &amp#27;[90m# CreateDepartmentStepDef.the_user_click_on_one_time_submit_button1()&amp#27;[0m
]]></system-out>
    <system-err><![CDATA[[main] INFO net.thucydides.core.steps.ConsoleLoggingListener - 
        __    _____ _____ ____ _____   ____   _    ____  ____  _____ ____  
  _     \ \  |_   _| ____/ ___|_   _| |  _ \ / \  / ___|/ ___|| ____|  _ \ 
 (_)_____| |   | | |  _| \___ \ | |   | |_) / _ \ \___ \\___ \|  _| | | | |
  _|_____| |   | | | |___ ___) || |   |  __/ ___ \ ___) |___) | |___| |_| |
 (_)     | |   |_| |_____|____/ |_|   |_| /_/   \_\____/|____/|_____|____/ 
        /_/                                                                

TEST PASSED: Edit request office positive scenarios
----------------------------------------------------------------------------
[main] INFO net.thucydides.core.steps.ConsoleLoggingListener - 
 _____ _____ ____ _____   ____ _____  _    ____ _____ _____ ____  
|_   _| ____/ ___|_   _| / ___|_   _|/ \  |  _ \_   _| ____|  _ \ 
  | | |  _| \___ \ | |   \___ \ | | / _ \ | |_) || | |  _| | | | |
  | | | |___ ___) || |    ___) || |/ ___ \|  _ < | | | |___| |_| |
  |_| |_____|____/ |_|   |____/ |_/_/   \_\_| \_\|_| |_____|____/ 
                                                                  

TEST STARTED: Log into the GSA website
-------------------------------------------------------------------(create-and-editing-department-and-sub-tier;log-into-the-gsa-website)
[main] ERROR net.thucydides.core.steps.ConsoleLoggingListener - 
           __  _____ _____ ____ _____   _____ _    ___ _     _____ ____  
  _       / / |_   _| ____/ ___|_   _| |  ___/ \  |_ _| |   | ____|  _ \ 
 (_)_____| |    | | |  _| \___ \ | |   | |_ / _ \  | || |   |  _| | | | |
  _|_____| |    | | | |___ ___) || |   |  _/ ___ \ | || |___| |___| |_| |
 (_)     | |    |_| |_____|____/ |_|   |_|/_/   \_\___|_____|_____|____/ 
          \_\                                                            

TEST FAILED WITH ERROR: Log into the GSA website
---------------------------------------------------------------------
[main] ERROR net.thucydides.core.steps.ConsoleLoggingListener - TEST FAILED AT STEP And The user click on department sign in link
[main] ERROR net.thucydides.core.steps.ConsoleLoggingListener - no such element: Unable to locate element: {"method":"xpath","selector":"//*[@id="signin-button"]"}  (Session info: chrome=73.0.3683.86)  (Driver info: chromedriver=2.38.552522 (437e6fbedfa8762dec75e2c5b3ddb86763dc9dcb),platform=Windows NT 6.1.7601 SP1 x86_64) (WARNING: The server did not provide any stacktrace information)Command duration or timeout: 0 millisecondsFor documentation on this error, please visit: http://seleniumhq.org/exceptionso_such_element.htmlBuild info: version: '3.11.0', revision: 'e59cfb3', time: '2018-03-11T20:26:55.152Z'System info: host: 'I07R7C-AF1F18', ip: '172.21.72.72', os.name: 'Windows 7', os.arch: 'amd64', os.version: '6.1', java.version: '1.8.0_191'Driver info: org.openqa.selenium.remote.RemoteWebDriverCapabilities {acceptInsecureCerts: false, acceptSslCerts: false, applicationCacheEnabled: false, browserConnectionEnabled: false, browserName: chrome, chrome: {chromedriverVersion: 2.38.552522 (437e6fbedfa876..., userDataDir: C:\Users\SH359E~1\AppData\L...}, cssSelectorsEnabled: true, databaseEnabled: false, handlesAlerts: true, hasTouchScreen: false, javascriptEnabled: true, locationContextEnabled: true, mobileEmulationEnabled: false, nativeEvents: true, networkConnectionEnabled: false, pageLoadStrategy: normal, platform: XP, platformName: XP, rotatable: false, setWindowRect: true, takesHeapSnapshot: true, takesScreenshot: true, unexpectedAlertBehaviour: , unhandledPromptBehavior: , version: 73.0.3683.86, webStorageEnabled: true}Session ID: 1d62cde8d7afcea7cfd0fb49b4835e97*** Element info: {Using=xpath, value=//*[@id="signin-button"]}For documentation on this error, please visit: http://seleniumhq.org/exceptionso_such_element.htmlBuild info: version: '3.11.0', revision: 'e59cfb3', time: '2018-03-11T20:26:55.152Z'System info: host: 'I07R7C-AF1F18', ip: '172.21.72.72', os.name: 'Windows 7', os.arch: 'amd64', os.version: '6.1', java.version: '1.8.0_191'Driver info: driver.version: unknown
]]></system-err>
  </testcase>
  <testcase name="Account name" classname="Create and Editing department and sub tier" time="31.364"/>
  <testcase name="Create department" classname="Create and Editing department and sub tier" time="89"/>
  <testcase name="Edit Department" classname="Create and Editing department and sub tier" time="68.326"/>
  <testcase name="Create Sub Tier" classname="Create and Editing department and sub tier" time="43.204"/>
  <testcase name="Edit Sub Tier" classname="Create and Editing department and sub tier" time="45.268"/>
  <testcase name="Create office" classname="Create and Editing department and sub tier" time="162.929">
    <error message="no such element: Unable to locate element: {&quot;method&quot;:&quot;xpath&quot;,&quot;selector&quot;:&quot;//*[@id=&quot;main-container&quot;]/ng-component/div/div/div[2]/page/div/div/div[2]/div/div[1]/div[2]/div/div[2]/div[2]/sam-address-form-v2/div/div[1]/h3/span&quot;}&#10;  (Session info: chrome=73.0.3683.86)&#10;  (Driver info: chromedriver=2.38.552522 (437e6fbedfa8762dec75e2c5b3ddb86763dc9dcb),platform=Windows NT 6.1.7601 SP1 x86_64) (WARNING: The server did not provide any stacktrace information)&#10;Command duration or timeout: 0 milliseconds&#10;For documentation on this error, please visit: http://seleniumhq.org/exceptions/no_such_element.html&#10;Build info: version: &apos;3.11.0&apos;, revision: &apos;e59cfb3&apos;, time: &apos;2018-03-11T20:26:55.152Z&apos;&#10;System info: host: &apos;I07R7C-AF1F18&apos;, ip: &apos;172.21.72.72&apos;, os.name: &apos;Windows 7&apos;, os.arch: &apos;amd64&apos;, os.version: &apos;6.1&apos;, java.version: &apos;1.8.0_191&apos;&#10;Driver info: org.openqa.selenium.remote.RemoteWebDriver&#10;Capabilities {acceptInsecureCerts: false, acceptSslCerts: false, applicationCacheEnabled: false, browserConnectionEnabled: false, browserName: chrome, chrome: {chromedriverVersion: 2.38.552522 (437e6fbedfa876..., userDataDir: C:\Users\SH359E~1\AppData\L...}, cssSelectorsEnabled: true, databaseEnabled: false, handlesAlerts: true, hasTouchScreen: false, javascriptEnabled: true, locationContextEnabled: true, mobileEmulationEnabled: false, nativeEvents: true, networkConnectionEnabled: false, pageLoadStrategy: normal, platform: XP, platformName: XP, rotatable: false, setWindowRect: true, takesHeapSnapshot: true, takesScreenshot: true, unexpectedAlertBehaviour: , unhandledPromptBehavior: , version: 73.0.3683.86, webStorageEnabled: true}&#10;Session ID: 1d62cde8d7afcea7cfd0fb49b4835e97&#10;*** Element info: {Using=xpath, value=//*[@id=&quot;main-container&quot;]/ng-component/div/div/div[2]/page/div/div/div[2]/div/div[1]/div[2]/div/div[2]/div[2]/sam-address-form-v2/div/div[1]/h3/span}" type="org.openqa.selenium.NoSuchElementException">org.openqa.selenium.NoSuchElementException: 
no such element: Unable to locate element: {"method":"xpath","selector":"//*[@id="main-container"]/ng-component/div/div/div[2]/page/div/div/div[2]/div/div[1]/div[2]/div/div[2]/div[2]/sam-address-form-v2/div/div[1]/h3/span"}
  (Session info: chrome=73.0.3683.86)
  (Driver info: chromedriver=2.38.552522 (437e6fbedfa8762dec75e2c5b3ddb86763dc9dcb),platform=Windows NT 6.1.7601 SP1 x86_64) (WARNING: The server did not provide any stacktrace information)
Command duration or timeout: 0 milliseconds
For documentation on this error, please visit: http://seleniumhq.org/exceptions/no_such_element.html
Build info: version: '3.11.0', revision: 'e59cfb3', time: '2018-03-11T20:26:55.152Z'
System info: host: 'I07R7C-AF1F18', ip: '172.21.72.72', os.name: 'Windows 7', os.arch: 'amd64', os.version: '6.1', java.version: '1.8.0_191'
Driver info: org.openqa.selenium.remote.RemoteWebDriver
Capabilities {acceptInsecureCerts: false, acceptSslCerts: false, applicationCacheEnabled: false, browserConnectionEnabled: false, browserName: chrome, chrome: {chromedriverVersion: 2.38.552522 (437e6fbedfa876..., userDataDir: C:\Users\SH359E~1\AppData\L...}, cssSelectorsEnabled: true, databaseEnabled: false, handlesAlerts: true, hasTouchScreen: false, javascriptEnabled: true, locationContextEnabled: true, mobileEmulationEnabled: false, nativeEvents: true, networkConnectionEnabled: false, pageLoadStrategy: normal, platform: XP, platformName: XP, rotatable: false, setWindowRect: true, takesHeapSnapshot: true, takesScreenshot: true, unexpectedAlertBehaviour: , unhandledPromptBehavior: , version: 73.0.3683.86, webStorageEnabled: true}
Session ID: 1d62cde8d7afcea7cfd0fb49b4835e97
*** Element info: {Using=xpath, value=//*[@id="main-container"]/ng-component/div/div/div[2]/page/div/div/div[2]/div/div[1]/div[2]/div/div[2]/div[2]/sam-address-form-v2/div/div[1]/h3/span}
</error>
    <system-out><![CDATA[
  @RequestOffice
  Scenario Outline: Create office &amp#27;[90m# src/test/resources/features/createDepartment.feature:119&amp#27;[0m
    &amp#27;[36mGiven Click on edit button&amp#27;[0m
    &amp#27;[36mAnd The user enters office details Name <officeDetails>&amp#27;[0m
    &amp#27;[36mAnd The user enters create office start month <startMonth>&amp#27;[0m
    &amp#27;[36mAnd The user enters create office start day <startDay>&amp#27;[0m
    &amp#27;[36mAnd The user enters create office start year <startYear>&amp#27;[0m
    &amp#27;[36mAnd The user enters create office end month <EndMonth>&amp#27;[0m
    &amp#27;[36mAnd The user enters create office end day <EndDay>&amp#27;[0m
    &amp#27;[36mAnd The user enters create office end year <EndYear>&amp#27;[0m
    &amp#27;[36mAnd The user enters office short name <ShortName>&amp#27;[0m
    &amp#27;[36mAnd The user enters office office region <OfficeRegion>&amp#27;[0m
    &amp#27;[36mAnd The user enters office ACC <ACC>&amp#27;[0m
    &amp#27;[36mAnd The user enters POC check box <POCCheckBox>&amp#27;[0m
    &amp#27;[36mAnd The user enters POC name <POCName>&amp#27;[0m
    &amp#27;[36mAnd The user enters POC Email <POCEmail>&amp#27;[0m
    &amp#27;[36mAnd The user enters POC Number <POCNumber>&amp#27;[0m
    &amp#27;[36mAnd The user select office type contract Awards <contractAwards>&amp#27;[0m
    &amp#27;[36mAnd The user enters contract Awards start month <contractAwardsstartMonth>&amp#27;[0m
    &amp#27;[36mAnd The user enters contract Awards start day <contractAwardsstartDay>&amp#27;[0m
    &amp#27;[36mAnd The user enters contract Awards start year <contractAwardsstartYear>&amp#27;[0m
    &amp#27;[36mAnd The user enters contract Awards end month <contractAwardsEndMonth>&amp#27;[0m
    &amp#27;[36mAnd The user enters contract Awards end day <contractAwardsEndDay>&amp#27;[0m
    &amp#27;[36mAnd The user enters contract Awards end year <contractAwardsEndYear>&amp#27;[0m
    &amp#27;[36mAnd The user select office type Financial Awards <FinancialAwards>&amp#27;[0m
    &amp#27;[36mAnd The user enters Financial Awards start month <FinancialAwardsstartMonth>&amp#27;[0m
    &amp#27;[36mAnd The user enters Financial Awards start day <FinancialAwardsstartDay>&amp#27;[0m
    &amp#27;[36mAnd The user enters Financial Awards start year <FinancialAwardsstartYear>&amp#27;[0m
    &amp#27;[36mAnd The user enters Financial Awards end month <FinancialAwardsEndMonth>&amp#27;[0m
    &amp#27;[36mAnd The user enters Financial Awards end day <FinancialAwardsEndDay>&amp#27;[0m
    &amp#27;[36mAnd The user enters Financial Awards end year <FinancialAwardsEndYear>&amp#27;[0m
    &amp#27;[36mAnd The user select office type contract funding  <Contractfunding>&amp#27;[0m
    &amp#27;[36mAnd The user enters other contract funding start month <contractfundingstartMonth>&amp#27;[0m
    &amp#27;[36mAnd The user enters other contract funding start day <contractfundingstartDay>&amp#27;[0m
    &amp#27;[36mAnd The user enters other contract funding start year <contractfundingstartYear>&amp#27;[0m
    &amp#27;[36mAnd The user enters other contract funding end month <contractfundingEndMonth>&amp#27;[0m
    &amp#27;[36mAnd The user enters other contract funding end day <contractfundingEndDay>&amp#27;[0m
    &amp#27;[36mAnd The user enters other contract funding end year <contractfundingEndYear>&amp#27;[0m
    &amp#27;[36mAnd The user select office type Financial funding <FinancialFunding>&amp#27;[0m
    &amp#27;[36mAnd The user enters Financial funding start month <FinancialFundingstartMonth>&amp#27;[0m
    &amp#27;[36mAnd The user enters Financial funding start day <FinancialFundingstartDay>&amp#27;[0m
    &amp#27;[36mAnd The user enters Financial funding start year <FinancialFundingstartYear>&amp#27;[0m
    &amp#27;[36mAnd The user enters Financial funding end month <FinancialFundingEndMonth>&amp#27;[0m
    &amp#27;[36mAnd The user enters Financial funding end day <FinancialFundingEndDay>&amp#27;[0m
    &amp#27;[36mAnd The user enters Financial funding end year <FinancialFundingEndYear>&amp#27;[0m
    &amp#27;[36mAnd The user enters street address <address>&amp#27;[0m
    &amp#27;[36mAnd The user enters country <country>&amp#27;[0m
    &amp#27;[36mAnd The enters zip <Zip>&amp#27;[0m
    &amp#27;[36mAnd The enters city <city>&amp#27;[0m
    &amp#27;[36mAnd The enters state <state>&amp#27;[0m
    &amp#27;[36mAnd The user enters TAC2 street address <address2>&amp#27;[0m
    &amp#27;[36mAnd The user enters TAC2 country <country2>&amp#27;[0m
    &amp#27;[36mAnd The enters TAC2 zip <Zip2>&amp#27;[0m
    &amp#27;[36mAnd The enters TAC2 city <officeCity2>&amp#27;[0m
    &amp#27;[36mAnd The enters TAC2 state <state2>&amp#27;[0m
    &amp#27;[36mAnd The user enters TAC3 street address <address3>&amp#27;[0m
    &amp#27;[36mAnd The user enters TAC3 country <country3>&amp#27;[0m
    &amp#27;[36mAnd The enters TAC3 zip <Zip3>&amp#27;[0m
    &amp#27;[36mAnd The enters TAC3 city <officeCity3>&amp#27;[0m
    &amp#27;[36mAnd The enters TAC3 state <state3>&amp#27;[0m
    &amp#27;[36mThen The user click on submit create office button&amp#27;[0m
    &amp#27;[36mThen The user click on Confirmation create office button&amp#27;[0m
    &amp#27;[36mAnd Click on close button on office Request page&amp#27;[0m
    &amp#27;[36mThen Check request office email notitication&amp#27;[0m

    Examples: 

  @DepartmentCreated @RequestOffice
  Scenario Outline: Create office                                  &amp#27;[90m# src/test/resources/features/createDepartment.feature:188&amp#27;[0m
    &amp#27;[32mGiven &amp#27;[0m&amp#27;[32mClick on edit button&amp#27;[0m                                     &amp#27;[90m# CreateOfficeStepDef.Create_office_submit_button()&amp#27;[0m
    &amp#27;[32mAnd &amp#27;[0m&amp#27;[32mThe user enters office details Name &amp#27;[0m&amp#27;[32m&amp#27;[1m&amp#27;[0m                       &amp#27;[90m# CreateOfficeStepDef.The_user_enters_office_details_Name(String)&amp#27;[0m
Apr
    &amp#27;[32mAnd &amp#27;[0m&amp#27;[32mThe user enters create office start month &amp#27;[0m&amp#27;[32m&amp#27;[1m&amp#27;[0m                 &amp#27;[90m# CreateOfficeStepDef.The_user_enters_create_office_start_month(String)&amp#27;[0m
    &amp#27;[32mAnd &amp#27;[0m&amp#27;[32mThe user enters create office start day &amp#27;[0m&amp#27;[32m&amp#27;[1m&amp#27;[0m                   &amp#27;[90m# CreateOfficeStepDef.The_user_enters_create_office_start_day(String)&amp#27;[0m
    &amp#27;[32mAnd &amp#27;[0m&amp#27;[32mThe user enters create office start year &amp#27;[0m&amp#27;[32m&amp#27;[1m&amp#27;[0m                  &amp#27;[90m# CreateOfficeStepDef.The_user_enters_create_office_start_year(String)&amp#27;[0m
May
    &amp#27;[32mAnd &amp#27;[0m&amp#27;[32mThe user enters create office end month &amp#27;[0m&amp#27;[32m&amp#27;[1m&amp#27;[0m                   &amp#27;[90m# CreateOfficeStepDef.The_user_enter_create_office_end_month(String)&amp#27;[0m
    &amp#27;[32mAnd &amp#27;[0m&amp#27;[32mThe user enters create office end day &amp#27;[0m&amp#27;[32m&amp#27;[1m&amp#27;[0m                     &amp#27;[90m# CreateOfficeStepDef.The_user_enters_create_office_end_day(String)&amp#27;[0m
    &amp#27;[32mAnd &amp#27;[0m&amp#27;[32mThe user enters create office end year &amp#27;[0m&amp#27;[32m&amp#27;[1m&amp#27;[0m                    &amp#27;[90m# CreateOfficeStepDef.The_user_enters_create_office_end_year(String)&amp#27;[0m
    &amp#27;[32mAnd &amp#27;[0m&amp#27;[32mThe user enters office short name &amp#27;[0m&amp#27;[32m&amp#27;[1m&amp#27;[0m                         &amp#27;[90m# CreateOfficeStepDef.The_user_enters_office_short_name(String)&amp#27;[0m
    &amp#27;[32mAnd &amp#27;[0m&amp#27;[32mThe user enters office office region &amp#27;[0m&amp#27;[32m&amp#27;[1m&amp#27;[0m                      &amp#27;[90m# CreateOfficeStepDef.The_user_enters_office_office_region(String)&amp#27;[0m
    &amp#27;[32mAnd &amp#27;[0m&amp#27;[32mThe user enters office ACC &amp#27;[0m&amp#27;[32m&amp#27;[1m&amp#27;[0m                                &amp#27;[90m# CreateOfficeStepDef.The_user_enters_office_ACC(String)&amp#27;[0m
    &amp#27;[32mAnd &amp#27;[0m&amp#27;[32mThe user enters POC check box &amp#27;[0m&amp#27;[32m&amp#27;[1mPOCCheckBox&amp#27;[0m                  &amp#27;[90m# CreateOfficeStepDef.The_user_enters_POC_check_box(String)&amp#27;[0m
    &amp#27;[32mAnd &amp#27;[0m&amp#27;[32mThe user enters POC name &amp#27;[0m&amp#27;[32m&amp#27;[1mShanthi Dutta&amp#27;[0m                     &amp#27;[90m# CreateOfficeStepDef.The_user_enters_POC_name(String)&amp#27;[0m
    &amp#27;[32mAnd &amp#27;[0m&amp#27;[32mThe user enters POC Email &amp#27;[0m&amp#27;[32m&amp#27;[1mshanthi.dutta+SuperAdmin@gsa.gov&amp#27;[0m &amp#27;[90m# CreateOfficeStepDef.The_user_enters_POC_Email(String)&amp#27;[0m
    &amp#27;[32mAnd &amp#27;[0m&amp#27;[32mThe user enters POC Number &amp#27;[0m&amp#27;[32m&amp#27;[1m5714998137&amp#27;[0m                      &amp#27;[90m# CreateOfficeStepDef.The_user_enters_POC_Number(String)&amp#27;[0m
    &amp#27;[32mAnd &amp#27;[0m&amp#27;[32mThe user select office type contract Awards &amp#27;[0m&amp#27;[32m&amp#27;[1m&amp#27;[0m               &amp#27;[90m# CreateOfficeStepDef.The_user_select_office_type_contracting(String)&amp#27;[0m
Apr
    &amp#27;[32mAnd &amp#27;[0m&amp#27;[32mThe user enters contract Awards start month &amp#27;[0m&amp#27;[32m&amp#27;[1m&amp#27;[0m               &amp#27;[90m# CreateOfficeStepDef.The_user_enters_contracting_office_start_month(String)&amp#27;[0m
    &amp#27;[32mAnd &amp#27;[0m&amp#27;[32mThe user enters contract Awards start day &amp#27;[0m&amp#27;[32m&amp#27;[1m&amp#27;[0m                 &amp#27;[90m# CreateOfficeStepDef.The_user_enters_contracting_office_start_day(String)&amp#27;[0m
    &amp#27;[32mAnd &amp#27;[0m&amp#27;[32mThe user enters contract Awards start year &amp#27;[0m&amp#27;[32m&amp#27;[1m&amp#27;[0m                &amp#27;[90m# CreateOfficeStepDef.The_user_enters_contracting_office_start_year(String)&amp#27;[0m
May
    &amp#27;[32mAnd &amp#27;[0m&amp#27;[32mThe user enters contract Awards end month &amp#27;[0m&amp#27;[32m&amp#27;[1m&amp#27;[0m                 &amp#27;[90m# CreateOfficeStepDef.The_user_enter_contracting_office_end_month(String)&amp#27;[0m
    &amp#27;[32mAnd &amp#27;[0m&amp#27;[32mThe user enters contract Awards end day &amp#27;[0m&amp#27;[32m&amp#27;[1m&amp#27;[0m                   &amp#27;[90m# CreateOfficeStepDef.The_user_enters_contracting_office_end_day(String)&amp#27;[0m
    &amp#27;[32mAnd &amp#27;[0m&amp#27;[32mThe user enters contract Awards end year &amp#27;[0m&amp#27;[32m&amp#27;[1m&amp#27;[0m                  &amp#27;[90m# CreateOfficeStepDef.The_user_enters_contracting_office_end_year(String)&amp#27;[0m
    &amp#27;[32mAnd &amp#27;[0m&amp#27;[32mThe user select office type Financial Awards &amp#27;[0m&amp#27;[32m&amp#27;[1m&amp#27;[0m              &amp#27;[90m# CreateOfficeStepDef.The_user_select_office_type_grants(String)&amp#27;[0m
Apr
    &amp#27;[32mAnd &amp#27;[0m&amp#27;[32mThe user enters Financial Awards start month &amp#27;[0m&amp#27;[32m&amp#27;[1m&amp#27;[0m              &amp#27;[90m# CreateOfficeStepDef.The_user_enters_grants_office_start_month(String)&amp#27;[0m
    &amp#27;[32mAnd &amp#27;[0m&amp#27;[32mThe user enters Financial Awards start day &amp#27;[0m&amp#27;[32m&amp#27;[1m&amp#27;[0m                &amp#27;[90m# CreateOfficeStepDef.The_user_enters_grants_office_start_day(String)&amp#27;[0m
    &amp#27;[32mAnd &amp#27;[0m&amp#27;[32mThe user enters Financial Awards start year &amp#27;[0m&amp#27;[32m&amp#27;[1m&amp#27;[0m               &amp#27;[90m# CreateOfficeStepDef.The_user_enters_grants_office_start_year(String)&amp#27;[0m
May
    &amp#27;[32mAnd &amp#27;[0m&amp#27;[32mThe user enters Financial Awards end month &amp#27;[0m&amp#27;[32m&amp#27;[1m&amp#27;[0m                &amp#27;[90m# CreateOfficeStepDef.The_user_enter_grants_office_end_month(String)&amp#27;[0m
    &amp#27;[32mAnd &amp#27;[0m&amp#27;[32mThe user enters Financial Awards end day &amp#27;[0m&amp#27;[32m&amp#27;[1m&amp#27;[0m                  &amp#27;[90m# CreateOfficeStepDef.The_user_enters_grants_office_end_day(String)&amp#27;[0m
    &amp#27;[32mAnd &amp#27;[0m&amp#27;[32mThe user enters Financial Awards end year &amp#27;[0m&amp#27;[32m&amp#27;[1m&amp#27;[0m                 &amp#27;[90m# CreateOfficeStepDef.The_user_enters_grants_office_end_year(String)&amp#27;[0m
    &amp#27;[32mAnd &amp#27;[0m&amp#27;[32mThe user select office type contract funding &amp#27;[0m&amp#27;[32m&amp#27;[1m &amp#27;[0m             &amp#27;[90m# CreateOfficeStepDef.The_user_select_office_type_other(String)&amp#27;[0m
Apr
    &amp#27;[32mAnd &amp#27;[0m&amp#27;[32mThe user enters other contract funding start month &amp#27;[0m&amp#27;[32m&amp#27;[1m&amp#27;[0m        &amp#27;[90m# CreateOfficeStepDef.The_user_enters_other_office_start_month(String)&amp#27;[0m
    &amp#27;[32mAnd &amp#27;[0m&amp#27;[32mThe user enters other contract funding start day &amp#27;[0m&amp#27;[32m&amp#27;[1m&amp#27;[0m          &amp#27;[90m# CreateOfficeStepDef.The_user_enters_other_office_start_day(String)&amp#27;[0m
    &amp#27;[32mAnd &amp#27;[0m&amp#27;[32mThe user enters other contract funding start year &amp#27;[0m&amp#27;[32m&amp#27;[1m&amp#27;[0m         &amp#27;[90m# CreateOfficeStepDef.The_user_enters_other_office_start_year(String)&amp#27;[0m
May
    &amp#27;[32mAnd &amp#27;[0m&amp#27;[32mThe user enters other contract funding end month &amp#27;[0m&amp#27;[32m&amp#27;[1m&amp#27;[0m          &amp#27;[90m# CreateOfficeStepDef.The_user_enter_other_office_end_month(String)&amp#27;[0m
    &amp#27;[32mAnd &amp#27;[0m&amp#27;[32mThe user enters other contract funding end day &amp#27;[0m&amp#27;[32m&amp#27;[1m&amp#27;[0m            &amp#27;[90m# CreateOfficeStepDef.The_user_enters_other_office_end_day(String)&amp#27;[0m
    &amp#27;[32mAnd &amp#27;[0m&amp#27;[32mThe user enters other contract funding end year &amp#27;[0m&amp#27;[32m&amp#27;[1m&amp#27;[0m           &amp#27;[90m# CreateOfficeStepDef.The_user_enters_other_office_end_year(String)&amp#27;[0m
    &amp#27;[32mAnd &amp#27;[0m&amp#27;[32mThe user select office type Financial funding &amp#27;[0m&amp#27;[32m&amp#27;[1m&amp#27;[0m             &amp#27;[90m# CreateOfficeStepDef.The_user_select_office_type_funding(String)&amp#27;[0m
Apr
    &amp#27;[32mAnd &amp#27;[0m&amp#27;[32mThe user enters Financial funding start month &amp#27;[0m&amp#27;[32m&amp#27;[1m&amp#27;[0m             &amp#27;[90m# CreateOfficeStepDef.The_user_enters_funding_office_start_month(String)&amp#27;[0m
    &amp#27;[32mAnd &amp#27;[0m&amp#27;[32mThe user enters Financial funding start day &amp#27;[0m&amp#27;[32m&amp#27;[1m&amp#27;[0m               &amp#27;[90m# CreateOfficeStepDef.The_user_enters_funding_office_start_day(String)&amp#27;[0m
    &amp#27;[32mAnd &amp#27;[0m&amp#27;[32mThe user enters Financial funding start year &amp#27;[0m&amp#27;[32m&amp#27;[1m&amp#27;[0m              &amp#27;[90m# CreateOfficeStepDef.The_user_enters_funding_office_start_year(String)&amp#27;[0m
May
    &amp#27;[32mAnd &amp#27;[0m&amp#27;[32mThe user enters Financial funding end month &amp#27;[0m&amp#27;[32m&amp#27;[1m&amp#27;[0m               &amp#27;[90m# CreateOfficeStepDef.The_user_enter_funding_office_end_month(String)&amp#27;[0m
    &amp#27;[32mAnd &amp#27;[0m&amp#27;[32mThe user enters Financial funding end day &amp#27;[0m&amp#27;[32m&amp#27;[1m&amp#27;[0m                 &amp#27;[90m# CreateOfficeStepDef.The_user_enters_funding_office_end_day(String)&amp#27;[0m
    &amp#27;[32mAnd &amp#27;[0m&amp#27;[32mThe user enters Financial funding end year &amp#27;[0m&amp#27;[32m&amp#27;[1m&amp#27;[0m                &amp#27;[90m# CreateOfficeStepDef.The_user_enters_funding_office_end_year(String)&amp#27;[0m
    &amp#27;[32mAnd &amp#27;[0m&amp#27;[32mThe user enters street address &amp#27;[0m&amp#27;[32m&amp#27;[1m2245 spring field&amp#27;[0m           &amp#27;[90m# CreateOfficeStepDef.The_user_enters_street_address(String)&amp#27;[0m
    &amp#27;[32mAnd &amp#27;[0m&amp#27;[32mThe user enters country &amp#27;[0m&amp#27;[32m&amp#27;[1mUSA - UNITED STATES&amp#27;[0m                &amp#27;[90m# CreateOfficeStepDef.The_user_enters_country(String)&amp#27;[0m
    &amp#27;[32mAnd &amp#27;[0m&amp#27;[32mThe enters zip &amp#27;[0m&amp#27;[32m&amp#27;[1m&amp#27;[0m                                            &amp#27;[90m# CreateOfficeStepDef.The_enters_zip(String)&amp#27;[0m
    &amp#27;[32mAnd &amp#27;[0m&amp#27;[32mThe enters city &amp#27;[0m&amp#27;[32m&amp#27;[1m&amp#27;[0m                                           &amp#27;[90m# CreateOfficeStepDef.The_enters_city(String)&amp#27;[0m
    &amp#27;[32mAnd &amp#27;[0m&amp#27;[32mThe enters state &amp#27;[0m&amp#27;[32m&amp#27;[1m&amp#27;[0m                                          &amp#27;[90m# CreateOfficeStepDef.The_enters_state(String)&amp#27;[0m
    &amp#27;[31mAnd &amp#27;[0m&amp#27;[31mThe user enters TAC2 street address &amp#27;[0m&amp#27;[31m&amp#27;[1m&amp#27;[0m                       &amp#27;[90m# CreateOfficeStepDef.The_user_enters_street_address_TAC2(String)&amp#27;[0m
      &amp#27;[31morg.openqa.selenium.NoSuchElementException: no such element: Unable to locate element: {"method":"xpath","selector":"//*[@id="main-container"]/ng-component/div/div/div[2]/page/div/div/div[2]/div/div[1]/div[2]/div/div[2]/div[2]/sam-address-form-v2/div/div[1]/h3/span"}
  (Session info: chrome=73.0.3683.86)
  (Driver info: chromedriver=2.38.552522 (437e6fbedfa8762dec75e2c5b3ddb86763dc9dcb),platform=Windows NT 6.1.7601 SP1 x86_64) (WARNING: The server did not provide any stacktrace information)
Command duration or timeout: 0 milliseconds
For documentation on this error, please visit: http://seleniumhq.org/exceptions/no_such_element.html
Build info: version: '3.11.0', revision: 'e59cfb3', time: '2018-03-11T20:26:55.152Z'
System info: host: 'I07R7C-AF1F18', ip: '172.21.72.72', os.name: 'Windows 7', os.arch: 'amd64', os.version: '6.1', java.version: '1.8.0_191'
Driver info: org.openqa.selenium.remote.RemoteWebDriver
Capabilities {acceptInsecureCerts: false, acceptSslCerts: false, applicationCacheEnabled: false, browserConnectionEnabled: false, browserName: chrome, chrome: {chromedriverVersion: 2.38.552522 (437e6fbedfa876..., userDataDir: C:\Users\SH359E~1\AppData\L...}, cssSelectorsEnabled: true, databaseEnabled: false, handlesAlerts: true, hasTouchScreen: false, javascriptEnabled: true, locationContextEnabled: true, mobileEmulationEnabled: false, nativeEvents: true, networkConnectionEnabled: false, pageLoadStrategy: normal, platform: XP, platformName: XP, rotatable: false, setWindowRect: true, takesHeapSnapshot: true, takesScreenshot: true, unexpectedAlertBehaviour: , unhandledPromptBehavior: , version: 73.0.3683.86, webStorageEnabled: true}
Session ID: 1d62cde8d7afcea7cfd0fb49b4835e97
*** Element info: {Using=xpath, value=//*[@id="main-container"]/ng-component/div/div/div[2]/page/div/div/div[2]/div/div[1]/div[2]/div/div[2]/div[2]/sam-address-form-v2/div/div[1]/h3/span}
	at sun.reflect.NativeConstructorAccessorImpl.newInstance0(Native Method)
	at sun.reflect.NativeConstructorAccessorImpl.newInstance(NativeConstructorAccessorImpl.java:62)
	at sun.reflect.DelegatingConstructorAccessorImpl.newInstance(DelegatingConstructorAccessorImpl.java:45)
	at java.lang.reflect.Constructor.newInstance(Constructor.java:423)
	at org.openqa.selenium.remote.ErrorHandler.createThrowable(ErrorHandler.java:214)
	at org.openqa.selenium.remote.ErrorHandler.throwIfResponseFailed(ErrorHandler.java:166)
	at org.openqa.selenium.remote.http.JsonHttpResponseCodec.reconstructValue(JsonHttpResponseCodec.java:40)
	at org.openqa.selenium.remote.http.AbstractHttpResponseCodec.decode(AbstractHttpResponseCodec.java:80)
	at org.openqa.selenium.remote.http.AbstractHttpResponseCodec.decode(AbstractHttpResponseCodec.java:44)
	at org.openqa.selenium.remote.HttpCommandExecutor.execute(HttpCommandExecutor.java:158)
	at org.openqa.selenium.remote.RemoteWebDriver.execute(RemoteWebDriver.java:545)
	at org.openqa.selenium.remote.RemoteWebDriver.findElement(RemoteWebDriver.java:319)
	at org.openqa.selenium.remote.RemoteWebDriver.findElementByXPath(RemoteWebDriver.java:421)
	at org.openqa.selenium.By$ByXPath.findElement(By.java:361)
	at org.openqa.selenium.remote.RemoteWebDriver.findElement(RemoteWebDriver.java:311)
	at net.thucydides.core.webdriver.WebDriverFacade.findElement(WebDriverFacade.java:231)
	at gov.gsa.sam.stepdefinition.CreateOfficeStepDef.The_user_enters_street_address_TAC2(CreateOfficeStepDef.java:3121)
	at ?.The user enters TAC2 street address (src/test/resources/features/createDepartment.feature:172)
&amp#27;[0m
    &amp#27;[36mAnd &amp#27;[0m&amp#27;[36mThe user enters TAC2 country &amp#27;[0m&amp#27;[36m&amp#27;[1m&amp#27;[0m                              &amp#27;[90m# CreateOfficeStepDef.The_user_enters_country_TAC2(String)&amp#27;[0m
    &amp#27;[36mAnd &amp#27;[0m&amp#27;[36mThe enters TAC2 zip &amp#27;[0m&amp#27;[36m&amp#27;[1m&amp#27;[0m                                       &amp#27;[90m# CreateOfficeStepDef.The_enters_zip_TAC2(String)&amp#27;[0m
    &amp#27;[36mAnd &amp#27;[0m&amp#27;[36mThe enters TAC2 city &amp#27;[0m&amp#27;[36m&amp#27;[1m&amp#27;[0m                                      &amp#27;[90m# CreateOfficeStepDef.The_enters_city_TAC2(String)&amp#27;[0m
    &amp#27;[36mAnd &amp#27;[0m&amp#27;[36mThe enters TAC2 state &amp#27;[0m&amp#27;[36m&amp#27;[1m&amp#27;[0m                                     &amp#27;[90m# CreateOfficeStepDef.The_enters_state_TAC2(String)&amp#27;[0m
    &amp#27;[36mAnd &amp#27;[0m&amp#27;[36mThe user enters TAC3 street address &amp#27;[0m&amp#27;[36m&amp#27;[1m&amp#27;[0m                       &amp#27;[90m# CreateOfficeStepDef.The_user_enters_street_address_TAC3(String)&amp#27;[0m
    &amp#27;[36mAnd &amp#27;[0m&amp#27;[36mThe user enters TAC3 country &amp#27;[0m&amp#27;[36m&amp#27;[1m&amp#27;[0m                              &amp#27;[90m# CreateOfficeStepDef.The_user_enters_country_TAC3(String)&amp#27;[0m
    &amp#27;[36mAnd &amp#27;[0m&amp#27;[36mThe enters TAC3 zip &amp#27;[0m&amp#27;[36m&amp#27;[1m&amp#27;[0m                                       &amp#27;[90m# CreateOfficeStepDef.The_enters_zip_TAC3(String)&amp#27;[0m
    &amp#27;[36mAnd &amp#27;[0m&amp#27;[36mThe enters TAC3 city &amp#27;[0m&amp#27;[36m&amp#27;[1m&amp#27;[0m                                      &amp#27;[90m# CreateOfficeStepDef.The_enters_city_TAC3(String)&amp#27;[0m
    &amp#27;[36mAnd &amp#27;[0m&amp#27;[36mThe enters TAC3 state &amp#27;[0m&amp#27;[36m&amp#27;[1m&amp#27;[0m                                     &amp#27;[90m# CreateOfficeStepDef.The_enters_state_TAC3(String)&amp#27;[0m
    &amp#27;[36mThen &amp#27;[0m&amp#27;[36mThe user click on submit create office button&amp#27;[0m             &amp#27;[90m# CreateOfficeStepDef.The_user_click_on_submit_create_office_button()&amp#27;[0m
    &amp#27;[36mThen &amp#27;[0m&amp#27;[36mThe user click on Confirmation create office button&amp#27;[0m       &amp#27;[90m# CreateOfficeStepDef.The_user_click_on_Confirmation_create_office_button()&amp#27;[0m
    &amp#27;[36mAnd &amp#27;[0m&amp#27;[36mClick on close button on office Request page&amp#27;[0m               &amp#27;[90m# CreateOfficeStepDef.Click_on_close_button_on_office_Request_page()&amp#27;[0m
    &amp#27;[36mThen &amp#27;[0m&amp#27;[36mCheck request office email notitication&amp#27;[0m                   &amp#27;[90m# CreateOfficeStepDef.Check_request_office_email_notitication()&amp#27;[0m
]]></system-out>
    <system-err><![CDATA[[main] INFO net.thucydides.core.steps.ConsoleLoggingListener - 
        __    _____ _____ ____ _____   ____   _    ____  ____  _____ ____  
  _     \ \  |_   _| ____/ ___|_   _| |  _ \ / \  / ___|/ ___|| ____|  _ \ 
 (_)_____| |   | | |  _| \___ \ | |   | |_) / _ \ \___ \\___ \|  _| | | | |
  _|_____| |   | | | |___ ___) || |   |  __/ ___ \ ___) |___) | |___| |_| |
 (_)     | |   |_| |_____|____/ |_|   |_| /_/   \_\____/|____/|_____|____/ 
        /_/                                                                

TEST PASSED: Edit Sub Tier
----------------------------------------------------------------------------
[main] INFO net.thucydides.core.steps.ConsoleLoggingListener - 
 _____ _____ ____ _____   ____ _____  _    ____ _____ _____ ____  
|_   _| ____/ ___|_   _| / ___|_   _|/ \  |  _ \_   _| ____|  _ \ 
  | | |  _| \___ \ | |   \___ \ | | / _ \ | |_) || | |  _| | | | |
  | | | |___ ___) || |    ___) || |/ ___ \|  _ < | | | |___| |_| |
  |_| |_____|____/ |_|   |____/ |_/_/   \_\_| \_\|_| |_____|____/ 
                                                                  

TEST STARTED: Create office
-------------------------------------------------------------------(create-and-editing-department-and-sub-tier;create-office)
[main] INFO gov.gsa.sam.stepdefinition.CreateOfficeStepDef - Enter into login method:
[main] INFO gov.gsa.sam.stepdefinition.CreateOfficeStepDef - fh: FEDERAL HIERARCHY
[main] INFO gov.gsa.sam.stepdefinition.CreateOfficeStepDef - fhText: Please provide necessary details required for the office
[main] INFO gov.gsa.sam.stepdefinition.CreateOfficeStepDef - officeDetails: Office Details
[main] INFO gov.gsa.sam.stepdefinition.CreateOfficeStepDef - officeNameRqt: Required
[main] INFO gov.gsa.sam.stepdefinition.CreateOfficeStepDef - officeNameText: Provide the office name.
[main] INFO gov.gsa.sam.stepdefinition.CreateOfficeStepDef - OfficeNameText2: Provide the office name.
[main] INFO gov.gsa.sam.stepdefinition.CreateOfficeStepDef - OfficeName1974
[main] INFO gov.gsa.sam.stepdefinition.CreateOfficeStepDef - enters create office name
[main] INFO gov.gsa.sam.stepdefinition.CreateOfficeStepDef - ParentDepartment: Parent Department and Sub-Tier
[main] INFO gov.gsa.sam.stepdefinition.CreateOfficeStepDef - DeptIndAgency: Dept/Ind Agency
[main] INFO gov.gsa.sam.stepdefinition.CreateOfficeStepDef - DeptIndAgency1: Department0.5385883
[main] INFO gov.gsa.sam.stepdefinition.CreateOfficeStepDef - CreateOfficeFields.DeptAgency: Dept/Ind Agency
[main] INFO gov.gsa.sam.stepdefinition.CreateOfficeStepDef - agencyName :Department0.5385883
[main] INFO gov.gsa.sam.stepdefinition.CreateOfficeStepDef - CGAC: CGAC
[main] INFO gov.gsa.sam.stepdefinition.CreateOfficeStepDef - CGAC1: 987
[main] INFO gov.gsa.sam.stepdefinition.CreateOfficeStepDef - CreateDepartmentStepDef.EditDepartmentCGAC: 987
[main] INFO gov.gsa.sam.stepdefinition.CreateOfficeStepDef - SubTier: Sub-Tier
[main] INFO gov.gsa.sam.stepdefinition.CreateOfficeStepDef - (CreateOfficeFields.SubTier: Sub-Tier
[main] INFO gov.gsa.sam.stepdefinition.CreateOfficeStepDef - SubTier1: SubTier452
[main] INFO gov.gsa.sam.stepdefinition.CreateOfficeStepDef - CreateDepartmentStepDef.SubTierName1: SubTier452
[main] INFO gov.gsa.sam.stepdefinition.CreateOfficeStepDef - AgencyCode: Agency Code
[main] INFO gov.gsa.sam.stepdefinition.CreateOfficeStepDef - AgencyCode: 1234
[main] INFO gov.gsa.sam.stepdefinition.CreateOfficeStepDef - CreateDepartmentStepDef.EditSubTierAgencyCode: 1234
[main] INFO gov.gsa.sam.stepdefinition.CreateOfficeStepDef - Start date: Start Date
Required
[main] INFO gov.gsa.sam.stepdefinition.CreateOfficeStepDef - Start date1: Start Date
[main] INFO gov.gsa.sam.stepdefinition.CreateOfficeStepDef - Str========Start Date Required
[main] INFO gov.gsa.sam.stepdefinition.CreateOfficeStepDef - Start date Text: Provide the start date for the office. The start date has to be current or in the future
[main] INFO gov.gsa.sam.stepdefinition.CreateOfficeStepDef - Start date Text 1: Provide the start date for the office. The start date has to be current or in the future
[main] INFO gov.gsa.sam.stepdefinition.CreateOfficeStepDef - Start date Month TextBox: Month
[main] INFO gov.gsa.sam.stepdefinition.CreateOfficeStepDef - Start date Month TextBox 1: Month
[main] INFO gov.gsa.sam.stepdefinition.CreateOfficeStepDef - startMonth4
[main] INFO gov.gsa.sam.stepdefinition.CreateOfficeStepDef - enters start month 
[main] INFO gov.gsa.sam.stepdefinition.CreateOfficeStepDef - Start : Day
[main] INFO gov.gsa.sam.stepdefinition.CreateOfficeStepDef - Start Day: Day
[main] INFO gov.gsa.sam.stepdefinition.CreateOfficeStepDef - startDay
[main] INFO gov.gsa.sam.stepdefinition.CreateOfficeStepDef - enters start day 
[main] INFO gov.gsa.sam.stepdefinition.CreateOfficeStepDef - Start Year : Year
[main] INFO gov.gsa.sam.stepdefinition.CreateOfficeStepDef - Start Year: Year
[main] INFO gov.gsa.sam.stepdefinition.CreateOfficeStepDef - StartYear1: 2019
[main] INFO gov.gsa.sam.stepdefinition.CreateOfficeStepDef - enters start year 
[main] INFO gov.gsa.sam.stepdefinition.CreateOfficeStepDef - End date: End Date
[main] INFO gov.gsa.sam.stepdefinition.CreateOfficeStepDef - End date1: End Date
[main] INFO gov.gsa.sam.stepdefinition.CreateOfficeStepDef - End date: Provide the end date for the office. The end date cannot be earlier than the start date
[main] INFO gov.gsa.sam.stepdefinition.CreateOfficeStepDef - End date1: Provide the end date for the office. The end date cannot be earlier than the start date
[main] INFO gov.gsa.sam.stepdefinition.CreateOfficeStepDef - End Month : Month
[main] INFO gov.gsa.sam.stepdefinition.CreateOfficeStepDef - End Month1: Month
[main] INFO gov.gsa.sam.stepdefinition.CreateOfficeStepDef - enters start month 
[main] INFO gov.gsa.sam.stepdefinition.CreateOfficeStepDef - DateClass.getCurrentMonth():05
[main] INFO gov.gsa.sam.stepdefinition.CreateOfficeStepDef - End Day : Day
[main] INFO gov.gsa.sam.stepdefinition.CreateOfficeStepDef - End Day: Day
[main] INFO gov.gsa.sam.stepdefinition.CreateOfficeStepDef - DateClass.getPreviousDay():31
[main] INFO gov.gsa.sam.stepdefinition.CreateOfficeStepDef - EnddateDay:05
[main] INFO gov.gsa.sam.stepdefinition.CreateOfficeStepDef - End year : Year
[main] INFO gov.gsa.sam.stepdefinition.CreateOfficeStepDef - End year: Year
[main] INFO gov.gsa.sam.stepdefinition.CreateOfficeStepDef - DateClass.getCurrentYear():2019
[main] INFO gov.gsa.sam.stepdefinition.CreateOfficeStepDef - EndYear1: 2019
[main] INFO gov.gsa.sam.stepdefinition.CreateOfficeStepDef - enters End year 
[main] INFO gov.gsa.sam.stepdefinition.CreateOfficeStepDef - ShortName : Office Short Name
[main] INFO gov.gsa.sam.stepdefinition.CreateOfficeStepDef - ShortName1: Office Short Name
[main] INFO gov.gsa.sam.stepdefinition.CreateOfficeStepDef - OfficeShortName1: 
[main] INFO gov.gsa.sam.stepdefinition.CreateOfficeStepDef - enters ShortName 
[main] INFO gov.gsa.sam.stepdefinition.CreateOfficeStepDef - OfficeRegion1 : Office Region
[main] INFO gov.gsa.sam.stepdefinition.CreateOfficeStepDef - OfficeRegionText2: Office Region
[main] INFO gov.gsa.sam.stepdefinition.CreateOfficeStepDef - Office Region : Provide the region code of the office
[main] INFO gov.gsa.sam.stepdefinition.CreateOfficeStepDef - Office Region2 : Provide the region code of the office
[main] INFO gov.gsa.sam.stepdefinition.CreateOfficeStepDef - OfficeRegion3: 
[main] INFO gov.gsa.sam.stepdefinition.CreateOfficeStepDef - enters ShortName 
[main] INFO gov.gsa.sam.stepdefinition.CreateOfficeStepDef - ACC 1 : Office Activity Address Code (AAC)
[main] INFO gov.gsa.sam.stepdefinition.CreateOfficeStepDef - ACC 2: Office Activity Address Code (AAC)
[main] INFO gov.gsa.sam.stepdefinition.CreateOfficeStepDef - Office Region : Provide an AAC that you would like the office to be associated with. AAC you are requesting may not be the final AAC assigned to the office, as the administrator will validate the AAC for accuracy and assign an AAC for the office. An AAC consists of 6 digits. First 2 digits are the Agency Code (also called as TAS-2 code) derived from a TAS code. Remaining 4 digits can be random alphanumeric (capital letters only) except 'I' and 'O'.
[main] INFO gov.gsa.sam.stepdefinition.CreateOfficeStepDef - Office Region2 : Provide an AAC that you would like the office to be associated with. AAC you are requesting may not be the final AAC assigned to the office, as the administrator will validate the AAC for accuracy and assign an AAC for the office. An AAC consists of 6 digits. First 2 digits are the Agency Code (also called as TAS-2 code) derived from a TAS code. Remaining 4 digits can be random alphanumeric (capital letters only) except 'I' and 'O'.
[main] INFO gov.gsa.sam.stepdefinition.CreateOfficeStepDef - ACC: 
[main] INFO gov.gsa.sam.stepdefinition.CreateOfficeStepDef - OfficeActivity1: T195
[main] INFO gov.gsa.sam.stepdefinition.CreateOfficeStepDef - val:true
[main] INFO gov.gsa.sam.stepdefinition.CreateOfficeStepDef - Requestor : Requestor
[main] INFO gov.gsa.sam.stepdefinition.CreateOfficeStepDef - Requestor 2 : Requestor
[main] INFO gov.gsa.sam.stepdefinition.CreateOfficeStepDef - Name : Shanthi Dutta
[main] INFO gov.gsa.sam.stepdefinition.CreateOfficeStepDef - Name 2: Shanthi Dutta
[main] INFO gov.gsa.sam.stepdefinition.CreateOfficeStepDef - EmailText : shanthi.dutta+SuperAdmin@gsa.gov
[main] INFO gov.gsa.sam.stepdefinition.CreateOfficeStepDef - EmailText 2: shanthi.dutta+SuperAdmin@gsa.gov
[main] INFO gov.gsa.sam.stepdefinition.CreateOfficeStepDef - PhoneNumberText : 5714998137
[main] INFO gov.gsa.sam.stepdefinition.CreateOfficeStepDef - Phone Number Text 2: 5714998137
[main] INFO gov.gsa.sam.stepdefinition.CreateOfficeStepDef - PointOfContact : Point of Contact
[main] INFO gov.gsa.sam.stepdefinition.CreateOfficeStepDef - PointOfContact 2: Point of Contact
[main] INFO gov.gsa.sam.stepdefinition.CreateOfficeStepDef - UseTheRequestorAsPointOfContact : Use the Requestor as the Point of Contact
[main] INFO gov.gsa.sam.stepdefinition.CreateOfficeStepDef - UseTheRequestorAsPointOfContact 2: Use the Requestor as the Point of Contact
[main] INFO gov.gsa.sam.stepdefinition.CreateOfficeStepDef - POCName: Shanthi Dutta
[main] INFO gov.gsa.sam.stepdefinition.CreateOfficeStepDef - Str========Name Required
[main] INFO gov.gsa.sam.stepdefinition.CreateOfficeStepDef - POCName : Name Required
[main] INFO gov.gsa.sam.stepdefinition.CreateOfficeStepDef - POCName 2: Name
[main] INFO gov.gsa.sam.stepdefinition.CreateOfficeStepDef - POCName1: Shanthi Dutta
[main] INFO gov.gsa.sam.stepdefinition.CreateOfficeStepDef - CreateDepartmentStepDef.AccountDetailsName: Shanthi Dutta
[main] INFO gov.gsa.sam.stepdefinition.CreateOfficeStepDef - POCEmail:shanthi.dutta+SuperAdmin@gsa.gov
[main] INFO gov.gsa.sam.stepdefinition.CreateOfficeStepDef - Str========Email Required
[main] INFO gov.gsa.sam.stepdefinition.CreateOfficeStepDef - POCEmail1 : Email Required
[main] INFO gov.gsa.sam.stepdefinition.CreateOfficeStepDef - POCEmail 2: Email
[main] INFO gov.gsa.sam.stepdefinition.CreateOfficeStepDef - POCEmail1: shanthi.dutta+SuperAdmin@gsa.gov
[main] INFO gov.gsa.sam.stepdefinition.CreateOfficeStepDef - CreateDepartmentStepDef.AccountDetailsEmail: shanthi.dutta+SuperAdmin@gsa.gov
[main] INFO gov.gsa.sam.stepdefinition.CreateOfficeStepDef - POCNumber5714998137
[main] INFO gov.gsa.sam.stepdefinition.CreateOfficeStepDef - POCPhoneNumber1 : Phone Number Required
[main] INFO gov.gsa.sam.stepdefinition.CreateOfficeStepDef - POCNumber 2: Phone Number
[main] INFO gov.gsa.sam.stepdefinition.CreateOfficeStepDef - POCNumber1: 5714998137
[main] INFO gov.gsa.sam.stepdefinition.CreateOfficeStepDef - POCNumber1: 5714998137
[main] INFO gov.gsa.sam.stepdefinition.CreateOfficeStepDef - CreateDepartmentStepDef.BusinessPhone: 1+(571)499-8137
[main] INFO gov.gsa.sam.stepdefinition.CreateOfficeStepDef - ContractAwardsCheckbox: 
[main] INFO gov.gsa.sam.stepdefinition.CreateOfficeStepDef - ContractAwardsText : Contract Awards
[main] INFO gov.gsa.sam.stepdefinition.CreateOfficeStepDef - ContractAwardsText 1: Contract Awards
[main] INFO gov.gsa.sam.stepdefinition.CreateOfficeStepDef - ContractAwardsStartOptional1 : Start Date (optional)
[main] INFO gov.gsa.sam.stepdefinition.CreateOfficeStepDef - ContractAwardsStartOptional 1: Start Date (optional)
[main] INFO gov.gsa.sam.stepdefinition.CreateOfficeStepDef - ContractAwardsStart1 : The office type start date can be empty or be before the actual office start date, but cannot be after the office end date
[main] INFO gov.gsa.sam.stepdefinition.CreateOfficeStepDef - ContractAwardsStart 1: The office type start date can be empty or be before the actual office start date, but cannot be after the office end date
[main] INFO gov.gsa.sam.stepdefinition.CreateOfficeStepDef - enters contracting 
[main] INFO gov.gsa.sam.stepdefinition.CreateOfficeStepDef - contractAwardsstartMonth4
[main] INFO gov.gsa.sam.stepdefinition.CreateOfficeStepDef - ContractAwardsStartMonth : Month
[main] INFO gov.gsa.sam.stepdefinition.CreateOfficeStepDef - ContractAwardsStartMonth 1: Month
[main] INFO gov.gsa.sam.stepdefinition.CreateOfficeStepDef - DateClass.getCurrentMonth(): 4
[main] INFO gov.gsa.sam.stepdefinition.CreateOfficeStepDef - enters start month 
[main] INFO gov.gsa.sam.stepdefinition.CreateOfficeStepDef - contractAwardsstartDay : Day
[main] INFO gov.gsa.sam.stepdefinition.CreateOfficeStepDef - contractAwardsstartDay 1: Day
[main] INFO gov.gsa.sam.stepdefinition.CreateOfficeStepDef - DateClass.getCurrentMonth(): 30
[main] INFO gov.gsa.sam.stepdefinition.CreateOfficeStepDef - DateClass.getCurrentDay()30
[main] INFO gov.gsa.sam.stepdefinition.CreateOfficeStepDef - enters start day 
[main] INFO gov.gsa.sam.stepdefinition.CreateOfficeStepDef - contractAwardsstartYear: 2019
[main] INFO gov.gsa.sam.stepdefinition.CreateOfficeStepDef - contractAwardsstartYear : Year
[main] INFO gov.gsa.sam.stepdefinition.CreateOfficeStepDef - contractAwardsstartYear 1: Year
[main] INFO gov.gsa.sam.stepdefinition.CreateOfficeStepDef - enters start year 
[main] INFO gov.gsa.sam.stepdefinition.CreateOfficeStepDef - contractAwardsEndMonth : End Date (optional)
[main] INFO gov.gsa.sam.stepdefinition.CreateOfficeStepDef - contractAwardsEndMonth 1: End Date (optional)
[main] INFO gov.gsa.sam.stepdefinition.CreateOfficeStepDef - contractAwardsEndMonth : The office type end date can only be after the current date or in the future
[main] INFO gov.gsa.sam.stepdefinition.CreateOfficeStepDef - contractAwardsEndMonth 1: The office type end date can only be after the current date or in the future
[main] INFO gov.gsa.sam.stepdefinition.CreateOfficeStepDef - contractAwardsEndMonth : Month
[main] INFO gov.gsa.sam.stepdefinition.CreateOfficeStepDef - contractAwardsEndMonth 1: Month
[main] INFO gov.gsa.sam.stepdefinition.CreateOfficeStepDef - contractAwardsEndMonth:4
[main] INFO gov.gsa.sam.stepdefinition.CreateOfficeStepDef - enters start month 
[main] INFO gov.gsa.sam.stepdefinition.CreateOfficeStepDef - contractAwardsEndDay : 31
[main] INFO gov.gsa.sam.stepdefinition.CreateOfficeStepDef - ContractAwardsEndDay1 : Day
[main] INFO gov.gsa.sam.stepdefinition.CreateOfficeStepDef - ContractAwardsEndDay 1: Day
[main] INFO gov.gsa.sam.stepdefinition.CreateOfficeStepDef - enters End day 
[main] INFO gov.gsa.sam.stepdefinition.CreateOfficeStepDef - ContractAwardsEndYear1 : Year
[main] INFO gov.gsa.sam.stepdefinition.CreateOfficeStepDef - ContractAwardsEndYear 1: Year
[main] INFO gov.gsa.sam.stepdefinition.CreateOfficeStepDef - contractAwardsEndYear2019
[main] INFO gov.gsa.sam.stepdefinition.CreateOfficeStepDef - enters End year 
[main] INFO gov.gsa.sam.stepdefinition.CreateOfficeStepDef - FinancialAwards:
[main] INFO gov.gsa.sam.stepdefinition.CreateOfficeStepDef - FinancialAwardsText : Financial Assistance Awards
[main] INFO gov.gsa.sam.stepdefinition.CreateOfficeStepDef - FinancialAwardsText 1: Financial Assistance Awards
[main] INFO gov.gsa.sam.stepdefinition.CreateOfficeStepDef - FinancialAwardsStartOptional : Start Date (optional)
[main] INFO gov.gsa.sam.stepdefinition.CreateOfficeStepDef - FinancialAwardsStartOptional 1: Start Date (optional)
[main] INFO gov.gsa.sam.stepdefinition.CreateOfficeStepDef - FinancialAwardsStart : The office type start date can be empty or be before the actual office start date, but cannot be after the office end date
[main] INFO gov.gsa.sam.stepdefinition.CreateOfficeStepDef - FinancialAwardsStart 1: The office type start date can be empty or be before the actual office start date, but cannot be after the office end date
[main] INFO gov.gsa.sam.stepdefinition.CreateOfficeStepDef - enters grants 
[main] INFO gov.gsa.sam.stepdefinition.CreateOfficeStepDef - FinancialAwardsStartMonth : Month
[main] INFO gov.gsa.sam.stepdefinition.CreateOfficeStepDef - FinancialAwardsStartMonth 1: Month
[main] INFO gov.gsa.sam.stepdefinition.CreateOfficeStepDef - DateClass.getCurrentMonth(): 4
[main] INFO gov.gsa.sam.stepdefinition.CreateOfficeStepDef - FinancialAwardsstartMonth: 4
[main] INFO gov.gsa.sam.stepdefinition.CreateOfficeStepDef - enters start month 
[main] INFO gov.gsa.sam.stepdefinition.CreateOfficeStepDef - FinancialAwardsStartDay : Day
[main] INFO gov.gsa.sam.stepdefinition.CreateOfficeStepDef - FinancialAwardsStartDay 1: Day
[main] INFO gov.gsa.sam.stepdefinition.CreateOfficeStepDef - FinancialAwardsstartDay30
[main] INFO gov.gsa.sam.stepdefinition.CreateOfficeStepDef - enters start day 
[main] INFO gov.gsa.sam.stepdefinition.CreateOfficeStepDef - FinancialAwardsStartYear : Year
[main] INFO gov.gsa.sam.stepdefinition.CreateOfficeStepDef - FinancialAwardsStartYear 1: Year
[main] INFO gov.gsa.sam.stepdefinition.CreateOfficeStepDef - FinancialAwardsstartYear: 2019
[main] INFO gov.gsa.sam.stepdefinition.CreateOfficeStepDef - enters start year 
[main] INFO gov.gsa.sam.stepdefinition.CreateOfficeStepDef - FinancialAwardsEndOptional : End Date (optional)
[main] INFO gov.gsa.sam.stepdefinition.CreateOfficeStepDef - FinancialAwardsEndOptional 1: End Date (optional)
[main] INFO gov.gsa.sam.stepdefinition.CreateOfficeStepDef - FinancialAwardsEnd1 : The office type end date can only be after the current date or in the future
[main] INFO gov.gsa.sam.stepdefinition.CreateOfficeStepDef - FinancialAwardsEnd 1: The office type end date can only be after the current date or in the future
[main] INFO gov.gsa.sam.stepdefinition.CreateOfficeStepDef - FinancialAwardsEndMonth : Month
[main] INFO gov.gsa.sam.stepdefinition.CreateOfficeStepDef - FinancialAwardsEndMonth 1: Month
[main] INFO gov.gsa.sam.stepdefinition.CreateOfficeStepDef - enters start month 
[main] INFO gov.gsa.sam.stepdefinition.CreateOfficeStepDef - FinancialFundingEndDay : Day
[main] INFO gov.gsa.sam.stepdefinition.CreateOfficeStepDef - FinancialFundingEndDay 1: Day
[main] INFO gov.gsa.sam.stepdefinition.CreateOfficeStepDef - FinancialAwardsEndDay:31
[main] INFO gov.gsa.sam.stepdefinition.CreateOfficeStepDef - enters End day 
[main] INFO gov.gsa.sam.stepdefinition.CreateOfficeStepDef - FinancialAwardsEndYear1 : Year
[main] INFO gov.gsa.sam.stepdefinition.CreateOfficeStepDef - FinancialAwardsEndYear 1: Year
[main] INFO gov.gsa.sam.stepdefinition.CreateOfficeStepDef - FinancialAwardsEndYear:2019
[main] INFO gov.gsa.sam.stepdefinition.CreateOfficeStepDef - enters End year 
[main] INFO gov.gsa.sam.stepdefinition.CreateOfficeStepDef - contractfunding:  
[main] INFO gov.gsa.sam.stepdefinition.CreateOfficeStepDef - ContractFundingText : Contract Funding
[main] INFO gov.gsa.sam.stepdefinition.CreateOfficeStepDef - ContractFundingText 1: Contract Funding
[main] INFO gov.gsa.sam.stepdefinition.CreateOfficeStepDef - ContractFundingStartOptional : Start Date (optional)
[main] INFO gov.gsa.sam.stepdefinition.CreateOfficeStepDef - ContractFundingStartOptional 1: Start Date (optional)
[main] INFO gov.gsa.sam.stepdefinition.CreateOfficeStepDef - ContractFundingStart1 : The office type start date can be empty or be before the actual office start date, but cannot be after the office end date
[main] INFO gov.gsa.sam.stepdefinition.CreateOfficeStepDef - ContractFundingStart 1: The office type start date can be empty or be before the actual office start date, but cannot be after the office end date
[main] INFO gov.gsa.sam.stepdefinition.CreateOfficeStepDef - enters other 
[main] INFO gov.gsa.sam.stepdefinition.CreateOfficeStepDef - contractfundingstartMonth:*** 4
[main] INFO gov.gsa.sam.stepdefinition.CreateOfficeStepDef - ContractFundingStartMonth : Month
[main] INFO gov.gsa.sam.stepdefinition.CreateOfficeStepDef - ContractFundingStartMonth 1: Month
[main] INFO gov.gsa.sam.stepdefinition.CreateOfficeStepDef - DateClass.getCurrentMonth(): 4
[main] INFO gov.gsa.sam.stepdefinition.CreateOfficeStepDef - enters start month 
[main] INFO gov.gsa.sam.stepdefinition.CreateOfficeStepDef - contractfundingstartDay: 30
[main] INFO gov.gsa.sam.stepdefinition.CreateOfficeStepDef - ContractFundingStartDay : Day
[main] INFO gov.gsa.sam.stepdefinition.CreateOfficeStepDef - ContractFundingStartDay 1: Day
[main] INFO gov.gsa.sam.stepdefinition.CreateOfficeStepDef - enters start day 
[main] INFO gov.gsa.sam.stepdefinition.CreateOfficeStepDef - contractfundingstartYear: 2019
[main] INFO gov.gsa.sam.stepdefinition.CreateOfficeStepDef - FinancialFundingStartDay : Year
[main] INFO gov.gsa.sam.stepdefinition.CreateOfficeStepDef - FinancialFundingStartDay 1: Year
[main] INFO gov.gsa.sam.stepdefinition.CreateOfficeStepDef - enters start year 
[main] INFO gov.gsa.sam.stepdefinition.CreateOfficeStepDef - contractfundingEndMonth : 4
[main] INFO gov.gsa.sam.stepdefinition.CreateOfficeStepDef - ContractFundingEndOptional : End Date (optional)
[main] INFO gov.gsa.sam.stepdefinition.CreateOfficeStepDef - ContractFundingEndOptional 1: End Date (optional)
[main] INFO gov.gsa.sam.stepdefinition.CreateOfficeStepDef - ContractFundingEnd1 : The office type end date can only be after the current date or in the future
[main] INFO gov.gsa.sam.stepdefinition.CreateOfficeStepDef - ContractFundingEnd1 1: The office type end date can only be after the current date or in the future
[main] INFO gov.gsa.sam.stepdefinition.CreateOfficeStepDef - ContractFundingEndMonth : Month
[main] INFO gov.gsa.sam.stepdefinition.CreateOfficeStepDef - ContractFundingEndMonth 1: Month
[main] INFO gov.gsa.sam.stepdefinition.CreateOfficeStepDef - enters start month 
[main] INFO gov.gsa.sam.stepdefinition.CreateOfficeStepDef - contractfundingEndDay31
[main] INFO gov.gsa.sam.stepdefinition.CreateOfficeStepDef - ContractFundingEndDay : Day
[main] INFO gov.gsa.sam.stepdefinition.CreateOfficeStepDef - ContractFundingEndDay 1: Day
[main] INFO gov.gsa.sam.stepdefinition.CreateOfficeStepDef - enters End day 
[main] INFO gov.gsa.sam.stepdefinition.CreateOfficeStepDef - contractfundingEndYear: 2019
[main] INFO gov.gsa.sam.stepdefinition.CreateOfficeStepDef - ContractFundingEndYear : Year
[main] INFO gov.gsa.sam.stepdefinition.CreateOfficeStepDef - ContractFundingEndYear 1: Year
[main] INFO gov.gsa.sam.stepdefinition.CreateOfficeStepDef - enters End year 
[main] INFO gov.gsa.sam.stepdefinition.CreateOfficeStepDef - OfficeTypes : Office Types
[main] INFO gov.gsa.sam.stepdefinition.CreateOfficeStepDef - OfficeTypes 1: Office Types
[main] INFO gov.gsa.sam.stepdefinition.CreateOfficeStepDef - OfficeTypesText : Select the office type/s for this office. Provide the office start date and the end date if available
[main] INFO gov.gsa.sam.stepdefinition.CreateOfficeStepDef - OfficeTypesText 1: Select the office type/s for this office. Provide the office start date and the end date if available
[main] INFO gov.gsa.sam.stepdefinition.CreateOfficeStepDef - FinancialFunding:
[main] INFO gov.gsa.sam.stepdefinition.CreateOfficeStepDef - FinancialFundingStartOptional : Start Date (optional)
[main] INFO gov.gsa.sam.stepdefinition.CreateOfficeStepDef - FinancialFundingStartOptional 1: Start Date (optional)
[main] INFO gov.gsa.sam.stepdefinition.CreateOfficeStepDef - FinancialFundingStartOptional : The office type start date can be empty or be before the actual office start date, but cannot be after the office end date
[main] INFO gov.gsa.sam.stepdefinition.CreateOfficeStepDef - FinancialFundingStartOptional 1: The office type start date can be empty or be before the actual office start date, but cannot be after the office end date
[main] INFO gov.gsa.sam.stepdefinition.CreateOfficeStepDef - FinancialFundingStartMonth : Month
[main] INFO gov.gsa.sam.stepdefinition.CreateOfficeStepDef - FinancialFundingStartMonth 1: Month
[main] INFO gov.gsa.sam.stepdefinition.CreateOfficeStepDef - Financial funding Start Month: 4
[main] INFO gov.gsa.sam.stepdefinition.CreateOfficeStepDef - Financial funding start month4
[main] INFO gov.gsa.sam.stepdefinition.CreateOfficeStepDef - enters start month 
[main] INFO gov.gsa.sam.stepdefinition.CreateOfficeStepDef - FinancialFundingstartDay30
[main] INFO gov.gsa.sam.stepdefinition.CreateOfficeStepDef - FinancialFundingStartDay : Day
[main] INFO gov.gsa.sam.stepdefinition.CreateOfficeStepDef - FinancialFundingStartDay 1: Day
[main] INFO gov.gsa.sam.stepdefinition.CreateOfficeStepDef - Financial funding Start Day: 30
[main] INFO gov.gsa.sam.stepdefinition.CreateOfficeStepDef - enters start day 
[main] INFO gov.gsa.sam.stepdefinition.CreateOfficeStepDef - FinancialFundingstartYear
[main] INFO gov.gsa.sam.stepdefinition.CreateOfficeStepDef - FinancialFundingStartDay : Year
[main] INFO gov.gsa.sam.stepdefinition.CreateOfficeStepDef - FinancialFundingStartDay 1: Year
[main] INFO gov.gsa.sam.stepdefinition.CreateOfficeStepDef - Financial funding Start year: 2019
[main] INFO gov.gsa.sam.stepdefinition.CreateOfficeStepDef - enters start year 
[main] INFO gov.gsa.sam.stepdefinition.CreateOfficeStepDef - FinancialFundingEndOptional : End Date (optional)
[main] INFO gov.gsa.sam.stepdefinition.CreateOfficeStepDef - FinancialFundingEndOptional 1: Month
[main] INFO gov.gsa.sam.stepdefinition.CreateOfficeStepDef - FinancialFundingEnd : The office type end date can only be after the current date or in the future
[main] INFO gov.gsa.sam.stepdefinition.CreateOfficeStepDef - FinancialFundingEnd 1: The office type end date can only be after the current date or in the future
[main] INFO gov.gsa.sam.stepdefinition.CreateOfficeStepDef - FinancialFundingEndMonth : Month
[main] INFO gov.gsa.sam.stepdefinition.CreateOfficeStepDef - FinancialFundingEndMonth 1: Month
[main] INFO gov.gsa.sam.stepdefinition.CreateOfficeStepDef - DateClass.getCurrentMonth():4
[main] INFO gov.gsa.sam.stepdefinition.CreateOfficeStepDef - enters start month 
[main] INFO gov.gsa.sam.stepdefinition.CreateOfficeStepDef - FinancialFundingEndDay : Day
[main] INFO gov.gsa.sam.stepdefinition.CreateOfficeStepDef - FinancialFundingEndDay 1: Day
[main] INFO gov.gsa.sam.stepdefinition.CreateOfficeStepDef - FinancialFundingEndDay31
[main] INFO gov.gsa.sam.stepdefinition.CreateOfficeStepDef - enters End day 
[main] INFO gov.gsa.sam.stepdefinition.CreateOfficeStepDef - FinancialFundingEndYear1 : Year
[main] INFO gov.gsa.sam.stepdefinition.CreateOfficeStepDef - FinancialFundingEndYear1 1: Year
[main] INFO gov.gsa.sam.stepdefinition.CreateOfficeStepDef - FinancialFundingEndYear2019
[main] INFO gov.gsa.sam.stepdefinition.CreateOfficeStepDef - enters End year 
[main] INFO gov.gsa.sam.stepdefinition.CreateOfficeStepDef - address: 2245 spring field
[main] INFO gov.gsa.sam.stepdefinition.CreateOfficeStepDef - OfficeAddress : Office Address
[main] INFO gov.gsa.sam.stepdefinition.CreateOfficeStepDef - OfficeAddress 1: Office Address
[main] INFO gov.gsa.sam.stepdefinition.CreateOfficeStepDef - MailingAddress : Mailing Address (TAC1)
[main] INFO gov.gsa.sam.stepdefinition.CreateOfficeStepDef - MailingAddress 1: Mailing Address (TAC1)
[main] INFO gov.gsa.sam.stepdefinition.CreateOfficeStepDef - Str========Mailing Address (TAC1)
[main] INFO gov.gsa.sam.stepdefinition.CreateOfficeStepDef - Required : Required
[main] INFO gov.gsa.sam.stepdefinition.CreateOfficeStepDef - Required 1: Required
[main] INFO gov.gsa.sam.stepdefinition.CreateOfficeStepDef - TAC1Street : Street address 1
[main] INFO gov.gsa.sam.stepdefinition.CreateOfficeStepDef - TAC1Street 1: Street address 1
[main] INFO gov.gsa.sam.stepdefinition.CreateOfficeStepDef - enters officeStreet 
[main] INFO gov.gsa.sam.stepdefinition.CreateOfficeStepDef - country:USA - UNITED STATES
[main] INFO gov.gsa.sam.stepdefinition.CreateOfficeStepDef - Country : Country
[main] INFO gov.gsa.sam.stepdefinition.CreateOfficeStepDef - Country 1: Country
[main] INFO gov.gsa.sam.stepdefinition.CreateOfficeStepDef - country:USA - UNITED STATES
[main] INFO gov.gsa.sam.stepdefinition.CreateOfficeStepDef - Boolean::true
[main] INFO gov.gsa.sam.stepdefinition.CreateOfficeStepDef - enters country 
[main] INFO gov.gsa.sam.stepdefinition.CreateOfficeStepDef - Zip: 36310
[main] INFO gov.gsa.sam.stepdefinition.CreateOfficeStepDef - Zip : Zip
[main] INFO gov.gsa.sam.stepdefinition.CreateOfficeStepDef - Zip 1: Zip
[main] INFO gov.gsa.sam.stepdefinition.CreateOfficeStepDef - enters officeZip 
[main] INFO gov.gsa.sam.stepdefinition.CreateOfficeStepDef - city:
[main] INFO gov.gsa.sam.stepdefinition.CreateOfficeStepDef - City : City
[main] INFO gov.gsa.sam.stepdefinition.CreateOfficeStepDef - City 1: City
[main] INFO gov.gsa.sam.stepdefinition.CreateOfficeStepDef - City1234: 
[main] INFO gov.gsa.sam.stepdefinition.CreateOfficeStepDef - City:::::::::::::::::::::::::::: 
[main] INFO gov.gsa.sam.stepdefinition.CreateOfficeStepDef - enters officeCity 
[main] INFO gov.gsa.sam.stepdefinition.CreateOfficeStepDef - State:
[main] INFO gov.gsa.sam.stepdefinition.CreateOfficeStepDef - State : State/Province
[main] INFO gov.gsa.sam.stepdefinition.CreateOfficeStepDef - State 1: State/Province
[main] INFO gov.gsa.sam.stepdefinition.CreateOfficeStepDef - enters officeState 
[main] INFO gov.gsa.sam.stepdefinition.CreateOfficeStepDef - address2:
[main] ERROR net.thucydides.core.steps.ConsoleLoggingListener - 
           __  _____ _____ ____ _____   _____ _    ___ _     _____ ____  
  _       / / |_   _| ____/ ___|_   _| |  ___/ \  |_ _| |   | ____|  _ \ 
 (_)_____| |    | | |  _| \___ \ | |   | |_ / _ \  | || |   |  _| | | | |
  _|_____| |    | | | |___ ___) || |   |  _/ ___ \ | || |___| |___| |_| |
 (_)     | |    |_| |_____|____/ |_|   |_|/_/   \_\___|_____|_____|____/ 
          \_\                                                            

TEST FAILED WITH ERROR: Create office
---------------------------------------------------------------------
[main] ERROR net.thucydides.core.steps.ConsoleLoggingListener - TEST FAILED AT STEP And The user enters TAC2 street address
[main] ERROR net.thucydides.core.steps.ConsoleLoggingListener - no such element: Unable to locate element: {"method":"xpath","selector":"//*[@id="main-container"]g-component/div/div/div[2]/page/div/div/div[2]/div/div[1]/div[2]/div/div[2]/div[2]/sam-address-form-v2/div/div[1]/h3/span"}  (Session info: chrome=73.0.3683.86)  (Driver info: chromedriver=2.38.552522 (437e6fbedfa8762dec75e2c5b3ddb86763dc9dcb),platform=Windows NT 6.1.7601 SP1 x86_64) (WARNING: The server did not provide any stacktrace information)Command duration or timeout: 0 millisecondsFor documentation on this error, please visit: http://seleniumhq.org/exceptionso_such_element.htmlBuild info: version: '3.11.0', revision: 'e59cfb3', time: '2018-03-11T20:26:55.152Z'System info: host: 'I07R7C-AF1F18', ip: '172.21.72.72', os.name: 'Windows 7', os.arch: 'amd64', os.version: '6.1', java.version: '1.8.0_191'Driver info: org.openqa.selenium.remote.RemoteWebDriverCapabilities {acceptInsecureCerts: false, acceptSslCerts: false, applicationCacheEnabled: false, browserConnectionEnabled: false, browserName: chrome, chrome: {chromedriverVersion: 2.38.552522 (437e6fbedfa876..., userDataDir: C:\Users\SH359E~1\AppData\L...}, cssSelectorsEnabled: true, databaseEnabled: false, handlesAlerts: true, hasTouchScreen: false, javascriptEnabled: true, locationContextEnabled: true, mobileEmulationEnabled: false, nativeEvents: true, networkConnectionEnabled: false, pageLoadStrategy: normal, platform: XP, platformName: XP, rotatable: false, setWindowRect: true, takesHeapSnapshot: true, takesScreenshot: true, unexpectedAlertBehaviour: , unhandledPromptBehavior: , version: 73.0.3683.86, webStorageEnabled: true}Session ID: 1d62cde8d7afcea7cfd0fb49b4835e97*** Element info: {Using=xpath, value=//*[@id="main-container"]g-component/div/div/div[2]/page/div/div/div[2]/div/div[1]/div[2]/div/div[2]/div[2]/sam-address-form-v2/div/div[1]/h3/span}For documentation on this error, please visit: http://seleniumhq.org/exceptionso_such_element.htmlBuild info: version: '3.11.0', revision: 'e59cfb3', time: '2018-03-11T20:26:55.152Z'System info: host: 'I07R7C-AF1F18', ip: '172.21.72.72', os.name: 'Windows 7', os.arch: 'amd64', os.version: '6.1', java.version: '1.8.0_191'Driver info: driver.version: unknown
]]></system-err>
  </testcase>
  <testcase name="Department created browser sign out" classname="Create and Editing department and sub tier" time="0.153"/>
  <testcase name="Log into the GSA website" classname="Validate error meaasage in create department and sub tier page" time="118.079"/>
  <testcase name="Submit department without filling value" classname="Validate error meaasage in create department and sub tier page" time="12.887"/>
  <testcase name="Validating negative scenario department" classname="Validate error meaasage in create department and sub tier page" time="16.199"/>
  <testcase name="Validating negative scenario department" classname="Validate error meaasage in create department and sub tier page" time="16.176"/>
  <testcase name="Validating negative scenario department" classname="Validate error meaasage in create department and sub tier page" time="16.127"/>
  <testcase name="Validating negative scenario department" classname="Validate error meaasage in create department and sub tier page" time="16.109"/>
  <testcase name="Validating negative scenario department" classname="Validate error meaasage in create department and sub tier page" time="16.069"/>
  <testcase name="Validating negative scenario department" classname="Validate error meaasage in create department and sub tier page" time="26.603"/>
  <testcase name="Validating negative scenario department" classname="Validate error meaasage in create department and sub tier page" time="16.743"/>
  <testcase name="Validating negative scenario department" classname="Validate error meaasage in create department and sub tier page" time="16.665"/>
  <testcase name="Validating negative scenario department" classname="Validate error meaasage in create department and sub tier page" time="16.622"/>
  <testcase name="Validating negative scenario department" classname="Validate error meaasage in create department and sub tier page" time="16.66"/>
  <testcase name="Submit department by filling value" classname="Validate error meaasage in create department and sub tier page" time="12.095"/>
  <testcase name="Submit department by filling special char" classname="Validate error meaasage in create department and sub tier page" time="12.543"/>
  <testcase name="EMPTY_NAME" classname="Validate error meaasage in create department and sub tier page" time="16.858"/>
  <testcase name="EMPTY_NAME" classname="Validate error meaasage in create department and sub tier page" time="16.829"/>
  <testcase name="EMPTY_NAME" classname="Validate error meaasage in create department and sub tier page" time="16.875"/>
  <testcase name="EMPTY_NAME" classname="Validate error meaasage in create department and sub tier page" time="29.15"/>
  <testcase name="EMPTY_NAME" classname="Validate error meaasage in create department and sub tier page" time="13.166">
    <error message="no such element: Unable to locate element: {&quot;method&quot;:&quot;xpath&quot;,&quot;selector&quot;:&quot;//*[@id=&quot;orgName-input&quot;]&quot;}&#10;  (Session info: chrome=73.0.3683.86)&#10;  (Driver info: chromedriver=2.38.552522 (437e6fbedfa8762dec75e2c5b3ddb86763dc9dcb),platform=Windows NT 6.1.7601 SP1 x86_64) (WARNING: The server did not provide any stacktrace information)&#10;Command duration or timeout: 0 milliseconds&#10;For documentation on this error, please visit: http://seleniumhq.org/exceptions/no_such_element.html&#10;Build info: version: &apos;3.11.0&apos;, revision: &apos;e59cfb3&apos;, time: &apos;2018-03-11T20:26:55.152Z&apos;&#10;System info: host: &apos;I07R7C-AF1F18&apos;, ip: &apos;172.21.72.72&apos;, os.name: &apos;Windows 7&apos;, os.arch: &apos;amd64&apos;, os.version: &apos;6.1&apos;, java.version: &apos;1.8.0_191&apos;&#10;Driver info: org.openqa.selenium.remote.RemoteWebDriver&#10;Capabilities {acceptInsecureCerts: false, acceptSslCerts: false, applicationCacheEnabled: false, browserConnectionEnabled: false, browserName: chrome, chrome: {chromedriverVersion: 2.38.552522 (437e6fbedfa876..., userDataDir: C:\Users\SH359E~1\AppData\L...}, cssSelectorsEnabled: true, databaseEnabled: false, handlesAlerts: true, hasTouchScreen: false, javascriptEnabled: true, locationContextEnabled: true, mobileEmulationEnabled: false, nativeEvents: true, networkConnectionEnabled: false, pageLoadStrategy: normal, platform: XP, platformName: XP, rotatable: false, setWindowRect: true, takesHeapSnapshot: true, takesScreenshot: true, unexpectedAlertBehaviour: , unhandledPromptBehavior: , version: 73.0.3683.86, webStorageEnabled: true}&#10;Session ID: 9f004708f29a9967ffcbbf0b02ee39a5&#10;*** Element info: {Using=xpath, value=//*[@id=&quot;orgName-input&quot;]}" type="org.openqa.selenium.NoSuchElementException">org.openqa.selenium.NoSuchElementException: 
no such element: Unable to locate element: {"method":"xpath","selector":"//*[@id="orgName-input"]"}
  (Session info: chrome=73.0.3683.86)
  (Driver info: chromedriver=2.38.552522 (437e6fbedfa8762dec75e2c5b3ddb86763dc9dcb),platform=Windows NT 6.1.7601 SP1 x86_64) (WARNING: The server did not provide any stacktrace information)
Command duration or timeout: 0 milliseconds
For documentation on this error, please visit: http://seleniumhq.org/exceptions/no_such_element.html
Build info: version: '3.11.0', revision: 'e59cfb3', time: '2018-03-11T20:26:55.152Z'
System info: host: 'I07R7C-AF1F18', ip: '172.21.72.72', os.name: 'Windows 7', os.arch: 'amd64', os.version: '6.1', java.version: '1.8.0_191'
Driver info: org.openqa.selenium.remote.RemoteWebDriver
Capabilities {acceptInsecureCerts: false, acceptSslCerts: false, applicationCacheEnabled: false, browserConnectionEnabled: false, browserName: chrome, chrome: {chromedriverVersion: 2.38.552522 (437e6fbedfa876..., userDataDir: C:\Users\SH359E~1\AppData\L...}, cssSelectorsEnabled: true, databaseEnabled: false, handlesAlerts: true, hasTouchScreen: false, javascriptEnabled: true, locationContextEnabled: true, mobileEmulationEnabled: false, nativeEvents: true, networkConnectionEnabled: false, pageLoadStrategy: normal, platform: XP, platformName: XP, rotatable: false, setWindowRect: true, takesHeapSnapshot: true, takesScreenshot: true, unexpectedAlertBehaviour: , unhandledPromptBehavior: , version: 73.0.3683.86, webStorageEnabled: true}
Session ID: 9f004708f29a9967ffcbbf0b02ee39a5
*** Element info: {Using=xpath, value=//*[@id="orgName-input"]}
</error>
    <system-out><![CDATA[
  @WithoutFillingValue2
  Scenario Outline:  &amp#27;[90m# src/test/resources/features/negCreateDepartSubTierscenarios.feature:115&amp#27;[0m
						Validateing error message submit subTier without filling value 
    &amp#27;[36mThen User click on the Department name bread crumbs link&amp#27;[0m
    &amp#27;[36mAnd Click on the create sub tier button&amp#27;[0m
    &amp#27;[36mGiven Enter sub Tier name <AgencyName>&amp#27;[0m
    &amp#27;[36mAnd Enters month <month>&amp#27;[0m
    &amp#27;[36mAnd Enters day <day>&amp#27;[0m
    &amp#27;[36mAnd Enters year <year>&amp#27;[0m
    &amp#27;[36mAnd Enters Agency code <code>&amp#27;[0m
    &amp#27;[36mGiven Submit create subTier button without filling value&amp#27;[0m
    &amp#27;[36mThen Validate subTier error messages <ErrorMessage>&amp#27;[0m

    Examples: 

  @errorScenario1 @WithoutFillingValue2
  Scenario Outline:                                          &amp#27;[90m# src/test/resources/features/negCreateDepartSubTierscenarios.feature:130&amp#27;[0m
						Validateing error message submit subTier without filling value 
    &amp#27;[32mThen &amp#27;[0m&amp#27;[32mUser click on the Department name bread crumbs link&amp#27;[0m &amp#27;[90m# NegCreateDepartSubTierscenariosStepDef.User_click_the_Department_name_bread_crumbs_link()&amp#27;[0m
    &amp#27;[32mAnd &amp#27;[0m&amp#27;[32mClick on the create sub tier button&amp#27;[0m                  &amp#27;[90m# NegCreateDepartSubTierscenariosStepDef.Click_on_the_create_sub_tier_button()&amp#27;[0m
    &amp#27;[31mGiven &amp#27;[0m&amp#27;[31mEnter sub Tier name&amp#27;[0m&amp#27;[31m&amp#27;[1m &amp#27;[0m                               &amp#27;[90m# NegCreateDepartSubTierscenariosStepDef.User_enter_subTier_name(String)&amp#27;[0m
      &amp#27;[31morg.openqa.selenium.NoSuchElementException: no such element: Unable to locate element: {"method":"xpath","selector":"//*[@id="orgName-input"]"}
  (Session info: chrome=73.0.3683.86)
  (Driver info: chromedriver=2.38.552522 (437e6fbedfa8762dec75e2c5b3ddb86763dc9dcb),platform=Windows NT 6.1.7601 SP1 x86_64) (WARNING: The server did not provide any stacktrace information)
Command duration or timeout: 0 milliseconds
For documentation on this error, please visit: http://seleniumhq.org/exceptions/no_such_element.html
Build info: version: '3.11.0', revision: 'e59cfb3', time: '2018-03-11T20:26:55.152Z'
System info: host: 'I07R7C-AF1F18', ip: '172.21.72.72', os.name: 'Windows 7', os.arch: 'amd64', os.version: '6.1', java.version: '1.8.0_191'
Driver info: org.openqa.selenium.remote.RemoteWebDriver
Capabilities {acceptInsecureCerts: false, acceptSslCerts: false, applicationCacheEnabled: false, browserConnectionEnabled: false, browserName: chrome, chrome: {chromedriverVersion: 2.38.552522 (437e6fbedfa876..., userDataDir: C:\Users\SH359E~1\AppData\L...}, cssSelectorsEnabled: true, databaseEnabled: false, handlesAlerts: true, hasTouchScreen: false, javascriptEnabled: true, locationContextEnabled: true, mobileEmulationEnabled: false, nativeEvents: true, networkConnectionEnabled: false, pageLoadStrategy: normal, platform: XP, platformName: XP, rotatable: false, setWindowRect: true, takesHeapSnapshot: true, takesScreenshot: true, unexpectedAlertBehaviour: , unhandledPromptBehavior: , version: 73.0.3683.86, webStorageEnabled: true}
Session ID: 9f004708f29a9967ffcbbf0b02ee39a5
*** Element info: {Using=xpath, value=//*[@id="orgName-input"]}
	at sun.reflect.NativeConstructorAccessorImpl.newInstance0(Native Method)
	at sun.reflect.NativeConstructorAccessorImpl.newInstance(NativeConstructorAccessorImpl.java:62)
	at sun.reflect.DelegatingConstructorAccessorImpl.newInstance(DelegatingConstructorAccessorImpl.java:45)
	at java.lang.reflect.Constructor.newInstance(Constructor.java:423)
	at org.openqa.selenium.remote.ErrorHandler.createThrowable(ErrorHandler.java:214)
	at org.openqa.selenium.remote.ErrorHandler.throwIfResponseFailed(ErrorHandler.java:166)
	at org.openqa.selenium.remote.http.JsonHttpResponseCodec.reconstructValue(JsonHttpResponseCodec.java:40)
	at org.openqa.selenium.remote.http.AbstractHttpResponseCodec.decode(AbstractHttpResponseCodec.java:80)
	at org.openqa.selenium.remote.http.AbstractHttpResponseCodec.decode(AbstractHttpResponseCodec.java:44)
	at org.openqa.selenium.remote.HttpCommandExecutor.execute(HttpCommandExecutor.java:158)
	at org.openqa.selenium.remote.RemoteWebDriver.execute(RemoteWebDriver.java:545)
	at org.openqa.selenium.remote.RemoteWebDriver.findElement(RemoteWebDriver.java:319)
	at org.openqa.selenium.remote.RemoteWebDriver.findElementByXPath(RemoteWebDriver.java:421)
	at org.openqa.selenium.By$ByXPath.findElement(By.java:361)
	at org.openqa.selenium.remote.RemoteWebDriver.findElement(RemoteWebDriver.java:311)
	at net.thucydides.core.webdriver.WebDriverFacade.findElement(WebDriverFacade.java:231)
	at gov.gsa.sam.stepdefinition.NegCreateDepartSubTierscenariosStepDef.User_enter_subTier_name(NegCreateDepartSubTierscenariosStepDef.java:660)
	at ?.Enter sub Tier name (src/test/resources/features/negCreateDepartSubTierscenarios.feature:121)
&amp#27;[0m
    &amp#27;[36mAnd &amp#27;[0m&amp#27;[36mEnters month &amp#27;[0m&amp#27;[36m&amp#27;[1m12&amp#27;[0m                                      &amp#27;[90m# NegCreateDepartSubTierscenariosStepDef.Enters_month_date(String)&amp#27;[0m
    &amp#27;[36mAnd &amp#27;[0m&amp#27;[36mEnters day &amp#27;[0m&amp#27;[36m&amp#27;[1m24&amp#27;[0m                                        &amp#27;[90m# NegCreateDepartSubTierscenariosStepDef.Enters_day(String)&amp#27;[0m
    &amp#27;[36mAnd &amp#27;[0m&amp#27;[36mEnters year &amp#27;[0m&amp#27;[36m&amp#27;[1m2020&amp#27;[0m                                     &amp#27;[90m# NegCreateDepartSubTierscenariosStepDef.Enters_year(String)&amp#27;[0m
    &amp#27;[36mAnd &amp#27;[0m&amp#27;[36mEnters Agency code &amp#27;[0m&amp#27;[36m&amp#27;[1m1234&amp#27;[0m                              &amp#27;[90m# NegCreateDepartSubTierscenariosStepDef.Enters_Agency_code(String)&amp#27;[0m
    &amp#27;[36mGiven &amp#27;[0m&amp#27;[36mSubmit create subTier button without filling value&amp#27;[0m &amp#27;[90m# NegCreateDepartSubTierscenariosStepDef.Submit_create_subTier_button_without_filling_value()&amp#27;[0m
    &amp#27;[36mThen &amp#27;[0m&amp#27;[36mValidate subTier error messages &amp#27;[0m&amp#27;[36m&amp#27;[1mCannot Empty&amp#27;[0m        &amp#27;[90m# NegCreateDepartSubTierscenariosStepDef.Validate_subTier_error_messages(String)&amp#27;[0m
]]></system-out>
    <system-err><![CDATA[[main] INFO net.thucydides.core.steps.ConsoleLoggingListener - 
        __    _____ _____ ____ _____   ____   _    ____  ____  _____ ____  
  _     \ \  |_   _| ____/ ___|_   _| |  _ \ / \  / ___|/ ___|| ____|  _ \ 
 (_)_____| |   | | |  _| \___ \ | |   | |_) / _ \ \___ \\___ \|  _| | | | |
  _|_____| |   | | | |___ ___) || |   |  __/ ___ \ ___) |___) | |___| |_| |
 (_)     | |   |_| |_____|____/ |_|   |_| /_/   \_\____/|____/|_____|____/ 
        /_/                                                                

TEST PASSED: Submit subTier without filling value
----------------------------------------------------------------------------
[main] INFO net.thucydides.core.steps.ConsoleLoggingListener - 
 _____ _____ ____ _____   ____ _____  _    ____ _____ _____ ____  
|_   _| ____/ ___|_   _| / ___|_   _|/ \  |  _ \_   _| ____|  _ \ 
  | | |  _| \___ \ | |   \___ \ | | / _ \ | |_) || | |  _| | | | |
  | | | |___ ___) || |    ___) || |/ ___ \|  _ < | | | |___| |_| |
  |_| |_____|____/ |_|   |____/ |_/_/   \_\_| \_\|_| |_____|____/ 
                                                                  

TEST STARTED: 
-------------------------------------------------------------------(validate-error-meaasage-in-create-department-and-sub-tier-page;)
[main] ERROR net.thucydides.core.steps.ConsoleLoggingListener - 
           __  _____ _____ ____ _____   _____ _    ___ _     _____ ____  
  _       / / |_   _| ____/ ___|_   _| |  ___/ \  |_ _| |   | ____|  _ \ 
 (_)_____| |    | | |  _| \___ \ | |   | |_ / _ \  | || |   |  _| | | | |
  _|_____| |    | | | |___ ___) || |   |  _/ ___ \ | || |___| |___| |_| |
 (_)     | |    |_| |_____|____/ |_|   |_|/_/   \_\___|_____|_____|____/ 
          \_\                                                            

TEST FAILED WITH ERROR: 
---------------------------------------------------------------------
[main] ERROR net.thucydides.core.steps.ConsoleLoggingListener - TEST FAILED AT STEP Given Enter sub Tier name
[main] ERROR net.thucydides.core.steps.ConsoleLoggingListener - no such element: Unable to locate element: {"method":"xpath","selector":"//*[@id="orgName-input"]"}  (Session info: chrome=73.0.3683.86)  (Driver info: chromedriver=2.38.552522 (437e6fbedfa8762dec75e2c5b3ddb86763dc9dcb),platform=Windows NT 6.1.7601 SP1 x86_64) (WARNING: The server did not provide any stacktrace information)Command duration or timeout: 0 millisecondsFor documentation on this error, please visit: http://seleniumhq.org/exceptionso_such_element.htmlBuild info: version: '3.11.0', revision: 'e59cfb3', time: '2018-03-11T20:26:55.152Z'System info: host: 'I07R7C-AF1F18', ip: '172.21.72.72', os.name: 'Windows 7', os.arch: 'amd64', os.version: '6.1', java.version: '1.8.0_191'Driver info: org.openqa.selenium.remote.RemoteWebDriverCapabilities {acceptInsecureCerts: false, acceptSslCerts: false, applicationCacheEnabled: false, browserConnectionEnabled: false, browserName: chrome, chrome: {chromedriverVersion: 2.38.552522 (437e6fbedfa876..., userDataDir: C:\Users\SH359E~1\AppData\L...}, cssSelectorsEnabled: true, databaseEnabled: false, handlesAlerts: true, hasTouchScreen: false, javascriptEnabled: true, locationContextEnabled: true, mobileEmulationEnabled: false, nativeEvents: true, networkConnectionEnabled: false, pageLoadStrategy: normal, platform: XP, platformName: XP, rotatable: false, setWindowRect: true, takesHeapSnapshot: true, takesScreenshot: true, unexpectedAlertBehaviour: , unhandledPromptBehavior: , version: 73.0.3683.86, webStorageEnabled: true}Session ID: 9f004708f29a9967ffcbbf0b02ee39a5*** Element info: {Using=xpath, value=//*[@id="orgName-input"]}For documentation on this error, please visit: http://seleniumhq.org/exceptionso_such_element.htmlBuild info: version: '3.11.0', revision: 'e59cfb3', time: '2018-03-11T20:26:55.152Z'System info: host: 'I07R7C-AF1F18', ip: '172.21.72.72', os.name: 'Windows 7', os.arch: 'amd64', os.version: '6.1', java.version: '1.8.0_191'Driver info: driver.version: unknown
]]></system-err>
  </testcase>
  <testcase name="EMPTY_NAME" classname="Validate error meaasage in create department and sub tier page" time="17.081"/>
  <testcase name="EMPTY_NAME" classname="Validate error meaasage in create department and sub tier page" time="11.208">
    <error message="no such element: Unable to locate element: {&quot;method&quot;:&quot;xpath&quot;,&quot;selector&quot;:&quot;//*[@id=&quot;primary-content&quot;]/ng-component/div/div[1]/div[1]/button&quot;}&#10;  (Session info: chrome=73.0.3683.86)&#10;  (Driver info: chromedriver=2.38.552522 (437e6fbedfa8762dec75e2c5b3ddb86763dc9dcb),platform=Windows NT 6.1.7601 SP1 x86_64) (WARNING: The server did not provide any stacktrace information)&#10;Command duration or timeout: 0 milliseconds&#10;For documentation on this error, please visit: http://seleniumhq.org/exceptions/no_such_element.html&#10;Build info: version: &apos;3.11.0&apos;, revision: &apos;e59cfb3&apos;, time: &apos;2018-03-11T20:26:55.152Z&apos;&#10;System info: host: &apos;I07R7C-AF1F18&apos;, ip: &apos;172.21.72.72&apos;, os.name: &apos;Windows 7&apos;, os.arch: &apos;amd64&apos;, os.version: &apos;6.1&apos;, java.version: &apos;1.8.0_191&apos;&#10;Driver info: org.openqa.selenium.remote.RemoteWebDriver&#10;Capabilities {acceptInsecureCerts: false, acceptSslCerts: false, applicationCacheEnabled: false, browserConnectionEnabled: false, browserName: chrome, chrome: {chromedriverVersion: 2.38.552522 (437e6fbedfa876..., userDataDir: C:\Users\SH359E~1\AppData\L...}, cssSelectorsEnabled: true, databaseEnabled: false, handlesAlerts: true, hasTouchScreen: false, javascriptEnabled: true, locationContextEnabled: true, mobileEmulationEnabled: false, nativeEvents: true, networkConnectionEnabled: false, pageLoadStrategy: normal, platform: XP, platformName: XP, rotatable: false, setWindowRect: true, takesHeapSnapshot: true, takesScreenshot: true, unexpectedAlertBehaviour: , unhandledPromptBehavior: , version: 73.0.3683.86, webStorageEnabled: true}&#10;Session ID: 9f004708f29a9967ffcbbf0b02ee39a5&#10;*** Element info: {Using=xpath, value=//*[@id=&quot;primary-content&quot;]/ng-component/div/div[1]/div[1]/button}" type="org.openqa.selenium.NoSuchElementException">org.openqa.selenium.NoSuchElementException: 
no such element: Unable to locate element: {"method":"xpath","selector":"//*[@id="primary-content"]/ng-component/div/div[1]/div[1]/button"}
  (Session info: chrome=73.0.3683.86)
  (Driver info: chromedriver=2.38.552522 (437e6fbedfa8762dec75e2c5b3ddb86763dc9dcb),platform=Windows NT 6.1.7601 SP1 x86_64) (WARNING: The server did not provide any stacktrace information)
Command duration or timeout: 0 milliseconds
For documentation on this error, please visit: http://seleniumhq.org/exceptions/no_such_element.html
Build info: version: '3.11.0', revision: 'e59cfb3', time: '2018-03-11T20:26:55.152Z'
System info: host: 'I07R7C-AF1F18', ip: '172.21.72.72', os.name: 'Windows 7', os.arch: 'amd64', os.version: '6.1', java.version: '1.8.0_191'
Driver info: org.openqa.selenium.remote.RemoteWebDriver
Capabilities {acceptInsecureCerts: false, acceptSslCerts: false, applicationCacheEnabled: false, browserConnectionEnabled: false, browserName: chrome, chrome: {chromedriverVersion: 2.38.552522 (437e6fbedfa876..., userDataDir: C:\Users\SH359E~1\AppData\L...}, cssSelectorsEnabled: true, databaseEnabled: false, handlesAlerts: true, hasTouchScreen: false, javascriptEnabled: true, locationContextEnabled: true, mobileEmulationEnabled: false, nativeEvents: true, networkConnectionEnabled: false, pageLoadStrategy: normal, platform: XP, platformName: XP, rotatable: false, setWindowRect: true, takesHeapSnapshot: true, takesScreenshot: true, unexpectedAlertBehaviour: , unhandledPromptBehavior: , version: 73.0.3683.86, webStorageEnabled: true}
Session ID: 9f004708f29a9967ffcbbf0b02ee39a5
*** Element info: {Using=xpath, value=//*[@id="primary-content"]/ng-component/div/div[1]/div[1]/button}
</error>
    <system-out><![CDATA[
  @errorScenario1 @WithoutFillingValue2
  Scenario Outline:                                          &amp#27;[90m# src/test/resources/features/negCreateDepartSubTierscenarios.feature:133&amp#27;[0m
						Validateing error message submit subTier without filling value 
    &amp#27;[32mThen &amp#27;[0m&amp#27;[32mUser click on the Department name bread crumbs link&amp#27;[0m &amp#27;[90m# NegCreateDepartSubTierscenariosStepDef.User_click_the_Department_name_bread_crumbs_link()&amp#27;[0m
    &amp#27;[31mAnd &amp#27;[0m&amp#27;[31mClick on the create sub tier button&amp#27;[0m                  &amp#27;[90m# NegCreateDepartSubTierscenariosStepDef.Click_on_the_create_sub_tier_button()&amp#27;[0m
      &amp#27;[31morg.openqa.selenium.NoSuchElementException: no such element: Unable to locate element: {"method":"xpath","selector":"//*[@id="primary-content"]/ng-component/div/div[1]/div[1]/button"}
  (Session info: chrome=73.0.3683.86)
  (Driver info: chromedriver=2.38.552522 (437e6fbedfa8762dec75e2c5b3ddb86763dc9dcb),platform=Windows NT 6.1.7601 SP1 x86_64) (WARNING: The server did not provide any stacktrace information)
Command duration or timeout: 0 milliseconds
For documentation on this error, please visit: http://seleniumhq.org/exceptions/no_such_element.html
Build info: version: '3.11.0', revision: 'e59cfb3', time: '2018-03-11T20:26:55.152Z'
System info: host: 'I07R7C-AF1F18', ip: '172.21.72.72', os.name: 'Windows 7', os.arch: 'amd64', os.version: '6.1', java.version: '1.8.0_191'
Driver info: org.openqa.selenium.remote.RemoteWebDriver
Capabilities {acceptInsecureCerts: false, acceptSslCerts: false, applicationCacheEnabled: false, browserConnectionEnabled: false, browserName: chrome, chrome: {chromedriverVersion: 2.38.552522 (437e6fbedfa876..., userDataDir: C:\Users\SH359E~1\AppData\L...}, cssSelectorsEnabled: true, databaseEnabled: false, handlesAlerts: true, hasTouchScreen: false, javascriptEnabled: true, locationContextEnabled: true, mobileEmulationEnabled: false, nativeEvents: true, networkConnectionEnabled: false, pageLoadStrategy: normal, platform: XP, platformName: XP, rotatable: false, setWindowRect: true, takesHeapSnapshot: true, takesScreenshot: true, unexpectedAlertBehaviour: , unhandledPromptBehavior: , version: 73.0.3683.86, webStorageEnabled: true}
Session ID: 9f004708f29a9967ffcbbf0b02ee39a5
*** Element info: {Using=xpath, value=//*[@id="primary-content"]/ng-component/div/div[1]/div[1]/button}
	at sun.reflect.NativeConstructorAccessorImpl.newInstance0(Native Method)
	at sun.reflect.NativeConstructorAccessorImpl.newInstance(NativeConstructorAccessorImpl.java:62)
	at sun.reflect.DelegatingConstructorAccessorImpl.newInstance(DelegatingConstructorAccessorImpl.java:45)
	at java.lang.reflect.Constructor.newInstance(Constructor.java:423)
	at org.openqa.selenium.remote.ErrorHandler.createThrowable(ErrorHandler.java:214)
	at org.openqa.selenium.remote.ErrorHandler.throwIfResponseFailed(ErrorHandler.java:166)
	at org.openqa.selenium.remote.http.JsonHttpResponseCodec.reconstructValue(JsonHttpResponseCodec.java:40)
	at org.openqa.selenium.remote.http.AbstractHttpResponseCodec.decode(AbstractHttpResponseCodec.java:80)
	at org.openqa.selenium.remote.http.AbstractHttpResponseCodec.decode(AbstractHttpResponseCodec.java:44)
	at org.openqa.selenium.remote.HttpCommandExecutor.execute(HttpCommandExecutor.java:158)
	at org.openqa.selenium.remote.RemoteWebDriver.execute(RemoteWebDriver.java:545)
	at org.openqa.selenium.remote.RemoteWebDriver.findElement(RemoteWebDriver.java:319)
	at org.openqa.selenium.remote.RemoteWebDriver.findElementByXPath(RemoteWebDriver.java:421)
	at org.openqa.selenium.By$ByXPath.findElement(By.java:361)
	at org.openqa.selenium.remote.RemoteWebDriver.findElement(RemoteWebDriver.java:311)
	at net.thucydides.core.webdriver.WebDriverFacade.findElement(WebDriverFacade.java:231)
	at gov.gsa.sam.stepdefinition.NegCreateDepartSubTierscenariosStepDef.Click_on_the_create_sub_tier_button(NegCreateDepartSubTierscenariosStepDef.java:629)
	at ?.Click on the create sub tier button(src/test/resources/features/negCreateDepartSubTierscenarios.feature:120)
&amp#27;[0m
    &amp#27;[36mGiven &amp#27;[0m&amp#27;[36mEnter sub Tier name&amp#27;[0m&amp#27;[36m&amp#27;[1m Test3&amp#27;[0m                          &amp#27;[90m# NegCreateDepartSubTierscenariosStepDef.User_enter_subTier_name(String)&amp#27;[0m
    &amp#27;[36mAnd &amp#27;[0m&amp#27;[36mEnters month &amp#27;[0m&amp#27;[36m&amp#27;[1m12&amp#27;[0m                                      &amp#27;[90m# NegCreateDepartSubTierscenariosStepDef.Enters_month_date(String)&amp#27;[0m
    &amp#27;[36mAnd &amp#27;[0m&amp#27;[36mEnters day &amp#27;[0m&amp#27;[36m&amp#27;[1m10&amp#27;[0m                                        &amp#27;[90m# NegCreateDepartSubTierscenariosStepDef.Enters_day(String)&amp#27;[0m
    &amp#27;[36mAnd &amp#27;[0m&amp#27;[36mEnters year &amp#27;[0m&amp#27;[36m&amp#27;[1m2010&amp#27;[0m                                     &amp#27;[90m# NegCreateDepartSubTierscenariosStepDef.Enters_year(String)&amp#27;[0m
    &amp#27;[36mAnd &amp#27;[0m&amp#27;[36mEnters Agency code &amp#27;[0m&amp#27;[36m&amp#27;[1m&amp#27;[0m                                  &amp#27;[90m# NegCreateDepartSubTierscenariosStepDef.Enters_Agency_code(String)&amp#27;[0m
    &amp#27;[36mGiven &amp#27;[0m&amp#27;[36mSubmit create subTier button without filling value&amp#27;[0m &amp#27;[90m# NegCreateDepartSubTierscenariosStepDef.Submit_create_subTier_button_without_filling_value()&amp#27;[0m
    &amp#27;[36mThen &amp#27;[0m&amp#27;[36mValidate subTier error messages &amp#27;[0m&amp#27;[36m&amp#27;[1mAgency empty&amp#27;[0m        &amp#27;[90m# NegCreateDepartSubTierscenariosStepDef.Validate_subTier_error_messages(String)&amp#27;[0m
]]></system-out>
    <system-err><![CDATA[[main] ERROR net.thucydides.core.steps.ConsoleLoggingListener - 
           __  _____ _____ ____ _____   _____ _    ___ _     _____ ____  
  _       / / |_   _| ____/ ___|_   _| |  ___/ \  |_ _| |   | ____|  _ \ 
 (_)_____| |    | | |  _| \___ \ | |   | |_ / _ \  | || |   |  _| | | | |
  _|_____| |    | | | |___ ___) || |   |  _/ ___ \ | || |___| |___| |_| |
 (_)     | |    |_| |_____|____/ |_|   |_|/_/   \_\___|_____|_____|____/ 
          \_\                                                            

TEST FAILED WITH ERROR: 
---------------------------------------------------------------------
[main] ERROR net.thucydides.core.steps.ConsoleLoggingListener - TEST FAILED AT STEP Given Enter sub Tier name
[main] ERROR net.thucydides.core.steps.ConsoleLoggingListener - no such element: Unable to locate element: {"method":"xpath","selector":"//*[@id="orgName-input"]"}  (Session info: chrome=73.0.3683.86)  (Driver info: chromedriver=2.38.552522 (437e6fbedfa8762dec75e2c5b3ddb86763dc9dcb),platform=Windows NT 6.1.7601 SP1 x86_64) (WARNING: The server did not provide any stacktrace information)Command duration or timeout: 0 millisecondsFor documentation on this error, please visit: http://seleniumhq.org/exceptionso_such_element.htmlBuild info: version: '3.11.0', revision: 'e59cfb3', time: '2018-03-11T20:26:55.152Z'System info: host: 'I07R7C-AF1F18', ip: '172.21.72.72', os.name: 'Windows 7', os.arch: 'amd64', os.version: '6.1', java.version: '1.8.0_191'Driver info: org.openqa.selenium.remote.RemoteWebDriverCapabilities {acceptInsecureCerts: false, acceptSslCerts: false, applicationCacheEnabled: false, browserConnectionEnabled: false, browserName: chrome, chrome: {chromedriverVersion: 2.38.552522 (437e6fbedfa876..., userDataDir: C:\Users\SH359E~1\AppData\L...}, cssSelectorsEnabled: true, databaseEnabled: false, handlesAlerts: true, hasTouchScreen: false, javascriptEnabled: true, locationContextEnabled: true, mobileEmulationEnabled: false, nativeEvents: true, networkConnectionEnabled: false, pageLoadStrategy: normal, platform: XP, platformName: XP, rotatable: false, setWindowRect: true, takesHeapSnapshot: true, takesScreenshot: true, unexpectedAlertBehaviour: , unhandledPromptBehavior: , version: 73.0.3683.86, webStorageEnabled: true}Session ID: 9f004708f29a9967ffcbbf0b02ee39a5*** Element info: {Using=xpath, value=//*[@id="orgName-input"]}For documentation on this error, please visit: http://seleniumhq.org/exceptionso_such_element.htmlBuild info: version: '3.11.0', revision: 'e59cfb3', time: '2018-03-11T20:26:55.152Z'System info: host: 'I07R7C-AF1F18', ip: '172.21.72.72', os.name: 'Windows 7', os.arch: 'amd64', os.version: '6.1', java.version: '1.8.0_191'Driver info: driver.version: unknown
]]></system-err>
  </testcase>
  <testcase name="EMPTY_NAME" classname="Validate error meaasage in create department and sub tier page" time="8.753">
    <error message="no such element: Unable to locate element: {&quot;method&quot;:&quot;xpath&quot;,&quot;selector&quot;:&quot;//*[@id=&quot;main-container&quot;]/ng-component/div/div/div[2]/page/div/div/div[1]/div/sam-breadcrumbs/ul/li[3]/a&quot;}&#10;  (Session info: chrome=73.0.3683.86)&#10;  (Driver info: chromedriver=2.38.552522 (437e6fbedfa8762dec75e2c5b3ddb86763dc9dcb),platform=Windows NT 6.1.7601 SP1 x86_64) (WARNING: The server did not provide any stacktrace information)&#10;Command duration or timeout: 0 milliseconds&#10;For documentation on this error, please visit: http://seleniumhq.org/exceptions/no_such_element.html&#10;Build info: version: &apos;3.11.0&apos;, revision: &apos;e59cfb3&apos;, time: &apos;2018-03-11T20:26:55.152Z&apos;&#10;System info: host: &apos;I07R7C-AF1F18&apos;, ip: &apos;172.21.72.72&apos;, os.name: &apos;Windows 7&apos;, os.arch: &apos;amd64&apos;, os.version: &apos;6.1&apos;, java.version: &apos;1.8.0_191&apos;&#10;Driver info: org.openqa.selenium.remote.RemoteWebDriver&#10;Capabilities {acceptInsecureCerts: false, acceptSslCerts: false, applicationCacheEnabled: false, browserConnectionEnabled: false, browserName: chrome, chrome: {chromedriverVersion: 2.38.552522 (437e6fbedfa876..., userDataDir: C:\Users\SH359E~1\AppData\L...}, cssSelectorsEnabled: true, databaseEnabled: false, handlesAlerts: true, hasTouchScreen: false, javascriptEnabled: true, locationContextEnabled: true, mobileEmulationEnabled: false, nativeEvents: true, networkConnectionEnabled: false, pageLoadStrategy: normal, platform: XP, platformName: XP, rotatable: false, setWindowRect: true, takesHeapSnapshot: true, takesScreenshot: true, unexpectedAlertBehaviour: , unhandledPromptBehavior: , version: 73.0.3683.86, webStorageEnabled: true}&#10;Session ID: 9f004708f29a9967ffcbbf0b02ee39a5&#10;*** Element info: {Using=xpath, value=//*[@id=&quot;main-container&quot;]/ng-component/div/div/div[2]/page/div/div/div[1]/div/sam-breadcrumbs/ul/li[3]/a}" type="org.openqa.selenium.NoSuchElementException">org.openqa.selenium.NoSuchElementException: 
no such element: Unable to locate element: {"method":"xpath","selector":"//*[@id="main-container"]/ng-component/div/div/div[2]/page/div/div/div[1]/div/sam-breadcrumbs/ul/li[3]/a"}
  (Session info: chrome=73.0.3683.86)
  (Driver info: chromedriver=2.38.552522 (437e6fbedfa8762dec75e2c5b3ddb86763dc9dcb),platform=Windows NT 6.1.7601 SP1 x86_64) (WARNING: The server did not provide any stacktrace information)
Command duration or timeout: 0 milliseconds
For documentation on this error, please visit: http://seleniumhq.org/exceptions/no_such_element.html
Build info: version: '3.11.0', revision: 'e59cfb3', time: '2018-03-11T20:26:55.152Z'
System info: host: 'I07R7C-AF1F18', ip: '172.21.72.72', os.name: 'Windows 7', os.arch: 'amd64', os.version: '6.1', java.version: '1.8.0_191'
Driver info: org.openqa.selenium.remote.RemoteWebDriver
Capabilities {acceptInsecureCerts: false, acceptSslCerts: false, applicationCacheEnabled: false, browserConnectionEnabled: false, browserName: chrome, chrome: {chromedriverVersion: 2.38.552522 (437e6fbedfa876..., userDataDir: C:\Users\SH359E~1\AppData\L...}, cssSelectorsEnabled: true, databaseEnabled: false, handlesAlerts: true, hasTouchScreen: false, javascriptEnabled: true, locationContextEnabled: true, mobileEmulationEnabled: false, nativeEvents: true, networkConnectionEnabled: false, pageLoadStrategy: normal, platform: XP, platformName: XP, rotatable: false, setWindowRect: true, takesHeapSnapshot: true, takesScreenshot: true, unexpectedAlertBehaviour: , unhandledPromptBehavior: , version: 73.0.3683.86, webStorageEnabled: true}
Session ID: 9f004708f29a9967ffcbbf0b02ee39a5
*** Element info: {Using=xpath, value=//*[@id="main-container"]/ng-component/div/div/div[2]/page/div/div/div[1]/div/sam-breadcrumbs/ul/li[3]/a}
</error>
    <system-out><![CDATA[
  @WithFillingValue2
  Scenario Outline:  &amp#27;[90m# src/test/resources/features/negCreateDepartSubTierscenarios.feature:145&amp#27;[0m
								Validateing error message submit subTier by filling value 
    &amp#27;[36mThen User click on the Department name bread crumbs link&amp#27;[0m
    &amp#27;[36mAnd Click on the create sub tier button&amp#27;[0m
    &amp#27;[36mGiven Enter sub Tier name <AgencyName>&amp#27;[0m
    &amp#27;[36mAnd Enters month <month>&amp#27;[0m
    &amp#27;[36mAnd Enters day <day>&amp#27;[0m
    &amp#27;[36mAnd Enters year <year>&amp#27;[0m
    &amp#27;[36mAnd Enters Agency code <code>&amp#27;[0m
    &amp#27;[36mGiven Submit create subTier button without filling value&amp#27;[0m
    &amp#27;[36mThen Validate subTier error messages <ErrorMessage>&amp#27;[0m

    Examples: 

  @errorScenario1 @WithFillingValue2
  Scenario Outline:                                          &amp#27;[90m# src/test/resources/features/negCreateDepartSubTierscenarios.feature:161&amp#27;[0m
								Validateing error message submit subTier by filling value 
    &amp#27;[31mThen &amp#27;[0m&amp#27;[31mUser click on the Department name bread crumbs link&amp#27;[0m &amp#27;[90m# NegCreateDepartSubTierscenariosStepDef.User_click_the_Department_name_bread_crumbs_link()&amp#27;[0m
      &amp#27;[31morg.openqa.selenium.NoSuchElementException: no such element: Unable to locate element: {"method":"xpath","selector":"//*[@id="main-container"]/ng-component/div/div/div[2]/page/div/div/div[1]/div/sam-breadcrumbs/ul/li[3]/a"}
  (Session info: chrome=73.0.3683.86)
  (Driver info: chromedriver=2.38.552522 (437e6fbedfa8762dec75e2c5b3ddb86763dc9dcb),platform=Windows NT 6.1.7601 SP1 x86_64) (WARNING: The server did not provide any stacktrace information)
Command duration or timeout: 0 milliseconds
For documentation on this error, please visit: http://seleniumhq.org/exceptions/no_such_element.html
Build info: version: '3.11.0', revision: 'e59cfb3', time: '2018-03-11T20:26:55.152Z'
System info: host: 'I07R7C-AF1F18', ip: '172.21.72.72', os.name: 'Windows 7', os.arch: 'amd64', os.version: '6.1', java.version: '1.8.0_191'
Driver info: org.openqa.selenium.remote.RemoteWebDriver
Capabilities {acceptInsecureCerts: false, acceptSslCerts: false, applicationCacheEnabled: false, browserConnectionEnabled: false, browserName: chrome, chrome: {chromedriverVersion: 2.38.552522 (437e6fbedfa876..., userDataDir: C:\Users\SH359E~1\AppData\L...}, cssSelectorsEnabled: true, databaseEnabled: false, handlesAlerts: true, hasTouchScreen: false, javascriptEnabled: true, locationContextEnabled: true, mobileEmulationEnabled: false, nativeEvents: true, networkConnectionEnabled: false, pageLoadStrategy: normal, platform: XP, platformName: XP, rotatable: false, setWindowRect: true, takesHeapSnapshot: true, takesScreenshot: true, unexpectedAlertBehaviour: , unhandledPromptBehavior: , version: 73.0.3683.86, webStorageEnabled: true}
Session ID: 9f004708f29a9967ffcbbf0b02ee39a5
*** Element info: {Using=xpath, value=//*[@id="main-container"]/ng-component/div/div/div[2]/page/div/div/div[1]/div/sam-breadcrumbs/ul/li[3]/a}
	at sun.reflect.NativeConstructorAccessorImpl.newInstance0(Native Method)
	at sun.reflect.NativeConstructorAccessorImpl.newInstance(NativeConstructorAccessorImpl.java:62)
	at sun.reflect.DelegatingConstructorAccessorImpl.newInstance(DelegatingConstructorAccessorImpl.java:45)
	at java.lang.reflect.Constructor.newInstance(Constructor.java:423)
	at org.openqa.selenium.remote.ErrorHandler.createThrowable(ErrorHandler.java:214)
	at org.openqa.selenium.remote.ErrorHandler.throwIfResponseFailed(ErrorHandler.java:166)
	at org.openqa.selenium.remote.http.JsonHttpResponseCodec.reconstructValue(JsonHttpResponseCodec.java:40)
	at org.openqa.selenium.remote.http.AbstractHttpResponseCodec.decode(AbstractHttpResponseCodec.java:80)
	at org.openqa.selenium.remote.http.AbstractHttpResponseCodec.decode(AbstractHttpResponseCodec.java:44)
	at org.openqa.selenium.remote.HttpCommandExecutor.execute(HttpCommandExecutor.java:158)
	at org.openqa.selenium.remote.RemoteWebDriver.execute(RemoteWebDriver.java:545)
	at org.openqa.selenium.remote.RemoteWebDriver.findElement(RemoteWebDriver.java:319)
	at org.openqa.selenium.remote.RemoteWebDriver.findElementByXPath(RemoteWebDriver.java:421)
	at org.openqa.selenium.By$ByXPath.findElement(By.java:361)
	at org.openqa.selenium.remote.RemoteWebDriver.findElement(RemoteWebDriver.java:311)
	at net.thucydides.core.webdriver.WebDriverFacade.findElement(WebDriverFacade.java:231)
	at gov.gsa.sam.stepdefinition.NegCreateDepartSubTierscenariosStepDef.User_click_the_Department_name_bread_crumbs_link(NegCreateDepartSubTierscenariosStepDef.java:623)
	at ?.User click on the Department name bread crumbs link(src/test/resources/features/negCreateDepartSubTierscenarios.feature:149)
&amp#27;[0m
    &amp#27;[36mAnd &amp#27;[0m&amp#27;[36mClick on the create sub tier button&amp#27;[0m                  &amp#27;[90m# NegCreateDepartSubTierscenariosStepDef.Click_on_the_create_sub_tier_button()&amp#27;[0m
    &amp#27;[36mGiven &amp#27;[0m&amp#27;[36mEnter sub Tier name&amp#27;[0m&amp#27;[36m&amp#27;[1m Test1&amp#27;[0m                          &amp#27;[90m# NegCreateDepartSubTierscenariosStepDef.User_enter_subTier_name(String)&amp#27;[0m
    &amp#27;[36mAnd &amp#27;[0m&amp#27;[36mEnters month &amp#27;[0m&amp#27;[36m&amp#27;[1m12&amp#27;[0m                                      &amp#27;[90m# NegCreateDepartSubTierscenariosStepDef.Enters_month_date(String)&amp#27;[0m
    &amp#27;[36mAnd &amp#27;[0m&amp#27;[36mEnters day &amp#27;[0m&amp#27;[36m&amp#27;[1m30&amp#27;[0m                                        &amp#27;[90m# NegCreateDepartSubTierscenariosStepDef.Enters_day(String)&amp#27;[0m
    &amp#27;[36mAnd &amp#27;[0m&amp#27;[36mEnters year &amp#27;[0m&amp#27;[36m&amp#27;[1m2019&amp#27;[0m                                     &amp#27;[90m# NegCreateDepartSubTierscenariosStepDef.Enters_year(String)&amp#27;[0m
    &amp#27;[36mAnd &amp#27;[0m&amp#27;[36mEnters Agency code &amp#27;[0m&amp#27;[36m&amp#27;[1m;;;;&amp#27;[0m                              &amp#27;[90m# NegCreateDepartSubTierscenariosStepDef.Enters_Agency_code(String)&amp#27;[0m
    &amp#27;[36mGiven &amp#27;[0m&amp#27;[36mSubmit create subTier button without filling value&amp#27;[0m &amp#27;[90m# NegCreateDepartSubTierscenariosStepDef.Submit_create_subTier_button_without_filling_value()&amp#27;[0m
    &amp#27;[36mThen &amp#27;[0m&amp#27;[36mValidate subTier error messages &amp#27;[0m&amp#27;[36m&amp#27;[1mSubTierAgency&amp#27;[0m       &amp#27;[90m# NegCreateDepartSubTierscenariosStepDef.Validate_subTier_error_messages(String)&amp#27;[0m
]]></system-out>
    <system-err><![CDATA[[main] ERROR net.thucydides.core.steps.ConsoleLoggingListener - 
           __  _____ _____ ____ _____   _____ _    ___ _     _____ ____  
  _       / / |_   _| ____/ ___|_   _| |  ___/ \  |_ _| |   | ____|  _ \ 
 (_)_____| |    | | |  _| \___ \ | |   | |_ / _ \  | || |   |  _| | | | |
  _|_____| |    | | | |___ ___) || |   |  _/ ___ \ | || |___| |___| |_| |
 (_)     | |    |_| |_____|____/ |_|   |_|/_/   \_\___|_____|_____|____/ 
          \_\                                                            

TEST FAILED WITH ERROR: Submit subTier by filling value
---------------------------------------------------------------------
[main] ERROR net.thucydides.core.steps.ConsoleLoggingListener - TEST FAILED AT STEP Then User click on the Department name bread crumbs link
[main] ERROR net.thucydides.core.steps.ConsoleLoggingListener - no such element: Unable to locate element: {"method":"xpath","selector":"//*[@id="main-container"]g-component/div/div/div[2]/page/div/div/div[1]/div/sam-breadcrumbs/ul/li[3]/a"}  (Session info: chrome=73.0.3683.86)  (Driver info: chromedriver=2.38.552522 (437e6fbedfa8762dec75e2c5b3ddb86763dc9dcb),platform=Windows NT 6.1.7601 SP1 x86_64) (WARNING: The server did not provide any stacktrace information)Command duration or timeout: 0 millisecondsFor documentation on this error, please visit: http://seleniumhq.org/exceptionso_such_element.htmlBuild info: version: '3.11.0', revision: 'e59cfb3', time: '2018-03-11T20:26:55.152Z'System info: host: 'I07R7C-AF1F18', ip: '172.21.72.72', os.name: 'Windows 7', os.arch: 'amd64', os.version: '6.1', java.version: '1.8.0_191'Driver info: org.openqa.selenium.remote.RemoteWebDriverCapabilities {acceptInsecureCerts: false, acceptSslCerts: false, applicationCacheEnabled: false, browserConnectionEnabled: false, browserName: chrome, chrome: {chromedriverVersion: 2.38.552522 (437e6fbedfa876..., userDataDir: C:\Users\SH359E~1\AppData\L...}, cssSelectorsEnabled: true, databaseEnabled: false, handlesAlerts: true, hasTouchScreen: false, javascriptEnabled: true, locationContextEnabled: true, mobileEmulationEnabled: false, nativeEvents: true, networkConnectionEnabled: false, pageLoadStrategy: normal, platform: XP, platformName: XP, rotatable: false, setWindowRect: true, takesHeapSnapshot: true, takesScreenshot: true, unexpectedAlertBehaviour: , unhandledPromptBehavior: , version: 73.0.3683.86, webStorageEnabled: true}Session ID: 9f004708f29a9967ffcbbf0b02ee39a5*** Element info: {Using=xpath, value=//*[@id="main-container"]g-component/div/div/div[2]/page/div/div/div[1]/div/sam-breadcrumbs/ul/li[3]/a}For documentation on this error, please visit: http://seleniumhq.org/exceptionso_such_element.htmlBuild info: version: '3.11.0', revision: 'e59cfb3', time: '2018-03-11T20:26:55.152Z'System info: host: 'I07R7C-AF1F18', ip: '172.21.72.72', os.name: 'Windows 7', os.arch: 'amd64', os.version: '6.1', java.version: '1.8.0_191'Driver info: driver.version: unknown
[main] INFO net.thucydides.core.steps.ConsoleLoggingListener - 
 _____ _____ ____ _____   ____ _____  _    ____ _____ _____ ____  
|_   _| ____/ ___|_   _| / ___|_   _|/ \  |  _ \_   _| ____|  _ \ 
  | | |  _| \___ \ | |   \___ \ | | / _ \ | |_) || | |  _| | | | |
  | | | |___ ___) || |    ___) || |/ ___ \|  _ < | | | |___| |_| |
  |_| |_____|____/ |_|   |____/ |_/_/   \_\_| \_\|_| |_____|____/ 
                                                                  

TEST STARTED: 
-------------------------------------------------------------------(validate-error-meaasage-in-create-department-and-sub-tier-page;)
[main] ERROR net.thucydides.core.steps.ConsoleLoggingListener - 
           __  _____ _____ ____ _____   _____ _    ___ _     _____ ____  
  _       / / |_   _| ____/ ___|_   _| |  ___/ \  |_ _| |   | ____|  _ \ 
 (_)_____| |    | | |  _| \___ \ | |   | |_ / _ \  | || |   |  _| | | | |
  _|_____| |    | | | |___ ___) || |   |  _/ ___ \ | || |___| |___| |_| |
 (_)     | |    |_| |_____|____/ |_|   |_|/_/   \_\___|_____|_____|____/ 
          \_\                                                            

TEST FAILED WITH ERROR: 
---------------------------------------------------------------------
[main] ERROR net.thucydides.core.steps.ConsoleLoggingListener - TEST FAILED AT STEP Then User click on the Department name bread crumbs link
[main] ERROR net.thucydides.core.steps.ConsoleLoggingListener - no such element: Unable to locate element: {"method":"xpath","selector":"//*[@id="main-container"]g-component/div/div/div[2]/page/div/div/div[1]/div/sam-breadcrumbs/ul/li[3]/a"}  (Session info: chrome=73.0.3683.86)  (Driver info: chromedriver=2.38.552522 (437e6fbedfa8762dec75e2c5b3ddb86763dc9dcb),platform=Windows NT 6.1.7601 SP1 x86_64) (WARNING: The server did not provide any stacktrace information)Command duration or timeout: 0 millisecondsFor documentation on this error, please visit: http://seleniumhq.org/exceptionso_such_element.htmlBuild info: version: '3.11.0', revision: 'e59cfb3', time: '2018-03-11T20:26:55.152Z'System info: host: 'I07R7C-AF1F18', ip: '172.21.72.72', os.name: 'Windows 7', os.arch: 'amd64', os.version: '6.1', java.version: '1.8.0_191'Driver info: org.openqa.selenium.remote.RemoteWebDriverCapabilities {acceptInsecureCerts: false, acceptSslCerts: false, applicationCacheEnabled: false, browserConnectionEnabled: false, browserName: chrome, chrome: {chromedriverVersion: 2.38.552522 (437e6fbedfa876..., userDataDir: C:\Users\SH359E~1\AppData\L...}, cssSelectorsEnabled: true, databaseEnabled: false, handlesAlerts: true, hasTouchScreen: false, javascriptEnabled: true, locationContextEnabled: true, mobileEmulationEnabled: false, nativeEvents: true, networkConnectionEnabled: false, pageLoadStrategy: normal, platform: XP, platformName: XP, rotatable: false, setWindowRect: true, takesHeapSnapshot: true, takesScreenshot: true, unexpectedAlertBehaviour: , unhandledPromptBehavior: , version: 73.0.3683.86, webStorageEnabled: true}Session ID: 9f004708f29a9967ffcbbf0b02ee39a5*** Element info: {Using=xpath, value=//*[@id="main-container"]g-component/div/div/div[2]/page/div/div/div[1]/div/sam-breadcrumbs/ul/li[3]/a}For documentation on this error, please visit: http://seleniumhq.org/exceptionso_such_element.htmlBuild info: version: '3.11.0', revision: 'e59cfb3', time: '2018-03-11T20:26:55.152Z'System info: host: 'I07R7C-AF1F18', ip: '172.21.72.72', os.name: 'Windows 7', os.arch: 'amd64', os.version: '6.1', java.version: '1.8.0_191'Driver info: driver.version: unknown
]]></system-err>
  </testcase>
  <testcase name="Submit subTier without filling value" classname="Validate error meaasage in create department and sub tier page" time="25.934"/>
  <testcase name="Submit subTier by filling value" classname="Validate error meaasage in create department and sub tier page" time="8.755">
    <error message="no such element: Unable to locate element: {&quot;method&quot;:&quot;xpath&quot;,&quot;selector&quot;:&quot;//*[@id=&quot;main-container&quot;]/ng-component/div/div/div[2]/page/div/div/div[1]/div/sam-breadcrumbs/ul/li[3]/a&quot;}&#10;  (Session info: chrome=73.0.3683.86)&#10;  (Driver info: chromedriver=2.38.552522 (437e6fbedfa8762dec75e2c5b3ddb86763dc9dcb),platform=Windows NT 6.1.7601 SP1 x86_64) (WARNING: The server did not provide any stacktrace information)&#10;Command duration or timeout: 0 milliseconds&#10;For documentation on this error, please visit: http://seleniumhq.org/exceptions/no_such_element.html&#10;Build info: version: &apos;3.11.0&apos;, revision: &apos;e59cfb3&apos;, time: &apos;2018-03-11T20:26:55.152Z&apos;&#10;System info: host: &apos;I07R7C-AF1F18&apos;, ip: &apos;172.21.72.72&apos;, os.name: &apos;Windows 7&apos;, os.arch: &apos;amd64&apos;, os.version: &apos;6.1&apos;, java.version: &apos;1.8.0_191&apos;&#10;Driver info: org.openqa.selenium.remote.RemoteWebDriver&#10;Capabilities {acceptInsecureCerts: false, acceptSslCerts: false, applicationCacheEnabled: false, browserConnectionEnabled: false, browserName: chrome, chrome: {chromedriverVersion: 2.38.552522 (437e6fbedfa876..., userDataDir: C:\Users\SH359E~1\AppData\L...}, cssSelectorsEnabled: true, databaseEnabled: false, handlesAlerts: true, hasTouchScreen: false, javascriptEnabled: true, locationContextEnabled: true, mobileEmulationEnabled: false, nativeEvents: true, networkConnectionEnabled: false, pageLoadStrategy: normal, platform: XP, platformName: XP, rotatable: false, setWindowRect: true, takesHeapSnapshot: true, takesScreenshot: true, unexpectedAlertBehaviour: , unhandledPromptBehavior: , version: 73.0.3683.86, webStorageEnabled: true}&#10;Session ID: 9f004708f29a9967ffcbbf0b02ee39a5&#10;*** Element info: {Using=xpath, value=//*[@id=&quot;main-container&quot;]/ng-component/div/div/div[2]/page/div/div/div[1]/div/sam-breadcrumbs/ul/li[3]/a}" type="org.openqa.selenium.NoSuchElementException">org.openqa.selenium.NoSuchElementException: 
no such element: Unable to locate element: {"method":"xpath","selector":"//*[@id="main-container"]/ng-component/div/div/div[2]/page/div/div/div[1]/div/sam-breadcrumbs/ul/li[3]/a"}
  (Session info: chrome=73.0.3683.86)
  (Driver info: chromedriver=2.38.552522 (437e6fbedfa8762dec75e2c5b3ddb86763dc9dcb),platform=Windows NT 6.1.7601 SP1 x86_64) (WARNING: The server did not provide any stacktrace information)
Command duration or timeout: 0 milliseconds
For documentation on this error, please visit: http://seleniumhq.org/exceptions/no_such_element.html
Build info: version: '3.11.0', revision: 'e59cfb3', time: '2018-03-11T20:26:55.152Z'
System info: host: 'I07R7C-AF1F18', ip: '172.21.72.72', os.name: 'Windows 7', os.arch: 'amd64', os.version: '6.1', java.version: '1.8.0_191'
Driver info: org.openqa.selenium.remote.RemoteWebDriver
Capabilities {acceptInsecureCerts: false, acceptSslCerts: false, applicationCacheEnabled: false, browserConnectionEnabled: false, browserName: chrome, chrome: {chromedriverVersion: 2.38.552522 (437e6fbedfa876..., userDataDir: C:\Users\SH359E~1\AppData\L...}, cssSelectorsEnabled: true, databaseEnabled: false, handlesAlerts: true, hasTouchScreen: false, javascriptEnabled: true, locationContextEnabled: true, mobileEmulationEnabled: false, nativeEvents: true, networkConnectionEnabled: false, pageLoadStrategy: normal, platform: XP, platformName: XP, rotatable: false, setWindowRect: true, takesHeapSnapshot: true, takesScreenshot: true, unexpectedAlertBehaviour: , unhandledPromptBehavior: , version: 73.0.3683.86, webStorageEnabled: true}
Session ID: 9f004708f29a9967ffcbbf0b02ee39a5
*** Element info: {Using=xpath, value=//*[@id="main-container"]/ng-component/div/div/div[2]/page/div/div/div[1]/div/sam-breadcrumbs/ul/li[3]/a}
</error>
    <system-out><![CDATA[
  @errorScenario1 @WithFillingValue1
  Scenario: Submit subTier by filling value                  &amp#27;[90m# src/test/resources/features/negCreateDepartSubTierscenarios.feature:136&amp#27;[0m
    &amp#27;[31mThen &amp#27;[0m&amp#27;[31mUser click on the Department name bread crumbs link&amp#27;[0m &amp#27;[90m# NegCreateDepartSubTierscenariosStepDef.User_click_the_Department_name_bread_crumbs_link()&amp#27;[0m
      &amp#27;[31morg.openqa.selenium.NoSuchElementException: no such element: Unable to locate element: {"method":"xpath","selector":"//*[@id="main-container"]/ng-component/div/div/div[2]/page/div/div/div[1]/div/sam-breadcrumbs/ul/li[3]/a"}
  (Session info: chrome=73.0.3683.86)
  (Driver info: chromedriver=2.38.552522 (437e6fbedfa8762dec75e2c5b3ddb86763dc9dcb),platform=Windows NT 6.1.7601 SP1 x86_64) (WARNING: The server did not provide any stacktrace information)
Command duration or timeout: 0 milliseconds
For documentation on this error, please visit: http://seleniumhq.org/exceptions/no_such_element.html
Build info: version: '3.11.0', revision: 'e59cfb3', time: '2018-03-11T20:26:55.152Z'
System info: host: 'I07R7C-AF1F18', ip: '172.21.72.72', os.name: 'Windows 7', os.arch: 'amd64', os.version: '6.1', java.version: '1.8.0_191'
Driver info: org.openqa.selenium.remote.RemoteWebDriver
Capabilities {acceptInsecureCerts: false, acceptSslCerts: false, applicationCacheEnabled: false, browserConnectionEnabled: false, browserName: chrome, chrome: {chromedriverVersion: 2.38.552522 (437e6fbedfa876..., userDataDir: C:\Users\SH359E~1\AppData\L...}, cssSelectorsEnabled: true, databaseEnabled: false, handlesAlerts: true, hasTouchScreen: false, javascriptEnabled: true, locationContextEnabled: true, mobileEmulationEnabled: false, nativeEvents: true, networkConnectionEnabled: false, pageLoadStrategy: normal, platform: XP, platformName: XP, rotatable: false, setWindowRect: true, takesHeapSnapshot: true, takesScreenshot: true, unexpectedAlertBehaviour: , unhandledPromptBehavior: , version: 73.0.3683.86, webStorageEnabled: true}
Session ID: 9f004708f29a9967ffcbbf0b02ee39a5
*** Element info: {Using=xpath, value=//*[@id="main-container"]/ng-component/div/div/div[2]/page/div/div/div[1]/div/sam-breadcrumbs/ul/li[3]/a}
	at sun.reflect.NativeConstructorAccessorImpl.newInstance0(Native Method)
	at sun.reflect.NativeConstructorAccessorImpl.newInstance(NativeConstructorAccessorImpl.java:62)
	at sun.reflect.DelegatingConstructorAccessorImpl.newInstance(DelegatingConstructorAccessorImpl.java:45)
	at java.lang.reflect.Constructor.newInstance(Constructor.java:423)
	at org.openqa.selenium.remote.ErrorHandler.createThrowable(ErrorHandler.java:214)
	at org.openqa.selenium.remote.ErrorHandler.throwIfResponseFailed(ErrorHandler.java:166)
	at org.openqa.selenium.remote.http.JsonHttpResponseCodec.reconstructValue(JsonHttpResponseCodec.java:40)
	at org.openqa.selenium.remote.http.AbstractHttpResponseCodec.decode(AbstractHttpResponseCodec.java:80)
	at org.openqa.selenium.remote.http.AbstractHttpResponseCodec.decode(AbstractHttpResponseCodec.java:44)
	at org.openqa.selenium.remote.HttpCommandExecutor.execute(HttpCommandExecutor.java:158)
	at org.openqa.selenium.remote.RemoteWebDriver.execute(RemoteWebDriver.java:545)
	at org.openqa.selenium.remote.RemoteWebDriver.findElement(RemoteWebDriver.java:319)
	at org.openqa.selenium.remote.RemoteWebDriver.findElementByXPath(RemoteWebDriver.java:421)
	at org.openqa.selenium.By$ByXPath.findElement(By.java:361)
	at org.openqa.selenium.remote.RemoteWebDriver.findElement(RemoteWebDriver.java:311)
	at net.thucydides.core.webdriver.WebDriverFacade.findElement(WebDriverFacade.java:231)
	at gov.gsa.sam.stepdefinition.NegCreateDepartSubTierscenariosStepDef.User_click_the_Department_name_bread_crumbs_link(NegCreateDepartSubTierscenariosStepDef.java:623)
	at ?.User click on the Department name bread crumbs link(src/test/resources/features/negCreateDepartSubTierscenarios.feature:137)
&amp#27;[0m
    &amp#27;[36mAnd &amp#27;[0m&amp#27;[36mClick on the create sub tier button&amp#27;[0m                  &amp#27;[90m# NegCreateDepartSubTierscenariosStepDef.Click_on_the_create_sub_tier_button()&amp#27;[0m
    &amp#27;[36mGiven &amp#27;[0m&amp#27;[36mSubmit create subTier button by filling value&amp#27;[0m      &amp#27;[90m# NegCreateDepartSubTierscenariosStepDef.create_subTier_button_by_filling_value()&amp#27;[0m
    &amp#27;[36mAnd &amp#27;[0m&amp#27;[36mReading sub tier values error message&amp#27;[0m                &amp#27;[90m# NegCreateDepartSubTierscenariosStepDef.Reading_sub_tier_values_error_message()&amp#27;[0m
]]></system-out>
    <system-err><![CDATA[[main] ERROR net.thucydides.core.steps.ConsoleLoggingListener - 
           __  _____ _____ ____ _____   _____ _    ___ _     _____ ____  
  _       / / |_   _| ____/ ___|_   _| |  ___/ \  |_ _| |   | ____|  _ \ 
 (_)_____| |    | | |  _| \___ \ | |   | |_ / _ \  | || |   |  _| | | | |
  _|_____| |    | | | |___ ___) || |   |  _/ ___ \ | || |___| |___| |_| |
 (_)     | |    |_| |_____|____/ |_|   |_|/_/   \_\___|_____|_____|____/ 
          \_\                                                            

TEST FAILED WITH ERROR: 
---------------------------------------------------------------------
[main] ERROR net.thucydides.core.steps.ConsoleLoggingListener - TEST FAILED AT STEP And Click on the create sub tier button
[main] ERROR net.thucydides.core.steps.ConsoleLoggingListener - no such element: Unable to locate element: {"method":"xpath","selector":"//*[@id="orgName-input"]"}  (Session info: chrome=73.0.3683.86)  (Driver info: chromedriver=2.38.552522 (437e6fbedfa8762dec75e2c5b3ddb86763dc9dcb),platform=Windows NT 6.1.7601 SP1 x86_64) (WARNING: The server did not provide any stacktrace information)Command duration or timeout: 0 millisecondsFor documentation on this error, please visit: http://seleniumhq.org/exceptionso_such_element.htmlBuild info: version: '3.11.0', revision: 'e59cfb3', time: '2018-03-11T20:26:55.152Z'System info: host: 'I07R7C-AF1F18', ip: '172.21.72.72', os.name: 'Windows 7', os.arch: 'amd64', os.version: '6.1', java.version: '1.8.0_191'Driver info: org.openqa.selenium.remote.RemoteWebDriverCapabilities {acceptInsecureCerts: false, acceptSslCerts: false, applicationCacheEnabled: false, browserConnectionEnabled: false, browserName: chrome, chrome: {chromedriverVersion: 2.38.552522 (437e6fbedfa876..., userDataDir: C:\Users\SH359E~1\AppData\L...}, cssSelectorsEnabled: true, databaseEnabled: false, handlesAlerts: true, hasTouchScreen: false, javascriptEnabled: true, locationContextEnabled: true, mobileEmulationEnabled: false, nativeEvents: true, networkConnectionEnabled: false, pageLoadStrategy: normal, platform: XP, platformName: XP, rotatable: false, setWindowRect: true, takesHeapSnapshot: true, takesScreenshot: true, unexpectedAlertBehaviour: , unhandledPromptBehavior: , version: 73.0.3683.86, webStorageEnabled: true}Session ID: 9f004708f29a9967ffcbbf0b02ee39a5*** Element info: {Using=xpath, value=//*[@id="orgName-input"]}For documentation on this error, please visit: http://seleniumhq.org/exceptionso_such_element.htmlBuild info: version: '3.11.0', revision: 'e59cfb3', time: '2018-03-11T20:26:55.152Z'System info: host: 'I07R7C-AF1F18', ip: '172.21.72.72', os.name: 'Windows 7', os.arch: 'amd64', os.version: '6.1', java.version: '1.8.0_191'Driver info: driver.version: unknown
[main] INFO net.thucydides.core.steps.ConsoleLoggingListener - 
 _____ _____ ____ _____   ____ _____  _    ____ _____ _____ ____  
|_   _| ____/ ___|_   _| / ___|_   _|/ \  |  _ \_   _| ____|  _ \ 
  | | |  _| \___ \ | |   \___ \ | | / _ \ | |_) || | |  _| | | | |
  | | | |___ ___) || |    ___) || |/ ___ \|  _ < | | | |___| |_| |
  |_| |_____|____/ |_|   |____/ |_/_/   \_\_| \_\|_| |_____|____/ 
                                                                  

TEST STARTED: Submit subTier by filling value
-------------------------------------------------------------------(validate-error-meaasage-in-create-department-and-sub-tier-page;submit-subtier-by-filling-value)
[main] ERROR net.thucydides.core.steps.ConsoleLoggingListener - 
           __  _____ _____ ____ _____   _____ _    ___ _     _____ ____  
  _       / / |_   _| ____/ ___|_   _| |  ___/ \  |_ _| |   | ____|  _ \ 
 (_)_____| |    | | |  _| \___ \ | |   | |_ / _ \  | || |   |  _| | | | |
  _|_____| |    | | | |___ ___) || |   |  _/ ___ \ | || |___| |___| |_| |
 (_)     | |    |_| |_____|____/ |_|   |_|/_/   \_\___|_____|_____|____/ 
          \_\                                                            

TEST FAILED WITH ERROR: Submit subTier by filling value
---------------------------------------------------------------------
[main] ERROR net.thucydides.core.steps.ConsoleLoggingListener - TEST FAILED AT STEP Then User click on the Department name bread crumbs link
[main] ERROR net.thucydides.core.steps.ConsoleLoggingListener - no such element: Unable to locate element: {"method":"xpath","selector":"//*[@id="main-container"]g-component/div/div/div[2]/page/div/div/div[1]/div/sam-breadcrumbs/ul/li[3]/a"}  (Session info: chrome=73.0.3683.86)  (Driver info: chromedriver=2.38.552522 (437e6fbedfa8762dec75e2c5b3ddb86763dc9dcb),platform=Windows NT 6.1.7601 SP1 x86_64) (WARNING: The server did not provide any stacktrace information)Command duration or timeout: 0 millisecondsFor documentation on this error, please visit: http://seleniumhq.org/exceptionso_such_element.htmlBuild info: version: '3.11.0', revision: 'e59cfb3', time: '2018-03-11T20:26:55.152Z'System info: host: 'I07R7C-AF1F18', ip: '172.21.72.72', os.name: 'Windows 7', os.arch: 'amd64', os.version: '6.1', java.version: '1.8.0_191'Driver info: org.openqa.selenium.remote.RemoteWebDriverCapabilities {acceptInsecureCerts: false, acceptSslCerts: false, applicationCacheEnabled: false, browserConnectionEnabled: false, browserName: chrome, chrome: {chromedriverVersion: 2.38.552522 (437e6fbedfa876..., userDataDir: C:\Users\SH359E~1\AppData\L...}, cssSelectorsEnabled: true, databaseEnabled: false, handlesAlerts: true, hasTouchScreen: false, javascriptEnabled: true, locationContextEnabled: true, mobileEmulationEnabled: false, nativeEvents: true, networkConnectionEnabled: false, pageLoadStrategy: normal, platform: XP, platformName: XP, rotatable: false, setWindowRect: true, takesHeapSnapshot: true, takesScreenshot: true, unexpectedAlertBehaviour: , unhandledPromptBehavior: , version: 73.0.3683.86, webStorageEnabled: true}Session ID: 9f004708f29a9967ffcbbf0b02ee39a5*** Element info: {Using=xpath, value=//*[@id="main-container"]g-component/div/div/div[2]/page/div/div/div[1]/div/sam-breadcrumbs/ul/li[3]/a}For documentation on this error, please visit: http://seleniumhq.org/exceptionso_such_element.htmlBuild info: version: '3.11.0', revision: 'e59cfb3', time: '2018-03-11T20:26:55.152Z'System info: host: 'I07R7C-AF1F18', ip: '172.21.72.72', os.name: 'Windows 7', os.arch: 'amd64', os.version: '6.1', java.version: '1.8.0_191'Driver info: driver.version: unknown
]]></system-err>
  </testcase>
  <testcase name="Browser close" classname="Validate error meaasage in create department and sub tier page" time="6.168"/>
  <testcase name="Log into the GSA website as createDepartment" classname="Editing request office page negative scenarios." time="124.928">
    <error message="Could not instantiate class org.openqa.selenium.chrome.ChromeDriver" type="net.thucydides.core.webdriver.UnsupportedDriverException">net.thucydides.core.webdriver.UnsupportedDriverException: Could not instantiate class org.openqa.selenium.chrome.ChromeDriver
Caused by: net.thucydides.core.webdriver.UnsupportedDriverException: 
Could not instantiate new WebDriver instance of type class org.openqa.selenium.chrome.ChromeDriver (chrome not reachable
  (Driver info: chromedriver=2.38.552522 (437e6fbedfa8762dec75e2c5b3ddb86763dc9dcb),platform=Windows NT 6.1.7601 SP1 x86_64) (WARNING: The server did not provide any stacktrace information)
Command duration or timeout: 62.07 seconds
Build info: version: '3.11.0', revision: 'e59cfb3', time: '2018-03-11T20:26:55.152Z'
System info: host: 'I07R7C-AF1F18', ip: '172.21.72.72', os.name: 'Windows 7', os.arch: 'amd64', os.version: '6.1', java.version: '1.8.0_191'
Driver info: driver.version: ChromeDriver
Caused by: org.openqa.selenium.WebDriverException: 
chrome not reachable
  (Driver info: chromedriver=2.38.552522 (437e6fbedfa8762dec75e2c5b3ddb86763dc9dcb),platform=Windows NT 6.1.7601 SP1 x86_64) (WARNING: The server did not provide any stacktrace information)
Command duration or timeout: 62.07 seconds
Build info: version: '3.11.0', revision: 'e59cfb3', time: '2018-03-11T20:26:55.152Z'
System info: host: 'I07R7C-AF1F18', ip: '172.21.72.72', os.name: 'Windows 7', os.arch: 'amd64', os.version: '6.1', java.version: '1.8.0_191'
Driver info: driver.version: ChromeDriver
</error>
    <system-out><![CDATA[
@NegEditReuqstoffice
Feature: Editing request office page negative scenarios.

  @NegEditReuqstoffice @otp
  Scenario: Log into the GSA website as createDepartment   &amp#27;[90m# src/test/resources/features/negEditOffice.feature:5&amp#27;[0m
One::COMP_HOME_PAGE
HI::COMP_HOME_PAGE
    &amp#27;[31mAnd &amp#27;[0m&amp#27;[31mThe user login into environment &amp#27;[0m&amp#27;[31m&amp#27;[1mCOMP_HOME_PAGE&amp#27;[0m     &amp#27;[90m# LoginDepartmentSubTierOfficeAdminStepDef.the_user_login_into_environment(String)&amp#27;[0m
      &amp#27;[31mnet.thucydides.core.webdriver.UnsupportedDriverException: Could not instantiate class org.openqa.selenium.chrome.ChromeDriver
	at net.thucydides.core.webdriver.WebDriverFacade.newDriverInstance(WebDriverFacade.java:153)
	at net.thucydides.core.webdriver.WebDriverFacade.newProxyDriver(WebDriverFacade.java:140)
	at net.thucydides.core.webdriver.WebDriverFacade.getProxiedDriver(WebDriverFacade.java:110)
	at net.thucydides.core.webdriver.WebDriverFacade.navigate(WebDriverFacade.java:362)
	at gov.gsa.sam.stepdefinition.LoginDepartmentSubTierOfficeAdminStepDef.the_user_login_into_environment(LoginDepartmentSubTierOfficeAdminStepDef.java:55)
	at ?.The user login into environment COMP_HOME_PAGE(src/test/resources/features/negEditOffice.feature:6)
Caused by: net.thucydides.core.webdriver.UnsupportedDriverException: Could not instantiate new WebDriver instance of type class org.openqa.selenium.chrome.ChromeDriver (chrome not reachable
  (Driver info: chromedriver=2.38.552522 (437e6fbedfa8762dec75e2c5b3ddb86763dc9dcb),platform=Windows NT 6.1.7601 SP1 x86_64) (WARNING: The server did not provide any stacktrace information)
Command duration or timeout: 62.07 seconds
Build info: version: '3.11.0', revision: 'e59cfb3', time: '2018-03-11T20:26:55.152Z'
System info: host: 'I07R7C-AF1F18', ip: '172.21.72.72', os.name: 'Windows 7', os.arch: 'amd64', os.version: '6.1', java.version: '1.8.0_191'
Driver info: driver.version: ChromeDriver
	at net.thucydides.core.webdriver.WebDriverFactory.newWebdriverInstance(WebDriverFactory.java:137)
	at net.thucydides.core.webdriver.WebDriverFacade.newDriverInstance(WebDriverFacade.java:149)
	at net.thucydides.core.webdriver.WebDriverFacade.newProxyDriver(WebDriverFacade.java:140)
	at net.thucydides.core.webdriver.WebDriverFacade.getProxiedDriver(WebDriverFacade.java:110)
	at net.thucydides.core.webdriver.WebDriverFacade.navigate(WebDriverFacade.java:362)
	at gov.gsa.sam.stepdefinition.LoginDepartmentSubTierOfficeAdminStepDef.the_user_login_into_environment(LoginDepartmentSubTierOfficeAdminStepDef.java:55)
	at sun.reflect.NativeMethodAccessorImpl.invoke0(Native Method)
	at sun.reflect.NativeMethodAccessorImpl.invoke(NativeMethodAccessorImpl.java:62)
	at sun.reflect.DelegatingMethodAccessorImpl.invoke(DelegatingMethodAccessorImpl.java:43)
	at java.lang.reflect.Method.invoke(Method.java:498)
	at cucumber.runtime.Utils$1.call(Utils.java:32)
	at cucumber.runtime.Timeout.timeout(Timeout.java:16)
	at cucumber.runtime.Utils.invoke(Utils.java:26)
	at cucumber.runtime.java.JavaStepDefinition.execute(JavaStepDefinition.java:37)
	at cucumber.runtime.StepDefinitionMatch.runStep(StepDefinitionMatch.java:40)
	at cucumber.api.TestStep.executeStep(TestStep.java:102)
	at cucumber.api.TestStep.run(TestStep.java:83)
	at cucumber.api.TestCase.run(TestCase.java:58)
	at cucumber.runner.Runner.runPickle(Runner.java:80)
	at cucumber.runtime.junit.PickleRunners$NoStepDescriptions.run(PickleRunners.java:140)
	at cucumber.runtime.junit.FeatureRunner.runChild(FeatureRunner.java:68)
	at cucumber.runtime.junit.FeatureRunner.runChild(FeatureRunner.java:23)
	at org.junit.runners.ParentRunner$3.run(ParentRunner.java:290)
	at org.junit.runners.ParentRunner$1.schedule(ParentRunner.java:71)
	at org.junit.runners.ParentRunner.runChildren(ParentRunner.java:288)
	at org.junit.runners.ParentRunner.access$000(ParentRunner.java:58)
	at org.junit.runners.ParentRunner$2.evaluate(ParentRunner.java:268)
	at org.junit.runners.ParentRunner.run(ParentRunner.java:363)
	at cucumber.runtime.junit.FeatureRunner.run(FeatureRunner.java:73)
	at cucumber.api.junit.Cucumber.runChild(Cucumber.java:117)
	at cucumber.api.junit.Cucumber.runChild(Cucumber.java:55)
	at org.junit.runners.ParentRunner$3.run(ParentRunner.java:290)
	at org.junit.runners.ParentRunner$1.schedule(ParentRunner.java:71)
	at org.junit.runners.ParentRunner.runChildren(ParentRunner.java:288)
	at org.junit.runners.ParentRunner.access$000(ParentRunner.java:58)
	at org.junit.runners.ParentRunner$2.evaluate(ParentRunner.java:268)
	at cucumber.api.junit.Cucumber$1.evaluate(Cucumber.java:126)
	at org.junit.runners.ParentRunner.run(ParentRunner.java:363)
	at org.apache.maven.surefire.junit4.JUnit4Provider.execute(JUnit4Provider.java:365)
	at org.apache.maven.surefire.junit4.JUnit4Provider.executeWithRerun(JUnit4Provider.java:272)
	at org.apache.maven.surefire.junit4.JUnit4Provider.executeTestSet(JUnit4Provider.java:236)
	at org.apache.maven.surefire.junit4.JUnit4Provider.invoke(JUnit4Provider.java:159)
	at org.apache.maven.surefire.booter.ForkedBooter.invokeProviderInSameClassLoader(ForkedBooter.java:386)
	at org.apache.maven.surefire.booter.ForkedBooter.runSuitesInProcess(ForkedBooter.java:323)
	at org.apache.maven.surefire.booter.ForkedBooter.main(ForkedBooter.java:143)
Caused by: org.openqa.selenium.WebDriverException: chrome not reachable
  (Driver info: chromedriver=2.38.552522 (437e6fbedfa8762dec75e2c5b3ddb86763dc9dcb),platform=Windows NT 6.1.7601 SP1 x86_64) (WARNING: The server did not provide any stacktrace information)
Command duration or timeout: 62.07 seconds
Build info: version: '3.11.0', revision: 'e59cfb3', time: '2018-03-11T20:26:55.152Z'
System info: host: 'I07R7C-AF1F18', ip: '172.21.72.72', os.name: 'Windows 7', os.arch: 'amd64', os.version: '6.1', java.version: '1.8.0_191'
Driver info: driver.version: ChromeDriver
	at sun.reflect.NativeConstructorAccessorImpl.newInstance0(Native Method)
	at sun.reflect.NativeConstructorAccessorImpl.newInstance(NativeConstructorAccessorImpl.java:62)
	at sun.reflect.DelegatingConstructorAccessorImpl.newInstance(DelegatingConstructorAccessorImpl.java:45)
	at java.lang.reflect.Constructor.newInstance(Constructor.java:423)
	at org.openqa.selenium.remote.ErrorHandler.createThrowable(ErrorHandler.java:214)
	at org.openqa.selenium.remote.ErrorHandler.throwIfResponseFailed(ErrorHandler.java:166)
	at org.openqa.selenium.remote.JsonWireProtocolResponse.lambda$new$0(JsonWireProtocolResponse.java:53)
	at org.openqa.selenium.remote.JsonWireProtocolResponse.lambda$getResponseFunction$2(JsonWireProtocolResponse.java:91)
	at org.openqa.selenium.remote.ProtocolHandshake.lambda$createSession$0(ProtocolHandshake.java:123)
	at java.util.stream.ReferencePipeline$3$1.accept(ReferencePipeline.java:193)
	at java.util.Spliterators$ArraySpliterator.tryAdvance(Spliterators.java:958)
	at java.util.stream.ReferencePipeline.forEachWithCancel(ReferencePipeline.java:126)
	at java.util.stream.AbstractPipeline.copyIntoWithCancel(AbstractPipeline.java:498)
	at java.util.stream.AbstractPipeline.copyInto(AbstractPipeline.java:485)
	at java.util.stream.AbstractPipeline.wrapAndCopyInto(AbstractPipeline.java:471)
	at java.util.stream.FindOps$FindOp.evaluateSequential(FindOps.java:152)
	at java.util.stream.AbstractPipeline.evaluate(AbstractPipeline.java:234)
	at java.util.stream.ReferencePipeline.findFirst(ReferencePipeline.java:464)
	at org.openqa.selenium.remote.ProtocolHandshake.createSession(ProtocolHandshake.java:126)
	at org.openqa.selenium.remote.ProtocolHandshake.createSession(ProtocolHandshake.java:73)
	at org.openqa.selenium.remote.HttpCommandExecutor.execute(HttpCommandExecutor.java:136)
	at org.openqa.selenium.remote.service.DriverCommandExecutor.execute(DriverCommandExecutor.java:83)
	at org.openqa.selenium.remote.RemoteWebDriver.execute(RemoteWebDriver.java:545)
	at org.openqa.selenium.remote.RemoteWebDriver.startSession(RemoteWebDriver.java:209)
	at org.openqa.selenium.remote.RemoteWebDriver.<init>(RemoteWebDriver.java:132)
	at org.openqa.selenium.chrome.ChromeDriver.<init>(ChromeDriver.java:181)
	at org.openqa.selenium.chrome.ChromeDriver.<init>(ChromeDriver.java:147)
	at net.serenitybdd.core.webdriver.servicepools.ChromeServicePool.newDriverInstance(ChromeServicePool.java:19)
	at net.serenitybdd.core.webdriver.servicepools.DriverServicePool.newDriver(DriverServicePool.java:78)
	at net.serenitybdd.core.webdriver.driverproviders.ChromeDriverProvider.newInstance(ChromeDriverProvider.java:49)
	at net.thucydides.core.webdriver.WebDriverFactory.newWebdriverInstance(WebDriverFactory.java:127)
	... 44 more
&amp#27;[0m
    &amp#27;[36mAnd &amp#27;[0m&amp#27;[36mClick on department sign in link&amp#27;[0m                   &amp#27;[90m# LoginDepartmentSubTierOfficeAdminStepDef.Click_on_department_on_sign_in_link1()&amp#27;[0m
    &amp#27;[36mAnd &amp#27;[0m&amp#27;[36mClick on department accept button&amp#27;[0m                  &amp#27;[90m# LoginDepartmentSubTierOfficeAdminStepDef.Click_on_department_accept_button1()&amp#27;[0m
    &amp#27;[36mAnd &amp#27;[0m&amp#27;[36mEnters the department email id &amp#27;[0m&amp#27;[36m&amp#27;[1mcreateDepartment&amp#27;[0m    &amp#27;[90m# LoginDepartmentSubTierOfficeAdminStepDef.the_user_enters_the_email_id1(String)&amp#27;[0m
    &amp#27;[36mAnd &amp#27;[0m&amp#27;[36mEnters the department password &amp#27;[0m&amp#27;[36m&amp#27;[1malertadminPassword1&amp#27;[0m &amp#27;[90m# LoginDepartmentSubTierOfficeAdminStepDef.Enters_the_department_password(String)&amp#27;[0m
    &amp#27;[36mThen &amp#27;[0m&amp#27;[36mClick on department sign in button&amp#27;[0m                &amp#27;[90m# LoginDepartmentSubTierOfficeAdminStepDef.the_user_click_on_sign_in_button1()&amp#27;[0m
    &amp#27;[36mAnd &amp#27;[0m&amp#27;[36mReceive your one time department password &amp#27;[0m&amp#27;[36m&amp#27;[1mmyEmail&amp#27;[0m  &amp#27;[90m# LoginDepartmentSubTierOfficeAdminStepDef.the_user_want_to_receive_your_one_time_password1(String)&amp#27;[0m
    &amp#27;[36mAnd &amp#27;[0m&amp#27;[36mEnters department one time access code&amp#27;[0m             &amp#27;[90m# LoginDepartmentSubTierOfficeAdminStepDef.Enters_department_one_time_access_code1()&amp#27;[0m
    &amp#27;[36mThen &amp#27;[0m&amp#27;[36mClick on department one time submit button&amp#27;[0m        &amp#27;[90m# LoginDepartmentSubTierOfficeAdminStepDef.Click_on_department_one_time_submit_button1()&amp#27;[0m
]]></system-out>
    <system-err><![CDATA[[main] INFO net.thucydides.core.steps.ConsoleLoggingListener - 
        __    _____ _____ ____ _____   ____   _    ____  ____  _____ ____  
  _     \ \  |_   _| ____/ ___|_   _| |  _ \ / \  / ___|/ ___|| ____|  _ \ 
 (_)_____| |   | | |  _| \___ \ | |   | |_) / _ \ \___ \\___ \|  _| | | | |
  _|_____| |   | | | |___ ___) || |   |  __/ ___ \ ___) |___) | |___| |_| |
 (_)     | |   |_| |_____|____/ |_|   |_| /_/   \_\____/|____/|_____|____/ 
        /_/                                                                

TEST PASSED: Browser close
----------------------------------------------------------------------------
[main] INFO net.thucydides.core.steps.ConsoleLoggingListener - 
 _____ _____ ____ _____   ____ _____  _    ____ _____ _____ ____  
|_   _| ____/ ___|_   _| / ___|_   _|/ \  |  _ \_   _| ____|  _ \ 
  | | |  _| \___ \ | |   \___ \ | | / _ \ | |_) || | |  _| | | | |
  | | | |___ ___) || |    ___) || |/ ___ \|  _ < | | | |___| |_| |
  |_| |_____|____/ |_|   |____/ |_/_/   \_\_| \_\|_| |_____|____/ 
                                                                  

TEST STARTED: Log into the GSA website as createDepartment
-------------------------------------------------------------------(editing-request-office-page-negative-scenarios.;log-into-the-gsa-website-as-createdepartment)
[main] INFO gov.gsa.sam.stepdefinition.LoginDepartmentSubTierOfficeAdminStepDef - ****COMP_HOME_PAGE. driver::WebDriverFacade for chrome
Apr 30, 2019 1:46:07 PM org.openqa.selenium.remote.DesiredCapabilities chrome
INFO: Using `new ChromeOptions()` is preferred to `DesiredCapabilities.chrome()`
[main] WARN net.serenitybdd.core.webdriver.servicepools.ChromeServicePool - Remote driver creation failed (chrome not reachable), falling back on default driver creation
Starting ChromeDriver 2.38.552522 (437e6fbedfa8762dec75e2c5b3ddb86763dc9dcb) on port 24704
Only local connections are allowed.
[main] ERROR net.thucydides.core.webdriver.WebDriverFacade - FAILED TO CREATE NEW WEBDRIVER_DRIVER INSTANCE class org.openqa.selenium.chrome.ChromeDriver: Could not instantiate new WebDriver instance of type class org.openqa.selenium.chrome.ChromeDriver (chrome not reachable
  (Driver info: chromedriver=2.38.552522 (437e6fbedfa8762dec75e2c5b3ddb86763dc9dcb),platform=Windows NT 6.1.7601 SP1 x86_64) (WARNING: The server did not provide any stacktrace information)
Command duration or timeout: 62.07 seconds
Build info: version: '3.11.0', revision: 'e59cfb3', time: '2018-03-11T20:26:55.152Z'
System info: host: 'I07R7C-AF1F18', ip: '172.21.72.72', os.name: 'Windows 7', os.arch: 'amd64', os.version: '6.1', java.version: '1.8.0_191'
Driver info: driver.version: ChromeDriver
net.thucydides.core.webdriver.UnsupportedDriverException: Could not instantiate new WebDriver instance of type class org.openqa.selenium.chrome.ChromeDriver (chrome not reachable
  (Driver info: chromedriver=2.38.552522 (437e6fbedfa8762dec75e2c5b3ddb86763dc9dcb),platform=Windows NT 6.1.7601 SP1 x86_64) (WARNING: The server did not provide any stacktrace information)
Command duration or timeout: 62.07 seconds
Build info: version: '3.11.0', revision: 'e59cfb3', time: '2018-03-11T20:26:55.152Z'
System info: host: 'I07R7C-AF1F18', ip: '172.21.72.72', os.name: 'Windows 7', os.arch: 'amd64', os.version: '6.1', java.version: '1.8.0_191'
Driver info: driver.version: ChromeDriver
	at net.thucydides.core.webdriver.WebDriverFactory.newWebdriverInstance(WebDriverFactory.java:137)
	at net.thucydides.core.webdriver.WebDriverFacade.newDriverInstance(WebDriverFacade.java:149)
	at net.thucydides.core.webdriver.WebDriverFacade.newProxyDriver(WebDriverFacade.java:140)
	at net.thucydides.core.webdriver.WebDriverFacade.getProxiedDriver(WebDriverFacade.java:110)
	at net.thucydides.core.webdriver.WebDriverFacade.navigate(WebDriverFacade.java:362)
	at gov.gsa.sam.stepdefinition.LoginDepartmentSubTierOfficeAdminStepDef.the_user_login_into_environment(LoginDepartmentSubTierOfficeAdminStepDef.java:55)
	at sun.reflect.NativeMethodAccessorImpl.invoke0(Native Method)
	at sun.reflect.NativeMethodAccessorImpl.invoke(NativeMethodAccessorImpl.java:62)
	at sun.reflect.DelegatingMethodAccessorImpl.invoke(DelegatingMethodAccessorImpl.java:43)
	at java.lang.reflect.Method.invoke(Method.java:498)
	at cucumber.runtime.Utils$1.call(Utils.java:32)
	at cucumber.runtime.Timeout.timeout(Timeout.java:16)
	at cucumber.runtime.Utils.invoke(Utils.java:26)
	at cucumber.runtime.java.JavaStepDefinition.execute(JavaStepDefinition.java:37)
	at cucumber.runtime.StepDefinitionMatch.runStep(StepDefinitionMatch.java:40)
	at cucumber.api.TestStep.executeStep(TestStep.java:102)
	at cucumber.api.TestStep.run(TestStep.java:83)
	at cucumber.api.TestCase.run(TestCase.java:58)
	at cucumber.runner.Runner.runPickle(Runner.java:80)
	at cucumber.runtime.junit.PickleRunners$NoStepDescriptions.run(PickleRunners.java:140)
	at cucumber.runtime.junit.FeatureRunner.runChild(FeatureRunner.java:68)
	at cucumber.runtime.junit.FeatureRunner.runChild(FeatureRunner.java:23)
	at org.junit.runners.ParentRunner$3.run(ParentRunner.java:290)
	at org.junit.runners.ParentRunner$1.schedule(ParentRunner.java:71)
	at org.junit.runners.ParentRunner.runChildren(ParentRunner.java:288)
	at org.junit.runners.ParentRunner.access$000(ParentRunner.java:58)
	at org.junit.runners.ParentRunner$2.evaluate(ParentRunner.java:268)
	at org.junit.runners.ParentRunner.run(ParentRunner.java:363)
	at cucumber.runtime.junit.FeatureRunner.run(FeatureRunner.java:73)
	at cucumber.api.junit.Cucumber.runChild(Cucumber.java:117)
	at cucumber.api.junit.Cucumber.runChild(Cucumber.java:55)
	at org.junit.runners.ParentRunner$3.run(ParentRunner.java:290)
	at org.junit.runners.ParentRunner$1.schedule(ParentRunner.java:71)
	at org.junit.runners.ParentRunner.runChildren(ParentRunner.java:288)
	at org.junit.runners.ParentRunner.access$000(ParentRunner.java:58)
	at org.junit.runners.ParentRunner$2.evaluate(ParentRunner.java:268)
	at cucumber.api.junit.Cucumber$1.evaluate(Cucumber.java:126)
	at org.junit.runners.ParentRunner.run(ParentRunner.java:363)
	at org.apache.maven.surefire.junit4.JUnit4Provider.execute(JUnit4Provider.java:365)
	at org.apache.maven.surefire.junit4.JUnit4Provider.executeWithRerun(JUnit4Provider.java:272)
	at org.apache.maven.surefire.junit4.JUnit4Provider.executeTestSet(JUnit4Provider.java:236)
	at org.apache.maven.surefire.junit4.JUnit4Provider.invoke(JUnit4Provider.java:159)
	at org.apache.maven.surefire.booter.ForkedBooter.invokeProviderInSameClassLoader(ForkedBooter.java:386)
	at org.apache.maven.surefire.booter.ForkedBooter.runSuitesInProcess(ForkedBooter.java:323)
	at org.apache.maven.surefire.booter.ForkedBooter.main(ForkedBooter.java:143)
Caused by: org.openqa.selenium.WebDriverException: chrome not reachable
  (Driver info: chromedriver=2.38.552522 (437e6fbedfa8762dec75e2c5b3ddb86763dc9dcb),platform=Windows NT 6.1.7601 SP1 x86_64) (WARNING: The server did not provide any stacktrace information)
Command duration or timeout: 62.07 seconds
Build info: version: '3.11.0', revision: 'e59cfb3', time: '2018-03-11T20:26:55.152Z'
System info: host: 'I07R7C-AF1F18', ip: '172.21.72.72', os.name: 'Windows 7', os.arch: 'amd64', os.version: '6.1', java.version: '1.8.0_191'
Driver info: driver.version: ChromeDriver
	at sun.reflect.NativeConstructorAccessorImpl.newInstance0(Native Method)
	at sun.reflect.NativeConstructorAccessorImpl.newInstance(NativeConstructorAccessorImpl.java:62)
	at sun.reflect.DelegatingConstructorAccessorImpl.newInstance(DelegatingConstructorAccessorImpl.java:45)
	at java.lang.reflect.Constructor.newInstance(Constructor.java:423)
	at org.openqa.selenium.remote.ErrorHandler.createThrowable(ErrorHandler.java:214)
	at org.openqa.selenium.remote.ErrorHandler.throwIfResponseFailed(ErrorHandler.java:166)
	at org.openqa.selenium.remote.JsonWireProtocolResponse.lambda$new$0(JsonWireProtocolResponse.java:53)
	at org.openqa.selenium.remote.JsonWireProtocolResponse.lambda$getResponseFunction$2(JsonWireProtocolResponse.java:91)
	at org.openqa.selenium.remote.ProtocolHandshake.lambda$createSession$0(ProtocolHandshake.java:123)
	at java.util.stream.ReferencePipeline$3$1.accept(ReferencePipeline.java:193)
	at java.util.Spliterators$ArraySpliterator.tryAdvance(Spliterators.java:958)
	at java.util.stream.ReferencePipeline.forEachWithCancel(ReferencePipeline.java:126)
	at java.util.stream.AbstractPipeline.copyIntoWithCancel(AbstractPipeline.java:498)
	at java.util.stream.AbstractPipeline.copyInto(AbstractPipeline.java:485)
	at java.util.stream.AbstractPipeline.wrapAndCopyInto(AbstractPipeline.java:471)
	at java.util.stream.FindOps$FindOp.evaluateSequential(FindOps.java:152)
	at java.util.stream.AbstractPipeline.evaluate(AbstractPipeline.java:234)
	at java.util.stream.ReferencePipeline.findFirst(ReferencePipeline.java:464)
	at org.openqa.selenium.remote.ProtocolHandshake.createSession(ProtocolHandshake.java:126)
	at org.openqa.selenium.remote.ProtocolHandshake.createSession(ProtocolHandshake.java:73)
	at org.openqa.selenium.remote.HttpCommandExecutor.execute(HttpCommandExecutor.java:136)
	at org.openqa.selenium.remote.service.DriverCommandExecutor.execute(DriverCommandExecutor.java:83)
	at org.openqa.selenium.remote.RemoteWebDriver.execute(RemoteWebDriver.java:545)
	at org.openqa.selenium.remote.RemoteWebDriver.startSession(RemoteWebDriver.java:209)
	at org.openqa.selenium.remote.RemoteWebDriver.<init>(RemoteWebDriver.java:132)
	at org.openqa.selenium.chrome.ChromeDriver.<init>(ChromeDriver.java:181)
	at org.openqa.selenium.chrome.ChromeDriver.<init>(ChromeDriver.java:147)
	at net.serenitybdd.core.webdriver.servicepools.ChromeServicePool.newDriverInstance(ChromeServicePool.java:19)
	at net.serenitybdd.core.webdriver.servicepools.DriverServicePool.newDriver(DriverServicePool.java:78)
	at net.serenitybdd.core.webdriver.driverproviders.ChromeDriverProvider.newInstance(ChromeDriverProvider.java:49)
	at net.thucydides.core.webdriver.WebDriverFactory.newWebdriverInstance(WebDriverFactory.java:127)
	... 44 more
[main] ERROR net.thucydides.core.steps.ConsoleLoggingListener - 
           __  _____ _____ ____ _____   _____ _    ___ _     _____ ____  
  _       / / |_   _| ____/ ___|_   _| |  ___/ \  |_ _| |   | ____|  _ \ 
 (_)_____| |    | | |  _| \___ \ | |   | |_ / _ \  | || |   |  _| | | | |
  _|_____| |    | | | |___ ___) || |   |  _/ ___ \ | || |___| |___| |_| |
 (_)     | |    |_| |_____|____/ |_|   |_|/_/   \_\___|_____|_____|____/ 
          \_\                                                            

TEST FAILED WITH ERROR: Log into the GSA website as createDepartment
---------------------------------------------------------------------
[main] ERROR net.thucydides.core.steps.ConsoleLoggingListener - TEST FAILED AT STEP And The user login into environment COMP_HOME_PAGE
[main] ERROR net.thucydides.core.steps.ConsoleLoggingListener - Could not instantiate new WebDriver instance of type class org.openqa.selenium.chrome.ChromeDriver (chrome not reachable
]]></system-err>
  </testcase>
  <testcase name="My Workspace" classname="Editing request office page negative scenarios." time="58.635">
    <error message="no such element: Unable to locate element: {&quot;method&quot;:&quot;xpath&quot;,&quot;selector&quot;:&quot;//*[@id=&quot;main-container&quot;]/ng-component/div/div/div/div/div/div/div/div[2]/div/div[3]/a&quot;}&#10;  (Session info: chrome=73.0.3683.86)&#10;  (Driver info: chromedriver=2.38.552522 (437e6fbedfa8762dec75e2c5b3ddb86763dc9dcb),platform=Windows NT 6.1.7601 SP1 x86_64) (WARNING: The server did not provide any stacktrace information)&#10;Command duration or timeout: 0 milliseconds&#10;For documentation on this error, please visit: http://seleniumhq.org/exceptions/no_such_element.html&#10;Build info: version: &apos;3.11.0&apos;, revision: &apos;e59cfb3&apos;, time: &apos;2018-03-11T20:26:55.152Z&apos;&#10;System info: host: &apos;I07R7C-AF1F18&apos;, ip: &apos;172.21.72.72&apos;, os.name: &apos;Windows 7&apos;, os.arch: &apos;amd64&apos;, os.version: &apos;6.1&apos;, java.version: &apos;1.8.0_191&apos;&#10;Driver info: org.openqa.selenium.remote.RemoteWebDriver&#10;Capabilities {acceptInsecureCerts: false, acceptSslCerts: false, applicationCacheEnabled: false, browserConnectionEnabled: false, browserName: chrome, chrome: {chromedriverVersion: 2.38.552522 (437e6fbedfa876..., userDataDir: C:\Users\SH359E~1\AppData\L...}, cssSelectorsEnabled: true, databaseEnabled: false, handlesAlerts: true, hasTouchScreen: false, javascriptEnabled: true, locationContextEnabled: true, mobileEmulationEnabled: false, nativeEvents: true, networkConnectionEnabled: false, pageLoadStrategy: normal, platform: XP, platformName: XP, rotatable: false, setWindowRect: true, takesHeapSnapshot: true, takesScreenshot: true, unexpectedAlertBehaviour: , unhandledPromptBehavior: , version: 73.0.3683.86, webStorageEnabled: true}&#10;Session ID: 64b81c4f3df0c7a01590797b0bf9d7d4&#10;*** Element info: {Using=xpath, value=//*[@id=&quot;main-container&quot;]/ng-component/div/div/div/div/div/div/div/div[2]/div/div[3]/a}" type="org.openqa.selenium.NoSuchElementException">org.openqa.selenium.NoSuchElementException: 
no such element: Unable to locate element: {"method":"xpath","selector":"//*[@id="main-container"]/ng-component/div/div/div/div/div/div/div/div[2]/div/div[3]/a"}
  (Session info: chrome=73.0.3683.86)
  (Driver info: chromedriver=2.38.552522 (437e6fbedfa8762dec75e2c5b3ddb86763dc9dcb),platform=Windows NT 6.1.7601 SP1 x86_64) (WARNING: The server did not provide any stacktrace information)
Command duration or timeout: 0 milliseconds
For documentation on this error, please visit: http://seleniumhq.org/exceptions/no_such_element.html
Build info: version: '3.11.0', revision: 'e59cfb3', time: '2018-03-11T20:26:55.152Z'
System info: host: 'I07R7C-AF1F18', ip: '172.21.72.72', os.name: 'Windows 7', os.arch: 'amd64', os.version: '6.1', java.version: '1.8.0_191'
Driver info: org.openqa.selenium.remote.RemoteWebDriver
Capabilities {acceptInsecureCerts: false, acceptSslCerts: false, applicationCacheEnabled: false, browserConnectionEnabled: false, browserName: chrome, chrome: {chromedriverVersion: 2.38.552522 (437e6fbedfa876..., userDataDir: C:\Users\SH359E~1\AppData\L...}, cssSelectorsEnabled: true, databaseEnabled: false, handlesAlerts: true, hasTouchScreen: false, javascriptEnabled: true, locationContextEnabled: true, mobileEmulationEnabled: false, nativeEvents: true, networkConnectionEnabled: false, pageLoadStrategy: normal, platform: XP, platformName: XP, rotatable: false, setWindowRect: true, takesHeapSnapshot: true, takesScreenshot: true, unexpectedAlertBehaviour: , unhandledPromptBehavior: , version: 73.0.3683.86, webStorageEnabled: true}
Session ID: 64b81c4f3df0c7a01590797b0bf9d7d4
*** Element info: {Using=xpath, value=//*[@id="main-container"]/ng-component/div/div/div/div/div/div/div/div[2]/div/div[3]/a}
</error>
    <system-out><![CDATA[
  @NegEditReuqstoffice @officeAdmin
  Scenario: My Workspace                                              &amp#27;[90m# src/test/resources/features/negEditOffice.feature:17&amp#27;[0m
    &amp#27;[31mGiven &amp#27;[0m&amp#27;[31mUser Click on go to department link&amp#27;[0m                         &amp#27;[90m# LoginDepartmentSubTierOfficeAdminStepDef.User_Click_on_go_to_department_link()&amp#27;[0m
      &amp#27;[31morg.openqa.selenium.NoSuchElementException: no such element: Unable to locate element: {"method":"xpath","selector":"//*[@id="main-container"]/ng-component/div/div/div/div/div/div/div/div[2]/div/div[3]/a"}
  (Session info: chrome=73.0.3683.86)
  (Driver info: chromedriver=2.38.552522 (437e6fbedfa8762dec75e2c5b3ddb86763dc9dcb),platform=Windows NT 6.1.7601 SP1 x86_64) (WARNING: The server did not provide any stacktrace information)
Command duration or timeout: 0 milliseconds
For documentation on this error, please visit: http://seleniumhq.org/exceptions/no_such_element.html
Build info: version: '3.11.0', revision: 'e59cfb3', time: '2018-03-11T20:26:55.152Z'
System info: host: 'I07R7C-AF1F18', ip: '172.21.72.72', os.name: 'Windows 7', os.arch: 'amd64', os.version: '6.1', java.version: '1.8.0_191'
Driver info: org.openqa.selenium.remote.RemoteWebDriver
Capabilities {acceptInsecureCerts: false, acceptSslCerts: false, applicationCacheEnabled: false, browserConnectionEnabled: false, browserName: chrome, chrome: {chromedriverVersion: 2.38.552522 (437e6fbedfa876..., userDataDir: C:\Users\SH359E~1\AppData\L...}, cssSelectorsEnabled: true, databaseEnabled: false, handlesAlerts: true, hasTouchScreen: false, javascriptEnabled: true, locationContextEnabled: true, mobileEmulationEnabled: false, nativeEvents: true, networkConnectionEnabled: false, pageLoadStrategy: normal, platform: XP, platformName: XP, rotatable: false, setWindowRect: true, takesHeapSnapshot: true, takesScreenshot: true, unexpectedAlertBehaviour: , unhandledPromptBehavior: , version: 73.0.3683.86, webStorageEnabled: true}
Session ID: 64b81c4f3df0c7a01590797b0bf9d7d4
*** Element info: {Using=xpath, value=//*[@id="main-container"]/ng-component/div/div/div/div/div/div/div/div[2]/div/div[3]/a}
	at sun.reflect.NativeConstructorAccessorImpl.newInstance0(Native Method)
	at sun.reflect.NativeConstructorAccessorImpl.newInstance(NativeConstructorAccessorImpl.java:62)
	at sun.reflect.DelegatingConstructorAccessorImpl.newInstance(DelegatingConstructorAccessorImpl.java:45)
	at java.lang.reflect.Constructor.newInstance(Constructor.java:423)
	at org.openqa.selenium.remote.ErrorHandler.createThrowable(ErrorHandler.java:214)
	at org.openqa.selenium.remote.ErrorHandler.throwIfResponseFailed(ErrorHandler.java:166)
	at org.openqa.selenium.remote.http.JsonHttpResponseCodec.reconstructValue(JsonHttpResponseCodec.java:40)
	at org.openqa.selenium.remote.http.AbstractHttpResponseCodec.decode(AbstractHttpResponseCodec.java:80)
	at org.openqa.selenium.remote.http.AbstractHttpResponseCodec.decode(AbstractHttpResponseCodec.java:44)
	at org.openqa.selenium.remote.HttpCommandExecutor.execute(HttpCommandExecutor.java:158)
	at org.openqa.selenium.remote.RemoteWebDriver.execute(RemoteWebDriver.java:545)
	at org.openqa.selenium.remote.RemoteWebDriver.findElement(RemoteWebDriver.java:319)
	at org.openqa.selenium.remote.RemoteWebDriver.findElementByXPath(RemoteWebDriver.java:421)
	at org.openqa.selenium.By$ByXPath.findElement(By.java:361)
	at org.openqa.selenium.remote.RemoteWebDriver.findElement(RemoteWebDriver.java:311)
	at net.thucydides.core.webdriver.WebDriverFacade.findElement(WebDriverFacade.java:231)
	at gov.gsa.sam.stepdefinition.LoginDepartmentSubTierOfficeAdminStepDef.User_Click_on_go_to_department_link(LoginDepartmentSubTierOfficeAdminStepDef.java:159)
	at ?.User Click on go to department link(src/test/resources/features/negEditOffice.feature:18)
&amp#27;[0m
    &amp#27;[36mThen &amp#27;[0m&amp#27;[36mUser navigate into search page and serach for gsa department&amp#27;[0m &amp#27;[90m# EditRequestOfficeStep.The_user_navigates_into_the_search_page_and_search_for_gas_department()&amp#27;[0m
    &amp#27;[36mGiven &amp#27;[0m&amp#27;[36mUser Click on Hierarchy&amp#27;[0m                                     &amp#27;[90m# LoginDepartmentSubTierOfficeAdminStepDef.User_Click_on_Hierarchy()&amp#27;[0m
    &amp#27;[36mThen &amp#27;[0m&amp#27;[36mClick on the first subTier link&amp#27;[0m                              &amp#27;[90m# CreateOfficeStepDef.Click_on_the_first_subTier_link()&amp#27;[0m
    &amp#27;[36mAnd &amp#27;[0m&amp#27;[36mRead agency name and agency code on subTier profile page&amp#27;[0m      &amp#27;[90m# EditRequestOfficeStep.Read_agency_name_and_agency_code_on_subTier_profile_page()&amp#27;[0m
    &amp#27;[36mGiven &amp#27;[0m&amp#27;[36mUser Click on Hierarchy&amp#27;[0m                                     &amp#27;[90m# LoginDepartmentSubTierOfficeAdminStepDef.User_Click_on_Hierarchy()&amp#27;[0m
    &amp#27;[36mThen &amp#27;[0m&amp#27;[36mClick on the first subTier link&amp#27;[0m                              &amp#27;[90m# CreateOfficeStepDef.Click_on_the_first_subTier_link()&amp#27;[0m
]]></system-out>
    <system-err><![CDATA[[main] ERROR net.thucydides.core.steps.ConsoleLoggingListener - 
           __  _____ _____ ____ _____   _____ _    ___ _     _____ ____  
  _       / / |_   _| ____/ ___|_   _| |  ___/ \  |_ _| |   | ____|  _ \ 
 (_)_____| |    | | |  _| \___ \ | |   | |_ / _ \  | || |   |  _| | | | |
  _|_____| |    | | | |___ ___) || |   |  _/ ___ \ | || |___| |___| |_| |
 (_)     | |    |_| |_____|____/ |_|   |_|/_/   \_\___|_____|_____|____/ 
          \_\                                                            

TEST FAILED WITH ERROR: Log into the GSA website as createDepartment
---------------------------------------------------------------------
[main] ERROR net.thucydides.core.steps.ConsoleLoggingListener - TEST FAILED AT STEP And The user login into environment COMP_HOME_PAGE
[main] ERROR net.thucydides.core.steps.ConsoleLoggingListener - Could not instantiate new WebDriver instance of type class org.openqa.selenium.chrome.ChromeDriver (chrome not reachable
[main] INFO net.thucydides.core.steps.ConsoleLoggingListener - 
 _____ _____ ____ _____   ____ _____  _    ____ _____ _____ ____  
|_   _| ____/ ___|_   _| / ___|_   _|/ \  |  _ \_   _| ____|  _ \ 
  | | |  _| \___ \ | |   \___ \ | | / _ \ | |_) || | |  _| | | | |
  | | | |___ ___) || |    ___) || |/ ___ \|  _ < | | | |___| |_| |
  |_| |_____|____/ |_|   |____/ |_/_/   \_\_| \_\|_| |_____|____/ 
                                                                  

TEST STARTED: My Workspace
-------------------------------------------------------------------(editing-request-office-page-negative-scenarios.;my-workspace)
[main] INFO gov.gsa.sam.stepdefinition.LoginDepartmentSubTierOfficeAdminStepDef - Test:::WebDriverFacade for chrome
Apr 30, 2019 1:48:42 PM org.openqa.selenium.remote.DesiredCapabilities chrome
INFO: Using `new ChromeOptions()` is preferred to `DesiredCapabilities.chrome()`
Apr 30, 2019 1:49:10 PM org.openqa.selenium.remote.ProtocolHandshake createSession
INFO: Detected dialect: OSS
[main] ERROR net.thucydides.core.steps.ConsoleLoggingListener - 
           __  _____ _____ ____ _____   _____ _    ___ _     _____ ____  
  _       / / |_   _| ____/ ___|_   _| |  ___/ \  |_ _| |   | ____|  _ \ 
 (_)_____| |    | | |  _| \___ \ | |   | |_ / _ \  | || |   |  _| | | | |
  _|_____| |    | | | |___ ___) || |   |  _/ ___ \ | || |___| |___| |_| |
 (_)     | |    |_| |_____|____/ |_|   |_|/_/   \_\___|_____|_____|____/ 
          \_\                                                            

TEST FAILED WITH ERROR: My Workspace
---------------------------------------------------------------------
[main] ERROR net.thucydides.core.steps.ConsoleLoggingListener - TEST FAILED AT STEP Given User Click on go to department link
[main] ERROR net.thucydides.core.steps.ConsoleLoggingListener - no such element: Unable to locate element: {"method":"xpath","selector":"//*[@id="main-container"]g-component/div/div/div/div/div/div/div/div[2]/div/div[3]/a"}  (Session info: chrome=73.0.3683.86)  (Driver info: chromedriver=2.38.552522 (437e6fbedfa8762dec75e2c5b3ddb86763dc9dcb),platform=Windows NT 6.1.7601 SP1 x86_64) (WARNING: The server did not provide any stacktrace information)Command duration or timeout: 0 millisecondsFor documentation on this error, please visit: http://seleniumhq.org/exceptionso_such_element.htmlBuild info: version: '3.11.0', revision: 'e59cfb3', time: '2018-03-11T20:26:55.152Z'System info: host: 'I07R7C-AF1F18', ip: '172.21.72.72', os.name: 'Windows 7', os.arch: 'amd64', os.version: '6.1', java.version: '1.8.0_191'Driver info: org.openqa.selenium.remote.RemoteWebDriverCapabilities {acceptInsecureCerts: false, acceptSslCerts: false, applicationCacheEnabled: false, browserConnectionEnabled: false, browserName: chrome, chrome: {chromedriverVersion: 2.38.552522 (437e6fbedfa876..., userDataDir: C:\Users\SH359E~1\AppData\L...}, cssSelectorsEnabled: true, databaseEnabled: false, handlesAlerts: true, hasTouchScreen: false, javascriptEnabled: true, locationContextEnabled: true, mobileEmulationEnabled: false, nativeEvents: true, networkConnectionEnabled: false, pageLoadStrategy: normal, platform: XP, platformName: XP, rotatable: false, setWindowRect: true, takesHeapSnapshot: true, takesScreenshot: true, unexpectedAlertBehaviour: , unhandledPromptBehavior: , version: 73.0.3683.86, webStorageEnabled: true}Session ID: 64b81c4f3df0c7a01590797b0bf9d7d4*** Element info: {Using=xpath, value=//*[@id="main-container"]g-component/div/div/div/div/div/div/div/div[2]/div/div[3]/a}For documentation on this error, please visit: http://seleniumhq.org/exceptionso_such_element.htmlBuild info: version: '3.11.0', revision: 'e59cfb3', time: '2018-03-11T20:26:55.152Z'System info: host: 'I07R7C-AF1F18', ip: '172.21.72.72', os.name: 'Windows 7', os.arch: 'amd64', os.version: '6.1', java.version: '1.8.0_191'Driver info: driver.version: unknown
]]></system-err>
  </testcase>
  <testcase name="Neg Edit request office" classname="Editing request office page negative scenarios." time="5.641">
    <error message="no such element: Unable to locate element: {&quot;method&quot;:&quot;xpath&quot;,&quot;selector&quot;:&quot;//*[@id=&quot;primary-content&quot;]/ng-component/div/div[1]/div[1]/button&quot;}&#10;  (Session info: chrome=73.0.3683.86)&#10;  (Driver info: chromedriver=2.38.552522 (437e6fbedfa8762dec75e2c5b3ddb86763dc9dcb),platform=Windows NT 6.1.7601 SP1 x86_64) (WARNING: The server did not provide any stacktrace information)&#10;Command duration or timeout: 0 milliseconds&#10;For documentation on this error, please visit: http://seleniumhq.org/exceptions/no_such_element.html&#10;Build info: version: &apos;3.11.0&apos;, revision: &apos;e59cfb3&apos;, time: &apos;2018-03-11T20:26:55.152Z&apos;&#10;System info: host: &apos;I07R7C-AF1F18&apos;, ip: &apos;172.21.72.72&apos;, os.name: &apos;Windows 7&apos;, os.arch: &apos;amd64&apos;, os.version: &apos;6.1&apos;, java.version: &apos;1.8.0_191&apos;&#10;Driver info: org.openqa.selenium.remote.RemoteWebDriver&#10;Capabilities {acceptInsecureCerts: false, acceptSslCerts: false, applicationCacheEnabled: false, browserConnectionEnabled: false, browserName: chrome, chrome: {chromedriverVersion: 2.38.552522 (437e6fbedfa876..., userDataDir: C:\Users\SH359E~1\AppData\L...}, cssSelectorsEnabled: true, databaseEnabled: false, handlesAlerts: true, hasTouchScreen: false, javascriptEnabled: true, locationContextEnabled: true, mobileEmulationEnabled: false, nativeEvents: true, networkConnectionEnabled: false, pageLoadStrategy: normal, platform: XP, platformName: XP, rotatable: false, setWindowRect: true, takesHeapSnapshot: true, takesScreenshot: true, unexpectedAlertBehaviour: , unhandledPromptBehavior: , version: 73.0.3683.86, webStorageEnabled: true}&#10;Session ID: 64b81c4f3df0c7a01590797b0bf9d7d4&#10;*** Element info: {Using=xpath, value=//*[@id=&quot;primary-content&quot;]/ng-component/div/div[1]/div[1]/button}" type="org.openqa.selenium.NoSuchElementException">org.openqa.selenium.NoSuchElementException: 
no such element: Unable to locate element: {"method":"xpath","selector":"//*[@id="primary-content"]/ng-component/div/div[1]/div[1]/button"}
  (Session info: chrome=73.0.3683.86)
  (Driver info: chromedriver=2.38.552522 (437e6fbedfa8762dec75e2c5b3ddb86763dc9dcb),platform=Windows NT 6.1.7601 SP1 x86_64) (WARNING: The server did not provide any stacktrace information)
Command duration or timeout: 0 milliseconds
For documentation on this error, please visit: http://seleniumhq.org/exceptions/no_such_element.html
Build info: version: '3.11.0', revision: 'e59cfb3', time: '2018-03-11T20:26:55.152Z'
System info: host: 'I07R7C-AF1F18', ip: '172.21.72.72', os.name: 'Windows 7', os.arch: 'amd64', os.version: '6.1', java.version: '1.8.0_191'
Driver info: org.openqa.selenium.remote.RemoteWebDriver
Capabilities {acceptInsecureCerts: false, acceptSslCerts: false, applicationCacheEnabled: false, browserConnectionEnabled: false, browserName: chrome, chrome: {chromedriverVersion: 2.38.552522 (437e6fbedfa876..., userDataDir: C:\Users\SH359E~1\AppData\L...}, cssSelectorsEnabled: true, databaseEnabled: false, handlesAlerts: true, hasTouchScreen: false, javascriptEnabled: true, locationContextEnabled: true, mobileEmulationEnabled: false, nativeEvents: true, networkConnectionEnabled: false, pageLoadStrategy: normal, platform: XP, platformName: XP, rotatable: false, setWindowRect: true, takesHeapSnapshot: true, takesScreenshot: true, unexpectedAlertBehaviour: , unhandledPromptBehavior: , version: 73.0.3683.86, webStorageEnabled: true}
Session ID: 64b81c4f3df0c7a01590797b0bf9d7d4
*** Element info: {Using=xpath, value=//*[@id="primary-content"]/ng-component/div/div[1]/div[1]/button}
</error>
    <system-out><![CDATA[
  @NegEditReuqstoffice @EditRequestOffice
  Scenario: Neg Edit request office            &amp#27;[90m# src/test/resources/features/negEditOffice.feature:27&amp#27;[0m
    &amp#27;[31mGiven &amp#27;[0m&amp#27;[31mClick on edit button&amp#27;[0m                 &amp#27;[90m# CreateOfficeStepDef.Create_office_submit_button()&amp#27;[0m
      &amp#27;[31morg.openqa.selenium.NoSuchElementException: no such element: Unable to locate element: {"method":"xpath","selector":"//*[@id="primary-content"]/ng-component/div/div[1]/div[1]/button"}
  (Session info: chrome=73.0.3683.86)
  (Driver info: chromedriver=2.38.552522 (437e6fbedfa8762dec75e2c5b3ddb86763dc9dcb),platform=Windows NT 6.1.7601 SP1 x86_64) (WARNING: The server did not provide any stacktrace information)
Command duration or timeout: 0 milliseconds
For documentation on this error, please visit: http://seleniumhq.org/exceptions/no_such_element.html
Build info: version: '3.11.0', revision: 'e59cfb3', time: '2018-03-11T20:26:55.152Z'
System info: host: 'I07R7C-AF1F18', ip: '172.21.72.72', os.name: 'Windows 7', os.arch: 'amd64', os.version: '6.1', java.version: '1.8.0_191'
Driver info: org.openqa.selenium.remote.RemoteWebDriver
Capabilities {acceptInsecureCerts: false, acceptSslCerts: false, applicationCacheEnabled: false, browserConnectionEnabled: false, browserName: chrome, chrome: {chromedriverVersion: 2.38.552522 (437e6fbedfa876..., userDataDir: C:\Users\SH359E~1\AppData\L...}, cssSelectorsEnabled: true, databaseEnabled: false, handlesAlerts: true, hasTouchScreen: false, javascriptEnabled: true, locationContextEnabled: true, mobileEmulationEnabled: false, nativeEvents: true, networkConnectionEnabled: false, pageLoadStrategy: normal, platform: XP, platformName: XP, rotatable: false, setWindowRect: true, takesHeapSnapshot: true, takesScreenshot: true, unexpectedAlertBehaviour: , unhandledPromptBehavior: , version: 73.0.3683.86, webStorageEnabled: true}
Session ID: 64b81c4f3df0c7a01590797b0bf9d7d4
*** Element info: {Using=xpath, value=//*[@id="primary-content"]/ng-component/div/div[1]/div[1]/button}
	at sun.reflect.NativeConstructorAccessorImpl.newInstance0(Native Method)
	at sun.reflect.NativeConstructorAccessorImpl.newInstance(NativeConstructorAccessorImpl.java:62)
	at sun.reflect.DelegatingConstructorAccessorImpl.newInstance(DelegatingConstructorAccessorImpl.java:45)
	at java.lang.reflect.Constructor.newInstance(Constructor.java:423)
	at org.openqa.selenium.remote.ErrorHandler.createThrowable(ErrorHandler.java:214)
	at org.openqa.selenium.remote.ErrorHandler.throwIfResponseFailed(ErrorHandler.java:166)
	at org.openqa.selenium.remote.http.JsonHttpResponseCodec.reconstructValue(JsonHttpResponseCodec.java:40)
	at org.openqa.selenium.remote.http.AbstractHttpResponseCodec.decode(AbstractHttpResponseCodec.java:80)
	at org.openqa.selenium.remote.http.AbstractHttpResponseCodec.decode(AbstractHttpResponseCodec.java:44)
	at org.openqa.selenium.remote.HttpCommandExecutor.execute(HttpCommandExecutor.java:158)
	at org.openqa.selenium.remote.RemoteWebDriver.execute(RemoteWebDriver.java:545)
	at org.openqa.selenium.remote.RemoteWebDriver.findElement(RemoteWebDriver.java:319)
	at org.openqa.selenium.remote.RemoteWebDriver.findElementByXPath(RemoteWebDriver.java:421)
	at org.openqa.selenium.By$ByXPath.findElement(By.java:361)
	at org.openqa.selenium.remote.RemoteWebDriver.findElement(RemoteWebDriver.java:311)
	at net.thucydides.core.webdriver.WebDriverFacade.findElement(WebDriverFacade.java:231)
	at gov.gsa.sam.stepdefinition.CreateOfficeStepDef.Create_office_submit_button(CreateOfficeStepDef.java:163)
	at ?.Click on edit button(src/test/resources/features/negEditOffice.feature:28)
&amp#27;[0m
    &amp#27;[36mAnd &amp#27;[0m&amp#27;[36mEdit office start date is not editable&amp#27;[0m &amp#27;[90m# NegEditReuqstofficeStepDef.Edit_office_start_date_is_not_editable()&amp#27;[0m
    &amp#27;[36mAnd &amp#27;[0m&amp#27;[36mAAC code is not editable&amp#27;[0m               &amp#27;[90m# NegEditReuqstofficeStepDef.AAC_code_is_not_editable()&amp#27;[0m
    &amp#27;[36mAnd &amp#27;[0m&amp#27;[36mThe requestor is not edible&amp#27;[0m            &amp#27;[90m# NegEditReuqstofficeStepDef.The_requestor_is_not_edible()&amp#27;[0m
]]></system-out>
    <system-err><![CDATA[[main] ERROR net.thucydides.core.steps.ConsoleLoggingListener - 
           __  _____ _____ ____ _____   _____ _    ___ _     _____ ____  
  _       / / |_   _| ____/ ___|_   _| |  ___/ \  |_ _| |   | ____|  _ \ 
 (_)_____| |    | | |  _| \___ \ | |   | |_ / _ \  | || |   |  _| | | | |
  _|_____| |    | | | |___ ___) || |   |  _/ ___ \ | || |___| |___| |_| |
 (_)     | |    |_| |_____|____/ |_|   |_|/_/   \_\___|_____|_____|____/ 
          \_\                                                            

TEST FAILED WITH ERROR: My Workspace
---------------------------------------------------------------------
[main] ERROR net.thucydides.core.steps.ConsoleLoggingListener - TEST FAILED AT STEP Given User Click on go to department link
[main] ERROR net.thucydides.core.steps.ConsoleLoggingListener - no such element: Unable to locate element: {"method":"xpath","selector":"//*[@id="main-container"]g-component/div/div/div/div/div/div/div/div[2]/div/div[3]/a"}  (Session info: chrome=73.0.3683.86)  (Driver info: chromedriver=2.38.552522 (437e6fbedfa8762dec75e2c5b3ddb86763dc9dcb),platform=Windows NT 6.1.7601 SP1 x86_64) (WARNING: The server did not provide any stacktrace information)Command duration or timeout: 0 millisecondsFor documentation on this error, please visit: http://seleniumhq.org/exceptionso_such_element.htmlBuild info: version: '3.11.0', revision: 'e59cfb3', time: '2018-03-11T20:26:55.152Z'System info: host: 'I07R7C-AF1F18', ip: '172.21.72.72', os.name: 'Windows 7', os.arch: 'amd64', os.version: '6.1', java.version: '1.8.0_191'Driver info: org.openqa.selenium.remote.RemoteWebDriverCapabilities {acceptInsecureCerts: false, acceptSslCerts: false, applicationCacheEnabled: false, browserConnectionEnabled: false, browserName: chrome, chrome: {chromedriverVersion: 2.38.552522 (437e6fbedfa876..., userDataDir: C:\Users\SH359E~1\AppData\L...}, cssSelectorsEnabled: true, databaseEnabled: false, handlesAlerts: true, hasTouchScreen: false, javascriptEnabled: true, locationContextEnabled: true, mobileEmulationEnabled: false, nativeEvents: true, networkConnectionEnabled: false, pageLoadStrategy: normal, platform: XP, platformName: XP, rotatable: false, setWindowRect: true, takesHeapSnapshot: true, takesScreenshot: true, unexpectedAlertBehaviour: , unhandledPromptBehavior: , version: 73.0.3683.86, webStorageEnabled: true}Session ID: 64b81c4f3df0c7a01590797b0bf9d7d4*** Element info: {Using=xpath, value=//*[@id="main-container"]g-component/div/div/div/div/div/div/div/div[2]/div/div[3]/a}For documentation on this error, please visit: http://seleniumhq.org/exceptionso_such_element.htmlBuild info: version: '3.11.0', revision: 'e59cfb3', time: '2018-03-11T20:26:55.152Z'System info: host: 'I07R7C-AF1F18', ip: '172.21.72.72', os.name: 'Windows 7', os.arch: 'amd64', os.version: '6.1', java.version: '1.8.0_191'Driver info: driver.version: unknown
[main] INFO net.thucydides.core.steps.ConsoleLoggingListener - 
 _____ _____ ____ _____   ____ _____  _    ____ _____ _____ ____  
|_   _| ____/ ___|_   _| / ___|_   _|/ \  |  _ \_   _| ____|  _ \ 
  | | |  _| \___ \ | |   \___ \ | | / _ \ | |_) || | |  _| | | | |
  | | | |___ ___) || |    ___) || |/ ___ \|  _ < | | | |___| |_| |
  |_| |_____|____/ |_|   |____/ |_/_/   \_\_| \_\|_| |_____|____/ 
                                                                  

TEST STARTED: Neg Edit request office
-------------------------------------------------------------------(editing-request-office-page-negative-scenarios.;neg-edit-request-office)
[main] ERROR net.thucydides.core.steps.ConsoleLoggingListener - 
           __  _____ _____ ____ _____   _____ _    ___ _     _____ ____  
  _       / / |_   _| ____/ ___|_   _| |  ___/ \  |_ _| |   | ____|  _ \ 
 (_)_____| |    | | |  _| \___ \ | |   | |_ / _ \  | || |   |  _| | | | |
  _|_____| |    | | | |___ ___) || |   |  _/ ___ \ | || |___| |___| |_| |
 (_)     | |    |_| |_____|____/ |_|   |_|/_/   \_\___|_____|_____|____/ 
          \_\                                                            

TEST FAILED WITH ERROR: Neg Edit request office
---------------------------------------------------------------------
[main] ERROR net.thucydides.core.steps.ConsoleLoggingListener - TEST FAILED AT STEP Given Click on edit button
[main] ERROR net.thucydides.core.steps.ConsoleLoggingListener - no such element: Unable to locate element: {"method":"xpath","selector":"//*[@id="primary-content"]g-component/div/div[1]/div[1]/button"}  (Session info: chrome=73.0.3683.86)  (Driver info: chromedriver=2.38.552522 (437e6fbedfa8762dec75e2c5b3ddb86763dc9dcb),platform=Windows NT 6.1.7601 SP1 x86_64) (WARNING: The server did not provide any stacktrace information)Command duration or timeout: 0 millisecondsFor documentation on this error, please visit: http://seleniumhq.org/exceptionso_such_element.htmlBuild info: version: '3.11.0', revision: 'e59cfb3', time: '2018-03-11T20:26:55.152Z'System info: host: 'I07R7C-AF1F18', ip: '172.21.72.72', os.name: 'Windows 7', os.arch: 'amd64', os.version: '6.1', java.version: '1.8.0_191'Driver info: org.openqa.selenium.remote.RemoteWebDriverCapabilities {acceptInsecureCerts: false, acceptSslCerts: false, applicationCacheEnabled: false, browserConnectionEnabled: false, browserName: chrome, chrome: {chromedriverVersion: 2.38.552522 (437e6fbedfa876..., userDataDir: C:\Users\SH359E~1\AppData\L...}, cssSelectorsEnabled: true, databaseEnabled: false, handlesAlerts: true, hasTouchScreen: false, javascriptEnabled: true, locationContextEnabled: true, mobileEmulationEnabled: false, nativeEvents: true, networkConnectionEnabled: false, pageLoadStrategy: normal, platform: XP, platformName: XP, rotatable: false, setWindowRect: true, takesHeapSnapshot: true, takesScreenshot: true, unexpectedAlertBehaviour: , unhandledPromptBehavior: , version: 73.0.3683.86, webStorageEnabled: true}Session ID: 64b81c4f3df0c7a01590797b0bf9d7d4*** Element info: {Using=xpath, value=//*[@id="primary-content"]g-component/div/div[1]/div[1]/button}For documentation on this error, please visit: http://seleniumhq.org/exceptionso_such_element.htmlBuild info: version: '3.11.0', revision: 'e59cfb3', time: '2018-03-11T20:26:55.152Z'System info: host: 'I07R7C-AF1F18', ip: '172.21.72.72', os.name: 'Windows 7', os.arch: 'amd64', os.version: '6.1', java.version: '1.8.0_191'Driver info: driver.version: unknown
]]></system-err>
  </testcase>
  <testcase name="Log into the GSA website as createDepartment" classname="Validate error meaasage in office page" time="74.396"/>
  <testcase name="Account name" classname="Validate error meaasage in office page" time="30.191"/>
  <testcase name="Validation on empty field in request office page" classname="Validate error meaasage in office page" time="93.823"/>
  <testcase name="Validate required fields error messages" classname="Validate error meaasage in office page" time="30.623">
    <failure message="expected:&lt;[987]&gt; but was:&lt;[111]&gt;" type="org.junit.ComparisonFailure"><![CDATA[org.junit.ComparisonFailure: expected:<[987]> but was:<[111]>
]]></failure>
    <system-out><![CDATA[
  @Requestoffice1
  Scenario Outline: Validate required fields error messages &amp#27;[90m# src/test/resources/features/negRequestOffice.feature:41&amp#27;[0m
    &amp#27;[36mAnd Scroll up&amp#27;[0m
    &amp#27;[36mGiven User click on subTier breadcrumb link&amp#27;[0m
    &amp#27;[36mGiven Click on edit button&amp#27;[0m
    &amp#27;[36mAnd The user enters office details Name <officeDetails>&amp#27;[0m
    &amp#27;[36mAnd The user enters create office start month <startMonth>&amp#27;[0m
    &amp#27;[36mAnd The user enters create office start day <startDay>&amp#27;[0m
    &amp#27;[36mAnd The user enters create office start year <startYear>&amp#27;[0m
    &amp#27;[36mAnd The user enters create office end month <EndMonth>&amp#27;[0m
    &amp#27;[36mAnd The user enters create office end day <EndDay>&amp#27;[0m
    &amp#27;[36mAnd The user enters create office end year <EndYear>&amp#27;[0m
    &amp#27;[36mAnd The user enters office ACC <ACC>&amp#27;[0m
    &amp#27;[36mAnd The user enters POC check box <POCCheckBox>&amp#27;[0m
    &amp#27;[36mAnd The user enters POC name <POCName>&amp#27;[0m
    &amp#27;[36mAnd The user enters POC Email <POCEmail>&amp#27;[0m
    &amp#27;[36mAnd The user enters POC Number <POCNumber>&amp#27;[0m
    &amp#27;[36mAnd The user enters street address <address>&amp#27;[0m
    &amp#27;[36mAnd The user enters country <country>&amp#27;[0m
    &amp#27;[36mAnd The enters zip <Zip>&amp#27;[0m
    &amp#27;[36mAnd The enters city <city>&amp#27;[0m
    &amp#27;[36mAnd The enters state <state>&amp#27;[0m
    &amp#27;[36mThen The user click on submit create office button&amp#27;[0m
    &amp#27;[36mAnd Validation on error messages <ErrorMessages>&amp#27;[0m

    Examples: 

  @negativeOffice @Requestoffice1
  Scenario Outline: Validate required fields error messages &amp#27;[90m# src/test/resources/features/negRequestOffice.feature:69&amp#27;[0m
    &amp#27;[32mAnd &amp#27;[0m&amp#27;[32mScroll up&amp#27;[0m                                           &amp#27;[90m# FeedsStepDef.Scroll_up()&amp#27;[0m
    &amp#27;[32mGiven &amp#27;[0m&amp#27;[32mUser click on subTier breadcrumb link&amp#27;[0m             &amp#27;[90m# NegRequestOfficeStepDef.User_click_on_subTier_breadcrumb_link()&amp#27;[0m
    &amp#27;[32mGiven &amp#27;[0m&amp#27;[32mClick on edit button&amp#27;[0m                              &amp#27;[90m# CreateOfficeStepDef.Create_office_submit_button()&amp#27;[0m
    &amp#27;[31mAnd &amp#27;[0m&amp#27;[31mThe user enters office details Name &amp#27;[0m&amp#27;[31m&amp#27;[1mTest161&amp#27;[0m         &amp#27;[90m# CreateOfficeStepDef.The_user_enters_office_details_Name(String)&amp#27;[0m
      &amp#27;[31morg.junit.ComparisonFailure: expected:<[987]> but was:<[111]>
	at org.junit.Assert.assertEquals(Assert.java:115)
	at org.junit.Assert.assertEquals(Assert.java:144)
	at gov.gsa.sam.stepdefinition.CreateOfficeStepDef.The_user_enters_office_details_Name(CreateOfficeStepDef.java:258)
	at ?.The user enters office details Name Test161(src/test/resources/features/negRequestOffice.feature:45)
&amp#27;[0m
    &amp#27;[36mAnd &amp#27;[0m&amp#27;[36mThe user enters create office start month &amp#27;[0m&amp#27;[36m&amp#27;[1m&amp#27;[0m          &amp#27;[90m# CreateOfficeStepDef.The_user_enters_create_office_start_month(String)&amp#27;[0m
    &amp#27;[36mAnd &amp#27;[0m&amp#27;[36mThe user enters create office start day &amp#27;[0m&amp#27;[36m&amp#27;[1m&amp#27;[0m            &amp#27;[90m# CreateOfficeStepDef.The_user_enters_create_office_start_day(String)&amp#27;[0m
    &amp#27;[36mAnd &amp#27;[0m&amp#27;[36mThe user enters create office start year &amp#27;[0m&amp#27;[36m&amp#27;[1m&amp#27;[0m           &amp#27;[90m# CreateOfficeStepDef.The_user_enters_create_office_start_year(String)&amp#27;[0m
    &amp#27;[36mAnd &amp#27;[0m&amp#27;[36mThe user enters create office end month &amp#27;[0m&amp#27;[36m&amp#27;[1m&amp#27;[0m            &amp#27;[90m# CreateOfficeStepDef.The_user_enter_create_office_end_month(String)&amp#27;[0m
    &amp#27;[36mAnd &amp#27;[0m&amp#27;[36mThe user enters create office end day &amp#27;[0m&amp#27;[36m&amp#27;[1m&amp#27;[0m              &amp#27;[90m# CreateOfficeStepDef.The_user_enters_create_office_end_day(String)&amp#27;[0m
    &amp#27;[36mAnd &amp#27;[0m&amp#27;[36mThe user enters create office end year &amp#27;[0m&amp#27;[36m&amp#27;[1m&amp#27;[0m             &amp#27;[90m# CreateOfficeStepDef.The_user_enters_create_office_end_year(String)&amp#27;[0m
    &amp#27;[36mAnd &amp#27;[0m&amp#27;[36mThe user enters office ACC &amp#27;[0m&amp#27;[36m&amp#27;[1mx&amp#27;[0m                        &amp#27;[90m# CreateOfficeStepDef.The_user_enters_office_ACC(String)&amp#27;[0m
    &amp#27;[36mAnd &amp#27;[0m&amp#27;[36mThe user enters POC check box &amp#27;[0m&amp#27;[36m&amp#27;[1m&amp#27;[0m                      &amp#27;[90m# CreateOfficeStepDef.The_user_enters_POC_check_box(String)&amp#27;[0m
    &amp#27;[36mAnd &amp#27;[0m&amp#27;[36mThe user enters POC name &amp#27;[0m&amp#27;[36m&amp#27;[1m&amp#27;[0m                           &amp#27;[90m# CreateOfficeStepDef.The_user_enters_POC_name(String)&amp#27;[0m
    &amp#27;[36mAnd &amp#27;[0m&amp#27;[36mThe user enters POC Email &amp#27;[0m&amp#27;[36m&amp#27;[1mshanthi.&amp#27;[0m                  &amp#27;[90m# CreateOfficeStepDef.The_user_enters_POC_Email(String)&amp#27;[0m
    &amp#27;[36mAnd &amp#27;[0m&amp#27;[36mThe user enters POC Number &amp#27;[0m&amp#27;[36m&amp#27;[1m571&amp#27;[0m                      &amp#27;[90m# CreateOfficeStepDef.The_user_enters_POC_Number(String)&amp#27;[0m
    &amp#27;[36mAnd &amp#27;[0m&amp#27;[36mThe user enters street address &amp#27;[0m&amp#27;[36m&amp#27;[1m&amp#27;[0m                     &amp#27;[90m# CreateOfficeStepDef.The_user_enters_street_address(String)&amp#27;[0m
    &amp#27;[36mAnd &amp#27;[0m&amp#27;[36mThe user enters country &amp#27;[0m&amp#27;[36m&amp#27;[1mUSA&amp#27;[0m                         &amp#27;[90m# CreateOfficeStepDef.The_user_enters_country(String)&amp#27;[0m
    &amp#27;[36mAnd &amp#27;[0m&amp#27;[36mThe enters zip &amp#27;[0m&amp#27;[36m&amp#27;[1m&amp#27;[0m                                     &amp#27;[90m# CreateOfficeStepDef.The_enters_zip(String)&amp#27;[0m
    &amp#27;[36mAnd &amp#27;[0m&amp#27;[36mThe enters city &amp#27;[0m&amp#27;[36m&amp#27;[1m&amp#27;[0m                                    &amp#27;[90m# CreateOfficeStepDef.The_enters_city(String)&amp#27;[0m
    &amp#27;[36mAnd &amp#27;[0m&amp#27;[36mThe enters state &amp#27;[0m&amp#27;[36m&amp#27;[1m&amp#27;[0m                                   &amp#27;[90m# CreateOfficeStepDef.The_enters_state(String)&amp#27;[0m
    &amp#27;[36mThen &amp#27;[0m&amp#27;[36mThe user click on submit create office button&amp#27;[0m      &amp#27;[90m# CreateOfficeStepDef.The_user_click_on_submit_create_office_button()&amp#27;[0m
    &amp#27;[36mAnd &amp#27;[0m&amp#27;[36mValidation on error messages &amp#27;[0m&amp#27;[36m&amp#27;[1mInvalidPhone&amp#27;[0m           &amp#27;[90m# NegRequestOfficeStepDef.Validation_on_error_messages(String)&amp#27;[0m
]]></system-out>
    <system-err><![CDATA[[main] INFO net.thucydides.core.steps.ConsoleLoggingListener - 
        __    _____ _____ ____ _____   ____   _    ____  ____  _____ ____  
  _     \ \  |_   _| ____/ ___|_   _| |  _ \ / \  / ___|/ ___|| ____|  _ \ 
 (_)_____| |   | | |  _| \___ \ | |   | |_) / _ \ \___ \\___ \|  _| | | | |
  _|_____| |   | | | |___ ___) || |   |  __/ ___ \ ___) |___) | |___| |_| |
 (_)     | |   |_| |_____|____/ |_|   |_| /_/   \_\____/|____/|_____|____/ 
        /_/                                                                

TEST PASSED: Validation on empty field in request office page
----------------------------------------------------------------------------
[main] INFO net.thucydides.core.steps.ConsoleLoggingListener - 
 _____ _____ ____ _____   ____ _____  _    ____ _____ _____ ____  
|_   _| ____/ ___|_   _| / ___|_   _|/ \  |  _ \_   _| ____|  _ \ 
  | | |  _| \___ \ | |   \___ \ | | / _ \ | |_) || | |  _| | | | |
  | | | |___ ___) || |    ___) || |/ ___ \|  _ < | | | |___| |_| |
  |_| |_____|____/ |_|   |____/ |_/_/   \_\_| \_\|_| |_____|____/ 
                                                                  

TEST STARTED: Validate required fields error messages
-------------------------------------------------------------------(validate-error-meaasage-in-office-page;validate-required-fields-error-messages)
[main] INFO gov.gsa.sam.stepdefinition.FeedsStepDef - Scroll down
[main] INFO gov.gsa.sam.stepdefinition.CreateOfficeStepDef - SubTierBreadCrumb
[main] INFO gov.gsa.sam.stepdefinition.CreateOfficeStepDef - Enter into login method:
[main] INFO gov.gsa.sam.stepdefinition.CreateOfficeStepDef - fh: FEDERAL HIERARCHY
[main] INFO gov.gsa.sam.stepdefinition.CreateOfficeStepDef - fhText: Please provide necessary details required for the office
[main] INFO gov.gsa.sam.stepdefinition.CreateOfficeStepDef - officeDetails: Office Details
[main] INFO gov.gsa.sam.stepdefinition.CreateOfficeStepDef - officeNameRqt: Required
[main] INFO gov.gsa.sam.stepdefinition.CreateOfficeStepDef - officeNameText: Provide the office name.
[main] INFO gov.gsa.sam.stepdefinition.CreateOfficeStepDef - OfficeNameText2: Provide the office name.
[main] INFO gov.gsa.sam.stepdefinition.CreateOfficeStepDef - OfficeName1Test161
[main] INFO gov.gsa.sam.stepdefinition.CreateOfficeStepDef - ParentDepartment: Parent Department and Sub-Tier
[main] INFO gov.gsa.sam.stepdefinition.CreateOfficeStepDef - DeptIndAgency: Dept/Ind Agency
[main] INFO gov.gsa.sam.stepdefinition.CreateOfficeStepDef - DeptIndAgency1: Department0.10280681
[main] INFO gov.gsa.sam.stepdefinition.CreateOfficeStepDef - CreateOfficeFields.DeptAgency: Dept/Ind Agency
[main] INFO gov.gsa.sam.stepdefinition.CreateOfficeStepDef - agencyName :Department0.5385883
[main] INFO gov.gsa.sam.stepdefinition.CreateOfficeStepDef - CGAC: CGAC
[main] INFO gov.gsa.sam.stepdefinition.CreateOfficeStepDef - CGAC1: 111
[main] INFO gov.gsa.sam.stepdefinition.CreateOfficeStepDef - CreateDepartmentStepDef.EditDepartmentCGAC: 987
[main] ERROR net.thucydides.core.steps.ConsoleLoggingListener - 
           __  _____ _____ ____ _____   _____ _    ___ _     _____ ____  
  _       / / |_   _| ____/ ___|_   _| |  ___/ \  |_ _| |   | ____|  _ \ 
 (_)_____| |    | | |  _| \___ \ | |   | |_ / _ \  | || |   |  _| | | | |
  _|_____| |    | | | |___ ___) || |   |  _/ ___ \ | || |___| |___| |_| |
 (_)     | |    |_| |_____|____/ |_|   |_|/_/   \_\___|_____|_____|____/ 
          \_\                                                            

TEST FAILED: Validate required fields error messages
--------------------------------------------------------------------------
[main] ERROR net.thucydides.core.steps.ConsoleLoggingListener - TEST FAILED AT STEP And The user enters office details Name Test161
[main] ERROR net.thucydides.core.steps.ConsoleLoggingListener - expected:<[987]> but was:<[111]>
]]></system-err>
  </testcase>
  <testcase name="Validation on Awards office types error messages" classname="Validate error meaasage in office page" time="17.345">
    <failure message="expected:&lt;[987]&gt; but was:&lt;[111]&gt;" type="org.junit.ComparisonFailure"><![CDATA[org.junit.ComparisonFailure: expected:<[987]> but was:<[111]>
]]></failure>
    <system-out><![CDATA[
  @Requestoffice2
  Scenario Outline: Validation on Awards office types error messages &amp#27;[90m# src/test/resources/features/negRequestOffice.feature:73&amp#27;[0m
    &amp#27;[36mAnd Scroll up&amp#27;[0m
    &amp#27;[36mGiven User click on subTier breadcrumb link&amp#27;[0m
    &amp#27;[36mGiven Click on edit button&amp#27;[0m
    &amp#27;[36mAnd The user enters office details Name <officeDetails>&amp#27;[0m
    &amp#27;[36mAnd The user enters create office start month <startMonth>&amp#27;[0m
    &amp#27;[36mAnd The user enters create office start day <startDay>&amp#27;[0m
    &amp#27;[36mAnd The user enters create office start year <startYear>&amp#27;[0m
    &amp#27;[36mAnd The user enters create office end month <EndMonth>&amp#27;[0m
    &amp#27;[36mAnd The user enters create office end day <EndDay>&amp#27;[0m
    &amp#27;[36mAnd The user enters create office end year <EndYear>&amp#27;[0m
    &amp#27;[36mAnd Select Poc check box&amp#27;[0m
    &amp#27;[36mAnd The user select office type contract Awards <contractAwards>&amp#27;[0m
    &amp#27;[36mAnd The user enters contract Awards start month <contractAwardsstartMonth>&amp#27;[0m
    &amp#27;[36mAnd The user enters contract Awards start day <contractAwardsstartDay>&amp#27;[0m
    &amp#27;[36mAnd The user enters contract Awards start year <contractAwardsstartYear>&amp#27;[0m
    &amp#27;[36mAnd The user enters contract Awards end month <contractAwardsEndMonth>&amp#27;[0m
    &amp#27;[36mAnd The user enters contract Awards end day <contractAwardsEndDay>&amp#27;[0m
    &amp#27;[36mAnd The user enters contract Awards end year <contractAwardsEndYear>&amp#27;[0m
    &amp#27;[36mAnd The user select office type Financial Awards <FinancialAwards>&amp#27;[0m
    &amp#27;[36mAnd The user enters Financial Awards start month <FinancialAwardsstartMonth>&amp#27;[0m
    &amp#27;[36mAnd The user enters Financial Awards start day <FinancialAwardsstartDay>&amp#27;[0m
    &amp#27;[36mAnd The user enters Financial Awards start year <FinancialAwardsstartYear>&amp#27;[0m
    &amp#27;[36mAnd The user enters Financial Awards end month <FinancialAwardsEndMonth>&amp#27;[0m
    &amp#27;[36mAnd The user enters Financial Awards end day <FinancialAwardsEndDay>&amp#27;[0m
    &amp#27;[36mAnd The user enters Financial Awards end year <FinancialAwardsEndYear>&amp#27;[0m
    &amp#27;[36mAnd Click on the mailing address plus symbol&amp#27;[0m
    &amp#27;[36mAnd The user enters street address <address>&amp#27;[0m
    &amp#27;[36mAnd The user enters country <country>&amp#27;[0m
    &amp#27;[36mAnd The enters zip <Zip>&amp#27;[0m
    &amp#27;[36mAnd The enters city <city>&amp#27;[0m
    &amp#27;[36mAnd The enters state <state>&amp#27;[0m
    &amp#27;[36mAnd Select address type&amp#27;[0m
    &amp#27;[36mAnd Click on the first plus symbol&amp#27;[0m
    &amp#27;[36mAnd The user enters awards office TAC3 street address <address3>&amp#27;[0m
    &amp#27;[36mAnd The user enters TAC3 country <country3>&amp#27;[0m
    &amp#27;[36mAnd The enters TAC3 zip <Zip3>&amp#27;[0m
    &amp#27;[36mAnd The enters TAC3 city <officeCity3>&amp#27;[0m
    &amp#27;[36mAnd The enters TAC3 state <state3>&amp#27;[0m
    &amp#27;[36mAnd The user enters awards office TAC2 street address <address2>&amp#27;[0m
    &amp#27;[36mAnd The user enters TAC2 country <country2>&amp#27;[0m
    &amp#27;[36mAnd The enters TAC2 zip <Zip2>&amp#27;[0m
    &amp#27;[36mAnd The enters TAC2 city <officeCity2>&amp#27;[0m
    &amp#27;[36mAnd The enters TAC2 state <state2>&amp#27;[0m
    &amp#27;[36mThen The user click on submit create office button&amp#27;[0m
    &amp#27;[36mAnd Validation on error messages <ErrorMessages>&amp#27;[0m

    Examples: 

  @negativeOffice @Requestoffice2
  Scenario Outline: Validation on Awards office types error messages &amp#27;[90m# src/test/resources/features/negRequestOffice.feature:127&amp#27;[0m
    &amp#27;[32mAnd &amp#27;[0m&amp#27;[32mScroll up&amp#27;[0m                                                    &amp#27;[90m# FeedsStepDef.Scroll_up()&amp#27;[0m
    &amp#27;[32mGiven &amp#27;[0m&amp#27;[32mUser click on subTier breadcrumb link&amp#27;[0m                      &amp#27;[90m# NegRequestOfficeStepDef.User_click_on_subTier_breadcrumb_link()&amp#27;[0m
    &amp#27;[32mGiven &amp#27;[0m&amp#27;[32mClick on edit button&amp#27;[0m                                       &amp#27;[90m# CreateOfficeStepDef.Create_office_submit_button()&amp#27;[0m
    &amp#27;[31mAnd &amp#27;[0m&amp#27;[31mThe user enters office details Name &amp#27;[0m&amp#27;[31m&amp#27;[1mTest161&amp#27;[0m                  &amp#27;[90m# CreateOfficeStepDef.The_user_enters_office_details_Name(String)&amp#27;[0m
      &amp#27;[31morg.junit.ComparisonFailure: expected:<[987]> but was:<[111]>
	at org.junit.Assert.assertEquals(Assert.java:115)
	at org.junit.Assert.assertEquals(Assert.java:144)
	at gov.gsa.sam.stepdefinition.CreateOfficeStepDef.The_user_enters_office_details_Name(CreateOfficeStepDef.java:258)
	at ?.The user enters office details Name Test161(src/test/resources/features/negRequestOffice.feature:77)
&amp#27;[0m
    &amp#27;[36mAnd &amp#27;[0m&amp#27;[36mThe user enters create office start month &amp#27;[0m&amp#27;[36m&amp#27;[1m&amp#27;[0m                   &amp#27;[90m# CreateOfficeStepDef.The_user_enters_create_office_start_month(String)&amp#27;[0m
    &amp#27;[36mAnd &amp#27;[0m&amp#27;[36mThe user enters create office start day &amp#27;[0m&amp#27;[36m&amp#27;[1m&amp#27;[0m                     &amp#27;[90m# CreateOfficeStepDef.The_user_enters_create_office_start_day(String)&amp#27;[0m
    &amp#27;[36mAnd &amp#27;[0m&amp#27;[36mThe user enters create office start year &amp#27;[0m&amp#27;[36m&amp#27;[1m&amp#27;[0m                    &amp#27;[90m# CreateOfficeStepDef.The_user_enters_create_office_start_year(String)&amp#27;[0m
    &amp#27;[36mAnd &amp#27;[0m&amp#27;[36mThe user enters create office end month &amp#27;[0m&amp#27;[36m&amp#27;[1m&amp#27;[0m                     &amp#27;[90m# CreateOfficeStepDef.The_user_enter_create_office_end_month(String)&amp#27;[0m
    &amp#27;[36mAnd &amp#27;[0m&amp#27;[36mThe user enters create office end day &amp#27;[0m&amp#27;[36m&amp#27;[1m&amp#27;[0m                       &amp#27;[90m# CreateOfficeStepDef.The_user_enters_create_office_end_day(String)&amp#27;[0m
    &amp#27;[36mAnd &amp#27;[0m&amp#27;[36mThe user enters create office end year &amp#27;[0m&amp#27;[36m&amp#27;[1m&amp#27;[0m                      &amp#27;[90m# CreateOfficeStepDef.The_user_enters_create_office_end_year(String)&amp#27;[0m
    &amp#27;[36mAnd &amp#27;[0m&amp#27;[36mSelect Poc check box&amp#27;[0m                                         &amp#27;[90m# CreateOfficeStepDef.Select_Poc_check_box()&amp#27;[0m
    &amp#27;[36mAnd &amp#27;[0m&amp#27;[36mThe user select office type contract Awards &amp#27;[0m&amp#27;[36m&amp#27;[1m&amp#27;[0m                 &amp#27;[90m# CreateOfficeStepDef.The_user_select_office_type_contracting(String)&amp#27;[0m
    &amp#27;[36mAnd &amp#27;[0m&amp#27;[36mThe user enters contract Awards start month &amp#27;[0m&amp#27;[36m&amp#27;[1m&amp#27;[0m                 &amp#27;[90m# CreateOfficeStepDef.The_user_enters_contracting_office_start_month(String)&amp#27;[0m
    &amp#27;[36mAnd &amp#27;[0m&amp#27;[36mThe user enters contract Awards start day &amp#27;[0m&amp#27;[36m&amp#27;[1m&amp#27;[0m                   &amp#27;[90m# CreateOfficeStepDef.The_user_enters_contracting_office_start_day(String)&amp#27;[0m
    &amp#27;[36mAnd &amp#27;[0m&amp#27;[36mThe user enters contract Awards start year &amp#27;[0m&amp#27;[36m&amp#27;[1m&amp#27;[0m                  &amp#27;[90m# CreateOfficeStepDef.The_user_enters_contracting_office_start_year(String)&amp#27;[0m
    &amp#27;[36mAnd &amp#27;[0m&amp#27;[36mThe user enters contract Awards end month &amp#27;[0m&amp#27;[36m&amp#27;[1mM&amp#27;[0m                  &amp#27;[90m# CreateOfficeStepDef.The_user_enter_contracting_office_end_month(String)&amp#27;[0m
    &amp#27;[36mAnd &amp#27;[0m&amp#27;[36mThe user enters contract Awards end day &amp#27;[0m&amp#27;[36m&amp#27;[1mD&amp#27;[0m                    &amp#27;[90m# CreateOfficeStepDef.The_user_enters_contracting_office_end_day(String)&amp#27;[0m
    &amp#27;[36mAnd &amp#27;[0m&amp#27;[36mThe user enters contract Awards end year &amp#27;[0m&amp#27;[36m&amp#27;[1m&amp#27;[0m                    &amp#27;[90m# CreateOfficeStepDef.The_user_enters_contracting_office_end_year(String)&amp#27;[0m
    &amp#27;[36mAnd &amp#27;[0m&amp#27;[36mThe user select office type Financial Awards &amp#27;[0m&amp#27;[36m&amp#27;[1m&amp#27;[0m                &amp#27;[90m# CreateOfficeStepDef.The_user_select_office_type_grants(String)&amp#27;[0m
    &amp#27;[36mAnd &amp#27;[0m&amp#27;[36mThe user enters Financial Awards start month &amp#27;[0m&amp#27;[36m&amp#27;[1m&amp#27;[0m                &amp#27;[90m# CreateOfficeStepDef.The_user_enters_grants_office_start_month(String)&amp#27;[0m
    &amp#27;[36mAnd &amp#27;[0m&amp#27;[36mThe user enters Financial Awards start day &amp#27;[0m&amp#27;[36m&amp#27;[1m&amp#27;[0m                  &amp#27;[90m# CreateOfficeStepDef.The_user_enters_grants_office_start_day(String)&amp#27;[0m
    &amp#27;[36mAnd &amp#27;[0m&amp#27;[36mThe user enters Financial Awards start year &amp#27;[0m&amp#27;[36m&amp#27;[1m&amp#27;[0m                 &amp#27;[90m# CreateOfficeStepDef.The_user_enters_grants_office_start_year(String)&amp#27;[0m
    &amp#27;[36mAnd &amp#27;[0m&amp#27;[36mThe user enters Financial Awards end month &amp#27;[0m&amp#27;[36m&amp#27;[1mM&amp#27;[0m                 &amp#27;[90m# CreateOfficeStepDef.The_user_enter_grants_office_end_month(String)&amp#27;[0m
    &amp#27;[36mAnd &amp#27;[0m&amp#27;[36mThe user enters Financial Awards end day &amp#27;[0m&amp#27;[36m&amp#27;[1mD&amp#27;[0m                   &amp#27;[90m# CreateOfficeStepDef.The_user_enters_grants_office_end_day(String)&amp#27;[0m
    &amp#27;[36mAnd &amp#27;[0m&amp#27;[36mThe user enters Financial Awards end year &amp#27;[0m&amp#27;[36m&amp#27;[1m&amp#27;[0m                   &amp#27;[90m# CreateOfficeStepDef.The_user_enters_grants_office_end_year(String)&amp#27;[0m
    &amp#27;[36mAnd &amp#27;[0m&amp#27;[36mClick on the mailing address plus symbol&amp#27;[0m                     &amp#27;[90m# NegRequestOfficeStepDef.Click_on_the_mailing_address_plus_symbol()&amp#27;[0m
    &amp#27;[36mAnd &amp#27;[0m&amp#27;[36mThe user enters street address &amp#27;[0m&amp#27;[36m&amp#27;[1m&amp#27;[0m                              &amp#27;[90m# CreateOfficeStepDef.The_user_enters_street_address(String)&amp#27;[0m
    &amp#27;[36mAnd &amp#27;[0m&amp#27;[36mThe user enters country &amp#27;[0m&amp#27;[36m&amp#27;[1m&amp#27;[0m                                     &amp#27;[90m# CreateOfficeStepDef.The_user_enters_country(String)&amp#27;[0m
    &amp#27;[36mAnd &amp#27;[0m&amp#27;[36mThe enters zip &amp#27;[0m&amp#27;[36m&amp#27;[1m&amp#27;[0m                                              &amp#27;[90m# CreateOfficeStepDef.The_enters_zip(String)&amp#27;[0m
    &amp#27;[36mAnd &amp#27;[0m&amp#27;[36mThe enters city &amp#27;[0m&amp#27;[36m&amp#27;[1m&amp#27;[0m                                             &amp#27;[90m# CreateOfficeStepDef.The_enters_city(String)&amp#27;[0m
    &amp#27;[36mAnd &amp#27;[0m&amp#27;[36mThe enters state &amp#27;[0m&amp#27;[36m&amp#27;[1m&amp#27;[0m                                            &amp#27;[90m# CreateOfficeStepDef.The_enters_state(String)&amp#27;[0m
    &amp#27;[36mAnd &amp#27;[0m&amp#27;[36mSelect address type&amp#27;[0m                                          &amp#27;[90m# NegRequestOfficeStepDef.Select_address_type()&amp#27;[0m
    &amp#27;[36mAnd &amp#27;[0m&amp#27;[36mClick on the first plus symbol&amp#27;[0m                               &amp#27;[90m# NegRequestOfficeStepDef.Click_on_the_first_plus_symbol()&amp#27;[0m
    &amp#27;[36mAnd &amp#27;[0m&amp#27;[36mThe user enters awards office TAC3 street address &amp#27;[0m&amp#27;[36m&amp#27;[1m&amp#27;[0m           &amp#27;[90m# CreateOfficeStepDef.The_user_entersawards_office_street_address_TAC3(String)&amp#27;[0m
    &amp#27;[36mAnd &amp#27;[0m&amp#27;[36mThe user enters TAC3 country &amp#27;[0m&amp#27;[36m&amp#27;[1m&amp#27;[0m                                &amp#27;[90m# CreateOfficeStepDef.The_user_enters_country_TAC3(String)&amp#27;[0m
    &amp#27;[36mAnd &amp#27;[0m&amp#27;[36mThe enters TAC3 zip &amp#27;[0m&amp#27;[36m&amp#27;[1m&amp#27;[0m                                         &amp#27;[90m# CreateOfficeStepDef.The_enters_zip_TAC3(String)&amp#27;[0m
    &amp#27;[36mAnd &amp#27;[0m&amp#27;[36mThe enters TAC3 city &amp#27;[0m&amp#27;[36m&amp#27;[1m&amp#27;[0m                                        &amp#27;[90m# CreateOfficeStepDef.The_enters_city_TAC3(String)&amp#27;[0m
    &amp#27;[36mAnd &amp#27;[0m&amp#27;[36mThe enters TAC3 state &amp#27;[0m&amp#27;[36m&amp#27;[1m&amp#27;[0m                                       &amp#27;[90m# CreateOfficeStepDef.The_enters_state_TAC3(String)&amp#27;[0m
    &amp#27;[36mAnd &amp#27;[0m&amp#27;[36mThe user enters awards office TAC2 street address &amp#27;[0m&amp#27;[36m&amp#27;[1m&amp#27;[0m           &amp#27;[90m# CreateOfficeStepDef.The_user_enters_awards_street_address_TAC2(String)&amp#27;[0m
    &amp#27;[36mAnd &amp#27;[0m&amp#27;[36mThe user enters TAC2 country &amp#27;[0m&amp#27;[36m&amp#27;[1m&amp#27;[0m                                &amp#27;[90m# CreateOfficeStepDef.The_user_enters_country_TAC2(String)&amp#27;[0m
    &amp#27;[36mAnd &amp#27;[0m&amp#27;[36mThe enters TAC2 zip &amp#27;[0m&amp#27;[36m&amp#27;[1m&amp#27;[0m                                         &amp#27;[90m# CreateOfficeStepDef.The_enters_zip_TAC2(String)&amp#27;[0m
    &amp#27;[36mAnd &amp#27;[0m&amp#27;[36mThe enters TAC2 city &amp#27;[0m&amp#27;[36m&amp#27;[1m&amp#27;[0m                                        &amp#27;[90m# CreateOfficeStepDef.The_enters_city_TAC2(String)&amp#27;[0m
    &amp#27;[36mAnd &amp#27;[0m&amp#27;[36mThe enters TAC2 state &amp#27;[0m&amp#27;[36m&amp#27;[1m&amp#27;[0m                                       &amp#27;[90m# CreateOfficeStepDef.The_enters_state_TAC2(String)&amp#27;[0m
    &amp#27;[36mThen &amp#27;[0m&amp#27;[36mThe user click on submit create office button&amp#27;[0m               &amp#27;[90m# CreateOfficeStepDef.The_user_click_on_submit_create_office_button()&amp#27;[0m
    &amp#27;[36mAnd &amp#27;[0m&amp#27;[36mValidation on error messages &amp#27;[0m&amp#27;[36m&amp#27;[1mContractAwards4&amp#27;[0m                 &amp#27;[90m# NegRequestOfficeStepDef.Validation_on_error_messages(String)&amp#27;[0m
]]></system-out>
    <system-err><![CDATA[[main] ERROR net.thucydides.core.steps.ConsoleLoggingListener - 
           __  _____ _____ ____ _____   _____ _    ___ _     _____ ____  
  _       / / |_   _| ____/ ___|_   _| |  ___/ \  |_ _| |   | ____|  _ \ 
 (_)_____| |    | | |  _| \___ \ | |   | |_ / _ \  | || |   |  _| | | | |
  _|_____| |    | | | |___ ___) || |   |  _/ ___ \ | || |___| |___| |_| |
 (_)     | |    |_| |_____|____/ |_|   |_|/_/   \_\___|_____|_____|____/ 
          \_\                                                            

TEST FAILED: Validate required fields error messages
--------------------------------------------------------------------------
[main] ERROR net.thucydides.core.steps.ConsoleLoggingListener - TEST FAILED AT STEP And The user enters office details Name Test161
[main] ERROR net.thucydides.core.steps.ConsoleLoggingListener - expected:<[987]> but was:<[111]>
[main] INFO net.thucydides.core.steps.ConsoleLoggingListener - 
 _____ _____ ____ _____   ____ _____  _    ____ _____ _____ ____  
|_   _| ____/ ___|_   _| / ___|_   _|/ \  |  _ \_   _| ____|  _ \ 
  | | |  _| \___ \ | |   \___ \ | | / _ \ | |_) || | |  _| | | | |
  | | | |___ ___) || |    ___) || |/ ___ \|  _ < | | | |___| |_| |
  |_| |_____|____/ |_|   |____/ |_/_/   \_\_| \_\|_| |_____|____/ 
                                                                  

TEST STARTED: Validation on Awards office types error messages
-------------------------------------------------------------------(validate-error-meaasage-in-office-page;validation-on-awards-office-types-error-messages)
[main] INFO gov.gsa.sam.stepdefinition.FeedsStepDef - Scroll down
[main] INFO gov.gsa.sam.stepdefinition.CreateOfficeStepDef - SubTierBreadCrumb
[main] INFO gov.gsa.sam.stepdefinition.CreateOfficeStepDef - Enter into login method:
[main] INFO gov.gsa.sam.stepdefinition.CreateOfficeStepDef - fh: FEDERAL HIERARCHY
[main] INFO gov.gsa.sam.stepdefinition.CreateOfficeStepDef - fhText: Please provide necessary details required for the office
[main] INFO gov.gsa.sam.stepdefinition.CreateOfficeStepDef - officeDetails: Office Details
[main] INFO gov.gsa.sam.stepdefinition.CreateOfficeStepDef - officeNameRqt: Required
[main] INFO gov.gsa.sam.stepdefinition.CreateOfficeStepDef - officeNameText: Provide the office name.
[main] INFO gov.gsa.sam.stepdefinition.CreateOfficeStepDef - OfficeNameText2: Provide the office name.
[main] INFO gov.gsa.sam.stepdefinition.CreateOfficeStepDef - OfficeName1Test161
[main] INFO gov.gsa.sam.stepdefinition.CreateOfficeStepDef - ParentDepartment: Parent Department and Sub-Tier
[main] INFO gov.gsa.sam.stepdefinition.CreateOfficeStepDef - DeptIndAgency: Dept/Ind Agency
[main] INFO gov.gsa.sam.stepdefinition.CreateOfficeStepDef - DeptIndAgency1: Department0.10280681
[main] INFO gov.gsa.sam.stepdefinition.CreateOfficeStepDef - CreateOfficeFields.DeptAgency: Dept/Ind Agency
[main] INFO gov.gsa.sam.stepdefinition.CreateOfficeStepDef - agencyName :Department0.5385883
[main] INFO gov.gsa.sam.stepdefinition.CreateOfficeStepDef - CGAC: CGAC
[main] INFO gov.gsa.sam.stepdefinition.CreateOfficeStepDef - CGAC1: 111
[main] INFO gov.gsa.sam.stepdefinition.CreateOfficeStepDef - CreateDepartmentStepDef.EditDepartmentCGAC: 987
[main] ERROR net.thucydides.core.steps.ConsoleLoggingListener - 
           __  _____ _____ ____ _____   _____ _    ___ _     _____ ____  
  _       / / |_   _| ____/ ___|_   _| |  ___/ \  |_ _| |   | ____|  _ \ 
 (_)_____| |    | | |  _| \___ \ | |   | |_ / _ \  | || |   |  _| | | | |
  _|_____| |    | | | |___ ___) || |   |  _/ ___ \ | || |___| |___| |_| |
 (_)     | |    |_| |_____|____/ |_|   |_|/_/   \_\___|_____|_____|____/ 
          \_\                                                            

TEST FAILED: Validation on Awards office types error messages
--------------------------------------------------------------------------
[main] ERROR net.thucydides.core.steps.ConsoleLoggingListener - TEST FAILED AT STEP And The user enters office details Name Test161
[main] ERROR net.thucydides.core.steps.ConsoleLoggingListener - expected:<[987]> but was:<[111]>
]]></system-err>
  </testcase>
  <testcase name="Validation on Awards office types error messages" classname="Validate error meaasage in office page" time="17.247">
    <failure message="expected:&lt;[987]&gt; but was:&lt;[111]&gt;" type="org.junit.ComparisonFailure"><![CDATA[org.junit.ComparisonFailure: expected:<[987]> but was:<[111]>
]]></failure>
    <system-out><![CDATA[
  @negativeOffice @Requestoffice2
  Scenario Outline: Validation on Awards office types error messages &amp#27;[90m# src/test/resources/features/negRequestOffice.feature:128&amp#27;[0m
    &amp#27;[32mAnd &amp#27;[0m&amp#27;[32mScroll up&amp#27;[0m                                                    &amp#27;[90m# FeedsStepDef.Scroll_up()&amp#27;[0m
    &amp#27;[32mGiven &amp#27;[0m&amp#27;[32mUser click on subTier breadcrumb link&amp#27;[0m                      &amp#27;[90m# NegRequestOfficeStepDef.User_click_on_subTier_breadcrumb_link()&amp#27;[0m
    &amp#27;[32mGiven &amp#27;[0m&amp#27;[32mClick on edit button&amp#27;[0m                                       &amp#27;[90m# CreateOfficeStepDef.Create_office_submit_button()&amp#27;[0m
    &amp#27;[31mAnd &amp#27;[0m&amp#27;[31mThe user enters office details Name &amp#27;[0m&amp#27;[31m&amp#27;[1mTest101&amp#27;[0m                  &amp#27;[90m# CreateOfficeStepDef.The_user_enters_office_details_Name(String)&amp#27;[0m
      &amp#27;[31morg.junit.ComparisonFailure: expected:<[987]> but was:<[111]>
	at org.junit.Assert.assertEquals(Assert.java:115)
	at org.junit.Assert.assertEquals(Assert.java:144)
	at gov.gsa.sam.stepdefinition.CreateOfficeStepDef.The_user_enters_office_details_Name(CreateOfficeStepDef.java:258)
	at ?.The user enters office details Name Test101(src/test/resources/features/negRequestOffice.feature:77)
&amp#27;[0m
    &amp#27;[36mAnd &amp#27;[0m&amp#27;[36mThe user enters create office start month &amp#27;[0m&amp#27;[36m&amp#27;[1m&amp#27;[0m                   &amp#27;[90m# CreateOfficeStepDef.The_user_enters_create_office_start_month(String)&amp#27;[0m
    &amp#27;[36mAnd &amp#27;[0m&amp#27;[36mThe user enters create office start day &amp#27;[0m&amp#27;[36m&amp#27;[1m&amp#27;[0m                     &amp#27;[90m# CreateOfficeStepDef.The_user_enters_create_office_start_day(String)&amp#27;[0m
    &amp#27;[36mAnd &amp#27;[0m&amp#27;[36mThe user enters create office start year &amp#27;[0m&amp#27;[36m&amp#27;[1m&amp#27;[0m                    &amp#27;[90m# CreateOfficeStepDef.The_user_enters_create_office_start_year(String)&amp#27;[0m
    &amp#27;[36mAnd &amp#27;[0m&amp#27;[36mThe user enters create office end month &amp#27;[0m&amp#27;[36m&amp#27;[1m&amp#27;[0m                     &amp#27;[90m# CreateOfficeStepDef.The_user_enter_create_office_end_month(String)&amp#27;[0m
    &amp#27;[36mAnd &amp#27;[0m&amp#27;[36mThe user enters create office end day &amp#27;[0m&amp#27;[36m&amp#27;[1m&amp#27;[0m                       &amp#27;[90m# CreateOfficeStepDef.The_user_enters_create_office_end_day(String)&amp#27;[0m
    &amp#27;[36mAnd &amp#27;[0m&amp#27;[36mThe user enters create office end year &amp#27;[0m&amp#27;[36m&amp#27;[1m&amp#27;[0m                      &amp#27;[90m# CreateOfficeStepDef.The_user_enters_create_office_end_year(String)&amp#27;[0m
    &amp#27;[36mAnd &amp#27;[0m&amp#27;[36mSelect Poc check box&amp#27;[0m                                         &amp#27;[90m# CreateOfficeStepDef.Select_Poc_check_box()&amp#27;[0m
    &amp#27;[36mAnd &amp#27;[0m&amp#27;[36mThe user select office type contract Awards &amp#27;[0m&amp#27;[36m&amp#27;[1m&amp#27;[0m                 &amp#27;[90m# CreateOfficeStepDef.The_user_select_office_type_contracting(String)&amp#27;[0m
    &amp#27;[36mAnd &amp#27;[0m&amp#27;[36mThe user enters contract Awards start month &amp#27;[0m&amp#27;[36m&amp#27;[1mM&amp#27;[0m                &amp#27;[90m# CreateOfficeStepDef.The_user_enters_contracting_office_start_month(String)&amp#27;[0m
    &amp#27;[36mAnd &amp#27;[0m&amp#27;[36mThe user enters contract Awards start day &amp#27;[0m&amp#27;[36m&amp#27;[1mD&amp#27;[0m                  &amp#27;[90m# CreateOfficeStepDef.The_user_enters_contracting_office_start_day(String)&amp#27;[0m
    &amp#27;[36mAnd &amp#27;[0m&amp#27;[36mThe user enters contract Awards start year &amp#27;[0m&amp#27;[36m&amp#27;[1m&amp#27;[0m                  &amp#27;[90m# CreateOfficeStepDef.The_user_enters_contracting_office_start_year(String)&amp#27;[0m
    &amp#27;[36mAnd &amp#27;[0m&amp#27;[36mThe user enters contract Awards end month &amp#27;[0m&amp#27;[36m&amp#27;[1m&amp#27;[0m                   &amp#27;[90m# CreateOfficeStepDef.The_user_enter_contracting_office_end_month(String)&amp#27;[0m
    &amp#27;[36mAnd &amp#27;[0m&amp#27;[36mThe user enters contract Awards end day &amp#27;[0m&amp#27;[36m&amp#27;[1m&amp#27;[0m                     &amp#27;[90m# CreateOfficeStepDef.The_user_enters_contracting_office_end_day(String)&amp#27;[0m
    &amp#27;[36mAnd &amp#27;[0m&amp#27;[36mThe user enters contract Awards end year &amp#27;[0m&amp#27;[36m&amp#27;[1m&amp#27;[0m                    &amp#27;[90m# CreateOfficeStepDef.The_user_enters_contracting_office_end_year(String)&amp#27;[0m
    &amp#27;[36mAnd &amp#27;[0m&amp#27;[36mThe user select office type Financial Awards &amp#27;[0m&amp#27;[36m&amp#27;[1m&amp#27;[0m                &amp#27;[90m# CreateOfficeStepDef.The_user_select_office_type_grants(String)&amp#27;[0m
    &amp#27;[36mAnd &amp#27;[0m&amp#27;[36mThe user enters Financial Awards start month &amp#27;[0m&amp#27;[36m&amp#27;[1mM&amp#27;[0m               &amp#27;[90m# CreateOfficeStepDef.The_user_enters_grants_office_start_month(String)&amp#27;[0m
    &amp#27;[36mAnd &amp#27;[0m&amp#27;[36mThe user enters Financial Awards start day &amp#27;[0m&amp#27;[36m&amp#27;[1mD&amp#27;[0m                 &amp#27;[90m# CreateOfficeStepDef.The_user_enters_grants_office_start_day(String)&amp#27;[0m
    &amp#27;[36mAnd &amp#27;[0m&amp#27;[36mThe user enters Financial Awards start year &amp#27;[0m&amp#27;[36m&amp#27;[1m&amp#27;[0m                 &amp#27;[90m# CreateOfficeStepDef.The_user_enters_grants_office_start_year(String)&amp#27;[0m
    &amp#27;[36mAnd &amp#27;[0m&amp#27;[36mThe user enters Financial Awards end month &amp#27;[0m&amp#27;[36m&amp#27;[1m&amp#27;[0m                  &amp#27;[90m# CreateOfficeStepDef.The_user_enter_grants_office_end_month(String)&amp#27;[0m
    &amp#27;[36mAnd &amp#27;[0m&amp#27;[36mThe user enters Financial Awards end day &amp#27;[0m&amp#27;[36m&amp#27;[1m&amp#27;[0m                    &amp#27;[90m# CreateOfficeStepDef.The_user_enters_grants_office_end_day(String)&amp#27;[0m
    &amp#27;[36mAnd &amp#27;[0m&amp#27;[36mThe user enters Financial Awards end year &amp#27;[0m&amp#27;[36m&amp#27;[1m&amp#27;[0m                   &amp#27;[90m# CreateOfficeStepDef.The_user_enters_grants_office_end_year(String)&amp#27;[0m
    &amp#27;[36mAnd &amp#27;[0m&amp#27;[36mClick on the mailing address plus symbol&amp#27;[0m                     &amp#27;[90m# NegRequestOfficeStepDef.Click_on_the_mailing_address_plus_symbol()&amp#27;[0m
    &amp#27;[36mAnd &amp#27;[0m&amp#27;[36mThe user enters street address &amp#27;[0m&amp#27;[36m&amp#27;[1m&amp#27;[0m                              &amp#27;[90m# CreateOfficeStepDef.The_user_enters_street_address(String)&amp#27;[0m
    &amp#27;[36mAnd &amp#27;[0m&amp#27;[36mThe user enters country &amp#27;[0m&amp#27;[36m&amp#27;[1m&amp#27;[0m                                     &amp#27;[90m# CreateOfficeStepDef.The_user_enters_country(String)&amp#27;[0m
    &amp#27;[36mAnd &amp#27;[0m&amp#27;[36mThe enters zip &amp#27;[0m&amp#27;[36m&amp#27;[1m&amp#27;[0m                                              &amp#27;[90m# CreateOfficeStepDef.The_enters_zip(String)&amp#27;[0m
    &amp#27;[36mAnd &amp#27;[0m&amp#27;[36mThe enters city &amp#27;[0m&amp#27;[36m&amp#27;[1m&amp#27;[0m                                             &amp#27;[90m# CreateOfficeStepDef.The_enters_city(String)&amp#27;[0m
    &amp#27;[36mAnd &amp#27;[0m&amp#27;[36mThe enters state &amp#27;[0m&amp#27;[36m&amp#27;[1m&amp#27;[0m                                            &amp#27;[90m# CreateOfficeStepDef.The_enters_state(String)&amp#27;[0m
    &amp#27;[36mAnd &amp#27;[0m&amp#27;[36mSelect address type&amp#27;[0m                                          &amp#27;[90m# NegRequestOfficeStepDef.Select_address_type()&amp#27;[0m
    &amp#27;[36mAnd &amp#27;[0m&amp#27;[36mClick on the first plus symbol&amp#27;[0m                               &amp#27;[90m# NegRequestOfficeStepDef.Click_on_the_first_plus_symbol()&amp#27;[0m
    &amp#27;[36mAnd &amp#27;[0m&amp#27;[36mThe user enters awards office TAC3 street address &amp#27;[0m&amp#27;[36m&amp#27;[1m&amp#27;[0m           &amp#27;[90m# CreateOfficeStepDef.The_user_entersawards_office_street_address_TAC3(String)&amp#27;[0m
    &amp#27;[36mAnd &amp#27;[0m&amp#27;[36mThe user enters TAC3 country &amp#27;[0m&amp#27;[36m&amp#27;[1m&amp#27;[0m                                &amp#27;[90m# CreateOfficeStepDef.The_user_enters_country_TAC3(String)&amp#27;[0m
    &amp#27;[36mAnd &amp#27;[0m&amp#27;[36mThe enters TAC3 zip &amp#27;[0m&amp#27;[36m&amp#27;[1m&amp#27;[0m                                         &amp#27;[90m# CreateOfficeStepDef.The_enters_zip_TAC3(String)&amp#27;[0m
    &amp#27;[36mAnd &amp#27;[0m&amp#27;[36mThe enters TAC3 city &amp#27;[0m&amp#27;[36m&amp#27;[1m&amp#27;[0m                                        &amp#27;[90m# CreateOfficeStepDef.The_enters_city_TAC3(String)&amp#27;[0m
    &amp#27;[36mAnd &amp#27;[0m&amp#27;[36mThe enters TAC3 state &amp#27;[0m&amp#27;[36m&amp#27;[1m&amp#27;[0m                                       &amp#27;[90m# CreateOfficeStepDef.The_enters_state_TAC3(String)&amp#27;[0m
    &amp#27;[36mAnd &amp#27;[0m&amp#27;[36mThe user enters awards office TAC2 street address &amp#27;[0m&amp#27;[36m&amp#27;[1m&amp#27;[0m           &amp#27;[90m# CreateOfficeStepDef.The_user_enters_awards_street_address_TAC2(String)&amp#27;[0m
    &amp#27;[36mAnd &amp#27;[0m&amp#27;[36mThe user enters TAC2 country &amp#27;[0m&amp#27;[36m&amp#27;[1m&amp#27;[0m                                &amp#27;[90m# CreateOfficeStepDef.The_user_enters_country_TAC2(String)&amp#27;[0m
    &amp#27;[36mAnd &amp#27;[0m&amp#27;[36mThe enters TAC2 zip &amp#27;[0m&amp#27;[36m&amp#27;[1m&amp#27;[0m                                         &amp#27;[90m# CreateOfficeStepDef.The_enters_zip_TAC2(String)&amp#27;[0m
    &amp#27;[36mAnd &amp#27;[0m&amp#27;[36mThe enters TAC2 city &amp#27;[0m&amp#27;[36m&amp#27;[1m&amp#27;[0m                                        &amp#27;[90m# CreateOfficeStepDef.The_enters_city_TAC2(String)&amp#27;[0m
    &amp#27;[36mAnd &amp#27;[0m&amp#27;[36mThe enters TAC2 state &amp#27;[0m&amp#27;[36m&amp#27;[1m&amp#27;[0m                                       &amp#27;[90m# CreateOfficeStepDef.The_enters_state_TAC2(String)&amp#27;[0m
    &amp#27;[36mThen &amp#27;[0m&amp#27;[36mThe user click on submit create office button&amp#27;[0m               &amp#27;[90m# CreateOfficeStepDef.The_user_click_on_submit_create_office_button()&amp#27;[0m
    &amp#27;[36mAnd &amp#27;[0m&amp#27;[36mValidation on error messages &amp#27;[0m&amp#27;[36m&amp#27;[1mContractAwards12&amp#27;[0m                &amp#27;[90m# NegRequestOfficeStepDef.Validation_on_error_messages(String)&amp#27;[0m
]]></system-out>
    <system-err><![CDATA[[main] ERROR net.thucydides.core.steps.ConsoleLoggingListener - 
           __  _____ _____ ____ _____   _____ _    ___ _     _____ ____  
  _       / / |_   _| ____/ ___|_   _| |  ___/ \  |_ _| |   | ____|  _ \ 
 (_)_____| |    | | |  _| \___ \ | |   | |_ / _ \  | || |   |  _| | | | |
  _|_____| |    | | | |___ ___) || |   |  _/ ___ \ | || |___| |___| |_| |
 (_)     | |    |_| |_____|____/ |_|   |_|/_/   \_\___|_____|_____|____/ 
          \_\                                                            

TEST FAILED: Validation on Awards office types error messages
--------------------------------------------------------------------------
[main] ERROR net.thucydides.core.steps.ConsoleLoggingListener - TEST FAILED AT STEP And The user enters office details Name Test161
[main] ERROR net.thucydides.core.steps.ConsoleLoggingListener - expected:<[987]> but was:<[111]>
[main] INFO gov.gsa.sam.stepdefinition.FeedsStepDef - Scroll down
[main] INFO gov.gsa.sam.stepdefinition.CreateOfficeStepDef - SubTierBreadCrumb
[main] INFO gov.gsa.sam.stepdefinition.CreateOfficeStepDef - Enter into login method:
[main] INFO gov.gsa.sam.stepdefinition.CreateOfficeStepDef - fh: FEDERAL HIERARCHY
[main] INFO gov.gsa.sam.stepdefinition.CreateOfficeStepDef - fhText: Please provide necessary details required for the office
[main] INFO gov.gsa.sam.stepdefinition.CreateOfficeStepDef - officeDetails: Office Details
[main] INFO gov.gsa.sam.stepdefinition.CreateOfficeStepDef - officeNameRqt: Required
[main] INFO gov.gsa.sam.stepdefinition.CreateOfficeStepDef - officeNameText: Provide the office name.
[main] INFO gov.gsa.sam.stepdefinition.CreateOfficeStepDef - OfficeNameText2: Provide the office name.
[main] INFO gov.gsa.sam.stepdefinition.CreateOfficeStepDef - OfficeName1Test101
[main] INFO gov.gsa.sam.stepdefinition.CreateOfficeStepDef - ParentDepartment: Parent Department and Sub-Tier
[main] INFO gov.gsa.sam.stepdefinition.CreateOfficeStepDef - DeptIndAgency: Dept/Ind Agency
[main] INFO gov.gsa.sam.stepdefinition.CreateOfficeStepDef - DeptIndAgency1: Department0.10280681
[main] INFO gov.gsa.sam.stepdefinition.CreateOfficeStepDef - CreateOfficeFields.DeptAgency: Dept/Ind Agency
[main] INFO gov.gsa.sam.stepdefinition.CreateOfficeStepDef - agencyName :Department0.5385883
[main] INFO gov.gsa.sam.stepdefinition.CreateOfficeStepDef - CGAC: CGAC
[main] INFO gov.gsa.sam.stepdefinition.CreateOfficeStepDef - CGAC1: 111
[main] INFO gov.gsa.sam.stepdefinition.CreateOfficeStepDef - CreateDepartmentStepDef.EditDepartmentCGAC: 987
]]></system-err>
  </testcase>
  <testcase name="Validation on Awards office types error messages" classname="Validate error meaasage in office page" time="30.719">
    <failure message="expected:&lt;[987]&gt; but was:&lt;[111]&gt;" type="org.junit.ComparisonFailure"><![CDATA[org.junit.ComparisonFailure: expected:<[987]> but was:<[111]>
]]></failure>
    <system-out><![CDATA[
  @negativeOffice @Requestoffice2
  Scenario Outline: Validation on Awards office types error messages &amp#27;[90m# src/test/resources/features/negRequestOffice.feature:129&amp#27;[0m
    &amp#27;[32mAnd &amp#27;[0m&amp#27;[32mScroll up&amp#27;[0m                                                    &amp#27;[90m# FeedsStepDef.Scroll_up()&amp#27;[0m
    &amp#27;[32mGiven &amp#27;[0m&amp#27;[32mUser click on subTier breadcrumb link&amp#27;[0m                      &amp#27;[90m# NegRequestOfficeStepDef.User_click_on_subTier_breadcrumb_link()&amp#27;[0m
    &amp#27;[32mGiven &amp#27;[0m&amp#27;[32mClick on edit button&amp#27;[0m                                       &amp#27;[90m# CreateOfficeStepDef.Create_office_submit_button()&amp#27;[0m
    &amp#27;[31mAnd &amp#27;[0m&amp#27;[31mThe user enters office details Name &amp#27;[0m&amp#27;[31m&amp#27;[1mTest161&amp#27;[0m                  &amp#27;[90m# CreateOfficeStepDef.The_user_enters_office_details_Name(String)&amp#27;[0m
      &amp#27;[31morg.junit.ComparisonFailure: expected:<[987]> but was:<[111]>
	at org.junit.Assert.assertEquals(Assert.java:115)
	at org.junit.Assert.assertEquals(Assert.java:144)
	at gov.gsa.sam.stepdefinition.CreateOfficeStepDef.The_user_enters_office_details_Name(CreateOfficeStepDef.java:258)
	at ?.The user enters office details Name Test161(src/test/resources/features/negRequestOffice.feature:77)
&amp#27;[0m
    &amp#27;[36mAnd &amp#27;[0m&amp#27;[36mThe user enters create office start month &amp#27;[0m&amp#27;[36m&amp#27;[1m&amp#27;[0m                   &amp#27;[90m# CreateOfficeStepDef.The_user_enters_create_office_start_month(String)&amp#27;[0m
    &amp#27;[36mAnd &amp#27;[0m&amp#27;[36mThe user enters create office start day &amp#27;[0m&amp#27;[36m&amp#27;[1m&amp#27;[0m                     &amp#27;[90m# CreateOfficeStepDef.The_user_enters_create_office_start_day(String)&amp#27;[0m
    &amp#27;[36mAnd &amp#27;[0m&amp#27;[36mThe user enters create office start year &amp#27;[0m&amp#27;[36m&amp#27;[1m&amp#27;[0m                    &amp#27;[90m# CreateOfficeStepDef.The_user_enters_create_office_start_year(String)&amp#27;[0m
    &amp#27;[36mAnd &amp#27;[0m&amp#27;[36mThe user enters create office end month &amp#27;[0m&amp#27;[36m&amp#27;[1m&amp#27;[0m                     &amp#27;[90m# CreateOfficeStepDef.The_user_enter_create_office_end_month(String)&amp#27;[0m
    &amp#27;[36mAnd &amp#27;[0m&amp#27;[36mThe user enters create office end day &amp#27;[0m&amp#27;[36m&amp#27;[1m&amp#27;[0m                       &amp#27;[90m# CreateOfficeStepDef.The_user_enters_create_office_end_day(String)&amp#27;[0m
    &amp#27;[36mAnd &amp#27;[0m&amp#27;[36mThe user enters create office end year &amp#27;[0m&amp#27;[36m&amp#27;[1m&amp#27;[0m                      &amp#27;[90m# CreateOfficeStepDef.The_user_enters_create_office_end_year(String)&amp#27;[0m
    &amp#27;[36mAnd &amp#27;[0m&amp#27;[36mSelect Poc check box&amp#27;[0m                                         &amp#27;[90m# CreateOfficeStepDef.Select_Poc_check_box()&amp#27;[0m
    &amp#27;[36mAnd &amp#27;[0m&amp#27;[36mThe user select office type contract Awards &amp#27;[0m&amp#27;[36m&amp#27;[1m&amp#27;[0m                 &amp#27;[90m# CreateOfficeStepDef.The_user_select_office_type_contracting(String)&amp#27;[0m
    &amp#27;[36mAnd &amp#27;[0m&amp#27;[36mThe user enters contract Awards start month &amp#27;[0m&amp#27;[36m&amp#27;[1m&amp#27;[0m                 &amp#27;[90m# CreateOfficeStepDef.The_user_enters_contracting_office_start_month(String)&amp#27;[0m
    &amp#27;[36mAnd &amp#27;[0m&amp#27;[36mThe user enters contract Awards start day &amp#27;[0m&amp#27;[36m&amp#27;[1m&amp#27;[0m                   &amp#27;[90m# CreateOfficeStepDef.The_user_enters_contracting_office_start_day(String)&amp#27;[0m
    &amp#27;[36mAnd &amp#27;[0m&amp#27;[36mThe user enters contract Awards start year &amp#27;[0m&amp#27;[36m&amp#27;[1m&amp#27;[0m                  &amp#27;[90m# CreateOfficeStepDef.The_user_enters_contracting_office_start_year(String)&amp#27;[0m
    &amp#27;[36mAnd &amp#27;[0m&amp#27;[36mThe user enters contract Awards end month &amp#27;[0m&amp#27;[36m&amp#27;[1mS&amp#27;[0m                  &amp#27;[90m# CreateOfficeStepDef.The_user_enter_contracting_office_end_month(String)&amp#27;[0m
    &amp#27;[36mAnd &amp#27;[0m&amp#27;[36mThe user enters contract Awards end day &amp#27;[0m&amp#27;[36m&amp#27;[1mS&amp#27;[0m                    &amp#27;[90m# CreateOfficeStepDef.The_user_enters_contracting_office_end_day(String)&amp#27;[0m
    &amp#27;[36mAnd &amp#27;[0m&amp#27;[36mThe user enters contract Awards end year &amp#27;[0m&amp#27;[36m&amp#27;[1m&amp#27;[0m                    &amp#27;[90m# CreateOfficeStepDef.The_user_enters_contracting_office_end_year(String)&amp#27;[0m
    &amp#27;[36mAnd &amp#27;[0m&amp#27;[36mThe user select office type Financial Awards &amp#27;[0m&amp#27;[36m&amp#27;[1m&amp#27;[0m                &amp#27;[90m# CreateOfficeStepDef.The_user_select_office_type_grants(String)&amp#27;[0m
    &amp#27;[36mAnd &amp#27;[0m&amp#27;[36mThe user enters Financial Awards start month &amp#27;[0m&amp#27;[36m&amp#27;[1m&amp#27;[0m                &amp#27;[90m# CreateOfficeStepDef.The_user_enters_grants_office_start_month(String)&amp#27;[0m
    &amp#27;[36mAnd &amp#27;[0m&amp#27;[36mThe user enters Financial Awards start day &amp#27;[0m&amp#27;[36m&amp#27;[1m&amp#27;[0m                  &amp#27;[90m# CreateOfficeStepDef.The_user_enters_grants_office_start_day(String)&amp#27;[0m
    &amp#27;[36mAnd &amp#27;[0m&amp#27;[36mThe user enters Financial Awards start year &amp#27;[0m&amp#27;[36m&amp#27;[1m&amp#27;[0m                 &amp#27;[90m# CreateOfficeStepDef.The_user_enters_grants_office_start_year(String)&amp#27;[0m
    &amp#27;[36mAnd &amp#27;[0m&amp#27;[36mThe user enters Financial Awards end month &amp#27;[0m&amp#27;[36m&amp#27;[1mS&amp#27;[0m                 &amp#27;[90m# CreateOfficeStepDef.The_user_enter_grants_office_end_month(String)&amp#27;[0m
    &amp#27;[36mAnd &amp#27;[0m&amp#27;[36mThe user enters Financial Awards end day &amp#27;[0m&amp#27;[36m&amp#27;[1mS&amp#27;[0m                   &amp#27;[90m# CreateOfficeStepDef.The_user_enters_grants_office_end_day(String)&amp#27;[0m
    &amp#27;[36mAnd &amp#27;[0m&amp#27;[36mThe user enters Financial Awards end year &amp#27;[0m&amp#27;[36m&amp#27;[1m&amp#27;[0m                   &amp#27;[90m# CreateOfficeStepDef.The_user_enters_grants_office_end_year(String)&amp#27;[0m
    &amp#27;[36mAnd &amp#27;[0m&amp#27;[36mClick on the mailing address plus symbol&amp#27;[0m                     &amp#27;[90m# NegRequestOfficeStepDef.Click_on_the_mailing_address_plus_symbol()&amp#27;[0m
    &amp#27;[36mAnd &amp#27;[0m&amp#27;[36mThe user enters street address &amp#27;[0m&amp#27;[36m&amp#27;[1m&amp#27;[0m                              &amp#27;[90m# CreateOfficeStepDef.The_user_enters_street_address(String)&amp#27;[0m
    &amp#27;[36mAnd &amp#27;[0m&amp#27;[36mThe user enters country &amp#27;[0m&amp#27;[36m&amp#27;[1m&amp#27;[0m                                     &amp#27;[90m# CreateOfficeStepDef.The_user_enters_country(String)&amp#27;[0m
    &amp#27;[36mAnd &amp#27;[0m&amp#27;[36mThe enters zip &amp#27;[0m&amp#27;[36m&amp#27;[1m&amp#27;[0m                                              &amp#27;[90m# CreateOfficeStepDef.The_enters_zip(String)&amp#27;[0m
    &amp#27;[36mAnd &amp#27;[0m&amp#27;[36mThe enters city &amp#27;[0m&amp#27;[36m&amp#27;[1m&amp#27;[0m                                             &amp#27;[90m# CreateOfficeStepDef.The_enters_city(String)&amp#27;[0m
    &amp#27;[36mAnd &amp#27;[0m&amp#27;[36mThe enters state &amp#27;[0m&amp#27;[36m&amp#27;[1m&amp#27;[0m                                            &amp#27;[90m# CreateOfficeStepDef.The_enters_state(String)&amp#27;[0m
    &amp#27;[36mAnd &amp#27;[0m&amp#27;[36mSelect address type&amp#27;[0m                                          &amp#27;[90m# NegRequestOfficeStepDef.Select_address_type()&amp#27;[0m
    &amp#27;[36mAnd &amp#27;[0m&amp#27;[36mClick on the first plus symbol&amp#27;[0m                               &amp#27;[90m# NegRequestOfficeStepDef.Click_on_the_first_plus_symbol()&amp#27;[0m
    &amp#27;[36mAnd &amp#27;[0m&amp#27;[36mThe user enters awards office TAC3 street address &amp#27;[0m&amp#27;[36m&amp#27;[1m&amp#27;[0m           &amp#27;[90m# CreateOfficeStepDef.The_user_entersawards_office_street_address_TAC3(String)&amp#27;[0m
    &amp#27;[36mAnd &amp#27;[0m&amp#27;[36mThe user enters TAC3 country &amp#27;[0m&amp#27;[36m&amp#27;[1m&amp#27;[0m                                &amp#27;[90m# CreateOfficeStepDef.The_user_enters_country_TAC3(String)&amp#27;[0m
    &amp#27;[36mAnd &amp#27;[0m&amp#27;[36mThe enters TAC3 zip &amp#27;[0m&amp#27;[36m&amp#27;[1m&amp#27;[0m                                         &amp#27;[90m# CreateOfficeStepDef.The_enters_zip_TAC3(String)&amp#27;[0m
    &amp#27;[36mAnd &amp#27;[0m&amp#27;[36mThe enters TAC3 city &amp#27;[0m&amp#27;[36m&amp#27;[1m&amp#27;[0m                                        &amp#27;[90m# CreateOfficeStepDef.The_enters_city_TAC3(String)&amp#27;[0m
    &amp#27;[36mAnd &amp#27;[0m&amp#27;[36mThe enters TAC3 state &amp#27;[0m&amp#27;[36m&amp#27;[1m&amp#27;[0m                                       &amp#27;[90m# CreateOfficeStepDef.The_enters_state_TAC3(String)&amp#27;[0m
    &amp#27;[36mAnd &amp#27;[0m&amp#27;[36mThe user enters awards office TAC2 street address &amp#27;[0m&amp#27;[36m&amp#27;[1m&amp#27;[0m           &amp#27;[90m# CreateOfficeStepDef.The_user_enters_awards_street_address_TAC2(String)&amp#27;[0m
    &amp#27;[36mAnd &amp#27;[0m&amp#27;[36mThe user enters TAC2 country &amp#27;[0m&amp#27;[36m&amp#27;[1m&amp#27;[0m                                &amp#27;[90m# CreateOfficeStepDef.The_user_enters_country_TAC2(String)&amp#27;[0m
    &amp#27;[36mAnd &amp#27;[0m&amp#27;[36mThe enters TAC2 zip &amp#27;[0m&amp#27;[36m&amp#27;[1m&amp#27;[0m                                         &amp#27;[90m# CreateOfficeStepDef.The_enters_zip_TAC2(String)&amp#27;[0m
    &amp#27;[36mAnd &amp#27;[0m&amp#27;[36mThe enters TAC2 city &amp#27;[0m&amp#27;[36m&amp#27;[1m&amp#27;[0m                                        &amp#27;[90m# CreateOfficeStepDef.The_enters_city_TAC2(String)&amp#27;[0m
    &amp#27;[36mAnd &amp#27;[0m&amp#27;[36mThe enters TAC2 state &amp#27;[0m&amp#27;[36m&amp#27;[1m&amp#27;[0m                                       &amp#27;[90m# CreateOfficeStepDef.The_enters_state_TAC2(String)&amp#27;[0m
    &amp#27;[36mThen &amp#27;[0m&amp#27;[36mThe user click on submit create office button&amp#27;[0m               &amp#27;[90m# CreateOfficeStepDef.The_user_click_on_submit_create_office_button()&amp#27;[0m
    &amp#27;[36mAnd &amp#27;[0m&amp#27;[36mValidation on error messages &amp#27;[0m&amp#27;[36m&amp#27;[1mFinancialAssistanceAwards3&amp#27;[0m      &amp#27;[90m# NegRequestOfficeStepDef.Validation_on_error_messages(String)&amp#27;[0m
]]></system-out>
    <system-err><![CDATA[[main] ERROR net.thucydides.core.steps.ConsoleLoggingListener - 
           __  _____ _____ ____ _____   _____ _    ___ _     _____ ____  
  _       / / |_   _| ____/ ___|_   _| |  ___/ \  |_ _| |   | ____|  _ \ 
 (_)_____| |    | | |  _| \___ \ | |   | |_ / _ \  | || |   |  _| | | | |
  _|_____| |    | | | |___ ___) || |   |  _/ ___ \ | || |___| |___| |_| |
 (_)     | |    |_| |_____|____/ |_|   |_|/_/   \_\___|_____|_____|____/ 
          \_\                                                            

TEST FAILED: Validation on Awards office types error messages
--------------------------------------------------------------------------
[main] ERROR net.thucydides.core.steps.ConsoleLoggingListener - TEST FAILED AT STEP And The user enters office details Name Test101
[main] ERROR net.thucydides.core.steps.ConsoleLoggingListener - expected:<[987]> but was:<[111]>
[main] INFO gov.gsa.sam.stepdefinition.FeedsStepDef - Scroll down
[main] INFO gov.gsa.sam.stepdefinition.CreateOfficeStepDef - SubTierBreadCrumb
[main] INFO gov.gsa.sam.stepdefinition.CreateOfficeStepDef - Enter into login method:
[main] INFO gov.gsa.sam.stepdefinition.CreateOfficeStepDef - fh: FEDERAL HIERARCHY
[main] INFO gov.gsa.sam.stepdefinition.CreateOfficeStepDef - fhText: Please provide necessary details required for the office
[main] INFO gov.gsa.sam.stepdefinition.CreateOfficeStepDef - officeDetails: Office Details
[main] INFO gov.gsa.sam.stepdefinition.CreateOfficeStepDef - officeNameRqt: Required
[main] INFO gov.gsa.sam.stepdefinition.CreateOfficeStepDef - officeNameText: Provide the office name.
[main] INFO gov.gsa.sam.stepdefinition.CreateOfficeStepDef - OfficeNameText2: Provide the office name.
[main] INFO gov.gsa.sam.stepdefinition.CreateOfficeStepDef - OfficeName1Test161
[main] INFO gov.gsa.sam.stepdefinition.CreateOfficeStepDef - ParentDepartment: Parent Department and Sub-Tier
[main] INFO gov.gsa.sam.stepdefinition.CreateOfficeStepDef - DeptIndAgency: Dept/Ind Agency
[main] INFO gov.gsa.sam.stepdefinition.CreateOfficeStepDef - DeptIndAgency1: Department0.10280681
[main] INFO gov.gsa.sam.stepdefinition.CreateOfficeStepDef - CreateOfficeFields.DeptAgency: Dept/Ind Agency
[main] INFO gov.gsa.sam.stepdefinition.CreateOfficeStepDef - agencyName :Department0.5385883
[main] INFO gov.gsa.sam.stepdefinition.CreateOfficeStepDef - CGAC: CGAC
[main] INFO gov.gsa.sam.stepdefinition.CreateOfficeStepDef - CGAC1: 111
[main] INFO gov.gsa.sam.stepdefinition.CreateOfficeStepDef - CreateDepartmentStepDef.EditDepartmentCGAC: 987
]]></system-err>
  </testcase>
  <testcase name="Validation on Funding office types error messages" classname="Validate error meaasage in office page" time="26.764">
    <failure message="expected:&lt;[987]&gt; but was:&lt;[111]&gt;" type="org.junit.ComparisonFailure"><![CDATA[org.junit.ComparisonFailure: expected:<[987]> but was:<[111]>
]]></failure>
    <system-out><![CDATA[
  @Requestoffice3
  Scenario Outline: Validation on Funding office types error messages &amp#27;[90m# src/test/resources/features/negRequestOffice.feature:132&amp#27;[0m
    &amp#27;[36mAnd Scroll up&amp#27;[0m
    &amp#27;[36mGiven User click on subTier breadcrumb link&amp#27;[0m
    &amp#27;[36mGiven Click on edit button&amp#27;[0m
    &amp#27;[36mAnd The user enters office details Name <officeDetails>&amp#27;[0m
    &amp#27;[36mAnd The user enters create office start month <startMonth>&amp#27;[0m
    &amp#27;[36mAnd The user enters create office start day <startDay>&amp#27;[0m
    &amp#27;[36mAnd The user enters create office start year <startYear>&amp#27;[0m
    &amp#27;[36mAnd The user enters create office end month <EndMonth>&amp#27;[0m
    &amp#27;[36mAnd The user enters create office end day <EndDay>&amp#27;[0m
    &amp#27;[36mAnd The user enters create office end year <EndYear>&amp#27;[0m
    &amp#27;[36mAnd Select Poc check box&amp#27;[0m
    &amp#27;[36mAnd The user select office type Financial funding <FinancialFunding>&amp#27;[0m
    &amp#27;[36mAnd The user enters Financial funding start month <FinancialFundingstartMonth>&amp#27;[0m
    &amp#27;[36mAnd The user enters Financial funding start day <FinancialFundingstartDay>&amp#27;[0m
    &amp#27;[36mAnd The user enters Financial funding start year <FinancialFundingstartYear>&amp#27;[0m
    &amp#27;[36mAnd The user enters Financial funding end month <FinancialFundingEndMonth>&amp#27;[0m
    &amp#27;[36mAnd The user enters Financial funding end day <FinancialFundingEndDay>&amp#27;[0m
    &amp#27;[36mAnd The user enters Financial funding end year <FinancialFundingEndYear>&amp#27;[0m
    &amp#27;[36mAnd The user select office type contract funding  <Contractfunding>&amp#27;[0m
    &amp#27;[36mAnd The user enters other contract funding start month <contractfundingstartMonth>&amp#27;[0m
    &amp#27;[36mAnd The user enters other contract funding start day <contractfundingstartDay>&amp#27;[0m
    &amp#27;[36mAnd The user enters other contract funding start year <contractfundingstartYear>&amp#27;[0m
    &amp#27;[36mAnd The user enters other contract funding end month <contractfundingEndMonth>&amp#27;[0m
    &amp#27;[36mAnd The user enters other contract funding end day <contractfundingEndDay>&amp#27;[0m
    &amp#27;[36mAnd The user enters other contract funding end year <contractfundingEndYear>&amp#27;[0m
    &amp#27;[36mAnd The user enters street address <address>&amp#27;[0m
    &amp#27;[36mAnd The user enters country <country>&amp#27;[0m
    &amp#27;[36mAnd The enters zip <Zip>&amp#27;[0m
    &amp#27;[36mAnd The enters city <city>&amp#27;[0m
    &amp#27;[36mAnd The enters state <state>&amp#27;[0m
    &amp#27;[36mAnd The user enters TAC2 street address <address2>&amp#27;[0m
    &amp#27;[36mAnd The user enters TAC2 country <country2>&amp#27;[0m
    &amp#27;[36mAnd The enters TAC2 zip <Zip2>&amp#27;[0m
    &amp#27;[36mAnd The enters TAC2 city <officeCity2>&amp#27;[0m
    &amp#27;[36mAnd The enters TAC2 state <state2>&amp#27;[0m
    &amp#27;[36mAnd The user enters TAC3 street address <address3>&amp#27;[0m
    &amp#27;[36mAnd The user enters TAC3 country <country3>&amp#27;[0m
    &amp#27;[36mAnd The enters TAC3 zip <Zip3>&amp#27;[0m
    &amp#27;[36mAnd The enters TAC3 city <officeCity3>&amp#27;[0m
    &amp#27;[36mAnd The enters TAC3 state <state3>&amp#27;[0m
    &amp#27;[36mThen The user click on submit create office button&amp#27;[0m
    &amp#27;[36mAnd Validation on funding error messages <ErrorMessages>&amp#27;[0m

    Examples: 

  @negativeOffice @Requestoffice3
  Scenario Outline: Validation on Funding office types error messages     &amp#27;[90m# src/test/resources/features/negRequestOffice.feature:178&amp#27;[0m
    &amp#27;[32mAnd &amp#27;[0m&amp#27;[32mScroll up&amp#27;[0m                                                         &amp#27;[90m# FeedsStepDef.Scroll_up()&amp#27;[0m
    &amp#27;[32mGiven &amp#27;[0m&amp#27;[32mUser click on subTier breadcrumb link&amp#27;[0m                           &amp#27;[90m# NegRequestOfficeStepDef.User_click_on_subTier_breadcrumb_link()&amp#27;[0m
    &amp#27;[32mGiven &amp#27;[0m&amp#27;[32mClick on edit button&amp#27;[0m                                            &amp#27;[90m# CreateOfficeStepDef.Create_office_submit_button()&amp#27;[0m
    &amp#27;[31mAnd &amp#27;[0m&amp#27;[31mThe user enters office details Name &amp#27;[0m&amp#27;[31m&amp#27;[1mTest161&amp#27;[0m                       &amp#27;[90m# CreateOfficeStepDef.The_user_enters_office_details_Name(String)&amp#27;[0m
      &amp#27;[31morg.junit.ComparisonFailure: expected:<[987]> but was:<[111]>
	at org.junit.Assert.assertEquals(Assert.java:115)
	at org.junit.Assert.assertEquals(Assert.java:144)
	at gov.gsa.sam.stepdefinition.CreateOfficeStepDef.The_user_enters_office_details_Name(CreateOfficeStepDef.java:258)
	at ?.The user enters office details Name Test161(src/test/resources/features/negRequestOffice.feature:136)
&amp#27;[0m
    &amp#27;[36mAnd &amp#27;[0m&amp#27;[36mThe user enters create office start month &amp#27;[0m&amp#27;[36m&amp#27;[1m&amp#27;[0m                        &amp#27;[90m# CreateOfficeStepDef.The_user_enters_create_office_start_month(String)&amp#27;[0m
    &amp#27;[36mAnd &amp#27;[0m&amp#27;[36mThe user enters create office start day &amp#27;[0m&amp#27;[36m&amp#27;[1m&amp#27;[0m                          &amp#27;[90m# CreateOfficeStepDef.The_user_enters_create_office_start_day(String)&amp#27;[0m
    &amp#27;[36mAnd &amp#27;[0m&amp#27;[36mThe user enters create office start year &amp#27;[0m&amp#27;[36m&amp#27;[1m&amp#27;[0m                         &amp#27;[90m# CreateOfficeStepDef.The_user_enters_create_office_start_year(String)&amp#27;[0m
    &amp#27;[36mAnd &amp#27;[0m&amp#27;[36mThe user enters create office end month &amp#27;[0m&amp#27;[36m&amp#27;[1m&amp#27;[0m                          &amp#27;[90m# CreateOfficeStepDef.The_user_enter_create_office_end_month(String)&amp#27;[0m
    &amp#27;[36mAnd &amp#27;[0m&amp#27;[36mThe user enters create office end day &amp#27;[0m&amp#27;[36m&amp#27;[1m&amp#27;[0m                            &amp#27;[90m# CreateOfficeStepDef.The_user_enters_create_office_end_day(String)&amp#27;[0m
    &amp#27;[36mAnd &amp#27;[0m&amp#27;[36mThe user enters create office end year &amp#27;[0m&amp#27;[36m&amp#27;[1m&amp#27;[0m                           &amp#27;[90m# CreateOfficeStepDef.The_user_enters_create_office_end_year(String)&amp#27;[0m
    &amp#27;[36mAnd &amp#27;[0m&amp#27;[36mSelect Poc check box&amp#27;[0m                                              &amp#27;[90m# CreateOfficeStepDef.Select_Poc_check_box()&amp#27;[0m
    &amp#27;[36mAnd &amp#27;[0m&amp#27;[36mThe user select office type Financial funding &amp#27;[0m&amp#27;[36m&amp#27;[1m&amp#27;[0m                    &amp#27;[90m# CreateOfficeStepDef.The_user_select_office_type_funding(String)&amp#27;[0m
    &amp#27;[36mAnd &amp#27;[0m&amp#27;[36mThe user enters Financial funding start month &amp#27;[0m&amp#27;[36m&amp#27;[1m&amp#27;[0m                    &amp#27;[90m# CreateOfficeStepDef.The_user_enters_funding_office_start_month(String)&amp#27;[0m
    &amp#27;[36mAnd &amp#27;[0m&amp#27;[36mThe user enters Financial funding start day &amp#27;[0m&amp#27;[36m&amp#27;[1m&amp#27;[0m                      &amp#27;[90m# CreateOfficeStepDef.The_user_enters_funding_office_start_day(String)&amp#27;[0m
    &amp#27;[36mAnd &amp#27;[0m&amp#27;[36mThe user enters Financial funding start year &amp#27;[0m&amp#27;[36m&amp#27;[1m&amp#27;[0m                     &amp#27;[90m# CreateOfficeStepDef.The_user_enters_funding_office_start_year(String)&amp#27;[0m
    &amp#27;[36mAnd &amp#27;[0m&amp#27;[36mThe user enters Financial funding end month &amp#27;[0m&amp#27;[36m&amp#27;[1mM&amp#27;[0m                     &amp#27;[90m# CreateOfficeStepDef.The_user_enter_funding_office_end_month(String)&amp#27;[0m
    &amp#27;[36mAnd &amp#27;[0m&amp#27;[36mThe user enters Financial funding end day &amp#27;[0m&amp#27;[36m&amp#27;[1mD&amp#27;[0m                       &amp#27;[90m# CreateOfficeStepDef.The_user_enters_funding_office_end_day(String)&amp#27;[0m
    &amp#27;[36mAnd &amp#27;[0m&amp#27;[36mThe user enters Financial funding end year &amp#27;[0m&amp#27;[36m&amp#27;[1m&amp#27;[0m                       &amp#27;[90m# CreateOfficeStepDef.The_user_enters_funding_office_end_year(String)&amp#27;[0m
    &amp#27;[36mAnd &amp#27;[0m&amp#27;[36mThe user select office type contract funding &amp#27;[0m&amp#27;[36m&amp#27;[1m x&amp#27;[0m                   &amp#27;[90m# CreateOfficeStepDef.The_user_select_office_type_other(String)&amp#27;[0m
    &amp#27;[36mAnd &amp#27;[0m&amp#27;[36mThe user enters other contract funding start month &amp#27;[0m&amp#27;[36m&amp#27;[1mx&amp#27;[0m              &amp#27;[90m# CreateOfficeStepDef.The_user_enters_other_office_start_month(String)&amp#27;[0m
    &amp#27;[36mAnd &amp#27;[0m&amp#27;[36mThe user enters other contract funding start day &amp#27;[0m&amp#27;[36m&amp#27;[1mx&amp#27;[0m                &amp#27;[90m# CreateOfficeStepDef.The_user_enters_other_office_start_day(String)&amp#27;[0m
    &amp#27;[36mAnd &amp#27;[0m&amp#27;[36mThe user enters other contract funding start year &amp#27;[0m&amp#27;[36m&amp#27;[1mx&amp#27;[0m               &amp#27;[90m# CreateOfficeStepDef.The_user_enters_other_office_start_year(String)&amp#27;[0m
    &amp#27;[36mAnd &amp#27;[0m&amp#27;[36mThe user enters other contract funding end month &amp#27;[0m&amp#27;[36m&amp#27;[1mx&amp#27;[0m                &amp#27;[90m# CreateOfficeStepDef.The_user_enter_other_office_end_month(String)&amp#27;[0m
    &amp#27;[36mAnd &amp#27;[0m&amp#27;[36mThe user enters other contract funding end day &amp#27;[0m&amp#27;[36m&amp#27;[1mx&amp#27;[0m                  &amp#27;[90m# CreateOfficeStepDef.The_user_enters_other_office_end_day(String)&amp#27;[0m
    &amp#27;[36mAnd &amp#27;[0m&amp#27;[36mThe user enters other contract funding end year &amp#27;[0m&amp#27;[36m&amp#27;[1mx&amp#27;[0m                 &amp#27;[90m# CreateOfficeStepDef.The_user_enters_other_office_end_year(String)&amp#27;[0m
    &amp#27;[36mAnd &amp#27;[0m&amp#27;[36mThe user enters street address &amp#27;[0m&amp#27;[36m&amp#27;[1m&amp#27;[0m                                   &amp#27;[90m# CreateOfficeStepDef.The_user_enters_street_address(String)&amp#27;[0m
    &amp#27;[36mAnd &amp#27;[0m&amp#27;[36mThe user enters country &amp#27;[0m&amp#27;[36m&amp#27;[1m&amp#27;[0m                                          &amp#27;[90m# CreateOfficeStepDef.The_user_enters_country(String)&amp#27;[0m
    &amp#27;[36mAnd &amp#27;[0m&amp#27;[36mThe enters zip &amp#27;[0m&amp#27;[36m&amp#27;[1m&amp#27;[0m                                                   &amp#27;[90m# CreateOfficeStepDef.The_enters_zip(String)&amp#27;[0m
    &amp#27;[36mAnd &amp#27;[0m&amp#27;[36mThe enters city &amp#27;[0m&amp#27;[36m&amp#27;[1m&amp#27;[0m                                                  &amp#27;[90m# CreateOfficeStepDef.The_enters_city(String)&amp#27;[0m
    &amp#27;[36mAnd &amp#27;[0m&amp#27;[36mThe enters state &amp#27;[0m&amp#27;[36m&amp#27;[1m&amp#27;[0m                                                 &amp#27;[90m# CreateOfficeStepDef.The_enters_state(String)&amp#27;[0m
    &amp#27;[36mAnd &amp#27;[0m&amp#27;[36mThe user enters TAC2 street address &amp#27;[0m&amp#27;[36m&amp#27;[1m&amp#27;[0m                              &amp#27;[90m# CreateOfficeStepDef.The_user_enters_street_address_TAC2(String)&amp#27;[0m
    &amp#27;[36mAnd &amp#27;[0m&amp#27;[36mThe user enters TAC2 country &amp#27;[0m&amp#27;[36m&amp#27;[1m&amp#27;[0m                                     &amp#27;[90m# CreateOfficeStepDef.The_user_enters_country_TAC2(String)&amp#27;[0m
    &amp#27;[36mAnd &amp#27;[0m&amp#27;[36mThe enters TAC2 zip &amp#27;[0m&amp#27;[36m&amp#27;[1m&amp#27;[0m                                              &amp#27;[90m# CreateOfficeStepDef.The_enters_zip_TAC2(String)&amp#27;[0m
    &amp#27;[36mAnd &amp#27;[0m&amp#27;[36mThe enters TAC2 city &amp#27;[0m&amp#27;[36m&amp#27;[1m&amp#27;[0m                                             &amp#27;[90m# CreateOfficeStepDef.The_enters_city_TAC2(String)&amp#27;[0m
    &amp#27;[36mAnd &amp#27;[0m&amp#27;[36mThe enters TAC2 state &amp#27;[0m&amp#27;[36m&amp#27;[1m&amp#27;[0m                                            &amp#27;[90m# CreateOfficeStepDef.The_enters_state_TAC2(String)&amp#27;[0m
    &amp#27;[36mAnd &amp#27;[0m&amp#27;[36mThe user enters TAC3 street address &amp#27;[0m&amp#27;[36m&amp#27;[1m&amp#27;[0m                              &amp#27;[90m# CreateOfficeStepDef.The_user_enters_street_address_TAC3(String)&amp#27;[0m
    &amp#27;[36mAnd &amp#27;[0m&amp#27;[36mThe user enters TAC3 country &amp#27;[0m&amp#27;[36m&amp#27;[1m&amp#27;[0m                                     &amp#27;[90m# CreateOfficeStepDef.The_user_enters_country_TAC3(String)&amp#27;[0m
    &amp#27;[36mAnd &amp#27;[0m&amp#27;[36mThe enters TAC3 zip &amp#27;[0m&amp#27;[36m&amp#27;[1m&amp#27;[0m                                              &amp#27;[90m# CreateOfficeStepDef.The_enters_zip_TAC3(String)&amp#27;[0m
    &amp#27;[36mAnd &amp#27;[0m&amp#27;[36mThe enters TAC3 city &amp#27;[0m&amp#27;[36m&amp#27;[1m&amp#27;[0m                                             &amp#27;[90m# CreateOfficeStepDef.The_enters_city_TAC3(String)&amp#27;[0m
    &amp#27;[36mAnd &amp#27;[0m&amp#27;[36mThe enters TAC3 state &amp#27;[0m&amp#27;[36m&amp#27;[1m&amp#27;[0m                                            &amp#27;[90m# CreateOfficeStepDef.The_enters_state_TAC3(String)&amp#27;[0m
    &amp#27;[36mThen &amp#27;[0m&amp#27;[36mThe user click on submit create office button&amp#27;[0m                    &amp#27;[90m# CreateOfficeStepDef.The_user_click_on_submit_create_office_button()&amp#27;[0m
    &amp#27;[36mAnd &amp#27;[0m&amp#27;[36mValidation on funding error messages &amp#27;[0m&amp#27;[36m&amp#27;[1mFinancialAssistanceFunding12&amp#27;[0m &amp#27;[90m# NegRequestOfficeStepDef.Validation_on_funding_error_messages(String)&amp#27;[0m
]]></system-out>
    <system-err><![CDATA[[main] ERROR net.thucydides.core.steps.ConsoleLoggingListener - 
           __  _____ _____ ____ _____   _____ _    ___ _     _____ ____  
  _       / / |_   _| ____/ ___|_   _| |  ___/ \  |_ _| |   | ____|  _ \ 
 (_)_____| |    | | |  _| \___ \ | |   | |_ / _ \  | || |   |  _| | | | |
  _|_____| |    | | | |___ ___) || |   |  _/ ___ \ | || |___| |___| |_| |
 (_)     | |    |_| |_____|____/ |_|   |_|/_/   \_\___|_____|_____|____/ 
          \_\                                                            

TEST FAILED: Validation on Awards office types error messages
--------------------------------------------------------------------------
[main] ERROR net.thucydides.core.steps.ConsoleLoggingListener - TEST FAILED AT STEP And The user enters office details Name Test161
[main] ERROR net.thucydides.core.steps.ConsoleLoggingListener - expected:<[987]> but was:<[111]>
[main] INFO net.thucydides.core.steps.ConsoleLoggingListener - 
 _____ _____ ____ _____   ____ _____  _    ____ _____ _____ ____  
|_   _| ____/ ___|_   _| / ___|_   _|/ \  |  _ \_   _| ____|  _ \ 
  | | |  _| \___ \ | |   \___ \ | | / _ \ | |_) || | |  _| | | | |
  | | | |___ ___) || |    ___) || |/ ___ \|  _ < | | | |___| |_| |
  |_| |_____|____/ |_|   |____/ |_/_/   \_\_| \_\|_| |_____|____/ 
                                                                  

TEST STARTED: Validation on Funding office types error messages
-------------------------------------------------------------------(validate-error-meaasage-in-office-page;validation-on-funding-office-types-error-messages)
[main] INFO gov.gsa.sam.stepdefinition.FeedsStepDef - Scroll down
[main] INFO gov.gsa.sam.stepdefinition.CreateOfficeStepDef - SubTierBreadCrumb
[main] INFO gov.gsa.sam.stepdefinition.CreateOfficeStepDef - Enter into login method:
[main] INFO gov.gsa.sam.stepdefinition.CreateOfficeStepDef - fh: FEDERAL HIERARCHY
[main] INFO gov.gsa.sam.stepdefinition.CreateOfficeStepDef - fhText: Please provide necessary details required for the office
[main] INFO gov.gsa.sam.stepdefinition.CreateOfficeStepDef - officeDetails: Office Details
[main] INFO gov.gsa.sam.stepdefinition.CreateOfficeStepDef - officeNameRqt: Required
[main] INFO gov.gsa.sam.stepdefinition.CreateOfficeStepDef - officeNameText: Provide the office name.
[main] INFO gov.gsa.sam.stepdefinition.CreateOfficeStepDef - OfficeNameText2: Provide the office name.
[main] INFO gov.gsa.sam.stepdefinition.CreateOfficeStepDef - OfficeName1Test161
[main] INFO gov.gsa.sam.stepdefinition.CreateOfficeStepDef - ParentDepartment: Parent Department and Sub-Tier
[main] INFO gov.gsa.sam.stepdefinition.CreateOfficeStepDef - DeptIndAgency: Dept/Ind Agency
[main] INFO gov.gsa.sam.stepdefinition.CreateOfficeStepDef - DeptIndAgency1: Department0.10280681
[main] INFO gov.gsa.sam.stepdefinition.CreateOfficeStepDef - CreateOfficeFields.DeptAgency: Dept/Ind Agency
[main] INFO gov.gsa.sam.stepdefinition.CreateOfficeStepDef - agencyName :Department0.5385883
[main] INFO gov.gsa.sam.stepdefinition.CreateOfficeStepDef - CGAC: CGAC
[main] INFO gov.gsa.sam.stepdefinition.CreateOfficeStepDef - CGAC1: 111
[main] INFO gov.gsa.sam.stepdefinition.CreateOfficeStepDef - CreateDepartmentStepDef.EditDepartmentCGAC: 987
[main] ERROR net.thucydides.core.steps.ConsoleLoggingListener - 
           __  _____ _____ ____ _____   _____ _    ___ _     _____ ____  
  _       / / |_   _| ____/ ___|_   _| |  ___/ \  |_ _| |   | ____|  _ \ 
 (_)_____| |    | | |  _| \___ \ | |   | |_ / _ \  | || |   |  _| | | | |
  _|_____| |    | | | |___ ___) || |   |  _/ ___ \ | || |___| |___| |_| |
 (_)     | |    |_| |_____|____/ |_|   |_|/_/   \_\___|_____|_____|____/ 
          \_\                                                            

TEST FAILED: Validation on Funding office types error messages
--------------------------------------------------------------------------
[main] ERROR net.thucydides.core.steps.ConsoleLoggingListener - TEST FAILED AT STEP And The user enters office details Name Test161
[main] ERROR net.thucydides.core.steps.ConsoleLoggingListener - expected:<[987]> but was:<[111]>
]]></system-err>
  </testcase>
  <testcase name="Validation on Funding office types error messages" classname="Validate error meaasage in office page" time="12.662">
    <error message="no such element: Unable to locate element: {&quot;method&quot;:&quot;xpath&quot;,&quot;selector&quot;:&quot;//*[@id=&quot;primary-content&quot;]/ng-component/div/div[1]/div[1]/button&quot;}&#10;  (Session info: chrome=73.0.3683.86)&#10;  (Driver info: chromedriver=2.38.552522 (437e6fbedfa8762dec75e2c5b3ddb86763dc9dcb),platform=Windows NT 6.1.7601 SP1 x86_64) (WARNING: The server did not provide any stacktrace information)&#10;Command duration or timeout: 0 milliseconds&#10;For documentation on this error, please visit: http://seleniumhq.org/exceptions/no_such_element.html&#10;Build info: version: &apos;3.11.0&apos;, revision: &apos;e59cfb3&apos;, time: &apos;2018-03-11T20:26:55.152Z&apos;&#10;System info: host: &apos;I07R7C-AF1F18&apos;, ip: &apos;172.21.72.72&apos;, os.name: &apos;Windows 7&apos;, os.arch: &apos;amd64&apos;, os.version: &apos;6.1&apos;, java.version: &apos;1.8.0_191&apos;&#10;Driver info: org.openqa.selenium.remote.RemoteWebDriver&#10;Capabilities {acceptInsecureCerts: false, acceptSslCerts: false, applicationCacheEnabled: false, browserConnectionEnabled: false, browserName: chrome, chrome: {chromedriverVersion: 2.38.552522 (437e6fbedfa876..., userDataDir: C:\Users\SH359E~1\AppData\L...}, cssSelectorsEnabled: true, databaseEnabled: false, handlesAlerts: true, hasTouchScreen: false, javascriptEnabled: true, locationContextEnabled: true, mobileEmulationEnabled: false, nativeEvents: true, networkConnectionEnabled: false, pageLoadStrategy: normal, platform: XP, platformName: XP, rotatable: false, setWindowRect: true, takesHeapSnapshot: true, takesScreenshot: true, unexpectedAlertBehaviour: , unhandledPromptBehavior: , version: 73.0.3683.86, webStorageEnabled: true}&#10;Session ID: 64b81c4f3df0c7a01590797b0bf9d7d4&#10;*** Element info: {Using=xpath, value=//*[@id=&quot;primary-content&quot;]/ng-component/div/div[1]/div[1]/button}" type="org.openqa.selenium.NoSuchElementException">org.openqa.selenium.NoSuchElementException: 
no such element: Unable to locate element: {"method":"xpath","selector":"//*[@id="primary-content"]/ng-component/div/div[1]/div[1]/button"}
  (Session info: chrome=73.0.3683.86)
  (Driver info: chromedriver=2.38.552522 (437e6fbedfa8762dec75e2c5b3ddb86763dc9dcb),platform=Windows NT 6.1.7601 SP1 x86_64) (WARNING: The server did not provide any stacktrace information)
Command duration or timeout: 0 milliseconds
For documentation on this error, please visit: http://seleniumhq.org/exceptions/no_such_element.html
Build info: version: '3.11.0', revision: 'e59cfb3', time: '2018-03-11T20:26:55.152Z'
System info: host: 'I07R7C-AF1F18', ip: '172.21.72.72', os.name: 'Windows 7', os.arch: 'amd64', os.version: '6.1', java.version: '1.8.0_191'
Driver info: org.openqa.selenium.remote.RemoteWebDriver
Capabilities {acceptInsecureCerts: false, acceptSslCerts: false, applicationCacheEnabled: false, browserConnectionEnabled: false, browserName: chrome, chrome: {chromedriverVersion: 2.38.552522 (437e6fbedfa876..., userDataDir: C:\Users\SH359E~1\AppData\L...}, cssSelectorsEnabled: true, databaseEnabled: false, handlesAlerts: true, hasTouchScreen: false, javascriptEnabled: true, locationContextEnabled: true, mobileEmulationEnabled: false, nativeEvents: true, networkConnectionEnabled: false, pageLoadStrategy: normal, platform: XP, platformName: XP, rotatable: false, setWindowRect: true, takesHeapSnapshot: true, takesScreenshot: true, unexpectedAlertBehaviour: , unhandledPromptBehavior: , version: 73.0.3683.86, webStorageEnabled: true}
Session ID: 64b81c4f3df0c7a01590797b0bf9d7d4
*** Element info: {Using=xpath, value=//*[@id="primary-content"]/ng-component/div/div[1]/div[1]/button}
</error>
    <system-out><![CDATA[
  @negativeOffice @Requestoffice3
  Scenario Outline: Validation on Funding office types error messages    &amp#27;[90m# src/test/resources/features/negRequestOffice.feature:179&amp#27;[0m
    &amp#27;[32mAnd &amp#27;[0m&amp#27;[32mScroll up&amp#27;[0m                                                        &amp#27;[90m# FeedsStepDef.Scroll_up()&amp#27;[0m
    &amp#27;[32mGiven &amp#27;[0m&amp#27;[32mUser click on subTier breadcrumb link&amp#27;[0m                          &amp#27;[90m# NegRequestOfficeStepDef.User_click_on_subTier_breadcrumb_link()&amp#27;[0m
    &amp#27;[31mGiven &amp#27;[0m&amp#27;[31mClick on edit button&amp#27;[0m                                           &amp#27;[90m# CreateOfficeStepDef.Create_office_submit_button()&amp#27;[0m
      &amp#27;[31morg.openqa.selenium.NoSuchElementException: no such element: Unable to locate element: {"method":"xpath","selector":"//*[@id="primary-content"]/ng-component/div/div[1]/div[1]/button"}
  (Session info: chrome=73.0.3683.86)
  (Driver info: chromedriver=2.38.552522 (437e6fbedfa8762dec75e2c5b3ddb86763dc9dcb),platform=Windows NT 6.1.7601 SP1 x86_64) (WARNING: The server did not provide any stacktrace information)
Command duration or timeout: 0 milliseconds
For documentation on this error, please visit: http://seleniumhq.org/exceptions/no_such_element.html
Build info: version: '3.11.0', revision: 'e59cfb3', time: '2018-03-11T20:26:55.152Z'
System info: host: 'I07R7C-AF1F18', ip: '172.21.72.72', os.name: 'Windows 7', os.arch: 'amd64', os.version: '6.1', java.version: '1.8.0_191'
Driver info: org.openqa.selenium.remote.RemoteWebDriver
Capabilities {acceptInsecureCerts: false, acceptSslCerts: false, applicationCacheEnabled: false, browserConnectionEnabled: false, browserName: chrome, chrome: {chromedriverVersion: 2.38.552522 (437e6fbedfa876..., userDataDir: C:\Users\SH359E~1\AppData\L...}, cssSelectorsEnabled: true, databaseEnabled: false, handlesAlerts: true, hasTouchScreen: false, javascriptEnabled: true, locationContextEnabled: true, mobileEmulationEnabled: false, nativeEvents: true, networkConnectionEnabled: false, pageLoadStrategy: normal, platform: XP, platformName: XP, rotatable: false, setWindowRect: true, takesHeapSnapshot: true, takesScreenshot: true, unexpectedAlertBehaviour: , unhandledPromptBehavior: , version: 73.0.3683.86, webStorageEnabled: true}
Session ID: 64b81c4f3df0c7a01590797b0bf9d7d4
*** Element info: {Using=xpath, value=//*[@id="primary-content"]/ng-component/div/div[1]/div[1]/button}
	at sun.reflect.NativeConstructorAccessorImpl.newInstance0(Native Method)
	at sun.reflect.NativeConstructorAccessorImpl.newInstance(NativeConstructorAccessorImpl.java:62)
	at sun.reflect.DelegatingConstructorAccessorImpl.newInstance(DelegatingConstructorAccessorImpl.java:45)
	at java.lang.reflect.Constructor.newInstance(Constructor.java:423)
	at org.openqa.selenium.remote.ErrorHandler.createThrowable(ErrorHandler.java:214)
	at org.openqa.selenium.remote.ErrorHandler.throwIfResponseFailed(ErrorHandler.java:166)
	at org.openqa.selenium.remote.http.JsonHttpResponseCodec.reconstructValue(JsonHttpResponseCodec.java:40)
	at org.openqa.selenium.remote.http.AbstractHttpResponseCodec.decode(AbstractHttpResponseCodec.java:80)
	at org.openqa.selenium.remote.http.AbstractHttpResponseCodec.decode(AbstractHttpResponseCodec.java:44)
	at org.openqa.selenium.remote.HttpCommandExecutor.execute(HttpCommandExecutor.java:158)
	at org.openqa.selenium.remote.RemoteWebDriver.execute(RemoteWebDriver.java:545)
	at org.openqa.selenium.remote.RemoteWebDriver.findElement(RemoteWebDriver.java:319)
	at org.openqa.selenium.remote.RemoteWebDriver.findElementByXPath(RemoteWebDriver.java:421)
	at org.openqa.selenium.By$ByXPath.findElement(By.java:361)
	at org.openqa.selenium.remote.RemoteWebDriver.findElement(RemoteWebDriver.java:311)
	at net.thucydides.core.webdriver.WebDriverFacade.findElement(WebDriverFacade.java:231)
	at gov.gsa.sam.stepdefinition.CreateOfficeStepDef.Create_office_submit_button(CreateOfficeStepDef.java:163)
	at ?.Click on edit button(src/test/resources/features/negRequestOffice.feature:135)
&amp#27;[0m
    &amp#27;[36mAnd &amp#27;[0m&amp#27;[36mThe user enters office details Name &amp#27;[0m&amp#27;[36m&amp#27;[1mTest161&amp#27;[0m                      &amp#27;[90m# CreateOfficeStepDef.The_user_enters_office_details_Name(String)&amp#27;[0m
    &amp#27;[36mAnd &amp#27;[0m&amp#27;[36mThe user enters create office start month &amp#27;[0m&amp#27;[36m&amp#27;[1m&amp#27;[0m                       &amp#27;[90m# CreateOfficeStepDef.The_user_enters_create_office_start_month(String)&amp#27;[0m
    &amp#27;[36mAnd &amp#27;[0m&amp#27;[36mThe user enters create office start day &amp#27;[0m&amp#27;[36m&amp#27;[1m&amp#27;[0m                         &amp#27;[90m# CreateOfficeStepDef.The_user_enters_create_office_start_day(String)&amp#27;[0m
    &amp#27;[36mAnd &amp#27;[0m&amp#27;[36mThe user enters create office start year &amp#27;[0m&amp#27;[36m&amp#27;[1m&amp#27;[0m                        &amp#27;[90m# CreateOfficeStepDef.The_user_enters_create_office_start_year(String)&amp#27;[0m
    &amp#27;[36mAnd &amp#27;[0m&amp#27;[36mThe user enters create office end month &amp#27;[0m&amp#27;[36m&amp#27;[1m&amp#27;[0m                         &amp#27;[90m# CreateOfficeStepDef.The_user_enter_create_office_end_month(String)&amp#27;[0m
    &amp#27;[36mAnd &amp#27;[0m&amp#27;[36mThe user enters create office end day &amp#27;[0m&amp#27;[36m&amp#27;[1m&amp#27;[0m                           &amp#27;[90m# CreateOfficeStepDef.The_user_enters_create_office_end_day(String)&amp#27;[0m
    &amp#27;[36mAnd &amp#27;[0m&amp#27;[36mThe user enters create office end year &amp#27;[0m&amp#27;[36m&amp#27;[1m&amp#27;[0m                          &amp#27;[90m# CreateOfficeStepDef.The_user_enters_create_office_end_year(String)&amp#27;[0m
    &amp#27;[36mAnd &amp#27;[0m&amp#27;[36mSelect Poc check box&amp#27;[0m                                             &amp#27;[90m# CreateOfficeStepDef.Select_Poc_check_box()&amp#27;[0m
    &amp#27;[36mAnd &amp#27;[0m&amp#27;[36mThe user select office type Financial funding &amp#27;[0m&amp#27;[36m&amp#27;[1m&amp#27;[0m                   &amp#27;[90m# CreateOfficeStepDef.The_user_select_office_type_funding(String)&amp#27;[0m
    &amp#27;[36mAnd &amp#27;[0m&amp#27;[36mThe user enters Financial funding start month &amp#27;[0m&amp#27;[36m&amp#27;[1m&amp#27;[0m                   &amp#27;[90m# CreateOfficeStepDef.The_user_enters_funding_office_start_month(String)&amp#27;[0m
    &amp#27;[36mAnd &amp#27;[0m&amp#27;[36mThe user enters Financial funding start day &amp#27;[0m&amp#27;[36m&amp#27;[1m&amp#27;[0m                     &amp#27;[90m# CreateOfficeStepDef.The_user_enters_funding_office_start_day(String)&amp#27;[0m
    &amp#27;[36mAnd &amp#27;[0m&amp#27;[36mThe user enters Financial funding start year &amp#27;[0m&amp#27;[36m&amp#27;[1m&amp#27;[0m                    &amp#27;[90m# CreateOfficeStepDef.The_user_enters_funding_office_start_year(String)&amp#27;[0m
    &amp#27;[36mAnd &amp#27;[0m&amp#27;[36mThe user enters Financial funding end month &amp#27;[0m&amp#27;[36m&amp#27;[1mM&amp#27;[0m                    &amp#27;[90m# CreateOfficeStepDef.The_user_enter_funding_office_end_month(String)&amp#27;[0m
    &amp#27;[36mAnd &amp#27;[0m&amp#27;[36mThe user enters Financial funding end day &amp#27;[0m&amp#27;[36m&amp#27;[1mD&amp#27;[0m                      &amp#27;[90m# CreateOfficeStepDef.The_user_enters_funding_office_end_day(String)&amp#27;[0m
    &amp#27;[36mAnd &amp#27;[0m&amp#27;[36mThe user enters Financial funding end year &amp#27;[0m&amp#27;[36m&amp#27;[1m&amp#27;[0m                      &amp#27;[90m# CreateOfficeStepDef.The_user_enters_funding_office_end_year(String)&amp#27;[0m
    &amp#27;[36mAnd &amp#27;[0m&amp#27;[36mThe user select office type contract funding &amp#27;[0m&amp#27;[36m&amp#27;[1m x&amp#27;[0m                  &amp#27;[90m# CreateOfficeStepDef.The_user_select_office_type_other(String)&amp#27;[0m
    &amp#27;[36mAnd &amp#27;[0m&amp#27;[36mThe user enters other contract funding start month &amp#27;[0m&amp#27;[36m&amp#27;[1mx&amp#27;[0m             &amp#27;[90m# CreateOfficeStepDef.The_user_enters_other_office_start_month(String)&amp#27;[0m
    &amp#27;[36mAnd &amp#27;[0m&amp#27;[36mThe user enters other contract funding start day &amp#27;[0m&amp#27;[36m&amp#27;[1mx&amp#27;[0m               &amp#27;[90m# CreateOfficeStepDef.The_user_enters_other_office_start_day(String)&amp#27;[0m
    &amp#27;[36mAnd &amp#27;[0m&amp#27;[36mThe user enters other contract funding start year &amp#27;[0m&amp#27;[36m&amp#27;[1mx&amp#27;[0m              &amp#27;[90m# CreateOfficeStepDef.The_user_enters_other_office_start_year(String)&amp#27;[0m
    &amp#27;[36mAnd &amp#27;[0m&amp#27;[36mThe user enters other contract funding end month &amp#27;[0m&amp#27;[36m&amp#27;[1mx&amp#27;[0m               &amp#27;[90m# CreateOfficeStepDef.The_user_enter_other_office_end_month(String)&amp#27;[0m
    &amp#27;[36mAnd &amp#27;[0m&amp#27;[36mThe user enters other contract funding end day &amp#27;[0m&amp#27;[36m&amp#27;[1mx&amp#27;[0m                 &amp#27;[90m# CreateOfficeStepDef.The_user_enters_other_office_end_day(String)&amp#27;[0m
    &amp#27;[36mAnd &amp#27;[0m&amp#27;[36mThe user enters other contract funding end year &amp#27;[0m&amp#27;[36m&amp#27;[1mx&amp#27;[0m                &amp#27;[90m# CreateOfficeStepDef.The_user_enters_other_office_end_year(String)&amp#27;[0m
    &amp#27;[36mAnd &amp#27;[0m&amp#27;[36mThe user enters street address &amp#27;[0m&amp#27;[36m&amp#27;[1m&amp#27;[0m                                  &amp#27;[90m# CreateOfficeStepDef.The_user_enters_street_address(String)&amp#27;[0m
    &amp#27;[36mAnd &amp#27;[0m&amp#27;[36mThe user enters country &amp#27;[0m&amp#27;[36m&amp#27;[1m&amp#27;[0m                                         &amp#27;[90m# CreateOfficeStepDef.The_user_enters_country(String)&amp#27;[0m
    &amp#27;[36mAnd &amp#27;[0m&amp#27;[36mThe enters zip &amp#27;[0m&amp#27;[36m&amp#27;[1m&amp#27;[0m                                                  &amp#27;[90m# CreateOfficeStepDef.The_enters_zip(String)&amp#27;[0m
    &amp#27;[36mAnd &amp#27;[0m&amp#27;[36mThe enters city &amp#27;[0m&amp#27;[36m&amp#27;[1m&amp#27;[0m                                                 &amp#27;[90m# CreateOfficeStepDef.The_enters_city(String)&amp#27;[0m
    &amp#27;[36mAnd &amp#27;[0m&amp#27;[36mThe enters state &amp#27;[0m&amp#27;[36m&amp#27;[1m&amp#27;[0m                                                &amp#27;[90m# CreateOfficeStepDef.The_enters_state(String)&amp#27;[0m
    &amp#27;[36mAnd &amp#27;[0m&amp#27;[36mThe user enters TAC2 street address &amp#27;[0m&amp#27;[36m&amp#27;[1m&amp#27;[0m                             &amp#27;[90m# CreateOfficeStepDef.The_user_enters_street_address_TAC2(String)&amp#27;[0m
    &amp#27;[36mAnd &amp#27;[0m&amp#27;[36mThe user enters TAC2 country &amp#27;[0m&amp#27;[36m&amp#27;[1m&amp#27;[0m                                    &amp#27;[90m# CreateOfficeStepDef.The_user_enters_country_TAC2(String)&amp#27;[0m
    &amp#27;[36mAnd &amp#27;[0m&amp#27;[36mThe enters TAC2 zip &amp#27;[0m&amp#27;[36m&amp#27;[1m&amp#27;[0m                                             &amp#27;[90m# CreateOfficeStepDef.The_enters_zip_TAC2(String)&amp#27;[0m
    &amp#27;[36mAnd &amp#27;[0m&amp#27;[36mThe enters TAC2 city &amp#27;[0m&amp#27;[36m&amp#27;[1m&amp#27;[0m                                            &amp#27;[90m# CreateOfficeStepDef.The_enters_city_TAC2(String)&amp#27;[0m
    &amp#27;[36mAnd &amp#27;[0m&amp#27;[36mThe enters TAC2 state &amp#27;[0m&amp#27;[36m&amp#27;[1m&amp#27;[0m                                           &amp#27;[90m# CreateOfficeStepDef.The_enters_state_TAC2(String)&amp#27;[0m
    &amp#27;[36mAnd &amp#27;[0m&amp#27;[36mThe user enters TAC3 street address &amp#27;[0m&amp#27;[36m&amp#27;[1m&amp#27;[0m                             &amp#27;[90m# CreateOfficeStepDef.The_user_enters_street_address_TAC3(String)&amp#27;[0m
    &amp#27;[36mAnd &amp#27;[0m&amp#27;[36mThe user enters TAC3 country &amp#27;[0m&amp#27;[36m&amp#27;[1m&amp#27;[0m                                    &amp#27;[90m# CreateOfficeStepDef.The_user_enters_country_TAC3(String)&amp#27;[0m
    &amp#27;[36mAnd &amp#27;[0m&amp#27;[36mThe enters TAC3 zip &amp#27;[0m&amp#27;[36m&amp#27;[1m&amp#27;[0m                                             &amp#27;[90m# CreateOfficeStepDef.The_enters_zip_TAC3(String)&amp#27;[0m
    &amp#27;[36mAnd &amp#27;[0m&amp#27;[36mThe enters TAC3 city &amp#27;[0m&amp#27;[36m&amp#27;[1m&amp#27;[0m                                            &amp#27;[90m# CreateOfficeStepDef.The_enters_city_TAC3(String)&amp#27;[0m
    &amp#27;[36mAnd &amp#27;[0m&amp#27;[36mThe enters TAC3 state &amp#27;[0m&amp#27;[36m&amp#27;[1m&amp#27;[0m                                           &amp#27;[90m# CreateOfficeStepDef.The_enters_state_TAC3(String)&amp#27;[0m
    &amp#27;[36mThen &amp#27;[0m&amp#27;[36mThe user click on submit create office button&amp#27;[0m                   &amp#27;[90m# CreateOfficeStepDef.The_user_click_on_submit_create_office_button()&amp#27;[0m
    &amp#27;[36mAnd &amp#27;[0m&amp#27;[36mValidation on funding error messages &amp#27;[0m&amp#27;[36m&amp#27;[1mFinancialAssistanceFunding2&amp#27;[0m &amp#27;[90m# NegRequestOfficeStepDef.Validation_on_funding_error_messages(String)&amp#27;[0m
]]></system-out>
    <system-err><![CDATA[[main] ERROR net.thucydides.core.steps.ConsoleLoggingListener - 
           __  _____ _____ ____ _____   _____ _    ___ _     _____ ____  
  _       / / |_   _| ____/ ___|_   _| |  ___/ \  |_ _| |   | ____|  _ \ 
 (_)_____| |    | | |  _| \___ \ | |   | |_ / _ \  | || |   |  _| | | | |
  _|_____| |    | | | |___ ___) || |   |  _/ ___ \ | || |___| |___| |_| |
 (_)     | |    |_| |_____|____/ |_|   |_|/_/   \_\___|_____|_____|____/ 
          \_\                                                            

TEST FAILED: Validation on Funding office types error messages
--------------------------------------------------------------------------
[main] ERROR net.thucydides.core.steps.ConsoleLoggingListener - TEST FAILED AT STEP And The user enters office details Name Test161
[main] ERROR net.thucydides.core.steps.ConsoleLoggingListener - expected:<[987]> but was:<[111]>
[main] INFO gov.gsa.sam.stepdefinition.FeedsStepDef - Scroll down
[main] INFO gov.gsa.sam.stepdefinition.CreateOfficeStepDef - SubTierBreadCrumb
[main] ERROR net.thucydides.core.steps.ConsoleLoggingListener - 
           __  _____ _____ ____ _____   _____ _    ___ _     _____ ____  
  _       / / |_   _| ____/ ___|_   _| |  ___/ \  |_ _| |   | ____|  _ \ 
 (_)_____| |    | | |  _| \___ \ | |   | |_ / _ \  | || |   |  _| | | | |
  _|_____| |    | | | |___ ___) || |   |  _/ ___ \ | || |___| |___| |_| |
 (_)     | |    |_| |_____|____/ |_|   |_|/_/   \_\___|_____|_____|____/ 
          \_\                                                            

TEST FAILED WITH ERROR: Validation on Funding office types error messages
---------------------------------------------------------------------
[main] ERROR net.thucydides.core.steps.ConsoleLoggingListener - TEST FAILED AT STEP Given Click on edit button
[main] ERROR net.thucydides.core.steps.ConsoleLoggingListener - expected:<[987]> but was:<[111]>
]]></system-err>
  </testcase>
  <testcase name="Validation on Funding office types error messages" classname="Validate error meaasage in office page" time="5.162">
    <error message="no such element: Unable to locate element: {&quot;method&quot;:&quot;xpath&quot;,&quot;selector&quot;:&quot;//*[@id=&quot;main-container&quot;]/ng-component/div/div/div[2]/page/div/div/div[1]/div/sam-breadcrumbs/ul/li[4]/a&quot;}&#10;  (Session info: chrome=73.0.3683.86)&#10;  (Driver info: chromedriver=2.38.552522 (437e6fbedfa8762dec75e2c5b3ddb86763dc9dcb),platform=Windows NT 6.1.7601 SP1 x86_64) (WARNING: The server did not provide any stacktrace information)&#10;Command duration or timeout: 0 milliseconds&#10;For documentation on this error, please visit: http://seleniumhq.org/exceptions/no_such_element.html&#10;Build info: version: &apos;3.11.0&apos;, revision: &apos;e59cfb3&apos;, time: &apos;2018-03-11T20:26:55.152Z&apos;&#10;System info: host: &apos;I07R7C-AF1F18&apos;, ip: &apos;172.21.72.72&apos;, os.name: &apos;Windows 7&apos;, os.arch: &apos;amd64&apos;, os.version: &apos;6.1&apos;, java.version: &apos;1.8.0_191&apos;&#10;Driver info: org.openqa.selenium.remote.RemoteWebDriver&#10;Capabilities {acceptInsecureCerts: false, acceptSslCerts: false, applicationCacheEnabled: false, browserConnectionEnabled: false, browserName: chrome, chrome: {chromedriverVersion: 2.38.552522 (437e6fbedfa876..., userDataDir: C:\Users\SH359E~1\AppData\L...}, cssSelectorsEnabled: true, databaseEnabled: false, handlesAlerts: true, hasTouchScreen: false, javascriptEnabled: true, locationContextEnabled: true, mobileEmulationEnabled: false, nativeEvents: true, networkConnectionEnabled: false, pageLoadStrategy: normal, platform: XP, platformName: XP, rotatable: false, setWindowRect: true, takesHeapSnapshot: true, takesScreenshot: true, unexpectedAlertBehaviour: , unhandledPromptBehavior: , version: 73.0.3683.86, webStorageEnabled: true}&#10;Session ID: 64b81c4f3df0c7a01590797b0bf9d7d4&#10;*** Element info: {Using=xpath, value=//*[@id=&quot;main-container&quot;]/ng-component/div/div/div[2]/page/div/div/div[1]/div/sam-breadcrumbs/ul/li[4]/a}" type="org.openqa.selenium.NoSuchElementException">org.openqa.selenium.NoSuchElementException: 
no such element: Unable to locate element: {"method":"xpath","selector":"//*[@id="main-container"]/ng-component/div/div/div[2]/page/div/div/div[1]/div/sam-breadcrumbs/ul/li[4]/a"}
  (Session info: chrome=73.0.3683.86)
  (Driver info: chromedriver=2.38.552522 (437e6fbedfa8762dec75e2c5b3ddb86763dc9dcb),platform=Windows NT 6.1.7601 SP1 x86_64) (WARNING: The server did not provide any stacktrace information)
Command duration or timeout: 0 milliseconds
For documentation on this error, please visit: http://seleniumhq.org/exceptions/no_such_element.html
Build info: version: '3.11.0', revision: 'e59cfb3', time: '2018-03-11T20:26:55.152Z'
System info: host: 'I07R7C-AF1F18', ip: '172.21.72.72', os.name: 'Windows 7', os.arch: 'amd64', os.version: '6.1', java.version: '1.8.0_191'
Driver info: org.openqa.selenium.remote.RemoteWebDriver
Capabilities {acceptInsecureCerts: false, acceptSslCerts: false, applicationCacheEnabled: false, browserConnectionEnabled: false, browserName: chrome, chrome: {chromedriverVersion: 2.38.552522 (437e6fbedfa876..., userDataDir: C:\Users\SH359E~1\AppData\L...}, cssSelectorsEnabled: true, databaseEnabled: false, handlesAlerts: true, hasTouchScreen: false, javascriptEnabled: true, locationContextEnabled: true, mobileEmulationEnabled: false, nativeEvents: true, networkConnectionEnabled: false, pageLoadStrategy: normal, platform: XP, platformName: XP, rotatable: false, setWindowRect: true, takesHeapSnapshot: true, takesScreenshot: true, unexpectedAlertBehaviour: , unhandledPromptBehavior: , version: 73.0.3683.86, webStorageEnabled: true}
Session ID: 64b81c4f3df0c7a01590797b0bf9d7d4
*** Element info: {Using=xpath, value=//*[@id="main-container"]/ng-component/div/div/div[2]/page/div/div/div[1]/div/sam-breadcrumbs/ul/li[4]/a}
</error>
    <system-out><![CDATA[
  @negativeOffice @Requestoffice3
  Scenario Outline: Validation on Funding office types error messages    &amp#27;[90m# src/test/resources/features/negRequestOffice.feature:180&amp#27;[0m
    &amp#27;[32mAnd &amp#27;[0m&amp#27;[32mScroll up&amp#27;[0m                                                        &amp#27;[90m# FeedsStepDef.Scroll_up()&amp#27;[0m
    &amp#27;[31mGiven &amp#27;[0m&amp#27;[31mUser click on subTier breadcrumb link&amp#27;[0m                          &amp#27;[90m# NegRequestOfficeStepDef.User_click_on_subTier_breadcrumb_link()&amp#27;[0m
      &amp#27;[31morg.openqa.selenium.NoSuchElementException: no such element: Unable to locate element: {"method":"xpath","selector":"//*[@id="main-container"]/ng-component/div/div/div[2]/page/div/div/div[1]/div/sam-breadcrumbs/ul/li[4]/a"}
  (Session info: chrome=73.0.3683.86)
  (Driver info: chromedriver=2.38.552522 (437e6fbedfa8762dec75e2c5b3ddb86763dc9dcb),platform=Windows NT 6.1.7601 SP1 x86_64) (WARNING: The server did not provide any stacktrace information)
Command duration or timeout: 0 milliseconds
For documentation on this error, please visit: http://seleniumhq.org/exceptions/no_such_element.html
Build info: version: '3.11.0', revision: 'e59cfb3', time: '2018-03-11T20:26:55.152Z'
System info: host: 'I07R7C-AF1F18', ip: '172.21.72.72', os.name: 'Windows 7', os.arch: 'amd64', os.version: '6.1', java.version: '1.8.0_191'
Driver info: org.openqa.selenium.remote.RemoteWebDriver
Capabilities {acceptInsecureCerts: false, acceptSslCerts: false, applicationCacheEnabled: false, browserConnectionEnabled: false, browserName: chrome, chrome: {chromedriverVersion: 2.38.552522 (437e6fbedfa876..., userDataDir: C:\Users\SH359E~1\AppData\L...}, cssSelectorsEnabled: true, databaseEnabled: false, handlesAlerts: true, hasTouchScreen: false, javascriptEnabled: true, locationContextEnabled: true, mobileEmulationEnabled: false, nativeEvents: true, networkConnectionEnabled: false, pageLoadStrategy: normal, platform: XP, platformName: XP, rotatable: false, setWindowRect: true, takesHeapSnapshot: true, takesScreenshot: true, unexpectedAlertBehaviour: , unhandledPromptBehavior: , version: 73.0.3683.86, webStorageEnabled: true}
Session ID: 64b81c4f3df0c7a01590797b0bf9d7d4
*** Element info: {Using=xpath, value=//*[@id="main-container"]/ng-component/div/div/div[2]/page/div/div/div[1]/div/sam-breadcrumbs/ul/li[4]/a}
	at sun.reflect.GeneratedConstructorAccessor31.newInstance(Unknown Source)
	at sun.reflect.DelegatingConstructorAccessorImpl.newInstance(DelegatingConstructorAccessorImpl.java:45)
	at java.lang.reflect.Constructor.newInstance(Constructor.java:423)
	at org.openqa.selenium.remote.ErrorHandler.createThrowable(ErrorHandler.java:214)
	at org.openqa.selenium.remote.ErrorHandler.throwIfResponseFailed(ErrorHandler.java:166)
	at org.openqa.selenium.remote.http.JsonHttpResponseCodec.reconstructValue(JsonHttpResponseCodec.java:40)
	at org.openqa.selenium.remote.http.AbstractHttpResponseCodec.decode(AbstractHttpResponseCodec.java:80)
	at org.openqa.selenium.remote.http.AbstractHttpResponseCodec.decode(AbstractHttpResponseCodec.java:44)
	at org.openqa.selenium.remote.HttpCommandExecutor.execute(HttpCommandExecutor.java:158)
	at org.openqa.selenium.remote.RemoteWebDriver.execute(RemoteWebDriver.java:545)
	at org.openqa.selenium.remote.RemoteWebDriver.findElement(RemoteWebDriver.java:319)
	at org.openqa.selenium.remote.RemoteWebDriver.findElementByXPath(RemoteWebDriver.java:421)
	at org.openqa.selenium.By$ByXPath.findElement(By.java:361)
	at org.openqa.selenium.remote.RemoteWebDriver.findElement(RemoteWebDriver.java:311)
	at net.thucydides.core.webdriver.WebDriverFacade.findElement(WebDriverFacade.java:231)
	at gov.gsa.sam.stepdefinition.NegRequestOfficeStepDef.User_click_on_subTier_breadcrumb_link(NegRequestOfficeStepDef.java:178)
	at ?.User click on subTier breadcrumb link(src/test/resources/features/negRequestOffice.feature:134)
&amp#27;[0m
    &amp#27;[36mGiven &amp#27;[0m&amp#27;[36mClick on edit button&amp#27;[0m                                           &amp#27;[90m# CreateOfficeStepDef.Create_office_submit_button()&amp#27;[0m
    &amp#27;[36mAnd &amp#27;[0m&amp#27;[36mThe user enters office details Name &amp#27;[0m&amp#27;[36m&amp#27;[1mTest161&amp#27;[0m                      &amp#27;[90m# CreateOfficeStepDef.The_user_enters_office_details_Name(String)&amp#27;[0m
    &amp#27;[36mAnd &amp#27;[0m&amp#27;[36mThe user enters create office start month &amp#27;[0m&amp#27;[36m&amp#27;[1m&amp#27;[0m                       &amp#27;[90m# CreateOfficeStepDef.The_user_enters_create_office_start_month(String)&amp#27;[0m
    &amp#27;[36mAnd &amp#27;[0m&amp#27;[36mThe user enters create office start day &amp#27;[0m&amp#27;[36m&amp#27;[1m&amp#27;[0m                         &amp#27;[90m# CreateOfficeStepDef.The_user_enters_create_office_start_day(String)&amp#27;[0m
    &amp#27;[36mAnd &amp#27;[0m&amp#27;[36mThe user enters create office start year &amp#27;[0m&amp#27;[36m&amp#27;[1m&amp#27;[0m                        &amp#27;[90m# CreateOfficeStepDef.The_user_enters_create_office_start_year(String)&amp#27;[0m
    &amp#27;[36mAnd &amp#27;[0m&amp#27;[36mThe user enters create office end month &amp#27;[0m&amp#27;[36m&amp#27;[1m&amp#27;[0m                         &amp#27;[90m# CreateOfficeStepDef.The_user_enter_create_office_end_month(String)&amp#27;[0m
    &amp#27;[36mAnd &amp#27;[0m&amp#27;[36mThe user enters create office end day &amp#27;[0m&amp#27;[36m&amp#27;[1m&amp#27;[0m                           &amp#27;[90m# CreateOfficeStepDef.The_user_enters_create_office_end_day(String)&amp#27;[0m
    &amp#27;[36mAnd &amp#27;[0m&amp#27;[36mThe user enters create office end year &amp#27;[0m&amp#27;[36m&amp#27;[1m&amp#27;[0m                          &amp#27;[90m# CreateOfficeStepDef.The_user_enters_create_office_end_year(String)&amp#27;[0m
    &amp#27;[36mAnd &amp#27;[0m&amp#27;[36mSelect Poc check box&amp#27;[0m                                             &amp#27;[90m# CreateOfficeStepDef.Select_Poc_check_box()&amp#27;[0m
    &amp#27;[36mAnd &amp#27;[0m&amp#27;[36mThe user select office type Financial funding &amp#27;[0m&amp#27;[36m&amp#27;[1m&amp#27;[0m                   &amp#27;[90m# CreateOfficeStepDef.The_user_select_office_type_funding(String)&amp#27;[0m
    &amp#27;[36mAnd &amp#27;[0m&amp#27;[36mThe user enters Financial funding start month &amp#27;[0m&amp#27;[36m&amp#27;[1m&amp#27;[0m                   &amp#27;[90m# CreateOfficeStepDef.The_user_enters_funding_office_start_month(String)&amp#27;[0m
    &amp#27;[36mAnd &amp#27;[0m&amp#27;[36mThe user enters Financial funding start day &amp#27;[0m&amp#27;[36m&amp#27;[1m&amp#27;[0m                     &amp#27;[90m# CreateOfficeStepDef.The_user_enters_funding_office_start_day(String)&amp#27;[0m
    &amp#27;[36mAnd &amp#27;[0m&amp#27;[36mThe user enters Financial funding start year &amp#27;[0m&amp#27;[36m&amp#27;[1m&amp#27;[0m                    &amp#27;[90m# CreateOfficeStepDef.The_user_enters_funding_office_start_year(String)&amp#27;[0m
    &amp#27;[36mAnd &amp#27;[0m&amp#27;[36mThe user enters Financial funding end month &amp#27;[0m&amp#27;[36m&amp#27;[1mS&amp#27;[0m                    &amp#27;[90m# CreateOfficeStepDef.The_user_enter_funding_office_end_month(String)&amp#27;[0m
    &amp#27;[36mAnd &amp#27;[0m&amp#27;[36mThe user enters Financial funding end day &amp#27;[0m&amp#27;[36m&amp#27;[1mS&amp#27;[0m                      &amp#27;[90m# CreateOfficeStepDef.The_user_enters_funding_office_end_day(String)&amp#27;[0m
    &amp#27;[36mAnd &amp#27;[0m&amp#27;[36mThe user enters Financial funding end year &amp#27;[0m&amp#27;[36m&amp#27;[1m&amp#27;[0m                      &amp#27;[90m# CreateOfficeStepDef.The_user_enters_funding_office_end_year(String)&amp#27;[0m
    &amp#27;[36mAnd &amp#27;[0m&amp#27;[36mThe user select office type contract funding &amp#27;[0m&amp#27;[36m&amp#27;[1m x&amp#27;[0m                  &amp#27;[90m# CreateOfficeStepDef.The_user_select_office_type_other(String)&amp#27;[0m
    &amp#27;[36mAnd &amp#27;[0m&amp#27;[36mThe user enters other contract funding start month &amp#27;[0m&amp#27;[36m&amp#27;[1mx&amp#27;[0m             &amp#27;[90m# CreateOfficeStepDef.The_user_enters_other_office_start_month(String)&amp#27;[0m
    &amp#27;[36mAnd &amp#27;[0m&amp#27;[36mThe user enters other contract funding start day &amp#27;[0m&amp#27;[36m&amp#27;[1mx&amp#27;[0m               &amp#27;[90m# CreateOfficeStepDef.The_user_enters_other_office_start_day(String)&amp#27;[0m
    &amp#27;[36mAnd &amp#27;[0m&amp#27;[36mThe user enters other contract funding start year &amp#27;[0m&amp#27;[36m&amp#27;[1mx&amp#27;[0m              &amp#27;[90m# CreateOfficeStepDef.The_user_enters_other_office_start_year(String)&amp#27;[0m
    &amp#27;[36mAnd &amp#27;[0m&amp#27;[36mThe user enters other contract funding end month &amp#27;[0m&amp#27;[36m&amp#27;[1mx&amp#27;[0m               &amp#27;[90m# CreateOfficeStepDef.The_user_enter_other_office_end_month(String)&amp#27;[0m
    &amp#27;[36mAnd &amp#27;[0m&amp#27;[36mThe user enters other contract funding end day &amp#27;[0m&amp#27;[36m&amp#27;[1mx&amp#27;[0m                 &amp#27;[90m# CreateOfficeStepDef.The_user_enters_other_office_end_day(String)&amp#27;[0m
    &amp#27;[36mAnd &amp#27;[0m&amp#27;[36mThe user enters other contract funding end year &amp#27;[0m&amp#27;[36m&amp#27;[1mx&amp#27;[0m                &amp#27;[90m# CreateOfficeStepDef.The_user_enters_other_office_end_year(String)&amp#27;[0m
    &amp#27;[36mAnd &amp#27;[0m&amp#27;[36mThe user enters street address &amp#27;[0m&amp#27;[36m&amp#27;[1m&amp#27;[0m                                  &amp#27;[90m# CreateOfficeStepDef.The_user_enters_street_address(String)&amp#27;[0m
    &amp#27;[36mAnd &amp#27;[0m&amp#27;[36mThe user enters country &amp#27;[0m&amp#27;[36m&amp#27;[1m&amp#27;[0m                                         &amp#27;[90m# CreateOfficeStepDef.The_user_enters_country(String)&amp#27;[0m
    &amp#27;[36mAnd &amp#27;[0m&amp#27;[36mThe enters zip &amp#27;[0m&amp#27;[36m&amp#27;[1m&amp#27;[0m                                                  &amp#27;[90m# CreateOfficeStepDef.The_enters_zip(String)&amp#27;[0m
    &amp#27;[36mAnd &amp#27;[0m&amp#27;[36mThe enters city &amp#27;[0m&amp#27;[36m&amp#27;[1m&amp#27;[0m                                                 &amp#27;[90m# CreateOfficeStepDef.The_enters_city(String)&amp#27;[0m
    &amp#27;[36mAnd &amp#27;[0m&amp#27;[36mThe enters state &amp#27;[0m&amp#27;[36m&amp#27;[1m&amp#27;[0m                                                &amp#27;[90m# CreateOfficeStepDef.The_enters_state(String)&amp#27;[0m
    &amp#27;[36mAnd &amp#27;[0m&amp#27;[36mThe user enters TAC2 street address &amp#27;[0m&amp#27;[36m&amp#27;[1m&amp#27;[0m                             &amp#27;[90m# CreateOfficeStepDef.The_user_enters_street_address_TAC2(String)&amp#27;[0m
    &amp#27;[36mAnd &amp#27;[0m&amp#27;[36mThe user enters TAC2 country &amp#27;[0m&amp#27;[36m&amp#27;[1m&amp#27;[0m                                    &amp#27;[90m# CreateOfficeStepDef.The_user_enters_country_TAC2(String)&amp#27;[0m
    &amp#27;[36mAnd &amp#27;[0m&amp#27;[36mThe enters TAC2 zip &amp#27;[0m&amp#27;[36m&amp#27;[1m&amp#27;[0m                                             &amp#27;[90m# CreateOfficeStepDef.The_enters_zip_TAC2(String)&amp#27;[0m
    &amp#27;[36mAnd &amp#27;[0m&amp#27;[36mThe enters TAC2 city &amp#27;[0m&amp#27;[36m&amp#27;[1m&amp#27;[0m                                            &amp#27;[90m# CreateOfficeStepDef.The_enters_city_TAC2(String)&amp#27;[0m
    &amp#27;[36mAnd &amp#27;[0m&amp#27;[36mThe enters TAC2 state &amp#27;[0m&amp#27;[36m&amp#27;[1m&amp#27;[0m                                           &amp#27;[90m# CreateOfficeStepDef.The_enters_state_TAC2(String)&amp#27;[0m
    &amp#27;[36mAnd &amp#27;[0m&amp#27;[36mThe user enters TAC3 street address &amp#27;[0m&amp#27;[36m&amp#27;[1m&amp#27;[0m                             &amp#27;[90m# CreateOfficeStepDef.The_user_enters_street_address_TAC3(String)&amp#27;[0m
    &amp#27;[36mAnd &amp#27;[0m&amp#27;[36mThe user enters TAC3 country &amp#27;[0m&amp#27;[36m&amp#27;[1m&amp#27;[0m                                    &amp#27;[90m# CreateOfficeStepDef.The_user_enters_country_TAC3(String)&amp#27;[0m
    &amp#27;[36mAnd &amp#27;[0m&amp#27;[36mThe enters TAC3 zip &amp#27;[0m&amp#27;[36m&amp#27;[1m&amp#27;[0m                                             &amp#27;[90m# CreateOfficeStepDef.The_enters_zip_TAC3(String)&amp#27;[0m
    &amp#27;[36mAnd &amp#27;[0m&amp#27;[36mThe enters TAC3 city &amp#27;[0m&amp#27;[36m&amp#27;[1m&amp#27;[0m                                            &amp#27;[90m# CreateOfficeStepDef.The_enters_city_TAC3(String)&amp#27;[0m
    &amp#27;[36mAnd &amp#27;[0m&amp#27;[36mThe enters TAC3 state &amp#27;[0m&amp#27;[36m&amp#27;[1m&amp#27;[0m                                           &amp#27;[90m# CreateOfficeStepDef.The_enters_state_TAC3(String)&amp#27;[0m
    &amp#27;[36mThen &amp#27;[0m&amp#27;[36mThe user click on submit create office button&amp#27;[0m                   &amp#27;[90m# CreateOfficeStepDef.The_user_click_on_submit_create_office_button()&amp#27;[0m
    &amp#27;[36mAnd &amp#27;[0m&amp#27;[36mValidation on funding error messages &amp#27;[0m&amp#27;[36m&amp#27;[1mFinancialAssistanceFunding3&amp#27;[0m &amp#27;[90m# NegRequestOfficeStepDef.Validation_on_funding_error_messages(String)&amp#27;[0m
]]></system-out>
    <system-err><![CDATA[[main] ERROR net.thucydides.core.steps.ConsoleLoggingListener - 
           __  _____ _____ ____ _____   _____ _    ___ _     _____ ____  
  _       / / |_   _| ____/ ___|_   _| |  ___/ \  |_ _| |   | ____|  _ \ 
 (_)_____| |    | | |  _| \___ \ | |   | |_ / _ \  | || |   |  _| | | | |
  _|_____| |    | | | |___ ___) || |   |  _/ ___ \ | || |___| |___| |_| |
 (_)     | |    |_| |_____|____/ |_|   |_|/_/   \_\___|_____|_____|____/ 
          \_\                                                            

TEST FAILED WITH ERROR: Validation on Funding office types error messages
---------------------------------------------------------------------
[main] ERROR net.thucydides.core.steps.ConsoleLoggingListener - TEST FAILED AT STEP Given Click on edit button
[main] ERROR net.thucydides.core.steps.ConsoleLoggingListener - expected:<[987]> but was:<[111]>
[main] INFO gov.gsa.sam.stepdefinition.FeedsStepDef - Scroll down
[main] ERROR net.thucydides.core.steps.ConsoleLoggingListener - 
           __  _____ _____ ____ _____   _____ _    ___ _     _____ ____  
  _       / / |_   _| ____/ ___|_   _| |  ___/ \  |_ _| |   | ____|  _ \ 
 (_)_____| |    | | |  _| \___ \ | |   | |_ / _ \  | || |   |  _| | | | |
  _|_____| |    | | | |___ ___) || |   |  _/ ___ \ | || |___| |___| |_| |
 (_)     | |    |_| |_____|____/ |_|   |_|/_/   \_\___|_____|_____|____/ 
          \_\                                                            

TEST FAILED WITH ERROR: Validation on Funding office types error messages
---------------------------------------------------------------------
[main] ERROR net.thucydides.core.steps.ConsoleLoggingListener - TEST FAILED AT STEP Given User click on subTier breadcrumb link
[main] ERROR net.thucydides.core.steps.ConsoleLoggingListener - expected:<[987]> but was:<[111]>
]]></system-err>
  </testcase>
  <testcase name="Validation on Funding office types error messages" classname="Validate error meaasage in office page" time="5.149">
    <error message="no such element: Unable to locate element: {&quot;method&quot;:&quot;xpath&quot;,&quot;selector&quot;:&quot;//*[@id=&quot;main-container&quot;]/ng-component/div/div/div[2]/page/div/div/div[1]/div/sam-breadcrumbs/ul/li[4]/a&quot;}&#10;  (Session info: chrome=73.0.3683.86)&#10;  (Driver info: chromedriver=2.38.552522 (437e6fbedfa8762dec75e2c5b3ddb86763dc9dcb),platform=Windows NT 6.1.7601 SP1 x86_64) (WARNING: The server did not provide any stacktrace information)&#10;Command duration or timeout: 0 milliseconds&#10;For documentation on this error, please visit: http://seleniumhq.org/exceptions/no_such_element.html&#10;Build info: version: &apos;3.11.0&apos;, revision: &apos;e59cfb3&apos;, time: &apos;2018-03-11T20:26:55.152Z&apos;&#10;System info: host: &apos;I07R7C-AF1F18&apos;, ip: &apos;172.21.72.72&apos;, os.name: &apos;Windows 7&apos;, os.arch: &apos;amd64&apos;, os.version: &apos;6.1&apos;, java.version: &apos;1.8.0_191&apos;&#10;Driver info: org.openqa.selenium.remote.RemoteWebDriver&#10;Capabilities {acceptInsecureCerts: false, acceptSslCerts: false, applicationCacheEnabled: false, browserConnectionEnabled: false, browserName: chrome, chrome: {chromedriverVersion: 2.38.552522 (437e6fbedfa876..., userDataDir: C:\Users\SH359E~1\AppData\L...}, cssSelectorsEnabled: true, databaseEnabled: false, handlesAlerts: true, hasTouchScreen: false, javascriptEnabled: true, locationContextEnabled: true, mobileEmulationEnabled: false, nativeEvents: true, networkConnectionEnabled: false, pageLoadStrategy: normal, platform: XP, platformName: XP, rotatable: false, setWindowRect: true, takesHeapSnapshot: true, takesScreenshot: true, unexpectedAlertBehaviour: , unhandledPromptBehavior: , version: 73.0.3683.86, webStorageEnabled: true}&#10;Session ID: 64b81c4f3df0c7a01590797b0bf9d7d4&#10;*** Element info: {Using=xpath, value=//*[@id=&quot;main-container&quot;]/ng-component/div/div/div[2]/page/div/div/div[1]/div/sam-breadcrumbs/ul/li[4]/a}" type="org.openqa.selenium.NoSuchElementException">org.openqa.selenium.NoSuchElementException: 
no such element: Unable to locate element: {"method":"xpath","selector":"//*[@id="main-container"]/ng-component/div/div/div[2]/page/div/div/div[1]/div/sam-breadcrumbs/ul/li[4]/a"}
  (Session info: chrome=73.0.3683.86)
  (Driver info: chromedriver=2.38.552522 (437e6fbedfa8762dec75e2c5b3ddb86763dc9dcb),platform=Windows NT 6.1.7601 SP1 x86_64) (WARNING: The server did not provide any stacktrace information)
Command duration or timeout: 0 milliseconds
For documentation on this error, please visit: http://seleniumhq.org/exceptions/no_such_element.html
Build info: version: '3.11.0', revision: 'e59cfb3', time: '2018-03-11T20:26:55.152Z'
System info: host: 'I07R7C-AF1F18', ip: '172.21.72.72', os.name: 'Windows 7', os.arch: 'amd64', os.version: '6.1', java.version: '1.8.0_191'
Driver info: org.openqa.selenium.remote.RemoteWebDriver
Capabilities {acceptInsecureCerts: false, acceptSslCerts: false, applicationCacheEnabled: false, browserConnectionEnabled: false, browserName: chrome, chrome: {chromedriverVersion: 2.38.552522 (437e6fbedfa876..., userDataDir: C:\Users\SH359E~1\AppData\L...}, cssSelectorsEnabled: true, databaseEnabled: false, handlesAlerts: true, hasTouchScreen: false, javascriptEnabled: true, locationContextEnabled: true, mobileEmulationEnabled: false, nativeEvents: true, networkConnectionEnabled: false, pageLoadStrategy: normal, platform: XP, platformName: XP, rotatable: false, setWindowRect: true, takesHeapSnapshot: true, takesScreenshot: true, unexpectedAlertBehaviour: , unhandledPromptBehavior: , version: 73.0.3683.86, webStorageEnabled: true}
Session ID: 64b81c4f3df0c7a01590797b0bf9d7d4
*** Element info: {Using=xpath, value=//*[@id="main-container"]/ng-component/div/div/div[2]/page/div/div/div[1]/div/sam-breadcrumbs/ul/li[4]/a}
</error>
    <system-out><![CDATA[
  @negativeOffice @Requestoffice3
  Scenario Outline: Validation on Funding office types error messages    &amp#27;[90m# src/test/resources/features/negRequestOffice.feature:181&amp#27;[0m
    &amp#27;[32mAnd &amp#27;[0m&amp#27;[32mScroll up&amp#27;[0m                                                        &amp#27;[90m# FeedsStepDef.Scroll_up()&amp#27;[0m
    &amp#27;[31mGiven &amp#27;[0m&amp#27;[31mUser click on subTier breadcrumb link&amp#27;[0m                          &amp#27;[90m# NegRequestOfficeStepDef.User_click_on_subTier_breadcrumb_link()&amp#27;[0m
      &amp#27;[31morg.openqa.selenium.NoSuchElementException: no such element: Unable to locate element: {"method":"xpath","selector":"//*[@id="main-container"]/ng-component/div/div/div[2]/page/div/div/div[1]/div/sam-breadcrumbs/ul/li[4]/a"}
  (Session info: chrome=73.0.3683.86)
  (Driver info: chromedriver=2.38.552522 (437e6fbedfa8762dec75e2c5b3ddb86763dc9dcb),platform=Windows NT 6.1.7601 SP1 x86_64) (WARNING: The server did not provide any stacktrace information)
Command duration or timeout: 0 milliseconds
For documentation on this error, please visit: http://seleniumhq.org/exceptions/no_such_element.html
Build info: version: '3.11.0', revision: 'e59cfb3', time: '2018-03-11T20:26:55.152Z'
System info: host: 'I07R7C-AF1F18', ip: '172.21.72.72', os.name: 'Windows 7', os.arch: 'amd64', os.version: '6.1', java.version: '1.8.0_191'
Driver info: org.openqa.selenium.remote.RemoteWebDriver
Capabilities {acceptInsecureCerts: false, acceptSslCerts: false, applicationCacheEnabled: false, browserConnectionEnabled: false, browserName: chrome, chrome: {chromedriverVersion: 2.38.552522 (437e6fbedfa876..., userDataDir: C:\Users\SH359E~1\AppData\L...}, cssSelectorsEnabled: true, databaseEnabled: false, handlesAlerts: true, hasTouchScreen: false, javascriptEnabled: true, locationContextEnabled: true, mobileEmulationEnabled: false, nativeEvents: true, networkConnectionEnabled: false, pageLoadStrategy: normal, platform: XP, platformName: XP, rotatable: false, setWindowRect: true, takesHeapSnapshot: true, takesScreenshot: true, unexpectedAlertBehaviour: , unhandledPromptBehavior: , version: 73.0.3683.86, webStorageEnabled: true}
Session ID: 64b81c4f3df0c7a01590797b0bf9d7d4
*** Element info: {Using=xpath, value=//*[@id="main-container"]/ng-component/div/div/div[2]/page/div/div/div[1]/div/sam-breadcrumbs/ul/li[4]/a}
	at sun.reflect.GeneratedConstructorAccessor31.newInstance(Unknown Source)
	at sun.reflect.DelegatingConstructorAccessorImpl.newInstance(DelegatingConstructorAccessorImpl.java:45)
	at java.lang.reflect.Constructor.newInstance(Constructor.java:423)
	at org.openqa.selenium.remote.ErrorHandler.createThrowable(ErrorHandler.java:214)
	at org.openqa.selenium.remote.ErrorHandler.throwIfResponseFailed(ErrorHandler.java:166)
	at org.openqa.selenium.remote.http.JsonHttpResponseCodec.reconstructValue(JsonHttpResponseCodec.java:40)
	at org.openqa.selenium.remote.http.AbstractHttpResponseCodec.decode(AbstractHttpResponseCodec.java:80)
	at org.openqa.selenium.remote.http.AbstractHttpResponseCodec.decode(AbstractHttpResponseCodec.java:44)
	at org.openqa.selenium.remote.HttpCommandExecutor.execute(HttpCommandExecutor.java:158)
	at org.openqa.selenium.remote.RemoteWebDriver.execute(RemoteWebDriver.java:545)
	at org.openqa.selenium.remote.RemoteWebDriver.findElement(RemoteWebDriver.java:319)
	at org.openqa.selenium.remote.RemoteWebDriver.findElementByXPath(RemoteWebDriver.java:421)
	at org.openqa.selenium.By$ByXPath.findElement(By.java:361)
	at org.openqa.selenium.remote.RemoteWebDriver.findElement(RemoteWebDriver.java:311)
	at net.thucydides.core.webdriver.WebDriverFacade.findElement(WebDriverFacade.java:231)
	at gov.gsa.sam.stepdefinition.NegRequestOfficeStepDef.User_click_on_subTier_breadcrumb_link(NegRequestOfficeStepDef.java:178)
	at ?.User click on subTier breadcrumb link(src/test/resources/features/negRequestOffice.feature:134)
&amp#27;[0m
    &amp#27;[36mGiven &amp#27;[0m&amp#27;[36mClick on edit button&amp#27;[0m                                           &amp#27;[90m# CreateOfficeStepDef.Create_office_submit_button()&amp#27;[0m
    &amp#27;[36mAnd &amp#27;[0m&amp#27;[36mThe user enters office details Name &amp#27;[0m&amp#27;[36m&amp#27;[1mTest101&amp#27;[0m                      &amp#27;[90m# CreateOfficeStepDef.The_user_enters_office_details_Name(String)&amp#27;[0m
    &amp#27;[36mAnd &amp#27;[0m&amp#27;[36mThe user enters create office start month &amp#27;[0m&amp#27;[36m&amp#27;[1m&amp#27;[0m                       &amp#27;[90m# CreateOfficeStepDef.The_user_enters_create_office_start_month(String)&amp#27;[0m
    &amp#27;[36mAnd &amp#27;[0m&amp#27;[36mThe user enters create office start day &amp#27;[0m&amp#27;[36m&amp#27;[1m&amp#27;[0m                         &amp#27;[90m# CreateOfficeStepDef.The_user_enters_create_office_start_day(String)&amp#27;[0m
    &amp#27;[36mAnd &amp#27;[0m&amp#27;[36mThe user enters create office start year &amp#27;[0m&amp#27;[36m&amp#27;[1m&amp#27;[0m                        &amp#27;[90m# CreateOfficeStepDef.The_user_enters_create_office_start_year(String)&amp#27;[0m
    &amp#27;[36mAnd &amp#27;[0m&amp#27;[36mThe user enters create office end month &amp#27;[0m&amp#27;[36m&amp#27;[1m&amp#27;[0m                         &amp#27;[90m# CreateOfficeStepDef.The_user_enter_create_office_end_month(String)&amp#27;[0m
    &amp#27;[36mAnd &amp#27;[0m&amp#27;[36mThe user enters create office end day &amp#27;[0m&amp#27;[36m&amp#27;[1m&amp#27;[0m                           &amp#27;[90m# CreateOfficeStepDef.The_user_enters_create_office_end_day(String)&amp#27;[0m
    &amp#27;[36mAnd &amp#27;[0m&amp#27;[36mThe user enters create office end year &amp#27;[0m&amp#27;[36m&amp#27;[1m&amp#27;[0m                          &amp#27;[90m# CreateOfficeStepDef.The_user_enters_create_office_end_year(String)&amp#27;[0m
    &amp#27;[36mAnd &amp#27;[0m&amp#27;[36mSelect Poc check box&amp#27;[0m                                             &amp#27;[90m# CreateOfficeStepDef.Select_Poc_check_box()&amp#27;[0m
    &amp#27;[36mAnd &amp#27;[0m&amp#27;[36mThe user select office type Financial funding &amp#27;[0m&amp#27;[36m&amp#27;[1m&amp#27;[0m                   &amp#27;[90m# CreateOfficeStepDef.The_user_select_office_type_funding(String)&amp#27;[0m
    &amp#27;[36mAnd &amp#27;[0m&amp#27;[36mThe user enters Financial funding start month &amp#27;[0m&amp#27;[36m&amp#27;[1mM&amp#27;[0m                  &amp#27;[90m# CreateOfficeStepDef.The_user_enters_funding_office_start_month(String)&amp#27;[0m
    &amp#27;[36mAnd &amp#27;[0m&amp#27;[36mThe user enters Financial funding start day &amp#27;[0m&amp#27;[36m&amp#27;[1mD&amp#27;[0m                    &amp#27;[90m# CreateOfficeStepDef.The_user_enters_funding_office_start_day(String)&amp#27;[0m
    &amp#27;[36mAnd &amp#27;[0m&amp#27;[36mThe user enters Financial funding start year &amp#27;[0m&amp#27;[36m&amp#27;[1m&amp#27;[0m                    &amp#27;[90m# CreateOfficeStepDef.The_user_enters_funding_office_start_year(String)&amp#27;[0m
    &amp#27;[36mAnd &amp#27;[0m&amp#27;[36mThe user enters Financial funding end month &amp#27;[0m&amp#27;[36m&amp#27;[1m&amp#27;[0m                     &amp#27;[90m# CreateOfficeStepDef.The_user_enter_funding_office_end_month(String)&amp#27;[0m
    &amp#27;[36mAnd &amp#27;[0m&amp#27;[36mThe user enters Financial funding end day &amp#27;[0m&amp#27;[36m&amp#27;[1m&amp#27;[0m                       &amp#27;[90m# CreateOfficeStepDef.The_user_enters_funding_office_end_day(String)&amp#27;[0m
    &amp#27;[36mAnd &amp#27;[0m&amp#27;[36mThe user enters Financial funding end year &amp#27;[0m&amp#27;[36m&amp#27;[1m&amp#27;[0m                      &amp#27;[90m# CreateOfficeStepDef.The_user_enters_funding_office_end_year(String)&amp#27;[0m
    &amp#27;[36mAnd &amp#27;[0m&amp#27;[36mThe user select office type contract funding &amp#27;[0m&amp#27;[36m&amp#27;[1m x&amp#27;[0m                  &amp#27;[90m# CreateOfficeStepDef.The_user_select_office_type_other(String)&amp#27;[0m
    &amp#27;[36mAnd &amp#27;[0m&amp#27;[36mThe user enters other contract funding start month &amp#27;[0m&amp#27;[36m&amp#27;[1mx&amp#27;[0m             &amp#27;[90m# CreateOfficeStepDef.The_user_enters_other_office_start_month(String)&amp#27;[0m
    &amp#27;[36mAnd &amp#27;[0m&amp#27;[36mThe user enters other contract funding start day &amp#27;[0m&amp#27;[36m&amp#27;[1mx&amp#27;[0m               &amp#27;[90m# CreateOfficeStepDef.The_user_enters_other_office_start_day(String)&amp#27;[0m
    &amp#27;[36mAnd &amp#27;[0m&amp#27;[36mThe user enters other contract funding start year &amp#27;[0m&amp#27;[36m&amp#27;[1mx&amp#27;[0m              &amp#27;[90m# CreateOfficeStepDef.The_user_enters_other_office_start_year(String)&amp#27;[0m
    &amp#27;[36mAnd &amp#27;[0m&amp#27;[36mThe user enters other contract funding end month &amp#27;[0m&amp#27;[36m&amp#27;[1mx&amp#27;[0m               &amp#27;[90m# CreateOfficeStepDef.The_user_enter_other_office_end_month(String)&amp#27;[0m
    &amp#27;[36mAnd &amp#27;[0m&amp#27;[36mThe user enters other contract funding end day &amp#27;[0m&amp#27;[36m&amp#27;[1mx&amp#27;[0m                 &amp#27;[90m# CreateOfficeStepDef.The_user_enters_other_office_end_day(String)&amp#27;[0m
    &amp#27;[36mAnd &amp#27;[0m&amp#27;[36mThe user enters other contract funding end year &amp#27;[0m&amp#27;[36m&amp#27;[1mx&amp#27;[0m                &amp#27;[90m# CreateOfficeStepDef.The_user_enters_other_office_end_year(String)&amp#27;[0m
    &amp#27;[36mAnd &amp#27;[0m&amp#27;[36mThe user enters street address &amp#27;[0m&amp#27;[36m&amp#27;[1m&amp#27;[0m                                  &amp#27;[90m# CreateOfficeStepDef.The_user_enters_street_address(String)&amp#27;[0m
    &amp#27;[36mAnd &amp#27;[0m&amp#27;[36mThe user enters country &amp#27;[0m&amp#27;[36m&amp#27;[1m&amp#27;[0m                                         &amp#27;[90m# CreateOfficeStepDef.The_user_enters_country(String)&amp#27;[0m
    &amp#27;[36mAnd &amp#27;[0m&amp#27;[36mThe enters zip &amp#27;[0m&amp#27;[36m&amp#27;[1m&amp#27;[0m                                                  &amp#27;[90m# CreateOfficeStepDef.The_enters_zip(String)&amp#27;[0m
    &amp#27;[36mAnd &amp#27;[0m&amp#27;[36mThe enters city &amp#27;[0m&amp#27;[36m&amp#27;[1m&amp#27;[0m                                                 &amp#27;[90m# CreateOfficeStepDef.The_enters_city(String)&amp#27;[0m
    &amp#27;[36mAnd &amp#27;[0m&amp#27;[36mThe enters state &amp#27;[0m&amp#27;[36m&amp#27;[1m&amp#27;[0m                                                &amp#27;[90m# CreateOfficeStepDef.The_enters_state(String)&amp#27;[0m
    &amp#27;[36mAnd &amp#27;[0m&amp#27;[36mThe user enters TAC2 street address &amp#27;[0m&amp#27;[36m&amp#27;[1m&amp#27;[0m                             &amp#27;[90m# CreateOfficeStepDef.The_user_enters_street_address_TAC2(String)&amp#27;[0m
    &amp#27;[36mAnd &amp#27;[0m&amp#27;[36mThe user enters TAC2 country &amp#27;[0m&amp#27;[36m&amp#27;[1m&amp#27;[0m                                    &amp#27;[90m# CreateOfficeStepDef.The_user_enters_country_TAC2(String)&amp#27;[0m
    &amp#27;[36mAnd &amp#27;[0m&amp#27;[36mThe enters TAC2 zip &amp#27;[0m&amp#27;[36m&amp#27;[1m&amp#27;[0m                                             &amp#27;[90m# CreateOfficeStepDef.The_enters_zip_TAC2(String)&amp#27;[0m
    &amp#27;[36mAnd &amp#27;[0m&amp#27;[36mThe enters TAC2 city &amp#27;[0m&amp#27;[36m&amp#27;[1m&amp#27;[0m                                            &amp#27;[90m# CreateOfficeStepDef.The_enters_city_TAC2(String)&amp#27;[0m
    &amp#27;[36mAnd &amp#27;[0m&amp#27;[36mThe enters TAC2 state &amp#27;[0m&amp#27;[36m&amp#27;[1m&amp#27;[0m                                           &amp#27;[90m# CreateOfficeStepDef.The_enters_state_TAC2(String)&amp#27;[0m
    &amp#27;[36mAnd &amp#27;[0m&amp#27;[36mThe user enters TAC3 street address &amp#27;[0m&amp#27;[36m&amp#27;[1m&amp#27;[0m                             &amp#27;[90m# CreateOfficeStepDef.The_user_enters_street_address_TAC3(String)&amp#27;[0m
    &amp#27;[36mAnd &amp#27;[0m&amp#27;[36mThe user enters TAC3 country &amp#27;[0m&amp#27;[36m&amp#27;[1m&amp#27;[0m                                    &amp#27;[90m# CreateOfficeStepDef.The_user_enters_country_TAC3(String)&amp#27;[0m
    &amp#27;[36mAnd &amp#27;[0m&amp#27;[36mThe enters TAC3 zip &amp#27;[0m&amp#27;[36m&amp#27;[1m&amp#27;[0m                                             &amp#27;[90m# CreateOfficeStepDef.The_enters_zip_TAC3(String)&amp#27;[0m
    &amp#27;[36mAnd &amp#27;[0m&amp#27;[36mThe enters TAC3 city &amp#27;[0m&amp#27;[36m&amp#27;[1m&amp#27;[0m                                            &amp#27;[90m# CreateOfficeStepDef.The_enters_city_TAC3(String)&amp#27;[0m
    &amp#27;[36mAnd &amp#27;[0m&amp#27;[36mThe enters TAC3 state &amp#27;[0m&amp#27;[36m&amp#27;[1m&amp#27;[0m                                           &amp#27;[90m# CreateOfficeStepDef.The_enters_state_TAC3(String)&amp#27;[0m
    &amp#27;[36mThen &amp#27;[0m&amp#27;[36mThe user click on submit create office button&amp#27;[0m                   &amp#27;[90m# CreateOfficeStepDef.The_user_click_on_submit_create_office_button()&amp#27;[0m
    &amp#27;[36mAnd &amp#27;[0m&amp#27;[36mValidation on funding error messages &amp#27;[0m&amp#27;[36m&amp#27;[1mFinancialAssistanceFunding4&amp#27;[0m &amp#27;[90m# NegRequestOfficeStepDef.Validation_on_funding_error_messages(String)&amp#27;[0m
]]></system-out>
    <system-err><![CDATA[[main] ERROR net.thucydides.core.steps.ConsoleLoggingListener - 
           __  _____ _____ ____ _____   _____ _    ___ _     _____ ____  
  _       / / |_   _| ____/ ___|_   _| |  ___/ \  |_ _| |   | ____|  _ \ 
 (_)_____| |    | | |  _| \___ \ | |   | |_ / _ \  | || |   |  _| | | | |
  _|_____| |    | | | |___ ___) || |   |  _/ ___ \ | || |___| |___| |_| |
 (_)     | |    |_| |_____|____/ |_|   |_|/_/   \_\___|_____|_____|____/ 
          \_\                                                            

TEST FAILED WITH ERROR: Validation on Funding office types error messages
---------------------------------------------------------------------
[main] ERROR net.thucydides.core.steps.ConsoleLoggingListener - TEST FAILED AT STEP Given User click on subTier breadcrumb link
[main] ERROR net.thucydides.core.steps.ConsoleLoggingListener - expected:<[987]> but was:<[111]>
[main] INFO gov.gsa.sam.stepdefinition.FeedsStepDef - Scroll down
[main] ERROR net.thucydides.core.steps.ConsoleLoggingListener - 
           __  _____ _____ ____ _____   _____ _    ___ _     _____ ____  
  _       / / |_   _| ____/ ___|_   _| |  ___/ \  |_ _| |   | ____|  _ \ 
 (_)_____| |    | | |  _| \___ \ | |   | |_ / _ \  | || |   |  _| | | | |
  _|_____| |    | | | |___ ___) || |   |  _/ ___ \ | || |___| |___| |_| |
 (_)     | |    |_| |_____|____/ |_|   |_|/_/   \_\___|_____|_____|____/ 
          \_\                                                            

TEST FAILED WITH ERROR: Validation on Funding office types error messages
---------------------------------------------------------------------
[main] ERROR net.thucydides.core.steps.ConsoleLoggingListener - TEST FAILED AT STEP Given User click on subTier breadcrumb link
[main] ERROR net.thucydides.core.steps.ConsoleLoggingListener - expected:<[987]> but was:<[111]>
]]></system-err>
  </testcase>
  <testcase name="Validation on Funding office types error messages" classname="Validate error meaasage in office page" time="5.161">
    <error message="no such element: Unable to locate element: {&quot;method&quot;:&quot;xpath&quot;,&quot;selector&quot;:&quot;//*[@id=&quot;main-container&quot;]/ng-component/div/div/div[2]/page/div/div/div[1]/div/sam-breadcrumbs/ul/li[4]/a&quot;}&#10;  (Session info: chrome=73.0.3683.86)&#10;  (Driver info: chromedriver=2.38.552522 (437e6fbedfa8762dec75e2c5b3ddb86763dc9dcb),platform=Windows NT 6.1.7601 SP1 x86_64) (WARNING: The server did not provide any stacktrace information)&#10;Command duration or timeout: 0 milliseconds&#10;For documentation on this error, please visit: http://seleniumhq.org/exceptions/no_such_element.html&#10;Build info: version: &apos;3.11.0&apos;, revision: &apos;e59cfb3&apos;, time: &apos;2018-03-11T20:26:55.152Z&apos;&#10;System info: host: &apos;I07R7C-AF1F18&apos;, ip: &apos;172.21.72.72&apos;, os.name: &apos;Windows 7&apos;, os.arch: &apos;amd64&apos;, os.version: &apos;6.1&apos;, java.version: &apos;1.8.0_191&apos;&#10;Driver info: org.openqa.selenium.remote.RemoteWebDriver&#10;Capabilities {acceptInsecureCerts: false, acceptSslCerts: false, applicationCacheEnabled: false, browserConnectionEnabled: false, browserName: chrome, chrome: {chromedriverVersion: 2.38.552522 (437e6fbedfa876..., userDataDir: C:\Users\SH359E~1\AppData\L...}, cssSelectorsEnabled: true, databaseEnabled: false, handlesAlerts: true, hasTouchScreen: false, javascriptEnabled: true, locationContextEnabled: true, mobileEmulationEnabled: false, nativeEvents: true, networkConnectionEnabled: false, pageLoadStrategy: normal, platform: XP, platformName: XP, rotatable: false, setWindowRect: true, takesHeapSnapshot: true, takesScreenshot: true, unexpectedAlertBehaviour: , unhandledPromptBehavior: , version: 73.0.3683.86, webStorageEnabled: true}&#10;Session ID: 64b81c4f3df0c7a01590797b0bf9d7d4&#10;*** Element info: {Using=xpath, value=//*[@id=&quot;main-container&quot;]/ng-component/div/div/div[2]/page/div/div/div[1]/div/sam-breadcrumbs/ul/li[4]/a}" type="org.openqa.selenium.NoSuchElementException">org.openqa.selenium.NoSuchElementException: 
no such element: Unable to locate element: {"method":"xpath","selector":"//*[@id="main-container"]/ng-component/div/div/div[2]/page/div/div/div[1]/div/sam-breadcrumbs/ul/li[4]/a"}
  (Session info: chrome=73.0.3683.86)
  (Driver info: chromedriver=2.38.552522 (437e6fbedfa8762dec75e2c5b3ddb86763dc9dcb),platform=Windows NT 6.1.7601 SP1 x86_64) (WARNING: The server did not provide any stacktrace information)
Command duration or timeout: 0 milliseconds
For documentation on this error, please visit: http://seleniumhq.org/exceptions/no_such_element.html
Build info: version: '3.11.0', revision: 'e59cfb3', time: '2018-03-11T20:26:55.152Z'
System info: host: 'I07R7C-AF1F18', ip: '172.21.72.72', os.name: 'Windows 7', os.arch: 'amd64', os.version: '6.1', java.version: '1.8.0_191'
Driver info: org.openqa.selenium.remote.RemoteWebDriver
Capabilities {acceptInsecureCerts: false, acceptSslCerts: false, applicationCacheEnabled: false, browserConnectionEnabled: false, browserName: chrome, chrome: {chromedriverVersion: 2.38.552522 (437e6fbedfa876..., userDataDir: C:\Users\SH359E~1\AppData\L...}, cssSelectorsEnabled: true, databaseEnabled: false, handlesAlerts: true, hasTouchScreen: false, javascriptEnabled: true, locationContextEnabled: true, mobileEmulationEnabled: false, nativeEvents: true, networkConnectionEnabled: false, pageLoadStrategy: normal, platform: XP, platformName: XP, rotatable: false, setWindowRect: true, takesHeapSnapshot: true, takesScreenshot: true, unexpectedAlertBehaviour: , unhandledPromptBehavior: , version: 73.0.3683.86, webStorageEnabled: true}
Session ID: 64b81c4f3df0c7a01590797b0bf9d7d4
*** Element info: {Using=xpath, value=//*[@id="main-container"]/ng-component/div/div/div[2]/page/div/div/div[1]/div/sam-breadcrumbs/ul/li[4]/a}
</error>
    <system-out><![CDATA[
  @negativeOffice @Requestoffice3
  Scenario Outline: Validation on Funding office types error messages    &amp#27;[90m# src/test/resources/features/negRequestOffice.feature:182&amp#27;[0m
    &amp#27;[32mAnd &amp#27;[0m&amp#27;[32mScroll up&amp#27;[0m                                                        &amp#27;[90m# FeedsStepDef.Scroll_up()&amp#27;[0m
    &amp#27;[31mGiven &amp#27;[0m&amp#27;[31mUser click on subTier breadcrumb link&amp#27;[0m                          &amp#27;[90m# NegRequestOfficeStepDef.User_click_on_subTier_breadcrumb_link()&amp#27;[0m
      &amp#27;[31morg.openqa.selenium.NoSuchElementException: no such element: Unable to locate element: {"method":"xpath","selector":"//*[@id="main-container"]/ng-component/div/div/div[2]/page/div/div/div[1]/div/sam-breadcrumbs/ul/li[4]/a"}
  (Session info: chrome=73.0.3683.86)
  (Driver info: chromedriver=2.38.552522 (437e6fbedfa8762dec75e2c5b3ddb86763dc9dcb),platform=Windows NT 6.1.7601 SP1 x86_64) (WARNING: The server did not provide any stacktrace information)
Command duration or timeout: 0 milliseconds
For documentation on this error, please visit: http://seleniumhq.org/exceptions/no_such_element.html
Build info: version: '3.11.0', revision: 'e59cfb3', time: '2018-03-11T20:26:55.152Z'
System info: host: 'I07R7C-AF1F18', ip: '172.21.72.72', os.name: 'Windows 7', os.arch: 'amd64', os.version: '6.1', java.version: '1.8.0_191'
Driver info: org.openqa.selenium.remote.RemoteWebDriver
Capabilities {acceptInsecureCerts: false, acceptSslCerts: false, applicationCacheEnabled: false, browserConnectionEnabled: false, browserName: chrome, chrome: {chromedriverVersion: 2.38.552522 (437e6fbedfa876..., userDataDir: C:\Users\SH359E~1\AppData\L...}, cssSelectorsEnabled: true, databaseEnabled: false, handlesAlerts: true, hasTouchScreen: false, javascriptEnabled: true, locationContextEnabled: true, mobileEmulationEnabled: false, nativeEvents: true, networkConnectionEnabled: false, pageLoadStrategy: normal, platform: XP, platformName: XP, rotatable: false, setWindowRect: true, takesHeapSnapshot: true, takesScreenshot: true, unexpectedAlertBehaviour: , unhandledPromptBehavior: , version: 73.0.3683.86, webStorageEnabled: true}
Session ID: 64b81c4f3df0c7a01590797b0bf9d7d4
*** Element info: {Using=xpath, value=//*[@id="main-container"]/ng-component/div/div/div[2]/page/div/div/div[1]/div/sam-breadcrumbs/ul/li[4]/a}
	at sun.reflect.GeneratedConstructorAccessor31.newInstance(Unknown Source)
	at sun.reflect.DelegatingConstructorAccessorImpl.newInstance(DelegatingConstructorAccessorImpl.java:45)
	at java.lang.reflect.Constructor.newInstance(Constructor.java:423)
	at org.openqa.selenium.remote.ErrorHandler.createThrowable(ErrorHandler.java:214)
	at org.openqa.selenium.remote.ErrorHandler.throwIfResponseFailed(ErrorHandler.java:166)
	at org.openqa.selenium.remote.http.JsonHttpResponseCodec.reconstructValue(JsonHttpResponseCodec.java:40)
	at org.openqa.selenium.remote.http.AbstractHttpResponseCodec.decode(AbstractHttpResponseCodec.java:80)
	at org.openqa.selenium.remote.http.AbstractHttpResponseCodec.decode(AbstractHttpResponseCodec.java:44)
	at org.openqa.selenium.remote.HttpCommandExecutor.execute(HttpCommandExecutor.java:158)
	at org.openqa.selenium.remote.RemoteWebDriver.execute(RemoteWebDriver.java:545)
	at org.openqa.selenium.remote.RemoteWebDriver.findElement(RemoteWebDriver.java:319)
	at org.openqa.selenium.remote.RemoteWebDriver.findElementByXPath(RemoteWebDriver.java:421)
	at org.openqa.selenium.By$ByXPath.findElement(By.java:361)
	at org.openqa.selenium.remote.RemoteWebDriver.findElement(RemoteWebDriver.java:311)
	at net.thucydides.core.webdriver.WebDriverFacade.findElement(WebDriverFacade.java:231)
	at gov.gsa.sam.stepdefinition.NegRequestOfficeStepDef.User_click_on_subTier_breadcrumb_link(NegRequestOfficeStepDef.java:178)
	at ?.User click on subTier breadcrumb link(src/test/resources/features/negRequestOffice.feature:134)
&amp#27;[0m
    &amp#27;[36mGiven &amp#27;[0m&amp#27;[36mClick on edit button&amp#27;[0m                                           &amp#27;[90m# CreateOfficeStepDef.Create_office_submit_button()&amp#27;[0m
    &amp#27;[36mAnd &amp#27;[0m&amp#27;[36mThe user enters office details Name &amp#27;[0m&amp#27;[36m&amp#27;[1mTest101&amp#27;[0m                      &amp#27;[90m# CreateOfficeStepDef.The_user_enters_office_details_Name(String)&amp#27;[0m
    &amp#27;[36mAnd &amp#27;[0m&amp#27;[36mThe user enters create office start month &amp#27;[0m&amp#27;[36m&amp#27;[1m&amp#27;[0m                       &amp#27;[90m# CreateOfficeStepDef.The_user_enters_create_office_start_month(String)&amp#27;[0m
    &amp#27;[36mAnd &amp#27;[0m&amp#27;[36mThe user enters create office start day &amp#27;[0m&amp#27;[36m&amp#27;[1m&amp#27;[0m                         &amp#27;[90m# CreateOfficeStepDef.The_user_enters_create_office_start_day(String)&amp#27;[0m
    &amp#27;[36mAnd &amp#27;[0m&amp#27;[36mThe user enters create office start year &amp#27;[0m&amp#27;[36m&amp#27;[1m&amp#27;[0m                        &amp#27;[90m# CreateOfficeStepDef.The_user_enters_create_office_start_year(String)&amp#27;[0m
    &amp#27;[36mAnd &amp#27;[0m&amp#27;[36mThe user enters create office end month &amp#27;[0m&amp#27;[36m&amp#27;[1m&amp#27;[0m                         &amp#27;[90m# CreateOfficeStepDef.The_user_enter_create_office_end_month(String)&amp#27;[0m
    &amp#27;[36mAnd &amp#27;[0m&amp#27;[36mThe user enters create office end day &amp#27;[0m&amp#27;[36m&amp#27;[1m&amp#27;[0m                           &amp#27;[90m# CreateOfficeStepDef.The_user_enters_create_office_end_day(String)&amp#27;[0m
    &amp#27;[36mAnd &amp#27;[0m&amp#27;[36mThe user enters create office end year &amp#27;[0m&amp#27;[36m&amp#27;[1m&amp#27;[0m                          &amp#27;[90m# CreateOfficeStepDef.The_user_enters_create_office_end_year(String)&amp#27;[0m
    &amp#27;[36mAnd &amp#27;[0m&amp#27;[36mSelect Poc check box&amp#27;[0m                                             &amp#27;[90m# CreateOfficeStepDef.Select_Poc_check_box()&amp#27;[0m
    &amp#27;[36mAnd &amp#27;[0m&amp#27;[36mThe user select office type Financial funding &amp#27;[0m&amp#27;[36m&amp#27;[1m&amp#27;[0m                   &amp#27;[90m# CreateOfficeStepDef.The_user_select_office_type_funding(String)&amp#27;[0m
    &amp#27;[36mAnd &amp#27;[0m&amp#27;[36mThe user enters Financial funding start month &amp#27;[0m&amp#27;[36m&amp#27;[1mM&amp#27;[0m                  &amp#27;[90m# CreateOfficeStepDef.The_user_enters_funding_office_start_month(String)&amp#27;[0m
    &amp#27;[36mAnd &amp#27;[0m&amp#27;[36mThe user enters Financial funding start day &amp#27;[0m&amp#27;[36m&amp#27;[1mD&amp#27;[0m                    &amp#27;[90m# CreateOfficeStepDef.The_user_enters_funding_office_start_day(String)&amp#27;[0m
    &amp#27;[36mAnd &amp#27;[0m&amp#27;[36mThe user enters Financial funding start year &amp#27;[0m&amp#27;[36m&amp#27;[1m&amp#27;[0m                    &amp#27;[90m# CreateOfficeStepDef.The_user_enters_funding_office_start_year(String)&amp#27;[0m
    &amp#27;[36mAnd &amp#27;[0m&amp#27;[36mThe user enters Financial funding end month &amp#27;[0m&amp#27;[36m&amp#27;[1m&amp#27;[0m                     &amp#27;[90m# CreateOfficeStepDef.The_user_enter_funding_office_end_month(String)&amp#27;[0m
    &amp#27;[36mAnd &amp#27;[0m&amp#27;[36mThe user enters Financial funding end day &amp#27;[0m&amp#27;[36m&amp#27;[1m&amp#27;[0m                       &amp#27;[90m# CreateOfficeStepDef.The_user_enters_funding_office_end_day(String)&amp#27;[0m
    &amp#27;[36mAnd &amp#27;[0m&amp#27;[36mThe user enters Financial funding end year &amp#27;[0m&amp#27;[36m&amp#27;[1m&amp#27;[0m                      &amp#27;[90m# CreateOfficeStepDef.The_user_enters_funding_office_end_year(String)&amp#27;[0m
    &amp#27;[36mAnd &amp#27;[0m&amp#27;[36mThe user select office type contract funding &amp#27;[0m&amp#27;[36m&amp#27;[1m x&amp#27;[0m                  &amp#27;[90m# CreateOfficeStepDef.The_user_select_office_type_other(String)&amp#27;[0m
    &amp#27;[36mAnd &amp#27;[0m&amp#27;[36mThe user enters other contract funding start month &amp#27;[0m&amp#27;[36m&amp#27;[1mx&amp#27;[0m             &amp#27;[90m# CreateOfficeStepDef.The_user_enters_other_office_start_month(String)&amp#27;[0m
    &amp#27;[36mAnd &amp#27;[0m&amp#27;[36mThe user enters other contract funding start day &amp#27;[0m&amp#27;[36m&amp#27;[1mx&amp#27;[0m               &amp#27;[90m# CreateOfficeStepDef.The_user_enters_other_office_start_day(String)&amp#27;[0m
    &amp#27;[36mAnd &amp#27;[0m&amp#27;[36mThe user enters other contract funding start year &amp#27;[0m&amp#27;[36m&amp#27;[1mx&amp#27;[0m              &amp#27;[90m# CreateOfficeStepDef.The_user_enters_other_office_start_year(String)&amp#27;[0m
    &amp#27;[36mAnd &amp#27;[0m&amp#27;[36mThe user enters other contract funding end month &amp#27;[0m&amp#27;[36m&amp#27;[1mx&amp#27;[0m               &amp#27;[90m# CreateOfficeStepDef.The_user_enter_other_office_end_month(String)&amp#27;[0m
    &amp#27;[36mAnd &amp#27;[0m&amp#27;[36mThe user enters other contract funding end day &amp#27;[0m&amp#27;[36m&amp#27;[1mx&amp#27;[0m                 &amp#27;[90m# CreateOfficeStepDef.The_user_enters_other_office_end_day(String)&amp#27;[0m
    &amp#27;[36mAnd &amp#27;[0m&amp#27;[36mThe user enters other contract funding end year &amp#27;[0m&amp#27;[36m&amp#27;[1mx&amp#27;[0m                &amp#27;[90m# CreateOfficeStepDef.The_user_enters_other_office_end_year(String)&amp#27;[0m
    &amp#27;[36mAnd &amp#27;[0m&amp#27;[36mThe user enters street address &amp#27;[0m&amp#27;[36m&amp#27;[1m&amp#27;[0m                                  &amp#27;[90m# CreateOfficeStepDef.The_user_enters_street_address(String)&amp#27;[0m
    &amp#27;[36mAnd &amp#27;[0m&amp#27;[36mThe user enters country &amp#27;[0m&amp#27;[36m&amp#27;[1m&amp#27;[0m                                         &amp#27;[90m# CreateOfficeStepDef.The_user_enters_country(String)&amp#27;[0m
    &amp#27;[36mAnd &amp#27;[0m&amp#27;[36mThe enters zip &amp#27;[0m&amp#27;[36m&amp#27;[1m&amp#27;[0m                                                  &amp#27;[90m# CreateOfficeStepDef.The_enters_zip(String)&amp#27;[0m
    &amp#27;[36mAnd &amp#27;[0m&amp#27;[36mThe enters city &amp#27;[0m&amp#27;[36m&amp#27;[1m&amp#27;[0m                                                 &amp#27;[90m# CreateOfficeStepDef.The_enters_city(String)&amp#27;[0m
    &amp#27;[36mAnd &amp#27;[0m&amp#27;[36mThe enters state &amp#27;[0m&amp#27;[36m&amp#27;[1m&amp#27;[0m                                                &amp#27;[90m# CreateOfficeStepDef.The_enters_state(String)&amp#27;[0m
    &amp#27;[36mAnd &amp#27;[0m&amp#27;[36mThe user enters TAC2 street address &amp#27;[0m&amp#27;[36m&amp#27;[1m&amp#27;[0m                             &amp#27;[90m# CreateOfficeStepDef.The_user_enters_street_address_TAC2(String)&amp#27;[0m
    &amp#27;[36mAnd &amp#27;[0m&amp#27;[36mThe user enters TAC2 country &amp#27;[0m&amp#27;[36m&amp#27;[1m&amp#27;[0m                                    &amp#27;[90m# CreateOfficeStepDef.The_user_enters_country_TAC2(String)&amp#27;[0m
    &amp#27;[36mAnd &amp#27;[0m&amp#27;[36mThe enters TAC2 zip &amp#27;[0m&amp#27;[36m&amp#27;[1m&amp#27;[0m                                             &amp#27;[90m# CreateOfficeStepDef.The_enters_zip_TAC2(String)&amp#27;[0m
    &amp#27;[36mAnd &amp#27;[0m&amp#27;[36mThe enters TAC2 city &amp#27;[0m&amp#27;[36m&amp#27;[1m&amp#27;[0m                                            &amp#27;[90m# CreateOfficeStepDef.The_enters_city_TAC2(String)&amp#27;[0m
    &amp#27;[36mAnd &amp#27;[0m&amp#27;[36mThe enters TAC2 state &amp#27;[0m&amp#27;[36m&amp#27;[1m&amp#27;[0m                                           &amp#27;[90m# CreateOfficeStepDef.The_enters_state_TAC2(String)&amp#27;[0m
    &amp#27;[36mAnd &amp#27;[0m&amp#27;[36mThe user enters TAC3 street address &amp#27;[0m&amp#27;[36m&amp#27;[1m&amp#27;[0m                             &amp#27;[90m# CreateOfficeStepDef.The_user_enters_street_address_TAC3(String)&amp#27;[0m
    &amp#27;[36mAnd &amp#27;[0m&amp#27;[36mThe user enters TAC3 country &amp#27;[0m&amp#27;[36m&amp#27;[1m&amp#27;[0m                                    &amp#27;[90m# CreateOfficeStepDef.The_user_enters_country_TAC3(String)&amp#27;[0m
    &amp#27;[36mAnd &amp#27;[0m&amp#27;[36mThe enters TAC3 zip &amp#27;[0m&amp#27;[36m&amp#27;[1m&amp#27;[0m                                             &amp#27;[90m# CreateOfficeStepDef.The_enters_zip_TAC3(String)&amp#27;[0m
    &amp#27;[36mAnd &amp#27;[0m&amp#27;[36mThe enters TAC3 city &amp#27;[0m&amp#27;[36m&amp#27;[1m&amp#27;[0m                                            &amp#27;[90m# CreateOfficeStepDef.The_enters_city_TAC3(String)&amp#27;[0m
    &amp#27;[36mAnd &amp#27;[0m&amp#27;[36mThe enters TAC3 state &amp#27;[0m&amp#27;[36m&amp#27;[1m&amp#27;[0m                                           &amp#27;[90m# CreateOfficeStepDef.The_enters_state_TAC3(String)&amp#27;[0m
    &amp#27;[36mThen &amp#27;[0m&amp#27;[36mThe user click on submit create office button&amp#27;[0m                   &amp#27;[90m# CreateOfficeStepDef.The_user_click_on_submit_create_office_button()&amp#27;[0m
    &amp#27;[36mAnd &amp#27;[0m&amp#27;[36mValidation on funding error messages &amp#27;[0m&amp#27;[36m&amp#27;[1mFinancialAssistanceFunding5&amp#27;[0m &amp#27;[90m# NegRequestOfficeStepDef.Validation_on_funding_error_messages(String)&amp#27;[0m
]]></system-out>
    <system-err><![CDATA[[main] ERROR net.thucydides.core.steps.ConsoleLoggingListener - 
           __  _____ _____ ____ _____   _____ _    ___ _     _____ ____  
  _       / / |_   _| ____/ ___|_   _| |  ___/ \  |_ _| |   | ____|  _ \ 
 (_)_____| |    | | |  _| \___ \ | |   | |_ / _ \  | || |   |  _| | | | |
  _|_____| |    | | | |___ ___) || |   |  _/ ___ \ | || |___| |___| |_| |
 (_)     | |    |_| |_____|____/ |_|   |_|/_/   \_\___|_____|_____|____/ 
          \_\                                                            

TEST FAILED WITH ERROR: Validation on Funding office types error messages
---------------------------------------------------------------------
[main] ERROR net.thucydides.core.steps.ConsoleLoggingListener - TEST FAILED AT STEP Given User click on subTier breadcrumb link
[main] ERROR net.thucydides.core.steps.ConsoleLoggingListener - expected:<[987]> but was:<[111]>
[main] INFO gov.gsa.sam.stepdefinition.FeedsStepDef - Scroll down
[main] ERROR net.thucydides.core.steps.ConsoleLoggingListener - 
           __  _____ _____ ____ _____   _____ _    ___ _     _____ ____  
  _       / / |_   _| ____/ ___|_   _| |  ___/ \  |_ _| |   | ____|  _ \ 
 (_)_____| |    | | |  _| \___ \ | |   | |_ / _ \  | || |   |  _| | | | |
  _|_____| |    | | | |___ ___) || |   |  _/ ___ \ | || |___| |___| |_| |
 (_)     | |    |_| |_____|____/ |_|   |_|/_/   \_\___|_____|_____|____/ 
          \_\                                                            

TEST FAILED WITH ERROR: Validation on Funding office types error messages
---------------------------------------------------------------------
[main] ERROR net.thucydides.core.steps.ConsoleLoggingListener - TEST FAILED AT STEP Given User click on subTier breadcrumb link
[main] ERROR net.thucydides.core.steps.ConsoleLoggingListener - expected:<[987]> but was:<[111]>
]]></system-err>
  </testcase>
  <testcase name="Validation on Funding office types error messages" classname="Validate error meaasage in office page" time="5.179">
    <error message="no such element: Unable to locate element: {&quot;method&quot;:&quot;xpath&quot;,&quot;selector&quot;:&quot;//*[@id=&quot;main-container&quot;]/ng-component/div/div/div[2]/page/div/div/div[1]/div/sam-breadcrumbs/ul/li[4]/a&quot;}&#10;  (Session info: chrome=73.0.3683.86)&#10;  (Driver info: chromedriver=2.38.552522 (437e6fbedfa8762dec75e2c5b3ddb86763dc9dcb),platform=Windows NT 6.1.7601 SP1 x86_64) (WARNING: The server did not provide any stacktrace information)&#10;Command duration or timeout: 0 milliseconds&#10;For documentation on this error, please visit: http://seleniumhq.org/exceptions/no_such_element.html&#10;Build info: version: &apos;3.11.0&apos;, revision: &apos;e59cfb3&apos;, time: &apos;2018-03-11T20:26:55.152Z&apos;&#10;System info: host: &apos;I07R7C-AF1F18&apos;, ip: &apos;172.21.72.72&apos;, os.name: &apos;Windows 7&apos;, os.arch: &apos;amd64&apos;, os.version: &apos;6.1&apos;, java.version: &apos;1.8.0_191&apos;&#10;Driver info: org.openqa.selenium.remote.RemoteWebDriver&#10;Capabilities {acceptInsecureCerts: false, acceptSslCerts: false, applicationCacheEnabled: false, browserConnectionEnabled: false, browserName: chrome, chrome: {chromedriverVersion: 2.38.552522 (437e6fbedfa876..., userDataDir: C:\Users\SH359E~1\AppData\L...}, cssSelectorsEnabled: true, databaseEnabled: false, handlesAlerts: true, hasTouchScreen: false, javascriptEnabled: true, locationContextEnabled: true, mobileEmulationEnabled: false, nativeEvents: true, networkConnectionEnabled: false, pageLoadStrategy: normal, platform: XP, platformName: XP, rotatable: false, setWindowRect: true, takesHeapSnapshot: true, takesScreenshot: true, unexpectedAlertBehaviour: , unhandledPromptBehavior: , version: 73.0.3683.86, webStorageEnabled: true}&#10;Session ID: 64b81c4f3df0c7a01590797b0bf9d7d4&#10;*** Element info: {Using=xpath, value=//*[@id=&quot;main-container&quot;]/ng-component/div/div/div[2]/page/div/div/div[1]/div/sam-breadcrumbs/ul/li[4]/a}" type="org.openqa.selenium.NoSuchElementException">org.openqa.selenium.NoSuchElementException: 
no such element: Unable to locate element: {"method":"xpath","selector":"//*[@id="main-container"]/ng-component/div/div/div[2]/page/div/div/div[1]/div/sam-breadcrumbs/ul/li[4]/a"}
  (Session info: chrome=73.0.3683.86)
  (Driver info: chromedriver=2.38.552522 (437e6fbedfa8762dec75e2c5b3ddb86763dc9dcb),platform=Windows NT 6.1.7601 SP1 x86_64) (WARNING: The server did not provide any stacktrace information)
Command duration or timeout: 0 milliseconds
For documentation on this error, please visit: http://seleniumhq.org/exceptions/no_such_element.html
Build info: version: '3.11.0', revision: 'e59cfb3', time: '2018-03-11T20:26:55.152Z'
System info: host: 'I07R7C-AF1F18', ip: '172.21.72.72', os.name: 'Windows 7', os.arch: 'amd64', os.version: '6.1', java.version: '1.8.0_191'
Driver info: org.openqa.selenium.remote.RemoteWebDriver
Capabilities {acceptInsecureCerts: false, acceptSslCerts: false, applicationCacheEnabled: false, browserConnectionEnabled: false, browserName: chrome, chrome: {chromedriverVersion: 2.38.552522 (437e6fbedfa876..., userDataDir: C:\Users\SH359E~1\AppData\L...}, cssSelectorsEnabled: true, databaseEnabled: false, handlesAlerts: true, hasTouchScreen: false, javascriptEnabled: true, locationContextEnabled: true, mobileEmulationEnabled: false, nativeEvents: true, networkConnectionEnabled: false, pageLoadStrategy: normal, platform: XP, platformName: XP, rotatable: false, setWindowRect: true, takesHeapSnapshot: true, takesScreenshot: true, unexpectedAlertBehaviour: , unhandledPromptBehavior: , version: 73.0.3683.86, webStorageEnabled: true}
Session ID: 64b81c4f3df0c7a01590797b0bf9d7d4
*** Element info: {Using=xpath, value=//*[@id="main-container"]/ng-component/div/div/div[2]/page/div/div/div[1]/div/sam-breadcrumbs/ul/li[4]/a}
</error>
    <system-out><![CDATA[
  @negativeOffice @Requestoffice3
  Scenario Outline: Validation on Funding office types error messages &amp#27;[90m# src/test/resources/features/negRequestOffice.feature:183&amp#27;[0m
    &amp#27;[32mAnd &amp#27;[0m&amp#27;[32mScroll up&amp#27;[0m                                                     &amp#27;[90m# FeedsStepDef.Scroll_up()&amp#27;[0m
    &amp#27;[31mGiven &amp#27;[0m&amp#27;[31mUser click on subTier breadcrumb link&amp#27;[0m                       &amp#27;[90m# NegRequestOfficeStepDef.User_click_on_subTier_breadcrumb_link()&amp#27;[0m
      &amp#27;[31morg.openqa.selenium.NoSuchElementException: no such element: Unable to locate element: {"method":"xpath","selector":"//*[@id="main-container"]/ng-component/div/div/div[2]/page/div/div/div[1]/div/sam-breadcrumbs/ul/li[4]/a"}
  (Session info: chrome=73.0.3683.86)
  (Driver info: chromedriver=2.38.552522 (437e6fbedfa8762dec75e2c5b3ddb86763dc9dcb),platform=Windows NT 6.1.7601 SP1 x86_64) (WARNING: The server did not provide any stacktrace information)
Command duration or timeout: 0 milliseconds
For documentation on this error, please visit: http://seleniumhq.org/exceptions/no_such_element.html
Build info: version: '3.11.0', revision: 'e59cfb3', time: '2018-03-11T20:26:55.152Z'
System info: host: 'I07R7C-AF1F18', ip: '172.21.72.72', os.name: 'Windows 7', os.arch: 'amd64', os.version: '6.1', java.version: '1.8.0_191'
Driver info: org.openqa.selenium.remote.RemoteWebDriver
Capabilities {acceptInsecureCerts: false, acceptSslCerts: false, applicationCacheEnabled: false, browserConnectionEnabled: false, browserName: chrome, chrome: {chromedriverVersion: 2.38.552522 (437e6fbedfa876..., userDataDir: C:\Users\SH359E~1\AppData\L...}, cssSelectorsEnabled: true, databaseEnabled: false, handlesAlerts: true, hasTouchScreen: false, javascriptEnabled: true, locationContextEnabled: true, mobileEmulationEnabled: false, nativeEvents: true, networkConnectionEnabled: false, pageLoadStrategy: normal, platform: XP, platformName: XP, rotatable: false, setWindowRect: true, takesHeapSnapshot: true, takesScreenshot: true, unexpectedAlertBehaviour: , unhandledPromptBehavior: , version: 73.0.3683.86, webStorageEnabled: true}
Session ID: 64b81c4f3df0c7a01590797b0bf9d7d4
*** Element info: {Using=xpath, value=//*[@id="main-container"]/ng-component/div/div/div[2]/page/div/div/div[1]/div/sam-breadcrumbs/ul/li[4]/a}
	at sun.reflect.GeneratedConstructorAccessor31.newInstance(Unknown Source)
	at sun.reflect.DelegatingConstructorAccessorImpl.newInstance(DelegatingConstructorAccessorImpl.java:45)
	at java.lang.reflect.Constructor.newInstance(Constructor.java:423)
	at org.openqa.selenium.remote.ErrorHandler.createThrowable(ErrorHandler.java:214)
	at org.openqa.selenium.remote.ErrorHandler.throwIfResponseFailed(ErrorHandler.java:166)
	at org.openqa.selenium.remote.http.JsonHttpResponseCodec.reconstructValue(JsonHttpResponseCodec.java:40)
	at org.openqa.selenium.remote.http.AbstractHttpResponseCodec.decode(AbstractHttpResponseCodec.java:80)
	at org.openqa.selenium.remote.http.AbstractHttpResponseCodec.decode(AbstractHttpResponseCodec.java:44)
	at org.openqa.selenium.remote.HttpCommandExecutor.execute(HttpCommandExecutor.java:158)
	at org.openqa.selenium.remote.RemoteWebDriver.execute(RemoteWebDriver.java:545)
	at org.openqa.selenium.remote.RemoteWebDriver.findElement(RemoteWebDriver.java:319)
	at org.openqa.selenium.remote.RemoteWebDriver.findElementByXPath(RemoteWebDriver.java:421)
	at org.openqa.selenium.By$ByXPath.findElement(By.java:361)
	at org.openqa.selenium.remote.RemoteWebDriver.findElement(RemoteWebDriver.java:311)
	at net.thucydides.core.webdriver.WebDriverFacade.findElement(WebDriverFacade.java:231)
	at gov.gsa.sam.stepdefinition.NegRequestOfficeStepDef.User_click_on_subTier_breadcrumb_link(NegRequestOfficeStepDef.java:178)
	at ?.User click on subTier breadcrumb link(src/test/resources/features/negRequestOffice.feature:134)
&amp#27;[0m
    &amp#27;[36mGiven &amp#27;[0m&amp#27;[36mClick on edit button&amp#27;[0m                                        &amp#27;[90m# CreateOfficeStepDef.Create_office_submit_button()&amp#27;[0m
    &amp#27;[36mAnd &amp#27;[0m&amp#27;[36mThe user enters office details Name &amp#27;[0m&amp#27;[36m&amp#27;[1mTest161&amp#27;[0m                   &amp#27;[90m# CreateOfficeStepDef.The_user_enters_office_details_Name(String)&amp#27;[0m
    &amp#27;[36mAnd &amp#27;[0m&amp#27;[36mThe user enters create office start month &amp#27;[0m&amp#27;[36m&amp#27;[1m&amp#27;[0m                    &amp#27;[90m# CreateOfficeStepDef.The_user_enters_create_office_start_month(String)&amp#27;[0m
    &amp#27;[36mAnd &amp#27;[0m&amp#27;[36mThe user enters create office start day &amp#27;[0m&amp#27;[36m&amp#27;[1m&amp#27;[0m                      &amp#27;[90m# CreateOfficeStepDef.The_user_enters_create_office_start_day(String)&amp#27;[0m
    &amp#27;[36mAnd &amp#27;[0m&amp#27;[36mThe user enters create office start year &amp#27;[0m&amp#27;[36m&amp#27;[1m&amp#27;[0m                     &amp#27;[90m# CreateOfficeStepDef.The_user_enters_create_office_start_year(String)&amp#27;[0m
    &amp#27;[36mAnd &amp#27;[0m&amp#27;[36mThe user enters create office end month &amp#27;[0m&amp#27;[36m&amp#27;[1m&amp#27;[0m                      &amp#27;[90m# CreateOfficeStepDef.The_user_enter_create_office_end_month(String)&amp#27;[0m
    &amp#27;[36mAnd &amp#27;[0m&amp#27;[36mThe user enters create office end day &amp#27;[0m&amp#27;[36m&amp#27;[1m&amp#27;[0m                        &amp#27;[90m# CreateOfficeStepDef.The_user_enters_create_office_end_day(String)&amp#27;[0m
    &amp#27;[36mAnd &amp#27;[0m&amp#27;[36mThe user enters create office end year &amp#27;[0m&amp#27;[36m&amp#27;[1m&amp#27;[0m                       &amp#27;[90m# CreateOfficeStepDef.The_user_enters_create_office_end_year(String)&amp#27;[0m
    &amp#27;[36mAnd &amp#27;[0m&amp#27;[36mSelect Poc check box&amp#27;[0m                                          &amp#27;[90m# CreateOfficeStepDef.Select_Poc_check_box()&amp#27;[0m
    &amp#27;[36mAnd &amp#27;[0m&amp#27;[36mThe user select office type Financial funding &amp#27;[0m&amp#27;[36m&amp#27;[1mx&amp#27;[0m               &amp#27;[90m# CreateOfficeStepDef.The_user_select_office_type_funding(String)&amp#27;[0m
    &amp#27;[36mAnd &amp#27;[0m&amp#27;[36mThe user enters Financial funding start month &amp#27;[0m&amp#27;[36m&amp#27;[1mx&amp#27;[0m               &amp#27;[90m# CreateOfficeStepDef.The_user_enters_funding_office_start_month(String)&amp#27;[0m
    &amp#27;[36mAnd &amp#27;[0m&amp#27;[36mThe user enters Financial funding start day &amp#27;[0m&amp#27;[36m&amp#27;[1mx&amp#27;[0m                 &amp#27;[90m# CreateOfficeStepDef.The_user_enters_funding_office_start_day(String)&amp#27;[0m
    &amp#27;[36mAnd &amp#27;[0m&amp#27;[36mThe user enters Financial funding start year &amp#27;[0m&amp#27;[36m&amp#27;[1mx&amp#27;[0m                &amp#27;[90m# CreateOfficeStepDef.The_user_enters_funding_office_start_year(String)&amp#27;[0m
    &amp#27;[36mAnd &amp#27;[0m&amp#27;[36mThe user enters Financial funding end month &amp#27;[0m&amp#27;[36m&amp#27;[1mx&amp#27;[0m                 &amp#27;[90m# CreateOfficeStepDef.The_user_enter_funding_office_end_month(String)&amp#27;[0m
    &amp#27;[36mAnd &amp#27;[0m&amp#27;[36mThe user enters Financial funding end day &amp#27;[0m&amp#27;[36m&amp#27;[1mx&amp#27;[0m                   &amp#27;[90m# CreateOfficeStepDef.The_user_enters_funding_office_end_day(String)&amp#27;[0m
    &amp#27;[36mAnd &amp#27;[0m&amp#27;[36mThe user enters Financial funding end year &amp#27;[0m&amp#27;[36m&amp#27;[1mx&amp#27;[0m                  &amp#27;[90m# CreateOfficeStepDef.The_user_enters_funding_office_end_year(String)&amp#27;[0m
    &amp#27;[36mAnd &amp#27;[0m&amp#27;[36mThe user select office type contract funding &amp#27;[0m&amp#27;[36m&amp#27;[1m &amp#27;[0m                &amp#27;[90m# CreateOfficeStepDef.The_user_select_office_type_other(String)&amp#27;[0m
    &amp#27;[36mAnd &amp#27;[0m&amp#27;[36mThe user enters other contract funding start month &amp#27;[0m&amp#27;[36m&amp#27;[1m&amp#27;[0m           &amp#27;[90m# CreateOfficeStepDef.The_user_enters_other_office_start_month(String)&amp#27;[0m
    &amp#27;[36mAnd &amp#27;[0m&amp#27;[36mThe user enters other contract funding start day &amp#27;[0m&amp#27;[36m&amp#27;[1m&amp#27;[0m             &amp#27;[90m# CreateOfficeStepDef.The_user_enters_other_office_start_day(String)&amp#27;[0m
    &amp#27;[36mAnd &amp#27;[0m&amp#27;[36mThe user enters other contract funding start year &amp#27;[0m&amp#27;[36m&amp#27;[1m&amp#27;[0m            &amp#27;[90m# CreateOfficeStepDef.The_user_enters_other_office_start_year(String)&amp#27;[0m
    &amp#27;[36mAnd &amp#27;[0m&amp#27;[36mThe user enters other contract funding end month &amp#27;[0m&amp#27;[36m&amp#27;[1mM&amp#27;[0m            &amp#27;[90m# CreateOfficeStepDef.The_user_enter_other_office_end_month(String)&amp#27;[0m
    &amp#27;[36mAnd &amp#27;[0m&amp#27;[36mThe user enters other contract funding end day &amp#27;[0m&amp#27;[36m&amp#27;[1mD&amp#27;[0m              &amp#27;[90m# CreateOfficeStepDef.The_user_enters_other_office_end_day(String)&amp#27;[0m
    &amp#27;[36mAnd &amp#27;[0m&amp#27;[36mThe user enters other contract funding end year &amp#27;[0m&amp#27;[36m&amp#27;[1m&amp#27;[0m              &amp#27;[90m# CreateOfficeStepDef.The_user_enters_other_office_end_year(String)&amp#27;[0m
    &amp#27;[36mAnd &amp#27;[0m&amp#27;[36mThe user enters street address &amp#27;[0m&amp#27;[36m&amp#27;[1m&amp#27;[0m                               &amp#27;[90m# CreateOfficeStepDef.The_user_enters_street_address(String)&amp#27;[0m
    &amp#27;[36mAnd &amp#27;[0m&amp#27;[36mThe user enters country &amp#27;[0m&amp#27;[36m&amp#27;[1m&amp#27;[0m                                      &amp#27;[90m# CreateOfficeStepDef.The_user_enters_country(String)&amp#27;[0m
    &amp#27;[36mAnd &amp#27;[0m&amp#27;[36mThe enters zip &amp#27;[0m&amp#27;[36m&amp#27;[1m&amp#27;[0m                                               &amp#27;[90m# CreateOfficeStepDef.The_enters_zip(String)&amp#27;[0m
    &amp#27;[36mAnd &amp#27;[0m&amp#27;[36mThe enters city &amp#27;[0m&amp#27;[36m&amp#27;[1m&amp#27;[0m                                              &amp#27;[90m# CreateOfficeStepDef.The_enters_city(String)&amp#27;[0m
    &amp#27;[36mAnd &amp#27;[0m&amp#27;[36mThe enters state &amp#27;[0m&amp#27;[36m&amp#27;[1m&amp#27;[0m                                             &amp#27;[90m# CreateOfficeStepDef.The_enters_state(String)&amp#27;[0m
    &amp#27;[36mAnd &amp#27;[0m&amp#27;[36mThe user enters TAC2 street address &amp#27;[0m&amp#27;[36m&amp#27;[1m&amp#27;[0m                          &amp#27;[90m# CreateOfficeStepDef.The_user_enters_street_address_TAC2(String)&amp#27;[0m
    &amp#27;[36mAnd &amp#27;[0m&amp#27;[36mThe user enters TAC2 country &amp#27;[0m&amp#27;[36m&amp#27;[1m&amp#27;[0m                                 &amp#27;[90m# CreateOfficeStepDef.The_user_enters_country_TAC2(String)&amp#27;[0m
    &amp#27;[36mAnd &amp#27;[0m&amp#27;[36mThe enters TAC2 zip &amp#27;[0m&amp#27;[36m&amp#27;[1m&amp#27;[0m                                          &amp#27;[90m# CreateOfficeStepDef.The_enters_zip_TAC2(String)&amp#27;[0m
    &amp#27;[36mAnd &amp#27;[0m&amp#27;[36mThe enters TAC2 city &amp#27;[0m&amp#27;[36m&amp#27;[1m&amp#27;[0m                                         &amp#27;[90m# CreateOfficeStepDef.The_enters_city_TAC2(String)&amp#27;[0m
    &amp#27;[36mAnd &amp#27;[0m&amp#27;[36mThe enters TAC2 state &amp#27;[0m&amp#27;[36m&amp#27;[1m&amp#27;[0m                                        &amp#27;[90m# CreateOfficeStepDef.The_enters_state_TAC2(String)&amp#27;[0m
    &amp#27;[36mAnd &amp#27;[0m&amp#27;[36mThe user enters TAC3 street address &amp#27;[0m&amp#27;[36m&amp#27;[1m&amp#27;[0m                          &amp#27;[90m# CreateOfficeStepDef.The_user_enters_street_address_TAC3(String)&amp#27;[0m
    &amp#27;[36mAnd &amp#27;[0m&amp#27;[36mThe user enters TAC3 country &amp#27;[0m&amp#27;[36m&amp#27;[1m&amp#27;[0m                                 &amp#27;[90m# CreateOfficeStepDef.The_user_enters_country_TAC3(String)&amp#27;[0m
    &amp#27;[36mAnd &amp#27;[0m&amp#27;[36mThe enters TAC3 zip &amp#27;[0m&amp#27;[36m&amp#27;[1m&amp#27;[0m                                          &amp#27;[90m# CreateOfficeStepDef.The_enters_zip_TAC3(String)&amp#27;[0m
    &amp#27;[36mAnd &amp#27;[0m&amp#27;[36mThe enters TAC3 city &amp#27;[0m&amp#27;[36m&amp#27;[1m&amp#27;[0m                                         &amp#27;[90m# CreateOfficeStepDef.The_enters_city_TAC3(String)&amp#27;[0m
    &amp#27;[36mAnd &amp#27;[0m&amp#27;[36mThe enters TAC3 state &amp#27;[0m&amp#27;[36m&amp#27;[1m&amp#27;[0m                                        &amp#27;[90m# CreateOfficeStepDef.The_enters_state_TAC3(String)&amp#27;[0m
    &amp#27;[36mThen &amp#27;[0m&amp#27;[36mThe user click on submit create office button&amp#27;[0m                &amp#27;[90m# CreateOfficeStepDef.The_user_click_on_submit_create_office_button()&amp#27;[0m
    &amp#27;[36mAnd &amp#27;[0m&amp#27;[36mValidation on funding error messages &amp#27;[0m&amp#27;[36m&amp#27;[1mContractFunding12&amp#27;[0m        &amp#27;[90m# NegRequestOfficeStepDef.Validation_on_funding_error_messages(String)&amp#27;[0m
]]></system-out>
    <system-err><![CDATA[[main] ERROR net.thucydides.core.steps.ConsoleLoggingListener - 
           __  _____ _____ ____ _____   _____ _    ___ _     _____ ____  
  _       / / |_   _| ____/ ___|_   _| |  ___/ \  |_ _| |   | ____|  _ \ 
 (_)_____| |    | | |  _| \___ \ | |   | |_ / _ \  | || |   |  _| | | | |
  _|_____| |    | | | |___ ___) || |   |  _/ ___ \ | || |___| |___| |_| |
 (_)     | |    |_| |_____|____/ |_|   |_|/_/   \_\___|_____|_____|____/ 
          \_\                                                            

TEST FAILED WITH ERROR: Validation on Funding office types error messages
---------------------------------------------------------------------
[main] ERROR net.thucydides.core.steps.ConsoleLoggingListener - TEST FAILED AT STEP Given User click on subTier breadcrumb link
[main] ERROR net.thucydides.core.steps.ConsoleLoggingListener - expected:<[987]> but was:<[111]>
[main] INFO gov.gsa.sam.stepdefinition.FeedsStepDef - Scroll down
[main] ERROR net.thucydides.core.steps.ConsoleLoggingListener - 
           __  _____ _____ ____ _____   _____ _    ___ _     _____ ____  
  _       / / |_   _| ____/ ___|_   _| |  ___/ \  |_ _| |   | ____|  _ \ 
 (_)_____| |    | | |  _| \___ \ | |   | |_ / _ \  | || |   |  _| | | | |
  _|_____| |    | | | |___ ___) || |   |  _/ ___ \ | || |___| |___| |_| |
 (_)     | |    |_| |_____|____/ |_|   |_|/_/   \_\___|_____|_____|____/ 
          \_\                                                            

TEST FAILED WITH ERROR: Validation on Funding office types error messages
---------------------------------------------------------------------
[main] ERROR net.thucydides.core.steps.ConsoleLoggingListener - TEST FAILED AT STEP Given User click on subTier breadcrumb link
[main] ERROR net.thucydides.core.steps.ConsoleLoggingListener - expected:<[987]> but was:<[111]>
]]></system-err>
  </testcase>
  <testcase name="Validation on Funding office types error messages" classname="Validate error meaasage in office page" time="5.161">
    <error message="no such element: Unable to locate element: {&quot;method&quot;:&quot;xpath&quot;,&quot;selector&quot;:&quot;//*[@id=&quot;main-container&quot;]/ng-component/div/div/div[2]/page/div/div/div[1]/div/sam-breadcrumbs/ul/li[4]/a&quot;}&#10;  (Session info: chrome=73.0.3683.86)&#10;  (Driver info: chromedriver=2.38.552522 (437e6fbedfa8762dec75e2c5b3ddb86763dc9dcb),platform=Windows NT 6.1.7601 SP1 x86_64) (WARNING: The server did not provide any stacktrace information)&#10;Command duration or timeout: 0 milliseconds&#10;For documentation on this error, please visit: http://seleniumhq.org/exceptions/no_such_element.html&#10;Build info: version: &apos;3.11.0&apos;, revision: &apos;e59cfb3&apos;, time: &apos;2018-03-11T20:26:55.152Z&apos;&#10;System info: host: &apos;I07R7C-AF1F18&apos;, ip: &apos;172.21.72.72&apos;, os.name: &apos;Windows 7&apos;, os.arch: &apos;amd64&apos;, os.version: &apos;6.1&apos;, java.version: &apos;1.8.0_191&apos;&#10;Driver info: org.openqa.selenium.remote.RemoteWebDriver&#10;Capabilities {acceptInsecureCerts: false, acceptSslCerts: false, applicationCacheEnabled: false, browserConnectionEnabled: false, browserName: chrome, chrome: {chromedriverVersion: 2.38.552522 (437e6fbedfa876..., userDataDir: C:\Users\SH359E~1\AppData\L...}, cssSelectorsEnabled: true, databaseEnabled: false, handlesAlerts: true, hasTouchScreen: false, javascriptEnabled: true, locationContextEnabled: true, mobileEmulationEnabled: false, nativeEvents: true, networkConnectionEnabled: false, pageLoadStrategy: normal, platform: XP, platformName: XP, rotatable: false, setWindowRect: true, takesHeapSnapshot: true, takesScreenshot: true, unexpectedAlertBehaviour: , unhandledPromptBehavior: , version: 73.0.3683.86, webStorageEnabled: true}&#10;Session ID: 64b81c4f3df0c7a01590797b0bf9d7d4&#10;*** Element info: {Using=xpath, value=//*[@id=&quot;main-container&quot;]/ng-component/div/div/div[2]/page/div/div/div[1]/div/sam-breadcrumbs/ul/li[4]/a}" type="org.openqa.selenium.NoSuchElementException">org.openqa.selenium.NoSuchElementException: 
no such element: Unable to locate element: {"method":"xpath","selector":"//*[@id="main-container"]/ng-component/div/div/div[2]/page/div/div/div[1]/div/sam-breadcrumbs/ul/li[4]/a"}
  (Session info: chrome=73.0.3683.86)
  (Driver info: chromedriver=2.38.552522 (437e6fbedfa8762dec75e2c5b3ddb86763dc9dcb),platform=Windows NT 6.1.7601 SP1 x86_64) (WARNING: The server did not provide any stacktrace information)
Command duration or timeout: 0 milliseconds
For documentation on this error, please visit: http://seleniumhq.org/exceptions/no_such_element.html
Build info: version: '3.11.0', revision: 'e59cfb3', time: '2018-03-11T20:26:55.152Z'
System info: host: 'I07R7C-AF1F18', ip: '172.21.72.72', os.name: 'Windows 7', os.arch: 'amd64', os.version: '6.1', java.version: '1.8.0_191'
Driver info: org.openqa.selenium.remote.RemoteWebDriver
Capabilities {acceptInsecureCerts: false, acceptSslCerts: false, applicationCacheEnabled: false, browserConnectionEnabled: false, browserName: chrome, chrome: {chromedriverVersion: 2.38.552522 (437e6fbedfa876..., userDataDir: C:\Users\SH359E~1\AppData\L...}, cssSelectorsEnabled: true, databaseEnabled: false, handlesAlerts: true, hasTouchScreen: false, javascriptEnabled: true, locationContextEnabled: true, mobileEmulationEnabled: false, nativeEvents: true, networkConnectionEnabled: false, pageLoadStrategy: normal, platform: XP, platformName: XP, rotatable: false, setWindowRect: true, takesHeapSnapshot: true, takesScreenshot: true, unexpectedAlertBehaviour: , unhandledPromptBehavior: , version: 73.0.3683.86, webStorageEnabled: true}
Session ID: 64b81c4f3df0c7a01590797b0bf9d7d4
*** Element info: {Using=xpath, value=//*[@id="main-container"]/ng-component/div/div/div[2]/page/div/div/div[1]/div/sam-breadcrumbs/ul/li[4]/a}
</error>
    <system-out><![CDATA[
  @negativeOffice @Requestoffice3
  Scenario Outline: Validation on Funding office types error messages &amp#27;[90m# src/test/resources/features/negRequestOffice.feature:184&amp#27;[0m
    &amp#27;[32mAnd &amp#27;[0m&amp#27;[32mScroll up&amp#27;[0m                                                     &amp#27;[90m# FeedsStepDef.Scroll_up()&amp#27;[0m
    &amp#27;[31mGiven &amp#27;[0m&amp#27;[31mUser click on subTier breadcrumb link&amp#27;[0m                       &amp#27;[90m# NegRequestOfficeStepDef.User_click_on_subTier_breadcrumb_link()&amp#27;[0m
      &amp#27;[31morg.openqa.selenium.NoSuchElementException: no such element: Unable to locate element: {"method":"xpath","selector":"//*[@id="main-container"]/ng-component/div/div/div[2]/page/div/div/div[1]/div/sam-breadcrumbs/ul/li[4]/a"}
  (Session info: chrome=73.0.3683.86)
  (Driver info: chromedriver=2.38.552522 (437e6fbedfa8762dec75e2c5b3ddb86763dc9dcb),platform=Windows NT 6.1.7601 SP1 x86_64) (WARNING: The server did not provide any stacktrace information)
Command duration or timeout: 0 milliseconds
For documentation on this error, please visit: http://seleniumhq.org/exceptions/no_such_element.html
Build info: version: '3.11.0', revision: 'e59cfb3', time: '2018-03-11T20:26:55.152Z'
System info: host: 'I07R7C-AF1F18', ip: '172.21.72.72', os.name: 'Windows 7', os.arch: 'amd64', os.version: '6.1', java.version: '1.8.0_191'
Driver info: org.openqa.selenium.remote.RemoteWebDriver
Capabilities {acceptInsecureCerts: false, acceptSslCerts: false, applicationCacheEnabled: false, browserConnectionEnabled: false, browserName: chrome, chrome: {chromedriverVersion: 2.38.552522 (437e6fbedfa876..., userDataDir: C:\Users\SH359E~1\AppData\L...}, cssSelectorsEnabled: true, databaseEnabled: false, handlesAlerts: true, hasTouchScreen: false, javascriptEnabled: true, locationContextEnabled: true, mobileEmulationEnabled: false, nativeEvents: true, networkConnectionEnabled: false, pageLoadStrategy: normal, platform: XP, platformName: XP, rotatable: false, setWindowRect: true, takesHeapSnapshot: true, takesScreenshot: true, unexpectedAlertBehaviour: , unhandledPromptBehavior: , version: 73.0.3683.86, webStorageEnabled: true}
Session ID: 64b81c4f3df0c7a01590797b0bf9d7d4
*** Element info: {Using=xpath, value=//*[@id="main-container"]/ng-component/div/div/div[2]/page/div/div/div[1]/div/sam-breadcrumbs/ul/li[4]/a}
	at sun.reflect.GeneratedConstructorAccessor31.newInstance(Unknown Source)
	at sun.reflect.DelegatingConstructorAccessorImpl.newInstance(DelegatingConstructorAccessorImpl.java:45)
	at java.lang.reflect.Constructor.newInstance(Constructor.java:423)
	at org.openqa.selenium.remote.ErrorHandler.createThrowable(ErrorHandler.java:214)
	at org.openqa.selenium.remote.ErrorHandler.throwIfResponseFailed(ErrorHandler.java:166)
	at org.openqa.selenium.remote.http.JsonHttpResponseCodec.reconstructValue(JsonHttpResponseCodec.java:40)
	at org.openqa.selenium.remote.http.AbstractHttpResponseCodec.decode(AbstractHttpResponseCodec.java:80)
	at org.openqa.selenium.remote.http.AbstractHttpResponseCodec.decode(AbstractHttpResponseCodec.java:44)
	at org.openqa.selenium.remote.HttpCommandExecutor.execute(HttpCommandExecutor.java:158)
	at org.openqa.selenium.remote.RemoteWebDriver.execute(RemoteWebDriver.java:545)
	at org.openqa.selenium.remote.RemoteWebDriver.findElement(RemoteWebDriver.java:319)
	at org.openqa.selenium.remote.RemoteWebDriver.findElementByXPath(RemoteWebDriver.java:421)
	at org.openqa.selenium.By$ByXPath.findElement(By.java:361)
	at org.openqa.selenium.remote.RemoteWebDriver.findElement(RemoteWebDriver.java:311)
	at net.thucydides.core.webdriver.WebDriverFacade.findElement(WebDriverFacade.java:231)
	at gov.gsa.sam.stepdefinition.NegRequestOfficeStepDef.User_click_on_subTier_breadcrumb_link(NegRequestOfficeStepDef.java:178)
	at ?.User click on subTier breadcrumb link(src/test/resources/features/negRequestOffice.feature:134)
&amp#27;[0m
    &amp#27;[36mGiven &amp#27;[0m&amp#27;[36mClick on edit button&amp#27;[0m                                        &amp#27;[90m# CreateOfficeStepDef.Create_office_submit_button()&amp#27;[0m
    &amp#27;[36mAnd &amp#27;[0m&amp#27;[36mThe user enters office details Name &amp#27;[0m&amp#27;[36m&amp#27;[1mTest161&amp#27;[0m                   &amp#27;[90m# CreateOfficeStepDef.The_user_enters_office_details_Name(String)&amp#27;[0m
    &amp#27;[36mAnd &amp#27;[0m&amp#27;[36mThe user enters create office start month &amp#27;[0m&amp#27;[36m&amp#27;[1m&amp#27;[0m                    &amp#27;[90m# CreateOfficeStepDef.The_user_enters_create_office_start_month(String)&amp#27;[0m
    &amp#27;[36mAnd &amp#27;[0m&amp#27;[36mThe user enters create office start day &amp#27;[0m&amp#27;[36m&amp#27;[1m&amp#27;[0m                      &amp#27;[90m# CreateOfficeStepDef.The_user_enters_create_office_start_day(String)&amp#27;[0m
    &amp#27;[36mAnd &amp#27;[0m&amp#27;[36mThe user enters create office start year &amp#27;[0m&amp#27;[36m&amp#27;[1m&amp#27;[0m                     &amp#27;[90m# CreateOfficeStepDef.The_user_enters_create_office_start_year(String)&amp#27;[0m
    &amp#27;[36mAnd &amp#27;[0m&amp#27;[36mThe user enters create office end month &amp#27;[0m&amp#27;[36m&amp#27;[1m&amp#27;[0m                      &amp#27;[90m# CreateOfficeStepDef.The_user_enter_create_office_end_month(String)&amp#27;[0m
    &amp#27;[36mAnd &amp#27;[0m&amp#27;[36mThe user enters create office end day &amp#27;[0m&amp#27;[36m&amp#27;[1m&amp#27;[0m                        &amp#27;[90m# CreateOfficeStepDef.The_user_enters_create_office_end_day(String)&amp#27;[0m
    &amp#27;[36mAnd &amp#27;[0m&amp#27;[36mThe user enters create office end year &amp#27;[0m&amp#27;[36m&amp#27;[1m&amp#27;[0m                       &amp#27;[90m# CreateOfficeStepDef.The_user_enters_create_office_end_year(String)&amp#27;[0m
    &amp#27;[36mAnd &amp#27;[0m&amp#27;[36mSelect Poc check box&amp#27;[0m                                          &amp#27;[90m# CreateOfficeStepDef.Select_Poc_check_box()&amp#27;[0m
    &amp#27;[36mAnd &amp#27;[0m&amp#27;[36mThe user select office type Financial funding &amp#27;[0m&amp#27;[36m&amp#27;[1mx&amp#27;[0m               &amp#27;[90m# CreateOfficeStepDef.The_user_select_office_type_funding(String)&amp#27;[0m
    &amp#27;[36mAnd &amp#27;[0m&amp#27;[36mThe user enters Financial funding start month &amp#27;[0m&amp#27;[36m&amp#27;[1mx&amp#27;[0m               &amp#27;[90m# CreateOfficeStepDef.The_user_enters_funding_office_start_month(String)&amp#27;[0m
    &amp#27;[36mAnd &amp#27;[0m&amp#27;[36mThe user enters Financial funding start day &amp#27;[0m&amp#27;[36m&amp#27;[1mx&amp#27;[0m                 &amp#27;[90m# CreateOfficeStepDef.The_user_enters_funding_office_start_day(String)&amp#27;[0m
    &amp#27;[36mAnd &amp#27;[0m&amp#27;[36mThe user enters Financial funding start year &amp#27;[0m&amp#27;[36m&amp#27;[1mx&amp#27;[0m                &amp#27;[90m# CreateOfficeStepDef.The_user_enters_funding_office_start_year(String)&amp#27;[0m
    &amp#27;[36mAnd &amp#27;[0m&amp#27;[36mThe user enters Financial funding end month &amp#27;[0m&amp#27;[36m&amp#27;[1mx&amp#27;[0m                 &amp#27;[90m# CreateOfficeStepDef.The_user_enter_funding_office_end_month(String)&amp#27;[0m
    &amp#27;[36mAnd &amp#27;[0m&amp#27;[36mThe user enters Financial funding end day &amp#27;[0m&amp#27;[36m&amp#27;[1mx&amp#27;[0m                   &amp#27;[90m# CreateOfficeStepDef.The_user_enters_funding_office_end_day(String)&amp#27;[0m
    &amp#27;[36mAnd &amp#27;[0m&amp#27;[36mThe user enters Financial funding end year &amp#27;[0m&amp#27;[36m&amp#27;[1mx&amp#27;[0m                  &amp#27;[90m# CreateOfficeStepDef.The_user_enters_funding_office_end_year(String)&amp#27;[0m
    &amp#27;[36mAnd &amp#27;[0m&amp#27;[36mThe user select office type contract funding &amp#27;[0m&amp#27;[36m&amp#27;[1m &amp#27;[0m                &amp#27;[90m# CreateOfficeStepDef.The_user_select_office_type_other(String)&amp#27;[0m
    &amp#27;[36mAnd &amp#27;[0m&amp#27;[36mThe user enters other contract funding start month &amp#27;[0m&amp#27;[36m&amp#27;[1m&amp#27;[0m           &amp#27;[90m# CreateOfficeStepDef.The_user_enters_other_office_start_month(String)&amp#27;[0m
    &amp#27;[36mAnd &amp#27;[0m&amp#27;[36mThe user enters other contract funding start day &amp#27;[0m&amp#27;[36m&amp#27;[1m&amp#27;[0m             &amp#27;[90m# CreateOfficeStepDef.The_user_enters_other_office_start_day(String)&amp#27;[0m
    &amp#27;[36mAnd &amp#27;[0m&amp#27;[36mThe user enters other contract funding start year &amp#27;[0m&amp#27;[36m&amp#27;[1m&amp#27;[0m            &amp#27;[90m# CreateOfficeStepDef.The_user_enters_other_office_start_year(String)&amp#27;[0m
    &amp#27;[36mAnd &amp#27;[0m&amp#27;[36mThe user enters other contract funding end month &amp#27;[0m&amp#27;[36m&amp#27;[1mM&amp#27;[0m            &amp#27;[90m# CreateOfficeStepDef.The_user_enter_other_office_end_month(String)&amp#27;[0m
    &amp#27;[36mAnd &amp#27;[0m&amp#27;[36mThe user enters other contract funding end day &amp#27;[0m&amp#27;[36m&amp#27;[1mD&amp#27;[0m              &amp#27;[90m# CreateOfficeStepDef.The_user_enters_other_office_end_day(String)&amp#27;[0m
    &amp#27;[36mAnd &amp#27;[0m&amp#27;[36mThe user enters other contract funding end year &amp#27;[0m&amp#27;[36m&amp#27;[1m&amp#27;[0m              &amp#27;[90m# CreateOfficeStepDef.The_user_enters_other_office_end_year(String)&amp#27;[0m
    &amp#27;[36mAnd &amp#27;[0m&amp#27;[36mThe user enters street address &amp#27;[0m&amp#27;[36m&amp#27;[1m&amp#27;[0m                               &amp#27;[90m# CreateOfficeStepDef.The_user_enters_street_address(String)&amp#27;[0m
    &amp#27;[36mAnd &amp#27;[0m&amp#27;[36mThe user enters country &amp#27;[0m&amp#27;[36m&amp#27;[1m&amp#27;[0m                                      &amp#27;[90m# CreateOfficeStepDef.The_user_enters_country(String)&amp#27;[0m
    &amp#27;[36mAnd &amp#27;[0m&amp#27;[36mThe enters zip &amp#27;[0m&amp#27;[36m&amp#27;[1m&amp#27;[0m                                               &amp#27;[90m# CreateOfficeStepDef.The_enters_zip(String)&amp#27;[0m
    &amp#27;[36mAnd &amp#27;[0m&amp#27;[36mThe enters city &amp#27;[0m&amp#27;[36m&amp#27;[1m&amp#27;[0m                                              &amp#27;[90m# CreateOfficeStepDef.The_enters_city(String)&amp#27;[0m
    &amp#27;[36mAnd &amp#27;[0m&amp#27;[36mThe enters state &amp#27;[0m&amp#27;[36m&amp#27;[1m&amp#27;[0m                                             &amp#27;[90m# CreateOfficeStepDef.The_enters_state(String)&amp#27;[0m
    &amp#27;[36mAnd &amp#27;[0m&amp#27;[36mThe user enters TAC2 street address &amp#27;[0m&amp#27;[36m&amp#27;[1m&amp#27;[0m                          &amp#27;[90m# CreateOfficeStepDef.The_user_enters_street_address_TAC2(String)&amp#27;[0m
    &amp#27;[36mAnd &amp#27;[0m&amp#27;[36mThe user enters TAC2 country &amp#27;[0m&amp#27;[36m&amp#27;[1m&amp#27;[0m                                 &amp#27;[90m# CreateOfficeStepDef.The_user_enters_country_TAC2(String)&amp#27;[0m
    &amp#27;[36mAnd &amp#27;[0m&amp#27;[36mThe enters TAC2 zip &amp#27;[0m&amp#27;[36m&amp#27;[1m&amp#27;[0m                                          &amp#27;[90m# CreateOfficeStepDef.The_enters_zip_TAC2(String)&amp#27;[0m
    &amp#27;[36mAnd &amp#27;[0m&amp#27;[36mThe enters TAC2 city &amp#27;[0m&amp#27;[36m&amp#27;[1m&amp#27;[0m                                         &amp#27;[90m# CreateOfficeStepDef.The_enters_city_TAC2(String)&amp#27;[0m
    &amp#27;[36mAnd &amp#27;[0m&amp#27;[36mThe enters TAC2 state &amp#27;[0m&amp#27;[36m&amp#27;[1m&amp#27;[0m                                        &amp#27;[90m# CreateOfficeStepDef.The_enters_state_TAC2(String)&amp#27;[0m
    &amp#27;[36mAnd &amp#27;[0m&amp#27;[36mThe user enters TAC3 street address &amp#27;[0m&amp#27;[36m&amp#27;[1m&amp#27;[0m                          &amp#27;[90m# CreateOfficeStepDef.The_user_enters_street_address_TAC3(String)&amp#27;[0m
    &amp#27;[36mAnd &amp#27;[0m&amp#27;[36mThe user enters TAC3 country &amp#27;[0m&amp#27;[36m&amp#27;[1m&amp#27;[0m                                 &amp#27;[90m# CreateOfficeStepDef.The_user_enters_country_TAC3(String)&amp#27;[0m
    &amp#27;[36mAnd &amp#27;[0m&amp#27;[36mThe enters TAC3 zip &amp#27;[0m&amp#27;[36m&amp#27;[1m&amp#27;[0m                                          &amp#27;[90m# CreateOfficeStepDef.The_enters_zip_TAC3(String)&amp#27;[0m
    &amp#27;[36mAnd &amp#27;[0m&amp#27;[36mThe enters TAC3 city &amp#27;[0m&amp#27;[36m&amp#27;[1m&amp#27;[0m                                         &amp#27;[90m# CreateOfficeStepDef.The_enters_city_TAC3(String)&amp#27;[0m
    &amp#27;[36mAnd &amp#27;[0m&amp#27;[36mThe enters TAC3 state &amp#27;[0m&amp#27;[36m&amp#27;[1m&amp#27;[0m                                        &amp#27;[90m# CreateOfficeStepDef.The_enters_state_TAC3(String)&amp#27;[0m
    &amp#27;[36mThen &amp#27;[0m&amp#27;[36mThe user click on submit create office button&amp#27;[0m                &amp#27;[90m# CreateOfficeStepDef.The_user_click_on_submit_create_office_button()&amp#27;[0m
    &amp#27;[36mAnd &amp#27;[0m&amp#27;[36mValidation on funding error messages &amp#27;[0m&amp#27;[36m&amp#27;[1mContractFunding2&amp#27;[0m         &amp#27;[90m# NegRequestOfficeStepDef.Validation_on_funding_error_messages(String)&amp#27;[0m
]]></system-out>
    <system-err><![CDATA[[main] ERROR net.thucydides.core.steps.ConsoleLoggingListener - 
           __  _____ _____ ____ _____   _____ _    ___ _     _____ ____  
  _       / / |_   _| ____/ ___|_   _| |  ___/ \  |_ _| |   | ____|  _ \ 
 (_)_____| |    | | |  _| \___ \ | |   | |_ / _ \  | || |   |  _| | | | |
  _|_____| |    | | | |___ ___) || |   |  _/ ___ \ | || |___| |___| |_| |
 (_)     | |    |_| |_____|____/ |_|   |_|/_/   \_\___|_____|_____|____/ 
          \_\                                                            

TEST FAILED WITH ERROR: Validation on Funding office types error messages
---------------------------------------------------------------------
[main] ERROR net.thucydides.core.steps.ConsoleLoggingListener - TEST FAILED AT STEP Given User click on subTier breadcrumb link
[main] ERROR net.thucydides.core.steps.ConsoleLoggingListener - expected:<[987]> but was:<[111]>
[main] INFO gov.gsa.sam.stepdefinition.FeedsStepDef - Scroll down
[main] ERROR net.thucydides.core.steps.ConsoleLoggingListener - 
           __  _____ _____ ____ _____   _____ _    ___ _     _____ ____  
  _       / / |_   _| ____/ ___|_   _| |  ___/ \  |_ _| |   | ____|  _ \ 
 (_)_____| |    | | |  _| \___ \ | |   | |_ / _ \  | || |   |  _| | | | |
  _|_____| |    | | | |___ ___) || |   |  _/ ___ \ | || |___| |___| |_| |
 (_)     | |    |_| |_____|____/ |_|   |_|/_/   \_\___|_____|_____|____/ 
          \_\                                                            

TEST FAILED WITH ERROR: Validation on Funding office types error messages
---------------------------------------------------------------------
[main] ERROR net.thucydides.core.steps.ConsoleLoggingListener - TEST FAILED AT STEP Given User click on subTier breadcrumb link
[main] ERROR net.thucydides.core.steps.ConsoleLoggingListener - expected:<[987]> but was:<[111]>
]]></system-err>
  </testcase>
  <testcase name="Validation on Funding office types error messages" classname="Validate error meaasage in office page" time="5.156">
    <error message="no such element: Unable to locate element: {&quot;method&quot;:&quot;xpath&quot;,&quot;selector&quot;:&quot;//*[@id=&quot;main-container&quot;]/ng-component/div/div/div[2]/page/div/div/div[1]/div/sam-breadcrumbs/ul/li[4]/a&quot;}&#10;  (Session info: chrome=73.0.3683.86)&#10;  (Driver info: chromedriver=2.38.552522 (437e6fbedfa8762dec75e2c5b3ddb86763dc9dcb),platform=Windows NT 6.1.7601 SP1 x86_64) (WARNING: The server did not provide any stacktrace information)&#10;Command duration or timeout: 0 milliseconds&#10;For documentation on this error, please visit: http://seleniumhq.org/exceptions/no_such_element.html&#10;Build info: version: &apos;3.11.0&apos;, revision: &apos;e59cfb3&apos;, time: &apos;2018-03-11T20:26:55.152Z&apos;&#10;System info: host: &apos;I07R7C-AF1F18&apos;, ip: &apos;172.21.72.72&apos;, os.name: &apos;Windows 7&apos;, os.arch: &apos;amd64&apos;, os.version: &apos;6.1&apos;, java.version: &apos;1.8.0_191&apos;&#10;Driver info: org.openqa.selenium.remote.RemoteWebDriver&#10;Capabilities {acceptInsecureCerts: false, acceptSslCerts: false, applicationCacheEnabled: false, browserConnectionEnabled: false, browserName: chrome, chrome: {chromedriverVersion: 2.38.552522 (437e6fbedfa876..., userDataDir: C:\Users\SH359E~1\AppData\L...}, cssSelectorsEnabled: true, databaseEnabled: false, handlesAlerts: true, hasTouchScreen: false, javascriptEnabled: true, locationContextEnabled: true, mobileEmulationEnabled: false, nativeEvents: true, networkConnectionEnabled: false, pageLoadStrategy: normal, platform: XP, platformName: XP, rotatable: false, setWindowRect: true, takesHeapSnapshot: true, takesScreenshot: true, unexpectedAlertBehaviour: , unhandledPromptBehavior: , version: 73.0.3683.86, webStorageEnabled: true}&#10;Session ID: 64b81c4f3df0c7a01590797b0bf9d7d4&#10;*** Element info: {Using=xpath, value=//*[@id=&quot;main-container&quot;]/ng-component/div/div/div[2]/page/div/div/div[1]/div/sam-breadcrumbs/ul/li[4]/a}" type="org.openqa.selenium.NoSuchElementException">org.openqa.selenium.NoSuchElementException: 
no such element: Unable to locate element: {"method":"xpath","selector":"//*[@id="main-container"]/ng-component/div/div/div[2]/page/div/div/div[1]/div/sam-breadcrumbs/ul/li[4]/a"}
  (Session info: chrome=73.0.3683.86)
  (Driver info: chromedriver=2.38.552522 (437e6fbedfa8762dec75e2c5b3ddb86763dc9dcb),platform=Windows NT 6.1.7601 SP1 x86_64) (WARNING: The server did not provide any stacktrace information)
Command duration or timeout: 0 milliseconds
For documentation on this error, please visit: http://seleniumhq.org/exceptions/no_such_element.html
Build info: version: '3.11.0', revision: 'e59cfb3', time: '2018-03-11T20:26:55.152Z'
System info: host: 'I07R7C-AF1F18', ip: '172.21.72.72', os.name: 'Windows 7', os.arch: 'amd64', os.version: '6.1', java.version: '1.8.0_191'
Driver info: org.openqa.selenium.remote.RemoteWebDriver
Capabilities {acceptInsecureCerts: false, acceptSslCerts: false, applicationCacheEnabled: false, browserConnectionEnabled: false, browserName: chrome, chrome: {chromedriverVersion: 2.38.552522 (437e6fbedfa876..., userDataDir: C:\Users\SH359E~1\AppData\L...}, cssSelectorsEnabled: true, databaseEnabled: false, handlesAlerts: true, hasTouchScreen: false, javascriptEnabled: true, locationContextEnabled: true, mobileEmulationEnabled: false, nativeEvents: true, networkConnectionEnabled: false, pageLoadStrategy: normal, platform: XP, platformName: XP, rotatable: false, setWindowRect: true, takesHeapSnapshot: true, takesScreenshot: true, unexpectedAlertBehaviour: , unhandledPromptBehavior: , version: 73.0.3683.86, webStorageEnabled: true}
Session ID: 64b81c4f3df0c7a01590797b0bf9d7d4
*** Element info: {Using=xpath, value=//*[@id="main-container"]/ng-component/div/div/div[2]/page/div/div/div[1]/div/sam-breadcrumbs/ul/li[4]/a}
</error>
    <system-out><![CDATA[
  @negativeOffice @Requestoffice3
  Scenario Outline: Validation on Funding office types error messages &amp#27;[90m# src/test/resources/features/negRequestOffice.feature:185&amp#27;[0m
    &amp#27;[32mAnd &amp#27;[0m&amp#27;[32mScroll up&amp#27;[0m                                                     &amp#27;[90m# FeedsStepDef.Scroll_up()&amp#27;[0m
    &amp#27;[31mGiven &amp#27;[0m&amp#27;[31mUser click on subTier breadcrumb link&amp#27;[0m                       &amp#27;[90m# NegRequestOfficeStepDef.User_click_on_subTier_breadcrumb_link()&amp#27;[0m
      &amp#27;[31morg.openqa.selenium.NoSuchElementException: no such element: Unable to locate element: {"method":"xpath","selector":"//*[@id="main-container"]/ng-component/div/div/div[2]/page/div/div/div[1]/div/sam-breadcrumbs/ul/li[4]/a"}
  (Session info: chrome=73.0.3683.86)
  (Driver info: chromedriver=2.38.552522 (437e6fbedfa8762dec75e2c5b3ddb86763dc9dcb),platform=Windows NT 6.1.7601 SP1 x86_64) (WARNING: The server did not provide any stacktrace information)
Command duration or timeout: 0 milliseconds
For documentation on this error, please visit: http://seleniumhq.org/exceptions/no_such_element.html
Build info: version: '3.11.0', revision: 'e59cfb3', time: '2018-03-11T20:26:55.152Z'
System info: host: 'I07R7C-AF1F18', ip: '172.21.72.72', os.name: 'Windows 7', os.arch: 'amd64', os.version: '6.1', java.version: '1.8.0_191'
Driver info: org.openqa.selenium.remote.RemoteWebDriver
Capabilities {acceptInsecureCerts: false, acceptSslCerts: false, applicationCacheEnabled: false, browserConnectionEnabled: false, browserName: chrome, chrome: {chromedriverVersion: 2.38.552522 (437e6fbedfa876..., userDataDir: C:\Users\SH359E~1\AppData\L...}, cssSelectorsEnabled: true, databaseEnabled: false, handlesAlerts: true, hasTouchScreen: false, javascriptEnabled: true, locationContextEnabled: true, mobileEmulationEnabled: false, nativeEvents: true, networkConnectionEnabled: false, pageLoadStrategy: normal, platform: XP, platformName: XP, rotatable: false, setWindowRect: true, takesHeapSnapshot: true, takesScreenshot: true, unexpectedAlertBehaviour: , unhandledPromptBehavior: , version: 73.0.3683.86, webStorageEnabled: true}
Session ID: 64b81c4f3df0c7a01590797b0bf9d7d4
*** Element info: {Using=xpath, value=//*[@id="main-container"]/ng-component/div/div/div[2]/page/div/div/div[1]/div/sam-breadcrumbs/ul/li[4]/a}
	at sun.reflect.GeneratedConstructorAccessor31.newInstance(Unknown Source)
	at sun.reflect.DelegatingConstructorAccessorImpl.newInstance(DelegatingConstructorAccessorImpl.java:45)
	at java.lang.reflect.Constructor.newInstance(Constructor.java:423)
	at org.openqa.selenium.remote.ErrorHandler.createThrowable(ErrorHandler.java:214)
	at org.openqa.selenium.remote.ErrorHandler.throwIfResponseFailed(ErrorHandler.java:166)
	at org.openqa.selenium.remote.http.JsonHttpResponseCodec.reconstructValue(JsonHttpResponseCodec.java:40)
	at org.openqa.selenium.remote.http.AbstractHttpResponseCodec.decode(AbstractHttpResponseCodec.java:80)
	at org.openqa.selenium.remote.http.AbstractHttpResponseCodec.decode(AbstractHttpResponseCodec.java:44)
	at org.openqa.selenium.remote.HttpCommandExecutor.execute(HttpCommandExecutor.java:158)
	at org.openqa.selenium.remote.RemoteWebDriver.execute(RemoteWebDriver.java:545)
	at org.openqa.selenium.remote.RemoteWebDriver.findElement(RemoteWebDriver.java:319)
	at org.openqa.selenium.remote.RemoteWebDriver.findElementByXPath(RemoteWebDriver.java:421)
	at org.openqa.selenium.By$ByXPath.findElement(By.java:361)
	at org.openqa.selenium.remote.RemoteWebDriver.findElement(RemoteWebDriver.java:311)
	at net.thucydides.core.webdriver.WebDriverFacade.findElement(WebDriverFacade.java:231)
	at gov.gsa.sam.stepdefinition.NegRequestOfficeStepDef.User_click_on_subTier_breadcrumb_link(NegRequestOfficeStepDef.java:178)
	at ?.User click on subTier breadcrumb link(src/test/resources/features/negRequestOffice.feature:134)
&amp#27;[0m
    &amp#27;[36mGiven &amp#27;[0m&amp#27;[36mClick on edit button&amp#27;[0m                                        &amp#27;[90m# CreateOfficeStepDef.Create_office_submit_button()&amp#27;[0m
    &amp#27;[36mAnd &amp#27;[0m&amp#27;[36mThe user enters office details Name &amp#27;[0m&amp#27;[36m&amp#27;[1mTest161&amp#27;[0m                   &amp#27;[90m# CreateOfficeStepDef.The_user_enters_office_details_Name(String)&amp#27;[0m
    &amp#27;[36mAnd &amp#27;[0m&amp#27;[36mThe user enters create office start month &amp#27;[0m&amp#27;[36m&amp#27;[1m&amp#27;[0m                    &amp#27;[90m# CreateOfficeStepDef.The_user_enters_create_office_start_month(String)&amp#27;[0m
    &amp#27;[36mAnd &amp#27;[0m&amp#27;[36mThe user enters create office start day &amp#27;[0m&amp#27;[36m&amp#27;[1m&amp#27;[0m                      &amp#27;[90m# CreateOfficeStepDef.The_user_enters_create_office_start_day(String)&amp#27;[0m
    &amp#27;[36mAnd &amp#27;[0m&amp#27;[36mThe user enters create office start year &amp#27;[0m&amp#27;[36m&amp#27;[1m&amp#27;[0m                     &amp#27;[90m# CreateOfficeStepDef.The_user_enters_create_office_start_year(String)&amp#27;[0m
    &amp#27;[36mAnd &amp#27;[0m&amp#27;[36mThe user enters create office end month &amp#27;[0m&amp#27;[36m&amp#27;[1m&amp#27;[0m                      &amp#27;[90m# CreateOfficeStepDef.The_user_enter_create_office_end_month(String)&amp#27;[0m
    &amp#27;[36mAnd &amp#27;[0m&amp#27;[36mThe user enters create office end day &amp#27;[0m&amp#27;[36m&amp#27;[1m&amp#27;[0m                        &amp#27;[90m# CreateOfficeStepDef.The_user_enters_create_office_end_day(String)&amp#27;[0m
    &amp#27;[36mAnd &amp#27;[0m&amp#27;[36mThe user enters create office end year &amp#27;[0m&amp#27;[36m&amp#27;[1m&amp#27;[0m                       &amp#27;[90m# CreateOfficeStepDef.The_user_enters_create_office_end_year(String)&amp#27;[0m
    &amp#27;[36mAnd &amp#27;[0m&amp#27;[36mSelect Poc check box&amp#27;[0m                                          &amp#27;[90m# CreateOfficeStepDef.Select_Poc_check_box()&amp#27;[0m
    &amp#27;[36mAnd &amp#27;[0m&amp#27;[36mThe user select office type Financial funding &amp#27;[0m&amp#27;[36m&amp#27;[1mx&amp#27;[0m               &amp#27;[90m# CreateOfficeStepDef.The_user_select_office_type_funding(String)&amp#27;[0m
    &amp#27;[36mAnd &amp#27;[0m&amp#27;[36mThe user enters Financial funding start month &amp#27;[0m&amp#27;[36m&amp#27;[1mx&amp#27;[0m               &amp#27;[90m# CreateOfficeStepDef.The_user_enters_funding_office_start_month(String)&amp#27;[0m
    &amp#27;[36mAnd &amp#27;[0m&amp#27;[36mThe user enters Financial funding start day &amp#27;[0m&amp#27;[36m&amp#27;[1mx&amp#27;[0m                 &amp#27;[90m# CreateOfficeStepDef.The_user_enters_funding_office_start_day(String)&amp#27;[0m
    &amp#27;[36mAnd &amp#27;[0m&amp#27;[36mThe user enters Financial funding start year &amp#27;[0m&amp#27;[36m&amp#27;[1mx&amp#27;[0m                &amp#27;[90m# CreateOfficeStepDef.The_user_enters_funding_office_start_year(String)&amp#27;[0m
    &amp#27;[36mAnd &amp#27;[0m&amp#27;[36mThe user enters Financial funding end month &amp#27;[0m&amp#27;[36m&amp#27;[1mx&amp#27;[0m                 &amp#27;[90m# CreateOfficeStepDef.The_user_enter_funding_office_end_month(String)&amp#27;[0m
    &amp#27;[36mAnd &amp#27;[0m&amp#27;[36mThe user enters Financial funding end day &amp#27;[0m&amp#27;[36m&amp#27;[1mx&amp#27;[0m                   &amp#27;[90m# CreateOfficeStepDef.The_user_enters_funding_office_end_day(String)&amp#27;[0m
    &amp#27;[36mAnd &amp#27;[0m&amp#27;[36mThe user enters Financial funding end year &amp#27;[0m&amp#27;[36m&amp#27;[1mx&amp#27;[0m                  &amp#27;[90m# CreateOfficeStepDef.The_user_enters_funding_office_end_year(String)&amp#27;[0m
    &amp#27;[36mAnd &amp#27;[0m&amp#27;[36mThe user select office type contract funding &amp#27;[0m&amp#27;[36m&amp#27;[1m &amp#27;[0m                &amp#27;[90m# CreateOfficeStepDef.The_user_select_office_type_other(String)&amp#27;[0m
    &amp#27;[36mAnd &amp#27;[0m&amp#27;[36mThe user enters other contract funding start month &amp#27;[0m&amp#27;[36m&amp#27;[1m&amp#27;[0m           &amp#27;[90m# CreateOfficeStepDef.The_user_enters_other_office_start_month(String)&amp#27;[0m
    &amp#27;[36mAnd &amp#27;[0m&amp#27;[36mThe user enters other contract funding start day &amp#27;[0m&amp#27;[36m&amp#27;[1m&amp#27;[0m             &amp#27;[90m# CreateOfficeStepDef.The_user_enters_other_office_start_day(String)&amp#27;[0m
    &amp#27;[36mAnd &amp#27;[0m&amp#27;[36mThe user enters other contract funding start year &amp#27;[0m&amp#27;[36m&amp#27;[1m&amp#27;[0m            &amp#27;[90m# CreateOfficeStepDef.The_user_enters_other_office_start_year(String)&amp#27;[0m
    &amp#27;[36mAnd &amp#27;[0m&amp#27;[36mThe user enters other contract funding end month &amp#27;[0m&amp#27;[36m&amp#27;[1mS&amp#27;[0m            &amp#27;[90m# CreateOfficeStepDef.The_user_enter_other_office_end_month(String)&amp#27;[0m
    &amp#27;[36mAnd &amp#27;[0m&amp#27;[36mThe user enters other contract funding end day &amp#27;[0m&amp#27;[36m&amp#27;[1mS&amp#27;[0m              &amp#27;[90m# CreateOfficeStepDef.The_user_enters_other_office_end_day(String)&amp#27;[0m
    &amp#27;[36mAnd &amp#27;[0m&amp#27;[36mThe user enters other contract funding end year &amp#27;[0m&amp#27;[36m&amp#27;[1m&amp#27;[0m              &amp#27;[90m# CreateOfficeStepDef.The_user_enters_other_office_end_year(String)&amp#27;[0m
    &amp#27;[36mAnd &amp#27;[0m&amp#27;[36mThe user enters street address &amp#27;[0m&amp#27;[36m&amp#27;[1m&amp#27;[0m                               &amp#27;[90m# CreateOfficeStepDef.The_user_enters_street_address(String)&amp#27;[0m
    &amp#27;[36mAnd &amp#27;[0m&amp#27;[36mThe user enters country &amp#27;[0m&amp#27;[36m&amp#27;[1m&amp#27;[0m                                      &amp#27;[90m# CreateOfficeStepDef.The_user_enters_country(String)&amp#27;[0m
    &amp#27;[36mAnd &amp#27;[0m&amp#27;[36mThe enters zip &amp#27;[0m&amp#27;[36m&amp#27;[1m&amp#27;[0m                                               &amp#27;[90m# CreateOfficeStepDef.The_enters_zip(String)&amp#27;[0m
    &amp#27;[36mAnd &amp#27;[0m&amp#27;[36mThe enters city &amp#27;[0m&amp#27;[36m&amp#27;[1m&amp#27;[0m                                              &amp#27;[90m# CreateOfficeStepDef.The_enters_city(String)&amp#27;[0m
    &amp#27;[36mAnd &amp#27;[0m&amp#27;[36mThe enters state &amp#27;[0m&amp#27;[36m&amp#27;[1m&amp#27;[0m                                             &amp#27;[90m# CreateOfficeStepDef.The_enters_state(String)&amp#27;[0m
    &amp#27;[36mAnd &amp#27;[0m&amp#27;[36mThe user enters TAC2 street address &amp#27;[0m&amp#27;[36m&amp#27;[1m&amp#27;[0m                          &amp#27;[90m# CreateOfficeStepDef.The_user_enters_street_address_TAC2(String)&amp#27;[0m
    &amp#27;[36mAnd &amp#27;[0m&amp#27;[36mThe user enters TAC2 country &amp#27;[0m&amp#27;[36m&amp#27;[1m&amp#27;[0m                                 &amp#27;[90m# CreateOfficeStepDef.The_user_enters_country_TAC2(String)&amp#27;[0m
    &amp#27;[36mAnd &amp#27;[0m&amp#27;[36mThe enters TAC2 zip &amp#27;[0m&amp#27;[36m&amp#27;[1m&amp#27;[0m                                          &amp#27;[90m# CreateOfficeStepDef.The_enters_zip_TAC2(String)&amp#27;[0m
    &amp#27;[36mAnd &amp#27;[0m&amp#27;[36mThe enters TAC2 city &amp#27;[0m&amp#27;[36m&amp#27;[1m&amp#27;[0m                                         &amp#27;[90m# CreateOfficeStepDef.The_enters_city_TAC2(String)&amp#27;[0m
    &amp#27;[36mAnd &amp#27;[0m&amp#27;[36mThe enters TAC2 state &amp#27;[0m&amp#27;[36m&amp#27;[1m&amp#27;[0m                                        &amp#27;[90m# CreateOfficeStepDef.The_enters_state_TAC2(String)&amp#27;[0m
    &amp#27;[36mAnd &amp#27;[0m&amp#27;[36mThe user enters TAC3 street address &amp#27;[0m&amp#27;[36m&amp#27;[1m&amp#27;[0m                          &amp#27;[90m# CreateOfficeStepDef.The_user_enters_street_address_TAC3(String)&amp#27;[0m
    &amp#27;[36mAnd &amp#27;[0m&amp#27;[36mThe user enters TAC3 country &amp#27;[0m&amp#27;[36m&amp#27;[1m&amp#27;[0m                                 &amp#27;[90m# CreateOfficeStepDef.The_user_enters_country_TAC3(String)&amp#27;[0m
    &amp#27;[36mAnd &amp#27;[0m&amp#27;[36mThe enters TAC3 zip &amp#27;[0m&amp#27;[36m&amp#27;[1m&amp#27;[0m                                          &amp#27;[90m# CreateOfficeStepDef.The_enters_zip_TAC3(String)&amp#27;[0m
    &amp#27;[36mAnd &amp#27;[0m&amp#27;[36mThe enters TAC3 city &amp#27;[0m&amp#27;[36m&amp#27;[1m&amp#27;[0m                                         &amp#27;[90m# CreateOfficeStepDef.The_enters_city_TAC3(String)&amp#27;[0m
    &amp#27;[36mAnd &amp#27;[0m&amp#27;[36mThe enters TAC3 state &amp#27;[0m&amp#27;[36m&amp#27;[1m&amp#27;[0m                                        &amp#27;[90m# CreateOfficeStepDef.The_enters_state_TAC3(String)&amp#27;[0m
    &amp#27;[36mThen &amp#27;[0m&amp#27;[36mThe user click on submit create office button&amp#27;[0m                &amp#27;[90m# CreateOfficeStepDef.The_user_click_on_submit_create_office_button()&amp#27;[0m
    &amp#27;[36mAnd &amp#27;[0m&amp#27;[36mValidation on funding error messages &amp#27;[0m&amp#27;[36m&amp#27;[1mContractFunding3&amp#27;[0m         &amp#27;[90m# NegRequestOfficeStepDef.Validation_on_funding_error_messages(String)&amp#27;[0m
]]></system-out>
    <system-err><![CDATA[[main] ERROR net.thucydides.core.steps.ConsoleLoggingListener - 
           __  _____ _____ ____ _____   _____ _    ___ _     _____ ____  
  _       / / |_   _| ____/ ___|_   _| |  ___/ \  |_ _| |   | ____|  _ \ 
 (_)_____| |    | | |  _| \___ \ | |   | |_ / _ \  | || |   |  _| | | | |
  _|_____| |    | | | |___ ___) || |   |  _/ ___ \ | || |___| |___| |_| |
 (_)     | |    |_| |_____|____/ |_|   |_|/_/   \_\___|_____|_____|____/ 
          \_\                                                            

TEST FAILED WITH ERROR: Validation on Funding office types error messages
---------------------------------------------------------------------
[main] ERROR net.thucydides.core.steps.ConsoleLoggingListener - TEST FAILED AT STEP Given User click on subTier breadcrumb link
[main] ERROR net.thucydides.core.steps.ConsoleLoggingListener - expected:<[987]> but was:<[111]>
[main] INFO gov.gsa.sam.stepdefinition.FeedsStepDef - Scroll down
[main] ERROR net.thucydides.core.steps.ConsoleLoggingListener - 
           __  _____ _____ ____ _____   _____ _    ___ _     _____ ____  
  _       / / |_   _| ____/ ___|_   _| |  ___/ \  |_ _| |   | ____|  _ \ 
 (_)_____| |    | | |  _| \___ \ | |   | |_ / _ \  | || |   |  _| | | | |
  _|_____| |    | | | |___ ___) || |   |  _/ ___ \ | || |___| |___| |_| |
 (_)     | |    |_| |_____|____/ |_|   |_|/_/   \_\___|_____|_____|____/ 
          \_\                                                            

TEST FAILED WITH ERROR: Validation on Funding office types error messages
---------------------------------------------------------------------
[main] ERROR net.thucydides.core.steps.ConsoleLoggingListener - TEST FAILED AT STEP Given User click on subTier breadcrumb link
[main] ERROR net.thucydides.core.steps.ConsoleLoggingListener - expected:<[987]> but was:<[111]>
]]></system-err>
  </testcase>
  <testcase name="Validation on Funding office types error messages" classname="Validate error meaasage in office page" time="5.172">
    <error message="no such element: Unable to locate element: {&quot;method&quot;:&quot;xpath&quot;,&quot;selector&quot;:&quot;//*[@id=&quot;main-container&quot;]/ng-component/div/div/div[2]/page/div/div/div[1]/div/sam-breadcrumbs/ul/li[4]/a&quot;}&#10;  (Session info: chrome=73.0.3683.86)&#10;  (Driver info: chromedriver=2.38.552522 (437e6fbedfa8762dec75e2c5b3ddb86763dc9dcb),platform=Windows NT 6.1.7601 SP1 x86_64) (WARNING: The server did not provide any stacktrace information)&#10;Command duration or timeout: 0 milliseconds&#10;For documentation on this error, please visit: http://seleniumhq.org/exceptions/no_such_element.html&#10;Build info: version: &apos;3.11.0&apos;, revision: &apos;e59cfb3&apos;, time: &apos;2018-03-11T20:26:55.152Z&apos;&#10;System info: host: &apos;I07R7C-AF1F18&apos;, ip: &apos;172.21.72.72&apos;, os.name: &apos;Windows 7&apos;, os.arch: &apos;amd64&apos;, os.version: &apos;6.1&apos;, java.version: &apos;1.8.0_191&apos;&#10;Driver info: org.openqa.selenium.remote.RemoteWebDriver&#10;Capabilities {acceptInsecureCerts: false, acceptSslCerts: false, applicationCacheEnabled: false, browserConnectionEnabled: false, browserName: chrome, chrome: {chromedriverVersion: 2.38.552522 (437e6fbedfa876..., userDataDir: C:\Users\SH359E~1\AppData\L...}, cssSelectorsEnabled: true, databaseEnabled: false, handlesAlerts: true, hasTouchScreen: false, javascriptEnabled: true, locationContextEnabled: true, mobileEmulationEnabled: false, nativeEvents: true, networkConnectionEnabled: false, pageLoadStrategy: normal, platform: XP, platformName: XP, rotatable: false, setWindowRect: true, takesHeapSnapshot: true, takesScreenshot: true, unexpectedAlertBehaviour: , unhandledPromptBehavior: , version: 73.0.3683.86, webStorageEnabled: true}&#10;Session ID: 64b81c4f3df0c7a01590797b0bf9d7d4&#10;*** Element info: {Using=xpath, value=//*[@id=&quot;main-container&quot;]/ng-component/div/div/div[2]/page/div/div/div[1]/div/sam-breadcrumbs/ul/li[4]/a}" type="org.openqa.selenium.NoSuchElementException">org.openqa.selenium.NoSuchElementException: 
no such element: Unable to locate element: {"method":"xpath","selector":"//*[@id="main-container"]/ng-component/div/div/div[2]/page/div/div/div[1]/div/sam-breadcrumbs/ul/li[4]/a"}
  (Session info: chrome=73.0.3683.86)
  (Driver info: chromedriver=2.38.552522 (437e6fbedfa8762dec75e2c5b3ddb86763dc9dcb),platform=Windows NT 6.1.7601 SP1 x86_64) (WARNING: The server did not provide any stacktrace information)
Command duration or timeout: 0 milliseconds
For documentation on this error, please visit: http://seleniumhq.org/exceptions/no_such_element.html
Build info: version: '3.11.0', revision: 'e59cfb3', time: '2018-03-11T20:26:55.152Z'
System info: host: 'I07R7C-AF1F18', ip: '172.21.72.72', os.name: 'Windows 7', os.arch: 'amd64', os.version: '6.1', java.version: '1.8.0_191'
Driver info: org.openqa.selenium.remote.RemoteWebDriver
Capabilities {acceptInsecureCerts: false, acceptSslCerts: false, applicationCacheEnabled: false, browserConnectionEnabled: false, browserName: chrome, chrome: {chromedriverVersion: 2.38.552522 (437e6fbedfa876..., userDataDir: C:\Users\SH359E~1\AppData\L...}, cssSelectorsEnabled: true, databaseEnabled: false, handlesAlerts: true, hasTouchScreen: false, javascriptEnabled: true, locationContextEnabled: true, mobileEmulationEnabled: false, nativeEvents: true, networkConnectionEnabled: false, pageLoadStrategy: normal, platform: XP, platformName: XP, rotatable: false, setWindowRect: true, takesHeapSnapshot: true, takesScreenshot: true, unexpectedAlertBehaviour: , unhandledPromptBehavior: , version: 73.0.3683.86, webStorageEnabled: true}
Session ID: 64b81c4f3df0c7a01590797b0bf9d7d4
*** Element info: {Using=xpath, value=//*[@id="main-container"]/ng-component/div/div/div[2]/page/div/div/div[1]/div/sam-breadcrumbs/ul/li[4]/a}
</error>
    <system-out><![CDATA[
  @negativeOffice @Requestoffice3
  Scenario Outline: Validation on Funding office types error messages &amp#27;[90m# src/test/resources/features/negRequestOffice.feature:186&amp#27;[0m
    &amp#27;[32mAnd &amp#27;[0m&amp#27;[32mScroll up&amp#27;[0m                                                     &amp#27;[90m# FeedsStepDef.Scroll_up()&amp#27;[0m
    &amp#27;[31mGiven &amp#27;[0m&amp#27;[31mUser click on subTier breadcrumb link&amp#27;[0m                       &amp#27;[90m# NegRequestOfficeStepDef.User_click_on_subTier_breadcrumb_link()&amp#27;[0m
      &amp#27;[31morg.openqa.selenium.NoSuchElementException: no such element: Unable to locate element: {"method":"xpath","selector":"//*[@id="main-container"]/ng-component/div/div/div[2]/page/div/div/div[1]/div/sam-breadcrumbs/ul/li[4]/a"}
  (Session info: chrome=73.0.3683.86)
  (Driver info: chromedriver=2.38.552522 (437e6fbedfa8762dec75e2c5b3ddb86763dc9dcb),platform=Windows NT 6.1.7601 SP1 x86_64) (WARNING: The server did not provide any stacktrace information)
Command duration or timeout: 0 milliseconds
For documentation on this error, please visit: http://seleniumhq.org/exceptions/no_such_element.html
Build info: version: '3.11.0', revision: 'e59cfb3', time: '2018-03-11T20:26:55.152Z'
System info: host: 'I07R7C-AF1F18', ip: '172.21.72.72', os.name: 'Windows 7', os.arch: 'amd64', os.version: '6.1', java.version: '1.8.0_191'
Driver info: org.openqa.selenium.remote.RemoteWebDriver
Capabilities {acceptInsecureCerts: false, acceptSslCerts: false, applicationCacheEnabled: false, browserConnectionEnabled: false, browserName: chrome, chrome: {chromedriverVersion: 2.38.552522 (437e6fbedfa876..., userDataDir: C:\Users\SH359E~1\AppData\L...}, cssSelectorsEnabled: true, databaseEnabled: false, handlesAlerts: true, hasTouchScreen: false, javascriptEnabled: true, locationContextEnabled: true, mobileEmulationEnabled: false, nativeEvents: true, networkConnectionEnabled: false, pageLoadStrategy: normal, platform: XP, platformName: XP, rotatable: false, setWindowRect: true, takesHeapSnapshot: true, takesScreenshot: true, unexpectedAlertBehaviour: , unhandledPromptBehavior: , version: 73.0.3683.86, webStorageEnabled: true}
Session ID: 64b81c4f3df0c7a01590797b0bf9d7d4
*** Element info: {Using=xpath, value=//*[@id="main-container"]/ng-component/div/div/div[2]/page/div/div/div[1]/div/sam-breadcrumbs/ul/li[4]/a}
	at sun.reflect.GeneratedConstructorAccessor31.newInstance(Unknown Source)
	at sun.reflect.DelegatingConstructorAccessorImpl.newInstance(DelegatingConstructorAccessorImpl.java:45)
	at java.lang.reflect.Constructor.newInstance(Constructor.java:423)
	at org.openqa.selenium.remote.ErrorHandler.createThrowable(ErrorHandler.java:214)
	at org.openqa.selenium.remote.ErrorHandler.throwIfResponseFailed(ErrorHandler.java:166)
	at org.openqa.selenium.remote.http.JsonHttpResponseCodec.reconstructValue(JsonHttpResponseCodec.java:40)
	at org.openqa.selenium.remote.http.AbstractHttpResponseCodec.decode(AbstractHttpResponseCodec.java:80)
	at org.openqa.selenium.remote.http.AbstractHttpResponseCodec.decode(AbstractHttpResponseCodec.java:44)
	at org.openqa.selenium.remote.HttpCommandExecutor.execute(HttpCommandExecutor.java:158)
	at org.openqa.selenium.remote.RemoteWebDriver.execute(RemoteWebDriver.java:545)
	at org.openqa.selenium.remote.RemoteWebDriver.findElement(RemoteWebDriver.java:319)
	at org.openqa.selenium.remote.RemoteWebDriver.findElementByXPath(RemoteWebDriver.java:421)
	at org.openqa.selenium.By$ByXPath.findElement(By.java:361)
	at org.openqa.selenium.remote.RemoteWebDriver.findElement(RemoteWebDriver.java:311)
	at net.thucydides.core.webdriver.WebDriverFacade.findElement(WebDriverFacade.java:231)
	at gov.gsa.sam.stepdefinition.NegRequestOfficeStepDef.User_click_on_subTier_breadcrumb_link(NegRequestOfficeStepDef.java:178)
	at ?.User click on subTier breadcrumb link(src/test/resources/features/negRequestOffice.feature:134)
&amp#27;[0m
    &amp#27;[36mGiven &amp#27;[0m&amp#27;[36mClick on edit button&amp#27;[0m                                        &amp#27;[90m# CreateOfficeStepDef.Create_office_submit_button()&amp#27;[0m
    &amp#27;[36mAnd &amp#27;[0m&amp#27;[36mThe user enters office details Name &amp#27;[0m&amp#27;[36m&amp#27;[1mTest101&amp#27;[0m                   &amp#27;[90m# CreateOfficeStepDef.The_user_enters_office_details_Name(String)&amp#27;[0m
    &amp#27;[36mAnd &amp#27;[0m&amp#27;[36mThe user enters create office start month &amp#27;[0m&amp#27;[36m&amp#27;[1m&amp#27;[0m                    &amp#27;[90m# CreateOfficeStepDef.The_user_enters_create_office_start_month(String)&amp#27;[0m
    &amp#27;[36mAnd &amp#27;[0m&amp#27;[36mThe user enters create office start day &amp#27;[0m&amp#27;[36m&amp#27;[1m&amp#27;[0m                      &amp#27;[90m# CreateOfficeStepDef.The_user_enters_create_office_start_day(String)&amp#27;[0m
    &amp#27;[36mAnd &amp#27;[0m&amp#27;[36mThe user enters create office start year &amp#27;[0m&amp#27;[36m&amp#27;[1m&amp#27;[0m                     &amp#27;[90m# CreateOfficeStepDef.The_user_enters_create_office_start_year(String)&amp#27;[0m
    &amp#27;[36mAnd &amp#27;[0m&amp#27;[36mThe user enters create office end month &amp#27;[0m&amp#27;[36m&amp#27;[1m&amp#27;[0m                      &amp#27;[90m# CreateOfficeStepDef.The_user_enter_create_office_end_month(String)&amp#27;[0m
    &amp#27;[36mAnd &amp#27;[0m&amp#27;[36mThe user enters create office end day &amp#27;[0m&amp#27;[36m&amp#27;[1m&amp#27;[0m                        &amp#27;[90m# CreateOfficeStepDef.The_user_enters_create_office_end_day(String)&amp#27;[0m
    &amp#27;[36mAnd &amp#27;[0m&amp#27;[36mThe user enters create office end year &amp#27;[0m&amp#27;[36m&amp#27;[1m&amp#27;[0m                       &amp#27;[90m# CreateOfficeStepDef.The_user_enters_create_office_end_year(String)&amp#27;[0m
    &amp#27;[36mAnd &amp#27;[0m&amp#27;[36mSelect Poc check box&amp#27;[0m                                          &amp#27;[90m# CreateOfficeStepDef.Select_Poc_check_box()&amp#27;[0m
    &amp#27;[36mAnd &amp#27;[0m&amp#27;[36mThe user select office type Financial funding &amp#27;[0m&amp#27;[36m&amp#27;[1mx&amp#27;[0m               &amp#27;[90m# CreateOfficeStepDef.The_user_select_office_type_funding(String)&amp#27;[0m
    &amp#27;[36mAnd &amp#27;[0m&amp#27;[36mThe user enters Financial funding start month &amp#27;[0m&amp#27;[36m&amp#27;[1mx&amp#27;[0m               &amp#27;[90m# CreateOfficeStepDef.The_user_enters_funding_office_start_month(String)&amp#27;[0m
    &amp#27;[36mAnd &amp#27;[0m&amp#27;[36mThe user enters Financial funding start day &amp#27;[0m&amp#27;[36m&amp#27;[1mx&amp#27;[0m                 &amp#27;[90m# CreateOfficeStepDef.The_user_enters_funding_office_start_day(String)&amp#27;[0m
    &amp#27;[36mAnd &amp#27;[0m&amp#27;[36mThe user enters Financial funding start year &amp#27;[0m&amp#27;[36m&amp#27;[1mx&amp#27;[0m                &amp#27;[90m# CreateOfficeStepDef.The_user_enters_funding_office_start_year(String)&amp#27;[0m
    &amp#27;[36mAnd &amp#27;[0m&amp#27;[36mThe user enters Financial funding end month &amp#27;[0m&amp#27;[36m&amp#27;[1mx&amp#27;[0m                 &amp#27;[90m# CreateOfficeStepDef.The_user_enter_funding_office_end_month(String)&amp#27;[0m
    &amp#27;[36mAnd &amp#27;[0m&amp#27;[36mThe user enters Financial funding end day &amp#27;[0m&amp#27;[36m&amp#27;[1mx&amp#27;[0m                   &amp#27;[90m# CreateOfficeStepDef.The_user_enters_funding_office_end_day(String)&amp#27;[0m
    &amp#27;[36mAnd &amp#27;[0m&amp#27;[36mThe user enters Financial funding end year &amp#27;[0m&amp#27;[36m&amp#27;[1mx&amp#27;[0m                  &amp#27;[90m# CreateOfficeStepDef.The_user_enters_funding_office_end_year(String)&amp#27;[0m
    &amp#27;[36mAnd &amp#27;[0m&amp#27;[36mThe user select office type contract funding &amp#27;[0m&amp#27;[36m&amp#27;[1m &amp#27;[0m                &amp#27;[90m# CreateOfficeStepDef.The_user_select_office_type_other(String)&amp#27;[0m
    &amp#27;[36mAnd &amp#27;[0m&amp#27;[36mThe user enters other contract funding start month &amp#27;[0m&amp#27;[36m&amp#27;[1mM&amp#27;[0m          &amp#27;[90m# CreateOfficeStepDef.The_user_enters_other_office_start_month(String)&amp#27;[0m
    &amp#27;[36mAnd &amp#27;[0m&amp#27;[36mThe user enters other contract funding start day &amp#27;[0m&amp#27;[36m&amp#27;[1mD&amp#27;[0m            &amp#27;[90m# CreateOfficeStepDef.The_user_enters_other_office_start_day(String)&amp#27;[0m
    &amp#27;[36mAnd &amp#27;[0m&amp#27;[36mThe user enters other contract funding start year &amp#27;[0m&amp#27;[36m&amp#27;[1m&amp#27;[0m            &amp#27;[90m# CreateOfficeStepDef.The_user_enters_other_office_start_year(String)&amp#27;[0m
    &amp#27;[36mAnd &amp#27;[0m&amp#27;[36mThe user enters other contract funding end month &amp#27;[0m&amp#27;[36m&amp#27;[1m&amp#27;[0m             &amp#27;[90m# CreateOfficeStepDef.The_user_enter_other_office_end_month(String)&amp#27;[0m
    &amp#27;[36mAnd &amp#27;[0m&amp#27;[36mThe user enters other contract funding end day &amp#27;[0m&amp#27;[36m&amp#27;[1m&amp#27;[0m               &amp#27;[90m# CreateOfficeStepDef.The_user_enters_other_office_end_day(String)&amp#27;[0m
    &amp#27;[36mAnd &amp#27;[0m&amp#27;[36mThe user enters other contract funding end year &amp#27;[0m&amp#27;[36m&amp#27;[1m&amp#27;[0m              &amp#27;[90m# CreateOfficeStepDef.The_user_enters_other_office_end_year(String)&amp#27;[0m
    &amp#27;[36mAnd &amp#27;[0m&amp#27;[36mThe user enters street address &amp#27;[0m&amp#27;[36m&amp#27;[1m&amp#27;[0m                               &amp#27;[90m# CreateOfficeStepDef.The_user_enters_street_address(String)&amp#27;[0m
    &amp#27;[36mAnd &amp#27;[0m&amp#27;[36mThe user enters country &amp#27;[0m&amp#27;[36m&amp#27;[1m&amp#27;[0m                                      &amp#27;[90m# CreateOfficeStepDef.The_user_enters_country(String)&amp#27;[0m
    &amp#27;[36mAnd &amp#27;[0m&amp#27;[36mThe enters zip &amp#27;[0m&amp#27;[36m&amp#27;[1m&amp#27;[0m                                               &amp#27;[90m# CreateOfficeStepDef.The_enters_zip(String)&amp#27;[0m
    &amp#27;[36mAnd &amp#27;[0m&amp#27;[36mThe enters city &amp#27;[0m&amp#27;[36m&amp#27;[1m&amp#27;[0m                                              &amp#27;[90m# CreateOfficeStepDef.The_enters_city(String)&amp#27;[0m
    &amp#27;[36mAnd &amp#27;[0m&amp#27;[36mThe enters state &amp#27;[0m&amp#27;[36m&amp#27;[1m&amp#27;[0m                                             &amp#27;[90m# CreateOfficeStepDef.The_enters_state(String)&amp#27;[0m
    &amp#27;[36mAnd &amp#27;[0m&amp#27;[36mThe user enters TAC2 street address &amp#27;[0m&amp#27;[36m&amp#27;[1m&amp#27;[0m                          &amp#27;[90m# CreateOfficeStepDef.The_user_enters_street_address_TAC2(String)&amp#27;[0m
    &amp#27;[36mAnd &amp#27;[0m&amp#27;[36mThe user enters TAC2 country &amp#27;[0m&amp#27;[36m&amp#27;[1m&amp#27;[0m                                 &amp#27;[90m# CreateOfficeStepDef.The_user_enters_country_TAC2(String)&amp#27;[0m
    &amp#27;[36mAnd &amp#27;[0m&amp#27;[36mThe enters TAC2 zip &amp#27;[0m&amp#27;[36m&amp#27;[1m&amp#27;[0m                                          &amp#27;[90m# CreateOfficeStepDef.The_enters_zip_TAC2(String)&amp#27;[0m
    &amp#27;[36mAnd &amp#27;[0m&amp#27;[36mThe enters TAC2 city &amp#27;[0m&amp#27;[36m&amp#27;[1m&amp#27;[0m                                         &amp#27;[90m# CreateOfficeStepDef.The_enters_city_TAC2(String)&amp#27;[0m
    &amp#27;[36mAnd &amp#27;[0m&amp#27;[36mThe enters TAC2 state &amp#27;[0m&amp#27;[36m&amp#27;[1m&amp#27;[0m                                        &amp#27;[90m# CreateOfficeStepDef.The_enters_state_TAC2(String)&amp#27;[0m
    &amp#27;[36mAnd &amp#27;[0m&amp#27;[36mThe user enters TAC3 street address &amp#27;[0m&amp#27;[36m&amp#27;[1m&amp#27;[0m                          &amp#27;[90m# CreateOfficeStepDef.The_user_enters_street_address_TAC3(String)&amp#27;[0m
    &amp#27;[36mAnd &amp#27;[0m&amp#27;[36mThe user enters TAC3 country &amp#27;[0m&amp#27;[36m&amp#27;[1m&amp#27;[0m                                 &amp#27;[90m# CreateOfficeStepDef.The_user_enters_country_TAC3(String)&amp#27;[0m
    &amp#27;[36mAnd &amp#27;[0m&amp#27;[36mThe enters TAC3 zip &amp#27;[0m&amp#27;[36m&amp#27;[1m&amp#27;[0m                                          &amp#27;[90m# CreateOfficeStepDef.The_enters_zip_TAC3(String)&amp#27;[0m
    &amp#27;[36mAnd &amp#27;[0m&amp#27;[36mThe enters TAC3 city &amp#27;[0m&amp#27;[36m&amp#27;[1m&amp#27;[0m                                         &amp#27;[90m# CreateOfficeStepDef.The_enters_city_TAC3(String)&amp#27;[0m
    &amp#27;[36mAnd &amp#27;[0m&amp#27;[36mThe enters TAC3 state &amp#27;[0m&amp#27;[36m&amp#27;[1m&amp#27;[0m                                        &amp#27;[90m# CreateOfficeStepDef.The_enters_state_TAC3(String)&amp#27;[0m
    &amp#27;[36mThen &amp#27;[0m&amp#27;[36mThe user click on submit create office button&amp#27;[0m                &amp#27;[90m# CreateOfficeStepDef.The_user_click_on_submit_create_office_button()&amp#27;[0m
    &amp#27;[36mAnd &amp#27;[0m&amp#27;[36mValidation on funding error messages &amp#27;[0m&amp#27;[36m&amp#27;[1mContractFunding4&amp#27;[0m         &amp#27;[90m# NegRequestOfficeStepDef.Validation_on_funding_error_messages(String)&amp#27;[0m
]]></system-out>
    <system-err><![CDATA[[main] ERROR net.thucydides.core.steps.ConsoleLoggingListener - 
           __  _____ _____ ____ _____   _____ _    ___ _     _____ ____  
  _       / / |_   _| ____/ ___|_   _| |  ___/ \  |_ _| |   | ____|  _ \ 
 (_)_____| |    | | |  _| \___ \ | |   | |_ / _ \  | || |   |  _| | | | |
  _|_____| |    | | | |___ ___) || |   |  _/ ___ \ | || |___| |___| |_| |
 (_)     | |    |_| |_____|____/ |_|   |_|/_/   \_\___|_____|_____|____/ 
          \_\                                                            

TEST FAILED WITH ERROR: Validation on Funding office types error messages
---------------------------------------------------------------------
[main] ERROR net.thucydides.core.steps.ConsoleLoggingListener - TEST FAILED AT STEP Given User click on subTier breadcrumb link
[main] ERROR net.thucydides.core.steps.ConsoleLoggingListener - expected:<[987]> but was:<[111]>
[main] INFO gov.gsa.sam.stepdefinition.FeedsStepDef - Scroll down
[main] ERROR net.thucydides.core.steps.ConsoleLoggingListener - 
           __  _____ _____ ____ _____   _____ _    ___ _     _____ ____  
  _       / / |_   _| ____/ ___|_   _| |  ___/ \  |_ _| |   | ____|  _ \ 
 (_)_____| |    | | |  _| \___ \ | |   | |_ / _ \  | || |   |  _| | | | |
  _|_____| |    | | | |___ ___) || |   |  _/ ___ \ | || |___| |___| |_| |
 (_)     | |    |_| |_____|____/ |_|   |_|/_/   \_\___|_____|_____|____/ 
          \_\                                                            

TEST FAILED WITH ERROR: Validation on Funding office types error messages
---------------------------------------------------------------------
[main] ERROR net.thucydides.core.steps.ConsoleLoggingListener - TEST FAILED AT STEP Given User click on subTier breadcrumb link
[main] ERROR net.thucydides.core.steps.ConsoleLoggingListener - expected:<[987]> but was:<[111]>
]]></system-err>
  </testcase>
  <testcase name="Validation on Funding office types error messages" classname="Validate error meaasage in office page" time="27.234">
    <error message="no such element: Unable to locate element: {&quot;method&quot;:&quot;xpath&quot;,&quot;selector&quot;:&quot;//*[@id=&quot;main-container&quot;]/ng-component/div/div/div[2]/page/div/div/div[1]/div/sam-breadcrumbs/ul/li[4]/a&quot;}&#10;  (Session info: chrome=73.0.3683.86)&#10;  (Driver info: chromedriver=2.38.552522 (437e6fbedfa8762dec75e2c5b3ddb86763dc9dcb),platform=Windows NT 6.1.7601 SP1 x86_64) (WARNING: The server did not provide any stacktrace information)&#10;Command duration or timeout: 0 milliseconds&#10;For documentation on this error, please visit: http://seleniumhq.org/exceptions/no_such_element.html&#10;Build info: version: &apos;3.11.0&apos;, revision: &apos;e59cfb3&apos;, time: &apos;2018-03-11T20:26:55.152Z&apos;&#10;System info: host: &apos;I07R7C-AF1F18&apos;, ip: &apos;172.21.72.72&apos;, os.name: &apos;Windows 7&apos;, os.arch: &apos;amd64&apos;, os.version: &apos;6.1&apos;, java.version: &apos;1.8.0_191&apos;&#10;Driver info: org.openqa.selenium.remote.RemoteWebDriver&#10;Capabilities {acceptInsecureCerts: false, acceptSslCerts: false, applicationCacheEnabled: false, browserConnectionEnabled: false, browserName: chrome, chrome: {chromedriverVersion: 2.38.552522 (437e6fbedfa876..., userDataDir: C:\Users\SH359E~1\AppData\L...}, cssSelectorsEnabled: true, databaseEnabled: false, handlesAlerts: true, hasTouchScreen: false, javascriptEnabled: true, locationContextEnabled: true, mobileEmulationEnabled: false, nativeEvents: true, networkConnectionEnabled: false, pageLoadStrategy: normal, platform: XP, platformName: XP, rotatable: false, setWindowRect: true, takesHeapSnapshot: true, takesScreenshot: true, unexpectedAlertBehaviour: , unhandledPromptBehavior: , version: 73.0.3683.86, webStorageEnabled: true}&#10;Session ID: 64b81c4f3df0c7a01590797b0bf9d7d4&#10;*** Element info: {Using=xpath, value=//*[@id=&quot;main-container&quot;]/ng-component/div/div/div[2]/page/div/div/div[1]/div/sam-breadcrumbs/ul/li[4]/a}" type="org.openqa.selenium.NoSuchElementException">org.openqa.selenium.NoSuchElementException: 
no such element: Unable to locate element: {"method":"xpath","selector":"//*[@id="main-container"]/ng-component/div/div/div[2]/page/div/div/div[1]/div/sam-breadcrumbs/ul/li[4]/a"}
  (Session info: chrome=73.0.3683.86)
  (Driver info: chromedriver=2.38.552522 (437e6fbedfa8762dec75e2c5b3ddb86763dc9dcb),platform=Windows NT 6.1.7601 SP1 x86_64) (WARNING: The server did not provide any stacktrace information)
Command duration or timeout: 0 milliseconds
For documentation on this error, please visit: http://seleniumhq.org/exceptions/no_such_element.html
Build info: version: '3.11.0', revision: 'e59cfb3', time: '2018-03-11T20:26:55.152Z'
System info: host: 'I07R7C-AF1F18', ip: '172.21.72.72', os.name: 'Windows 7', os.arch: 'amd64', os.version: '6.1', java.version: '1.8.0_191'
Driver info: org.openqa.selenium.remote.RemoteWebDriver
Capabilities {acceptInsecureCerts: false, acceptSslCerts: false, applicationCacheEnabled: false, browserConnectionEnabled: false, browserName: chrome, chrome: {chromedriverVersion: 2.38.552522 (437e6fbedfa876..., userDataDir: C:\Users\SH359E~1\AppData\L...}, cssSelectorsEnabled: true, databaseEnabled: false, handlesAlerts: true, hasTouchScreen: false, javascriptEnabled: true, locationContextEnabled: true, mobileEmulationEnabled: false, nativeEvents: true, networkConnectionEnabled: false, pageLoadStrategy: normal, platform: XP, platformName: XP, rotatable: false, setWindowRect: true, takesHeapSnapshot: true, takesScreenshot: true, unexpectedAlertBehaviour: , unhandledPromptBehavior: , version: 73.0.3683.86, webStorageEnabled: true}
Session ID: 64b81c4f3df0c7a01590797b0bf9d7d4
*** Element info: {Using=xpath, value=//*[@id="main-container"]/ng-component/div/div/div[2]/page/div/div/div[1]/div/sam-breadcrumbs/ul/li[4]/a}
</error>
    <system-out><![CDATA[
  @negativeOffice @Requestoffice3
  Scenario Outline: Validation on Funding office types error messages &amp#27;[90m# src/test/resources/features/negRequestOffice.feature:187&amp#27;[0m
    &amp#27;[32mAnd &amp#27;[0m&amp#27;[32mScroll up&amp#27;[0m                                                     &amp#27;[90m# FeedsStepDef.Scroll_up()&amp#27;[0m
    &amp#27;[31mGiven &amp#27;[0m&amp#27;[31mUser click on subTier breadcrumb link&amp#27;[0m                       &amp#27;[90m# NegRequestOfficeStepDef.User_click_on_subTier_breadcrumb_link()&amp#27;[0m
      &amp#27;[31morg.openqa.selenium.NoSuchElementException: no such element: Unable to locate element: {"method":"xpath","selector":"//*[@id="main-container"]/ng-component/div/div/div[2]/page/div/div/div[1]/div/sam-breadcrumbs/ul/li[4]/a"}
  (Session info: chrome=73.0.3683.86)
  (Driver info: chromedriver=2.38.552522 (437e6fbedfa8762dec75e2c5b3ddb86763dc9dcb),platform=Windows NT 6.1.7601 SP1 x86_64) (WARNING: The server did not provide any stacktrace information)
Command duration or timeout: 0 milliseconds
For documentation on this error, please visit: http://seleniumhq.org/exceptions/no_such_element.html
Build info: version: '3.11.0', revision: 'e59cfb3', time: '2018-03-11T20:26:55.152Z'
System info: host: 'I07R7C-AF1F18', ip: '172.21.72.72', os.name: 'Windows 7', os.arch: 'amd64', os.version: '6.1', java.version: '1.8.0_191'
Driver info: org.openqa.selenium.remote.RemoteWebDriver
Capabilities {acceptInsecureCerts: false, acceptSslCerts: false, applicationCacheEnabled: false, browserConnectionEnabled: false, browserName: chrome, chrome: {chromedriverVersion: 2.38.552522 (437e6fbedfa876..., userDataDir: C:\Users\SH359E~1\AppData\L...}, cssSelectorsEnabled: true, databaseEnabled: false, handlesAlerts: true, hasTouchScreen: false, javascriptEnabled: true, locationContextEnabled: true, mobileEmulationEnabled: false, nativeEvents: true, networkConnectionEnabled: false, pageLoadStrategy: normal, platform: XP, platformName: XP, rotatable: false, setWindowRect: true, takesHeapSnapshot: true, takesScreenshot: true, unexpectedAlertBehaviour: , unhandledPromptBehavior: , version: 73.0.3683.86, webStorageEnabled: true}
Session ID: 64b81c4f3df0c7a01590797b0bf9d7d4
*** Element info: {Using=xpath, value=//*[@id="main-container"]/ng-component/div/div/div[2]/page/div/div/div[1]/div/sam-breadcrumbs/ul/li[4]/a}
	at sun.reflect.GeneratedConstructorAccessor31.newInstance(Unknown Source)
	at sun.reflect.DelegatingConstructorAccessorImpl.newInstance(DelegatingConstructorAccessorImpl.java:45)
	at java.lang.reflect.Constructor.newInstance(Constructor.java:423)
	at org.openqa.selenium.remote.ErrorHandler.createThrowable(ErrorHandler.java:214)
	at org.openqa.selenium.remote.ErrorHandler.throwIfResponseFailed(ErrorHandler.java:166)
	at org.openqa.selenium.remote.http.JsonHttpResponseCodec.reconstructValue(JsonHttpResponseCodec.java:40)
	at org.openqa.selenium.remote.http.AbstractHttpResponseCodec.decode(AbstractHttpResponseCodec.java:80)
	at org.openqa.selenium.remote.http.AbstractHttpResponseCodec.decode(AbstractHttpResponseCodec.java:44)
	at org.openqa.selenium.remote.HttpCommandExecutor.execute(HttpCommandExecutor.java:158)
	at org.openqa.selenium.remote.RemoteWebDriver.execute(RemoteWebDriver.java:545)
	at org.openqa.selenium.remote.RemoteWebDriver.findElement(RemoteWebDriver.java:319)
	at org.openqa.selenium.remote.RemoteWebDriver.findElementByXPath(RemoteWebDriver.java:421)
	at org.openqa.selenium.By$ByXPath.findElement(By.java:361)
	at org.openqa.selenium.remote.RemoteWebDriver.findElement(RemoteWebDriver.java:311)
	at net.thucydides.core.webdriver.WebDriverFacade.findElement(WebDriverFacade.java:231)
	at gov.gsa.sam.stepdefinition.NegRequestOfficeStepDef.User_click_on_subTier_breadcrumb_link(NegRequestOfficeStepDef.java:178)
	at ?.User click on subTier breadcrumb link(src/test/resources/features/negRequestOffice.feature:134)
&amp#27;[0m
    &amp#27;[36mGiven &amp#27;[0m&amp#27;[36mClick on edit button&amp#27;[0m                                        &amp#27;[90m# CreateOfficeStepDef.Create_office_submit_button()&amp#27;[0m
    &amp#27;[36mAnd &amp#27;[0m&amp#27;[36mThe user enters office details Name &amp#27;[0m&amp#27;[36m&amp#27;[1mTest101&amp#27;[0m                   &amp#27;[90m# CreateOfficeStepDef.The_user_enters_office_details_Name(String)&amp#27;[0m
    &amp#27;[36mAnd &amp#27;[0m&amp#27;[36mThe user enters create office start month &amp#27;[0m&amp#27;[36m&amp#27;[1m&amp#27;[0m                    &amp#27;[90m# CreateOfficeStepDef.The_user_enters_create_office_start_month(String)&amp#27;[0m
    &amp#27;[36mAnd &amp#27;[0m&amp#27;[36mThe user enters create office start day &amp#27;[0m&amp#27;[36m&amp#27;[1m&amp#27;[0m                      &amp#27;[90m# CreateOfficeStepDef.The_user_enters_create_office_start_day(String)&amp#27;[0m
    &amp#27;[36mAnd &amp#27;[0m&amp#27;[36mThe user enters create office start year &amp#27;[0m&amp#27;[36m&amp#27;[1m&amp#27;[0m                     &amp#27;[90m# CreateOfficeStepDef.The_user_enters_create_office_start_year(String)&amp#27;[0m
    &amp#27;[36mAnd &amp#27;[0m&amp#27;[36mThe user enters create office end month &amp#27;[0m&amp#27;[36m&amp#27;[1m&amp#27;[0m                      &amp#27;[90m# CreateOfficeStepDef.The_user_enter_create_office_end_month(String)&amp#27;[0m
    &amp#27;[36mAnd &amp#27;[0m&amp#27;[36mThe user enters create office end day &amp#27;[0m&amp#27;[36m&amp#27;[1m&amp#27;[0m                        &amp#27;[90m# CreateOfficeStepDef.The_user_enters_create_office_end_day(String)&amp#27;[0m
    &amp#27;[36mAnd &amp#27;[0m&amp#27;[36mThe user enters create office end year &amp#27;[0m&amp#27;[36m&amp#27;[1m&amp#27;[0m                       &amp#27;[90m# CreateOfficeStepDef.The_user_enters_create_office_end_year(String)&amp#27;[0m
    &amp#27;[36mAnd &amp#27;[0m&amp#27;[36mSelect Poc check box&amp#27;[0m                                          &amp#27;[90m# CreateOfficeStepDef.Select_Poc_check_box()&amp#27;[0m
    &amp#27;[36mAnd &amp#27;[0m&amp#27;[36mThe user select office type Financial funding &amp#27;[0m&amp#27;[36m&amp#27;[1mx&amp#27;[0m               &amp#27;[90m# CreateOfficeStepDef.The_user_select_office_type_funding(String)&amp#27;[0m
    &amp#27;[36mAnd &amp#27;[0m&amp#27;[36mThe user enters Financial funding start month &amp#27;[0m&amp#27;[36m&amp#27;[1mx&amp#27;[0m               &amp#27;[90m# CreateOfficeStepDef.The_user_enters_funding_office_start_month(String)&amp#27;[0m
    &amp#27;[36mAnd &amp#27;[0m&amp#27;[36mThe user enters Financial funding start day &amp#27;[0m&amp#27;[36m&amp#27;[1mx&amp#27;[0m                 &amp#27;[90m# CreateOfficeStepDef.The_user_enters_funding_office_start_day(String)&amp#27;[0m
    &amp#27;[36mAnd &amp#27;[0m&amp#27;[36mThe user enters Financial funding start year &amp#27;[0m&amp#27;[36m&amp#27;[1mx&amp#27;[0m                &amp#27;[90m# CreateOfficeStepDef.The_user_enters_funding_office_start_year(String)&amp#27;[0m
    &amp#27;[36mAnd &amp#27;[0m&amp#27;[36mThe user enters Financial funding end month &amp#27;[0m&amp#27;[36m&amp#27;[1mx&amp#27;[0m                 &amp#27;[90m# CreateOfficeStepDef.The_user_enter_funding_office_end_month(String)&amp#27;[0m
    &amp#27;[36mAnd &amp#27;[0m&amp#27;[36mThe user enters Financial funding end day &amp#27;[0m&amp#27;[36m&amp#27;[1mx&amp#27;[0m                   &amp#27;[90m# CreateOfficeStepDef.The_user_enters_funding_office_end_day(String)&amp#27;[0m
    &amp#27;[36mAnd &amp#27;[0m&amp#27;[36mThe user enters Financial funding end year &amp#27;[0m&amp#27;[36m&amp#27;[1mx&amp#27;[0m                  &amp#27;[90m# CreateOfficeStepDef.The_user_enters_funding_office_end_year(String)&amp#27;[0m
    &amp#27;[36mAnd &amp#27;[0m&amp#27;[36mThe user select office type contract funding &amp#27;[0m&amp#27;[36m&amp#27;[1m &amp#27;[0m                &amp#27;[90m# CreateOfficeStepDef.The_user_select_office_type_other(String)&amp#27;[0m
    &amp#27;[36mAnd &amp#27;[0m&amp#27;[36mThe user enters other contract funding start month &amp#27;[0m&amp#27;[36m&amp#27;[1mM&amp#27;[0m          &amp#27;[90m# CreateOfficeStepDef.The_user_enters_other_office_start_month(String)&amp#27;[0m
    &amp#27;[36mAnd &amp#27;[0m&amp#27;[36mThe user enters other contract funding start day &amp#27;[0m&amp#27;[36m&amp#27;[1mD&amp#27;[0m            &amp#27;[90m# CreateOfficeStepDef.The_user_enters_other_office_start_day(String)&amp#27;[0m
    &amp#27;[36mAnd &amp#27;[0m&amp#27;[36mThe user enters other contract funding start year &amp#27;[0m&amp#27;[36m&amp#27;[1m&amp#27;[0m            &amp#27;[90m# CreateOfficeStepDef.The_user_enters_other_office_start_year(String)&amp#27;[0m
    &amp#27;[36mAnd &amp#27;[0m&amp#27;[36mThe user enters other contract funding end month &amp#27;[0m&amp#27;[36m&amp#27;[1m&amp#27;[0m             &amp#27;[90m# CreateOfficeStepDef.The_user_enter_other_office_end_month(String)&amp#27;[0m
    &amp#27;[36mAnd &amp#27;[0m&amp#27;[36mThe user enters other contract funding end day &amp#27;[0m&amp#27;[36m&amp#27;[1m&amp#27;[0m               &amp#27;[90m# CreateOfficeStepDef.The_user_enters_other_office_end_day(String)&amp#27;[0m
    &amp#27;[36mAnd &amp#27;[0m&amp#27;[36mThe user enters other contract funding end year &amp#27;[0m&amp#27;[36m&amp#27;[1m&amp#27;[0m              &amp#27;[90m# CreateOfficeStepDef.The_user_enters_other_office_end_year(String)&amp#27;[0m
    &amp#27;[36mAnd &amp#27;[0m&amp#27;[36mThe user enters street address &amp#27;[0m&amp#27;[36m&amp#27;[1m&amp#27;[0m                               &amp#27;[90m# CreateOfficeStepDef.The_user_enters_street_address(String)&amp#27;[0m
    &amp#27;[36mAnd &amp#27;[0m&amp#27;[36mThe user enters country &amp#27;[0m&amp#27;[36m&amp#27;[1m&amp#27;[0m                                      &amp#27;[90m# CreateOfficeStepDef.The_user_enters_country(String)&amp#27;[0m
    &amp#27;[36mAnd &amp#27;[0m&amp#27;[36mThe enters zip &amp#27;[0m&amp#27;[36m&amp#27;[1m&amp#27;[0m                                               &amp#27;[90m# CreateOfficeStepDef.The_enters_zip(String)&amp#27;[0m
    &amp#27;[36mAnd &amp#27;[0m&amp#27;[36mThe enters city &amp#27;[0m&amp#27;[36m&amp#27;[1m&amp#27;[0m                                              &amp#27;[90m# CreateOfficeStepDef.The_enters_city(String)&amp#27;[0m
    &amp#27;[36mAnd &amp#27;[0m&amp#27;[36mThe enters state &amp#27;[0m&amp#27;[36m&amp#27;[1m&amp#27;[0m                                             &amp#27;[90m# CreateOfficeStepDef.The_enters_state(String)&amp#27;[0m
    &amp#27;[36mAnd &amp#27;[0m&amp#27;[36mThe user enters TAC2 street address &amp#27;[0m&amp#27;[36m&amp#27;[1m&amp#27;[0m                          &amp#27;[90m# CreateOfficeStepDef.The_user_enters_street_address_TAC2(String)&amp#27;[0m
    &amp#27;[36mAnd &amp#27;[0m&amp#27;[36mThe user enters TAC2 country &amp#27;[0m&amp#27;[36m&amp#27;[1m&amp#27;[0m                                 &amp#27;[90m# CreateOfficeStepDef.The_user_enters_country_TAC2(String)&amp#27;[0m
    &amp#27;[36mAnd &amp#27;[0m&amp#27;[36mThe enters TAC2 zip &amp#27;[0m&amp#27;[36m&amp#27;[1m&amp#27;[0m                                          &amp#27;[90m# CreateOfficeStepDef.The_enters_zip_TAC2(String)&amp#27;[0m
    &amp#27;[36mAnd &amp#27;[0m&amp#27;[36mThe enters TAC2 city &amp#27;[0m&amp#27;[36m&amp#27;[1m&amp#27;[0m                                         &amp#27;[90m# CreateOfficeStepDef.The_enters_city_TAC2(String)&amp#27;[0m
    &amp#27;[36mAnd &amp#27;[0m&amp#27;[36mThe enters TAC2 state &amp#27;[0m&amp#27;[36m&amp#27;[1m&amp#27;[0m                                        &amp#27;[90m# CreateOfficeStepDef.The_enters_state_TAC2(String)&amp#27;[0m
    &amp#27;[36mAnd &amp#27;[0m&amp#27;[36mThe user enters TAC3 street address &amp#27;[0m&amp#27;[36m&amp#27;[1m&amp#27;[0m                          &amp#27;[90m# CreateOfficeStepDef.The_user_enters_street_address_TAC3(String)&amp#27;[0m
    &amp#27;[36mAnd &amp#27;[0m&amp#27;[36mThe user enters TAC3 country &amp#27;[0m&amp#27;[36m&amp#27;[1m&amp#27;[0m                                 &amp#27;[90m# CreateOfficeStepDef.The_user_enters_country_TAC3(String)&amp#27;[0m
    &amp#27;[36mAnd &amp#27;[0m&amp#27;[36mThe enters TAC3 zip &amp#27;[0m&amp#27;[36m&amp#27;[1m&amp#27;[0m                                          &amp#27;[90m# CreateOfficeStepDef.The_enters_zip_TAC3(String)&amp#27;[0m
    &amp#27;[36mAnd &amp#27;[0m&amp#27;[36mThe enters TAC3 city &amp#27;[0m&amp#27;[36m&amp#27;[1m&amp#27;[0m                                         &amp#27;[90m# CreateOfficeStepDef.The_enters_city_TAC3(String)&amp#27;[0m
    &amp#27;[36mAnd &amp#27;[0m&amp#27;[36mThe enters TAC3 state &amp#27;[0m&amp#27;[36m&amp#27;[1m&amp#27;[0m                                        &amp#27;[90m# CreateOfficeStepDef.The_enters_state_TAC3(String)&amp#27;[0m
    &amp#27;[36mThen &amp#27;[0m&amp#27;[36mThe user click on submit create office button&amp#27;[0m                &amp#27;[90m# CreateOfficeStepDef.The_user_click_on_submit_create_office_button()&amp#27;[0m
    &amp#27;[36mAnd &amp#27;[0m&amp#27;[36mValidation on funding error messages &amp#27;[0m&amp#27;[36m&amp#27;[1mContractFunding5&amp#27;[0m         &amp#27;[90m# NegRequestOfficeStepDef.Validation_on_funding_error_messages(String)&amp#27;[0m
]]></system-out>
    <system-err><![CDATA[[main] ERROR net.thucydides.core.steps.ConsoleLoggingListener - 
           __  _____ _____ ____ _____   _____ _    ___ _     _____ ____  
  _       / / |_   _| ____/ ___|_   _| |  ___/ \  |_ _| |   | ____|  _ \ 
 (_)_____| |    | | |  _| \___ \ | |   | |_ / _ \  | || |   |  _| | | | |
  _|_____| |    | | | |___ ___) || |   |  _/ ___ \ | || |___| |___| |_| |
 (_)     | |    |_| |_____|____/ |_|   |_|/_/   \_\___|_____|_____|____/ 
          \_\                                                            

TEST FAILED WITH ERROR: Validation on Funding office types error messages
---------------------------------------------------------------------
[main] ERROR net.thucydides.core.steps.ConsoleLoggingListener - TEST FAILED AT STEP Given User click on subTier breadcrumb link
[main] ERROR net.thucydides.core.steps.ConsoleLoggingListener - expected:<[987]> but was:<[111]>
[main] INFO gov.gsa.sam.stepdefinition.FeedsStepDef - Scroll down
[main] ERROR net.thucydides.core.steps.ConsoleLoggingListener - 
           __  _____ _____ ____ _____   _____ _    ___ _     _____ ____  
  _       / / |_   _| ____/ ___|_   _| |  ___/ \  |_ _| |   | ____|  _ \ 
 (_)_____| |    | | |  _| \___ \ | |   | |_ / _ \  | || |   |  _| | | | |
  _|_____| |    | | | |___ ___) || |   |  _/ ___ \ | || |___| |___| |_| |
 (_)     | |    |_| |_____|____/ |_|   |_|/_/   \_\___|_____|_____|____/ 
          \_\                                                            

TEST FAILED WITH ERROR: Validation on Funding office types error messages
---------------------------------------------------------------------
[main] ERROR net.thucydides.core.steps.ConsoleLoggingListener - TEST FAILED AT STEP Given User click on subTier breadcrumb link
[main] ERROR net.thucydides.core.steps.ConsoleLoggingListener - expected:<[987]> but was:<[111]>
]]></system-err>
  </testcase>
  <testcase name="Validation on office address error messages" classname="Validate error meaasage in office page" time="27.026">
    <error message="no such element: Unable to locate element: {&quot;method&quot;:&quot;xpath&quot;,&quot;selector&quot;:&quot;//*[@id=&quot;main-container&quot;]/ng-component/div/div/div[2]/page/div/div/div[1]/div/sam-breadcrumbs/ul/li[4]/a&quot;}&#10;  (Session info: chrome=73.0.3683.86)&#10;  (Driver info: chromedriver=2.38.552522 (437e6fbedfa8762dec75e2c5b3ddb86763dc9dcb),platform=Windows NT 6.1.7601 SP1 x86_64) (WARNING: The server did not provide any stacktrace information)&#10;Command duration or timeout: 0 milliseconds&#10;For documentation on this error, please visit: http://seleniumhq.org/exceptions/no_such_element.html&#10;Build info: version: &apos;3.11.0&apos;, revision: &apos;e59cfb3&apos;, time: &apos;2018-03-11T20:26:55.152Z&apos;&#10;System info: host: &apos;I07R7C-AF1F18&apos;, ip: &apos;172.21.72.72&apos;, os.name: &apos;Windows 7&apos;, os.arch: &apos;amd64&apos;, os.version: &apos;6.1&apos;, java.version: &apos;1.8.0_191&apos;&#10;Driver info: org.openqa.selenium.remote.RemoteWebDriver&#10;Capabilities {acceptInsecureCerts: false, acceptSslCerts: false, applicationCacheEnabled: false, browserConnectionEnabled: false, browserName: chrome, chrome: {chromedriverVersion: 2.38.552522 (437e6fbedfa876..., userDataDir: C:\Users\SH359E~1\AppData\L...}, cssSelectorsEnabled: true, databaseEnabled: false, handlesAlerts: true, hasTouchScreen: false, javascriptEnabled: true, locationContextEnabled: true, mobileEmulationEnabled: false, nativeEvents: true, networkConnectionEnabled: false, pageLoadStrategy: normal, platform: XP, platformName: XP, rotatable: false, setWindowRect: true, takesHeapSnapshot: true, takesScreenshot: true, unexpectedAlertBehaviour: , unhandledPromptBehavior: , version: 73.0.3683.86, webStorageEnabled: true}&#10;Session ID: 64b81c4f3df0c7a01590797b0bf9d7d4&#10;*** Element info: {Using=xpath, value=//*[@id=&quot;main-container&quot;]/ng-component/div/div/div[2]/page/div/div/div[1]/div/sam-breadcrumbs/ul/li[4]/a}" type="org.openqa.selenium.NoSuchElementException">org.openqa.selenium.NoSuchElementException: 
no such element: Unable to locate element: {"method":"xpath","selector":"//*[@id="main-container"]/ng-component/div/div/div[2]/page/div/div/div[1]/div/sam-breadcrumbs/ul/li[4]/a"}
  (Session info: chrome=73.0.3683.86)
  (Driver info: chromedriver=2.38.552522 (437e6fbedfa8762dec75e2c5b3ddb86763dc9dcb),platform=Windows NT 6.1.7601 SP1 x86_64) (WARNING: The server did not provide any stacktrace information)
Command duration or timeout: 0 milliseconds
For documentation on this error, please visit: http://seleniumhq.org/exceptions/no_such_element.html
Build info: version: '3.11.0', revision: 'e59cfb3', time: '2018-03-11T20:26:55.152Z'
System info: host: 'I07R7C-AF1F18', ip: '172.21.72.72', os.name: 'Windows 7', os.arch: 'amd64', os.version: '6.1', java.version: '1.8.0_191'
Driver info: org.openqa.selenium.remote.RemoteWebDriver
Capabilities {acceptInsecureCerts: false, acceptSslCerts: false, applicationCacheEnabled: false, browserConnectionEnabled: false, browserName: chrome, chrome: {chromedriverVersion: 2.38.552522 (437e6fbedfa876..., userDataDir: C:\Users\SH359E~1\AppData\L...}, cssSelectorsEnabled: true, databaseEnabled: false, handlesAlerts: true, hasTouchScreen: false, javascriptEnabled: true, locationContextEnabled: true, mobileEmulationEnabled: false, nativeEvents: true, networkConnectionEnabled: false, pageLoadStrategy: normal, platform: XP, platformName: XP, rotatable: false, setWindowRect: true, takesHeapSnapshot: true, takesScreenshot: true, unexpectedAlertBehaviour: , unhandledPromptBehavior: , version: 73.0.3683.86, webStorageEnabled: true}
Session ID: 64b81c4f3df0c7a01590797b0bf9d7d4
*** Element info: {Using=xpath, value=//*[@id="main-container"]/ng-component/div/div/div[2]/page/div/div/div[1]/div/sam-breadcrumbs/ul/li[4]/a}
</error>
    <system-out><![CDATA[
  @OfficeAddress4
  Scenario Outline: Validation on office address error messages &amp#27;[90m# src/test/resources/features/negRequestOffice.feature:239&amp#27;[0m
    &amp#27;[36mAnd Scroll up&amp#27;[0m
    &amp#27;[36mGiven User click on subTier breadcrumb link&amp#27;[0m
    &amp#27;[36mGiven Click on edit button&amp#27;[0m
    &amp#27;[36mAnd The user enters office details Name <officeDetails>&amp#27;[0m
    &amp#27;[36mAnd The user enters create office start month <startMonth>&amp#27;[0m
    &amp#27;[36mAnd The user enters create office start day <startDay>&amp#27;[0m
    &amp#27;[36mAnd The user enters create office start year <startYear>&amp#27;[0m
    &amp#27;[36mAnd Select Poc check box&amp#27;[0m
    &amp#27;[36mAnd The user select office type contract Awards <contractAwards>&amp#27;[0m
    &amp#27;[36mAnd Click on the mailing address plus symbol&amp#27;[0m
    &amp#27;[36mAnd The user enters street address <address>&amp#27;[0m
    &amp#27;[36mAnd The user enters country <country>&amp#27;[0m
    &amp#27;[36mAnd The enters zip <Zip>&amp#27;[0m
    &amp#27;[36mAnd The enters city <city>&amp#27;[0m
    &amp#27;[36mAnd The enters state <state>&amp#27;[0m
    &amp#27;[36mAnd Select address type&amp#27;[0m
    &amp#27;[36mAnd Click on the first plus symbol&amp#27;[0m
    &amp#27;[36mAnd The user enters awards office TAC3 street address <address3>&amp#27;[0m
    &amp#27;[36mAnd The user enters TAC3 country <country3>&amp#27;[0m
    &amp#27;[36mAnd The enters TAC3 zip <Zip3>&amp#27;[0m
    &amp#27;[36mAnd The enters TAC3 city <officeCity3>&amp#27;[0m
    &amp#27;[36mAnd The enters TAC3 state <state3>&amp#27;[0m
    &amp#27;[36mAnd The user enters awards office TAC2 street address <address2>&amp#27;[0m
    &amp#27;[36mAnd The user enters TAC2 country <country2>&amp#27;[0m
    &amp#27;[36mAnd The enters TAC2 zip <Zip2>&amp#27;[0m
    &amp#27;[36mAnd The enters TAC2 city <officeCity2>&amp#27;[0m
    &amp#27;[36mAnd The enters TAC2 state <state2>&amp#27;[0m
    &amp#27;[36mThen Shipping address TAC2 cross symbol is visible&amp#27;[0m
    &amp#27;[36mThen Billing address TAC3 cross symbol is visible&amp#27;[0m
    &amp#27;[36mAnd Click on the second cross button&amp#27;[0m
    &amp#27;[36mThen The user click on submit create office button&amp#27;[0m
    &amp#27;[36mThen The user click on Confirmation create office button&amp#27;[0m
    &amp#27;[36mAnd Click on edit button on confirmation office Request page&amp#27;[0m
    &amp#27;[36mAnd Deselect Contract Awards&amp#27;[0m
    &amp#27;[36mAnd The user select office type contract funding  <Contractfunding>&amp#27;[0m
    &amp#27;[36mAnd The user select office type Financial Awards <FinancialAwards>&amp#27;[0m
    &amp#27;[36mAnd The user enters awards office TAC3 street address <address3>&amp#27;[0m
    &amp#27;[36mAnd The user enters TAC3 country <country3>&amp#27;[0m
    &amp#27;[36mAnd The enters TAC3 zip <Zip3>&amp#27;[0m
    &amp#27;[36mAnd The enters TAC3 city <officeCity3>&amp#27;[0m
    &amp#27;[36mAnd The enters TAC3 state <state3>&amp#27;[0m
    &amp#27;[36mThen Shipping address word Required is visible&amp#27;[0m
    &amp#27;[36mThen Billing address word Required is visible&amp#27;[0m
    &amp#27;[36mThen Shipping address TAC2 cross symbol is visible&amp#27;[0m
    &amp#27;[36mThen Billing address TAC3 cross symbol is visible&amp#27;[0m
    &amp#27;[36mThen The user click on submit create office button&amp#27;[0m
    &amp#27;[36mThen The user click on Confirmation create office button&amp#27;[0m
    &amp#27;[36mAnd Click on close button on office Request page&amp#27;[0m

    Examples: 

  @negativeOffice @OfficeAddress4
  Scenario Outline: Validation on office address error messages  &amp#27;[90m# src/test/resources/features/negRequestOffice.feature:296&amp#27;[0m
    &amp#27;[32mAnd &amp#27;[0m&amp#27;[32mScroll up&amp#27;[0m                                                &amp#27;[90m# FeedsStepDef.Scroll_up()&amp#27;[0m
    &amp#27;[31mGiven &amp#27;[0m&amp#27;[31mUser click on subTier breadcrumb link&amp#27;[0m                  &amp#27;[90m# NegRequestOfficeStepDef.User_click_on_subTier_breadcrumb_link()&amp#27;[0m
      &amp#27;[31morg.openqa.selenium.NoSuchElementException: no such element: Unable to locate element: {"method":"xpath","selector":"//*[@id="main-container"]/ng-component/div/div/div[2]/page/div/div/div[1]/div/sam-breadcrumbs/ul/li[4]/a"}
  (Session info: chrome=73.0.3683.86)
  (Driver info: chromedriver=2.38.552522 (437e6fbedfa8762dec75e2c5b3ddb86763dc9dcb),platform=Windows NT 6.1.7601 SP1 x86_64) (WARNING: The server did not provide any stacktrace information)
Command duration or timeout: 0 milliseconds
For documentation on this error, please visit: http://seleniumhq.org/exceptions/no_such_element.html
Build info: version: '3.11.0', revision: 'e59cfb3', time: '2018-03-11T20:26:55.152Z'
System info: host: 'I07R7C-AF1F18', ip: '172.21.72.72', os.name: 'Windows 7', os.arch: 'amd64', os.version: '6.1', java.version: '1.8.0_191'
Driver info: org.openqa.selenium.remote.RemoteWebDriver
Capabilities {acceptInsecureCerts: false, acceptSslCerts: false, applicationCacheEnabled: false, browserConnectionEnabled: false, browserName: chrome, chrome: {chromedriverVersion: 2.38.552522 (437e6fbedfa876..., userDataDir: C:\Users\SH359E~1\AppData\L...}, cssSelectorsEnabled: true, databaseEnabled: false, handlesAlerts: true, hasTouchScreen: false, javascriptEnabled: true, locationContextEnabled: true, mobileEmulationEnabled: false, nativeEvents: true, networkConnectionEnabled: false, pageLoadStrategy: normal, platform: XP, platformName: XP, rotatable: false, setWindowRect: true, takesHeapSnapshot: true, takesScreenshot: true, unexpectedAlertBehaviour: , unhandledPromptBehavior: , version: 73.0.3683.86, webStorageEnabled: true}
Session ID: 64b81c4f3df0c7a01590797b0bf9d7d4
*** Element info: {Using=xpath, value=//*[@id="main-container"]/ng-component/div/div/div[2]/page/div/div/div[1]/div/sam-breadcrumbs/ul/li[4]/a}
	at sun.reflect.GeneratedConstructorAccessor31.newInstance(Unknown Source)
	at sun.reflect.DelegatingConstructorAccessorImpl.newInstance(DelegatingConstructorAccessorImpl.java:45)
	at java.lang.reflect.Constructor.newInstance(Constructor.java:423)
	at org.openqa.selenium.remote.ErrorHandler.createThrowable(ErrorHandler.java:214)
	at org.openqa.selenium.remote.ErrorHandler.throwIfResponseFailed(ErrorHandler.java:166)
	at org.openqa.selenium.remote.http.JsonHttpResponseCodec.reconstructValue(JsonHttpResponseCodec.java:40)
	at org.openqa.selenium.remote.http.AbstractHttpResponseCodec.decode(AbstractHttpResponseCodec.java:80)
	at org.openqa.selenium.remote.http.AbstractHttpResponseCodec.decode(AbstractHttpResponseCodec.java:44)
	at org.openqa.selenium.remote.HttpCommandExecutor.execute(HttpCommandExecutor.java:158)
	at org.openqa.selenium.remote.RemoteWebDriver.execute(RemoteWebDriver.java:545)
	at org.openqa.selenium.remote.RemoteWebDriver.findElement(RemoteWebDriver.java:319)
	at org.openqa.selenium.remote.RemoteWebDriver.findElementByXPath(RemoteWebDriver.java:421)
	at org.openqa.selenium.By$ByXPath.findElement(By.java:361)
	at org.openqa.selenium.remote.RemoteWebDriver.findElement(RemoteWebDriver.java:311)
	at net.thucydides.core.webdriver.WebDriverFacade.findElement(WebDriverFacade.java:231)
	at gov.gsa.sam.stepdefinition.NegRequestOfficeStepDef.User_click_on_subTier_breadcrumb_link(NegRequestOfficeStepDef.java:178)
	at ?.User click on subTier breadcrumb link(src/test/resources/features/negRequestOffice.feature:241)
&amp#27;[0m
    &amp#27;[36mGiven &amp#27;[0m&amp#27;[36mClick on edit button&amp#27;[0m                                   &amp#27;[90m# CreateOfficeStepDef.Create_office_submit_button()&amp#27;[0m
    &amp#27;[36mAnd &amp#27;[0m&amp#27;[36mThe user enters office details Name &amp#27;[0m&amp#27;[36m&amp#27;[1m&amp#27;[0m                     &amp#27;[90m# CreateOfficeStepDef.The_user_enters_office_details_Name(String)&amp#27;[0m
    &amp#27;[36mAnd &amp#27;[0m&amp#27;[36mThe user enters create office start month &amp#27;[0m&amp#27;[36m&amp#27;[1m&amp#27;[0m               &amp#27;[90m# CreateOfficeStepDef.The_user_enters_create_office_start_month(String)&amp#27;[0m
    &amp#27;[36mAnd &amp#27;[0m&amp#27;[36mThe user enters create office start day &amp#27;[0m&amp#27;[36m&amp#27;[1m&amp#27;[0m                 &amp#27;[90m# CreateOfficeStepDef.The_user_enters_create_office_start_day(String)&amp#27;[0m
    &amp#27;[36mAnd &amp#27;[0m&amp#27;[36mThe user enters create office start year &amp#27;[0m&amp#27;[36m&amp#27;[1m&amp#27;[0m                &amp#27;[90m# CreateOfficeStepDef.The_user_enters_create_office_start_year(String)&amp#27;[0m
    &amp#27;[36mAnd &amp#27;[0m&amp#27;[36mSelect Poc check box&amp#27;[0m                                     &amp#27;[90m# CreateOfficeStepDef.Select_Poc_check_box()&amp#27;[0m
    &amp#27;[36mAnd &amp#27;[0m&amp#27;[36mThe user select office type contract Awards &amp#27;[0m&amp#27;[36m&amp#27;[1m&amp#27;[0m             &amp#27;[90m# CreateOfficeStepDef.The_user_select_office_type_contracting(String)&amp#27;[0m
    &amp#27;[36mAnd &amp#27;[0m&amp#27;[36mClick on the mailing address plus symbol&amp#27;[0m                 &amp#27;[90m# NegRequestOfficeStepDef.Click_on_the_mailing_address_plus_symbol()&amp#27;[0m
    &amp#27;[36mAnd &amp#27;[0m&amp#27;[36mThe user enters street address &amp#27;[0m&amp#27;[36m&amp#27;[1m&amp#27;[0m                          &amp#27;[90m# CreateOfficeStepDef.The_user_enters_street_address(String)&amp#27;[0m
    &amp#27;[36mAnd &amp#27;[0m&amp#27;[36mThe user enters country &amp#27;[0m&amp#27;[36m&amp#27;[1m&amp#27;[0m                                 &amp#27;[90m# CreateOfficeStepDef.The_user_enters_country(String)&amp#27;[0m
    &amp#27;[36mAnd &amp#27;[0m&amp#27;[36mThe enters zip &amp#27;[0m&amp#27;[36m&amp#27;[1m&amp#27;[0m                                          &amp#27;[90m# CreateOfficeStepDef.The_enters_zip(String)&amp#27;[0m
    &amp#27;[36mAnd &amp#27;[0m&amp#27;[36mThe enters city &amp#27;[0m&amp#27;[36m&amp#27;[1m&amp#27;[0m                                         &amp#27;[90m# CreateOfficeStepDef.The_enters_city(String)&amp#27;[0m
    &amp#27;[36mAnd &amp#27;[0m&amp#27;[36mThe enters state &amp#27;[0m&amp#27;[36m&amp#27;[1m&amp#27;[0m                                        &amp#27;[90m# CreateOfficeStepDef.The_enters_state(String)&amp#27;[0m
    &amp#27;[36mAnd &amp#27;[0m&amp#27;[36mSelect address type&amp#27;[0m                                      &amp#27;[90m# NegRequestOfficeStepDef.Select_address_type()&amp#27;[0m
    &amp#27;[36mAnd &amp#27;[0m&amp#27;[36mClick on the first plus symbol&amp#27;[0m                           &amp#27;[90m# NegRequestOfficeStepDef.Click_on_the_first_plus_symbol()&amp#27;[0m
    &amp#27;[36mAnd &amp#27;[0m&amp#27;[36mThe user enters awards office TAC3 street address &amp#27;[0m&amp#27;[36m&amp#27;[1m&amp#27;[0m       &amp#27;[90m# CreateOfficeStepDef.The_user_entersawards_office_street_address_TAC3(String)&amp#27;[0m
    &amp#27;[36mAnd &amp#27;[0m&amp#27;[36mThe user enters TAC3 country &amp#27;[0m&amp#27;[36m&amp#27;[1m&amp#27;[0m                            &amp#27;[90m# CreateOfficeStepDef.The_user_enters_country_TAC3(String)&amp#27;[0m
    &amp#27;[36mAnd &amp#27;[0m&amp#27;[36mThe enters TAC3 zip &amp#27;[0m&amp#27;[36m&amp#27;[1m&amp#27;[0m                                     &amp#27;[90m# CreateOfficeStepDef.The_enters_zip_TAC3(String)&amp#27;[0m
    &amp#27;[36mAnd &amp#27;[0m&amp#27;[36mThe enters TAC3 city &amp#27;[0m&amp#27;[36m&amp#27;[1m&amp#27;[0m                                    &amp#27;[90m# CreateOfficeStepDef.The_enters_city_TAC3(String)&amp#27;[0m
    &amp#27;[36mAnd &amp#27;[0m&amp#27;[36mThe enters TAC3 state &amp#27;[0m&amp#27;[36m&amp#27;[1m&amp#27;[0m                                   &amp#27;[90m# CreateOfficeStepDef.The_enters_state_TAC3(String)&amp#27;[0m
    &amp#27;[36mAnd &amp#27;[0m&amp#27;[36mThe user enters awards office TAC2 street address &amp#27;[0m&amp#27;[36m&amp#27;[1m&amp#27;[0m       &amp#27;[90m# CreateOfficeStepDef.The_user_enters_awards_street_address_TAC2(String)&amp#27;[0m
    &amp#27;[36mAnd &amp#27;[0m&amp#27;[36mThe user enters TAC2 country &amp#27;[0m&amp#27;[36m&amp#27;[1m&amp#27;[0m                            &amp#27;[90m# CreateOfficeStepDef.The_user_enters_country_TAC2(String)&amp#27;[0m
    &amp#27;[36mAnd &amp#27;[0m&amp#27;[36mThe enters TAC2 zip &amp#27;[0m&amp#27;[36m&amp#27;[1m&amp#27;[0m                                     &amp#27;[90m# CreateOfficeStepDef.The_enters_zip_TAC2(String)&amp#27;[0m
    &amp#27;[36mAnd &amp#27;[0m&amp#27;[36mThe enters TAC2 city &amp#27;[0m&amp#27;[36m&amp#27;[1m&amp#27;[0m                                    &amp#27;[90m# CreateOfficeStepDef.The_enters_city_TAC2(String)&amp#27;[0m
    &amp#27;[36mAnd &amp#27;[0m&amp#27;[36mThe enters TAC2 state &amp#27;[0m&amp#27;[36m&amp#27;[1m&amp#27;[0m                                   &amp#27;[90m# CreateOfficeStepDef.The_enters_state_TAC2(String)&amp#27;[0m
    &amp#27;[36mThen &amp#27;[0m&amp#27;[36mShipping address TAC2 cross symbol is visible&amp#27;[0m           &amp#27;[90m# NegRequestOfficeStepDef.Shipping_address_TAC2_cross_symbol_is_visible()&amp#27;[0m
    &amp#27;[36mThen &amp#27;[0m&amp#27;[36mBilling address TAC3 cross symbol is visible&amp#27;[0m            &amp#27;[90m# NegRequestOfficeStepDef.Billing_address_TAC3_cross_symbol_is_visible()&amp#27;[0m
    &amp#27;[36mAnd &amp#27;[0m&amp#27;[36mClick on the second cross button&amp#27;[0m                         &amp#27;[90m# NegRequestOfficeStepDef.Click_on_the_second_cross_button()&amp#27;[0m
    &amp#27;[36mThen &amp#27;[0m&amp#27;[36mThe user click on submit create office button&amp#27;[0m           &amp#27;[90m# CreateOfficeStepDef.The_user_click_on_submit_create_office_button()&amp#27;[0m
    &amp#27;[36mThen &amp#27;[0m&amp#27;[36mThe user click on Confirmation create office button&amp#27;[0m     &amp#27;[90m# CreateOfficeStepDef.The_user_click_on_Confirmation_create_office_button()&amp#27;[0m
    &amp#27;[36mAnd &amp#27;[0m&amp#27;[36mClick on edit button on confirmation office Request page&amp#27;[0m &amp#27;[90m# NegRequestOfficeStepDef.Click_on_edit_button_on_confirmation_office_Request_page()&amp#27;[0m
    &amp#27;[36mAnd &amp#27;[0m&amp#27;[36mDeselect Contract Awards&amp#27;[0m                                 &amp#27;[90m# NegRequestOfficeStepDef.Deselect_Contract_Awards()&amp#27;[0m
    &amp#27;[36mAnd &amp#27;[0m&amp#27;[36mThe user select office type contract funding &amp#27;[0m&amp#27;[36m&amp#27;[1m &amp#27;[0m           &amp#27;[90m# CreateOfficeStepDef.The_user_select_office_type_other(String)&amp#27;[0m
    &amp#27;[36mAnd &amp#27;[0m&amp#27;[36mThe user select office type Financial Awards &amp#27;[0m&amp#27;[36m&amp#27;[1m&amp#27;[0m            &amp#27;[90m# CreateOfficeStepDef.The_user_select_office_type_grants(String)&amp#27;[0m
    &amp#27;[36mAnd &amp#27;[0m&amp#27;[36mThe user enters awards office TAC3 street address &amp#27;[0m&amp#27;[36m&amp#27;[1m&amp#27;[0m       &amp#27;[90m# CreateOfficeStepDef.The_user_entersawards_office_street_address_TAC3(String)&amp#27;[0m
    &amp#27;[36mAnd &amp#27;[0m&amp#27;[36mThe user enters TAC3 country &amp#27;[0m&amp#27;[36m&amp#27;[1m&amp#27;[0m                            &amp#27;[90m# CreateOfficeStepDef.The_user_enters_country_TAC3(String)&amp#27;[0m
    &amp#27;[36mAnd &amp#27;[0m&amp#27;[36mThe enters TAC3 zip &amp#27;[0m&amp#27;[36m&amp#27;[1m&amp#27;[0m                                     &amp#27;[90m# CreateOfficeStepDef.The_enters_zip_TAC3(String)&amp#27;[0m
    &amp#27;[36mAnd &amp#27;[0m&amp#27;[36mThe enters TAC3 city &amp#27;[0m&amp#27;[36m&amp#27;[1m&amp#27;[0m                                    &amp#27;[90m# CreateOfficeStepDef.The_enters_city_TAC3(String)&amp#27;[0m
    &amp#27;[36mAnd &amp#27;[0m&amp#27;[36mThe enters TAC3 state &amp#27;[0m&amp#27;[36m&amp#27;[1m&amp#27;[0m                                   &amp#27;[90m# CreateOfficeStepDef.The_enters_state_TAC3(String)&amp#27;[0m
    &amp#27;[36mThen &amp#27;[0m&amp#27;[36mShipping address word Required is visible&amp#27;[0m               &amp#27;[90m# NegRequestOfficeStepDef.Shipping_address_word_Required_is_visible()&amp#27;[0m
    &amp#27;[36mThen &amp#27;[0m&amp#27;[36mBilling address word Required is visible&amp#27;[0m                &amp#27;[90m# NegRequestOfficeStepDef.Billing_address_word_Required_is_visible()&amp#27;[0m
    &amp#27;[36mThen &amp#27;[0m&amp#27;[36mShipping address TAC2 cross symbol is visible&amp#27;[0m           &amp#27;[90m# NegRequestOfficeStepDef.Shipping_address_TAC2_cross_symbol_is_visible()&amp#27;[0m
    &amp#27;[36mThen &amp#27;[0m&amp#27;[36mBilling address TAC3 cross symbol is visible&amp#27;[0m            &amp#27;[90m# NegRequestOfficeStepDef.Billing_address_TAC3_cross_symbol_is_visible()&amp#27;[0m
    &amp#27;[36mThen &amp#27;[0m&amp#27;[36mThe user click on submit create office button&amp#27;[0m           &amp#27;[90m# CreateOfficeStepDef.The_user_click_on_submit_create_office_button()&amp#27;[0m
    &amp#27;[36mThen &amp#27;[0m&amp#27;[36mThe user click on Confirmation create office button&amp#27;[0m     &amp#27;[90m# CreateOfficeStepDef.The_user_click_on_Confirmation_create_office_button()&amp#27;[0m
    &amp#27;[36mAnd &amp#27;[0m&amp#27;[36mClick on close button on office Request page&amp#27;[0m             &amp#27;[90m# CreateOfficeStepDef.Click_on_close_button_on_office_Request_page()&amp#27;[0m
]]></system-out>
    <system-err><![CDATA[[main] ERROR net.thucydides.core.steps.ConsoleLoggingListener - 
           __  _____ _____ ____ _____   _____ _    ___ _     _____ ____  
  _       / / |_   _| ____/ ___|_   _| |  ___/ \  |_ _| |   | ____|  _ \ 
 (_)_____| |    | | |  _| \___ \ | |   | |_ / _ \  | || |   |  _| | | | |
  _|_____| |    | | | |___ ___) || |   |  _/ ___ \ | || |___| |___| |_| |
 (_)     | |    |_| |_____|____/ |_|   |_|/_/   \_\___|_____|_____|____/ 
          \_\                                                            

TEST FAILED WITH ERROR: Validation on Funding office types error messages
---------------------------------------------------------------------
[main] ERROR net.thucydides.core.steps.ConsoleLoggingListener - TEST FAILED AT STEP Given User click on subTier breadcrumb link
[main] ERROR net.thucydides.core.steps.ConsoleLoggingListener - expected:<[987]> but was:<[111]>
[main] INFO net.thucydides.core.steps.ConsoleLoggingListener - 
 _____ _____ ____ _____   ____ _____  _    ____ _____ _____ ____  
|_   _| ____/ ___|_   _| / ___|_   _|/ \  |  _ \_   _| ____|  _ \ 
  | | |  _| \___ \ | |   \___ \ | | / _ \ | |_) || | |  _| | | | |
  | | | |___ ___) || |    ___) || |/ ___ \|  _ < | | | |___| |_| |
  |_| |_____|____/ |_|   |____/ |_/_/   \_\_| \_\|_| |_____|____/ 
                                                                  

TEST STARTED: Validation on office address error messages
-------------------------------------------------------------------(validate-error-meaasage-in-office-page;validation-on-office-address-error-messages)
[main] INFO gov.gsa.sam.stepdefinition.FeedsStepDef - Scroll down
[main] ERROR net.thucydides.core.steps.ConsoleLoggingListener - 
           __  _____ _____ ____ _____   _____ _    ___ _     _____ ____  
  _       / / |_   _| ____/ ___|_   _| |  ___/ \  |_ _| |   | ____|  _ \ 
 (_)_____| |    | | |  _| \___ \ | |   | |_ / _ \  | || |   |  _| | | | |
  _|_____| |    | | | |___ ___) || |   |  _/ ___ \ | || |___| |___| |_| |
 (_)     | |    |_| |_____|____/ |_|   |_|/_/   \_\___|_____|_____|____/ 
          \_\                                                            

TEST FAILED WITH ERROR: Validation on office address error messages
---------------------------------------------------------------------
[main] ERROR net.thucydides.core.steps.ConsoleLoggingListener - TEST FAILED AT STEP Given User click on subTier breadcrumb link
[main] ERROR net.thucydides.core.steps.ConsoleLoggingListener - no such element: Unable to locate element: {"method":"xpath","selector":"//*[@id="main-container"]g-component/div/div/div[2]/page/div/div/div[1]/div/sam-breadcrumbs/ul/li[4]/a"}  (Session info: chrome=73.0.3683.86)  (Driver info: chromedriver=2.38.552522 (437e6fbedfa8762dec75e2c5b3ddb86763dc9dcb),platform=Windows NT 6.1.7601 SP1 x86_64) (WARNING: The server did not provide any stacktrace information)Command duration or timeout: 0 millisecondsFor documentation on this error, please visit: http://seleniumhq.org/exceptionso_such_element.htmlBuild info: version: '3.11.0', revision: 'e59cfb3', time: '2018-03-11T20:26:55.152Z'System info: host: 'I07R7C-AF1F18', ip: '172.21.72.72', os.name: 'Windows 7', os.arch: 'amd64', os.version: '6.1', java.version: '1.8.0_191'Driver info: org.openqa.selenium.remote.RemoteWebDriverCapabilities {acceptInsecureCerts: false, acceptSslCerts: false, applicationCacheEnabled: false, browserConnectionEnabled: false, browserName: chrome, chrome: {chromedriverVersion: 2.38.552522 (437e6fbedfa876..., userDataDir: C:\Users\SH359E~1\AppData\L...}, cssSelectorsEnabled: true, databaseEnabled: false, handlesAlerts: true, hasTouchScreen: false, javascriptEnabled: true, locationContextEnabled: true, mobileEmulationEnabled: false, nativeEvents: true, networkConnectionEnabled: false, pageLoadStrategy: normal, platform: XP, platformName: XP, rotatable: false, setWindowRect: true, takesHeapSnapshot: true, takesScreenshot: true, unexpectedAlertBehaviour: , unhandledPromptBehavior: , version: 73.0.3683.86, webStorageEnabled: true}Session ID: 64b81c4f3df0c7a01590797b0bf9d7d4*** Element info: {Using=xpath, value=//*[@id="main-container"]g-component/div/div/div[2]/page/div/div/div[1]/div/sam-breadcrumbs/ul/li[4]/a}For documentation on this error, please visit: http://seleniumhq.org/exceptionso_such_element.htmlBuild info: version: '3.11.0', revision: 'e59cfb3', time: '2018-03-11T20:26:55.152Z'System info: host: 'I07R7C-AF1F18', ip: '172.21.72.72', os.name: 'Windows 7', os.arch: 'amd64', os.version: '6.1', java.version: '1.8.0_191'Driver info: driver.version: unknown
]]></system-err>
  </testcase>
  <testcase name="Department created browser sign out" classname="Validate error meaasage in office page" time="6.175"/>
</testsuite>